CRITICAL - 2023-11-18 04:44:03 --> Call to a member function isValid() on null
in APPPATH\Controllers\ApiAppController.php on line 30.
 1 SYSTEMPATH\CodeIgniter.php(934): App\Controllers\ApiAppController->uploadfile()
 2 SYSTEMPATH\CodeIgniter.php(499): CodeIgniter\CodeIgniter->runController(Object(App\Controllers\ApiAppController))
 3 SYSTEMPATH\CodeIgniter.php(368): CodeIgniter\CodeIgniter->handleRequest(null, Object(Config\Cache), false)
 4 FCPATH\index.php(67): CodeIgniter\CodeIgniter->run()
CRITICAL - 2023-11-18 04:44:05 --> Call to a member function isValid() on null
in APPPATH\Controllers\ApiAppController.php on line 30.
 1 SYSTEMPATH\CodeIgniter.php(934): App\Controllers\ApiAppController->uploadfile()
 2 SYSTEMPATH\CodeIgniter.php(499): CodeIgniter\CodeIgniter->runController(Object(App\Controllers\ApiAppController))
 3 SYSTEMPATH\CodeIgniter.php(368): CodeIgniter\CodeIgniter->handleRequest(null, Object(Config\Cache), false)
 4 FCPATH\index.php(67): CodeIgniter\CodeIgniter->run()
CRITICAL - 2023-11-18 04:44:09 --> Call to a member function isValid() on null
in APPPATH\Controllers\ApiAppController.php on line 30.
 1 SYSTEMPATH\CodeIgniter.php(934): App\Controllers\ApiAppController->uploadfile()
 2 SYSTEMPATH\CodeIgniter.php(499): CodeIgniter\CodeIgniter->runController(Object(App\Controllers\ApiAppController))
 3 SYSTEMPATH\CodeIgniter.php(368): CodeIgniter\CodeIgniter->handleRequest(null, Object(Config\Cache), false)
 4 FCPATH\index.php(67): CodeIgniter\CodeIgniter->run()
CRITICAL - 2023-11-18 04:44:10 --> Call to a member function isValid() on null
in APPPATH\Controllers\ApiAppController.php on line 30.
 1 SYSTEMPATH\CodeIgniter.php(934): App\Controllers\ApiAppController->uploadfile()
 2 SYSTEMPATH\CodeIgniter.php(499): CodeIgniter\CodeIgniter->runController(Object(App\Controllers\ApiAppController))
 3 SYSTEMPATH\CodeIgniter.php(368): CodeIgniter\CodeIgniter->handleRequest(null, Object(Config\Cache), false)
 4 FCPATH\index.php(67): CodeIgniter\CodeIgniter->run()
CRITICAL - 2023-11-18 04:44:29 --> Call to a member function isValid() on null
in APPPATH\Controllers\ApiAppController.php on line 30.
 1 SYSTEMPATH\CodeIgniter.php(934): App\Controllers\ApiAppController->uploadfile()
 2 SYSTEMPATH\CodeIgniter.php(499): CodeIgniter\CodeIgniter->runController(Object(App\Controllers\ApiAppController))
 3 SYSTEMPATH\CodeIgniter.php(368): CodeIgniter\CodeIgniter->handleRequest(null, Object(Config\Cache), false)
 4 FCPATH\index.php(67): CodeIgniter\CodeIgniter->run()
CRITICAL - 2023-11-18 04:48:26 --> Call to a member function isValid() on null
in APPPATH\Controllers\ApiAppController.php on line 30.
 1 SYSTEMPATH\CodeIgniter.php(934): App\Controllers\ApiAppController->uploadfile()
 2 SYSTEMPATH\CodeIgniter.php(499): CodeIgniter\CodeIgniter->runController(Object(App\Controllers\ApiAppController))
 3 SYSTEMPATH\CodeIgniter.php(368): CodeIgniter\CodeIgniter->handleRequest(null, Object(Config\Cache), false)
 4 FCPATH\index.php(67): CodeIgniter\CodeIgniter->run()
CRITICAL - 2023-11-18 04:54:17 --> Call to a member function isValid() on null
in APPPATH\Controllers\ApiAppController.php on line 30.
 1 SYSTEMPATH\CodeIgniter.php(934): App\Controllers\ApiAppController->uploadfile()
 2 SYSTEMPATH\CodeIgniter.php(499): CodeIgniter\CodeIgniter->runController(Object(App\Controllers\ApiAppController))
 3 SYSTEMPATH\CodeIgniter.php(368): CodeIgniter\CodeIgniter->handleRequest(null, Object(Config\Cache), false)
 4 FCPATH\index.php(67): CodeIgniter\CodeIgniter->run()
CRITICAL - 2023-11-18 05:02:13 --> Undefined array key "user"
in APPPATH\Controllers\ApiAppController.php on line 77.
 1 APPPATH\Controllers\ApiAppController.php(77): CodeIgniter\Debug\Exceptions->errorHandler(2, 'Undefined array key "user"', 'APPPATH\\Controllers\\ApiAppController.php', 77)
 2 SYSTEMPATH\CodeIgniter.php(934): App\Controllers\ApiAppController->loginUser()
 3 SYSTEMPATH\CodeIgniter.php(499): CodeIgniter\CodeIgniter->runController(Object(App\Controllers\ApiAppController))
 4 SYSTEMPATH\CodeIgniter.php(368): CodeIgniter\CodeIgniter->handleRequest(null, Object(Config\Cache), false)
 5 FCPATH\index.php(67): CodeIgniter\CodeIgniter->run()
CRITICAL - 2023-11-18 05:02:15 --> Undefined array key "user"
in APPPATH\Controllers\ApiAppController.php on line 77.
 1 APPPATH\Controllers\ApiAppController.php(77): CodeIgniter\Debug\Exceptions->errorHandler(2, 'Undefined array key "user"', 'APPPATH\\Controllers\\ApiAppController.php', 77)
 2 SYSTEMPATH\CodeIgniter.php(934): App\Controllers\ApiAppController->loginUser()
 3 SYSTEMPATH\CodeIgniter.php(499): CodeIgniter\CodeIgniter->runController(Object(App\Controllers\ApiAppController))
 4 SYSTEMPATH\CodeIgniter.php(368): CodeIgniter\CodeIgniter->handleRequest(null, Object(Config\Cache), false)
 5 FCPATH\index.php(67): CodeIgniter\CodeIgniter->run()
CRITICAL - 2023-11-18 05:03:58 --> Attempt to read property "id" on array
in APPPATH\Controllers\ApiAppController.php on line 77.
 1 APPPATH\Controllers\ApiAppController.php(77): CodeIgniter\Debug\Exceptions->errorHandler(2, 'Attempt to read property "id" on array', 'APPPATH\\Controllers\\ApiAppController.php', 77)
 2 SYSTEMPATH\CodeIgniter.php(934): App\Controllers\ApiAppController->loginUser()
 3 SYSTEMPATH\CodeIgniter.php(499): CodeIgniter\CodeIgniter->runController(Object(App\Controllers\ApiAppController))
 4 SYSTEMPATH\CodeIgniter.php(368): CodeIgniter\CodeIgniter->handleRequest(null, Object(Config\Cache), false)
 5 FCPATH\index.php(67): CodeIgniter\CodeIgniter->run()
CRITICAL - 2023-11-18 05:04:00 --> Attempt to read property "id" on array
in APPPATH\Controllers\ApiAppController.php on line 77.
 1 APPPATH\Controllers\ApiAppController.php(77): CodeIgniter\Debug\Exceptions->errorHandler(2, 'Attempt to read property "id" on array', 'APPPATH\\Controllers\\ApiAppController.php', 77)
 2 SYSTEMPATH\CodeIgniter.php(934): App\Controllers\ApiAppController->loginUser()
 3 SYSTEMPATH\CodeIgniter.php(499): CodeIgniter\CodeIgniter->runController(Object(App\Controllers\ApiAppController))
 4 SYSTEMPATH\CodeIgniter.php(368): CodeIgniter\CodeIgniter->handleRequest(null, Object(Config\Cache), false)
 5 FCPATH\index.php(67): CodeIgniter\CodeIgniter->run()
CRITICAL - 2023-11-18 05:17:01 --> Cannot use object of type stdClass as array
in APPPATH\Controllers\ApiAppController.php on line 102.
 1 SYSTEMPATH\CodeIgniter.php(934): App\Controllers\ApiAppController->create()
 2 SYSTEMPATH\CodeIgniter.php(499): CodeIgniter\CodeIgniter->runController(Object(App\Controllers\ApiAppController))
 3 SYSTEMPATH\CodeIgniter.php(368): CodeIgniter\CodeIgniter->handleRequest(null, Object(Config\Cache), false)
 4 FCPATH\index.php(67): CodeIgniter\CodeIgniter->run()
CRITICAL - 2023-11-18 05:17:03 --> Cannot use object of type stdClass as array
in APPPATH\Controllers\ApiAppController.php on line 102.
 1 SYSTEMPATH\CodeIgniter.php(934): App\Controllers\ApiAppController->create()
 2 SYSTEMPATH\CodeIgniter.php(499): CodeIgniter\CodeIgniter->runController(Object(App\Controllers\ApiAppController))
 3 SYSTEMPATH\CodeIgniter.php(368): CodeIgniter\CodeIgniter->handleRequest(null, Object(Config\Cache), false)
 4 FCPATH\index.php(67): CodeIgniter\CodeIgniter->run()
CRITICAL - 2023-11-18 05:17:04 --> Cannot use object of type stdClass as array
in APPPATH\Controllers\ApiAppController.php on line 102.
 1 SYSTEMPATH\CodeIgniter.php(934): App\Controllers\ApiAppController->create()
 2 SYSTEMPATH\CodeIgniter.php(499): CodeIgniter\CodeIgniter->runController(Object(App\Controllers\ApiAppController))
 3 SYSTEMPATH\CodeIgniter.php(368): CodeIgniter\CodeIgniter->handleRequest(null, Object(Config\Cache), false)
 4 FCPATH\index.php(67): CodeIgniter\CodeIgniter->run()
