CRITICAL - 2023-07-21 17:31:37 --> Attempt to read property "obra_num" on array
in APPPATH/Views/entidad/entidad_portada.php on line 42.
 1 APPPATH/Views/entidad/entidad_portada.php(42): CodeIgniter\Debug\Exceptions->errorHandler(2, 'Attempt to read property "obra_num" on array', 'APPPATH/Views/entidad/entidad_portada.php', 42)
 2 SYSTEMPATH/View/View.php(213): include('APPPATH/Views/entidad/entidad_portada.php')
 3 SYSTEMPATH/View/View.php(216): CodeIgniter\View\View->CodeIgniter\View\{closure}()
 4 SYSTEMPATH/Common.php(1184): CodeIgniter\View\View->render('entidad/entidad_portada', [], true)
 5 APPPATH/Controllers/Entidad.php(19): view('entidad/entidad_portada', [...])
 6 SYSTEMPATH/CodeIgniter.php(934): App\Controllers\Entidad->item('1')
 7 SYSTEMPATH/CodeIgniter.php(499): CodeIgniter\CodeIgniter->runController(Object(App\Controllers\Entidad))
 8 SYSTEMPATH/CodeIgniter.php(368): CodeIgniter\CodeIgniter->handleRequest(null, Object(Config\Cache), false)
 9 FCPATH/index.php(67): CodeIgniter\CodeIgniter->run()
CRITICAL - 2023-07-21 17:32:14 --> Attempt to read property "obra_num" on array
in APPPATH/Views/entidad/entidad_portada.php on line 42.
 1 APPPATH/Views/entidad/entidad_portada.php(42): CodeIgniter\Debug\Exceptions->errorHandler(2, 'Attempt to read property "obra_num" on array', 'APPPATH/Views/entidad/entidad_portada.php', 42)
 2 SYSTEMPATH/View/View.php(213): include('APPPATH/Views/entidad/entidad_portada.php')
 3 SYSTEMPATH/View/View.php(216): CodeIgniter\View\View->CodeIgniter\View\{closure}()
 4 SYSTEMPATH/Common.php(1184): CodeIgniter\View\View->render('entidad/entidad_portada', [], true)
 5 APPPATH/Controllers/Entidad.php(19): view('entidad/entidad_portada', [...])
 6 SYSTEMPATH/CodeIgniter.php(934): App\Controllers\Entidad->item('1')
 7 SYSTEMPATH/CodeIgniter.php(499): CodeIgniter\CodeIgniter->runController(Object(App\Controllers\Entidad))
 8 SYSTEMPATH/CodeIgniter.php(368): CodeIgniter\CodeIgniter->handleRequest(null, Object(Config\Cache), false)
 9 FCPATH/index.php(67): CodeIgniter\CodeIgniter->run()
CRITICAL - 2023-07-21 17:33:48 --> Attempt to read property "obra_num" on null
in APPPATH/Views/entidad/entidad_portada.php on line 42.
 1 APPPATH/Views/entidad/entidad_portada.php(42): CodeIgniter\Debug\Exceptions->errorHandler(2, 'Attempt to read property "obra_num" on null', 'APPPATH/Views/entidad/entidad_portada.php', 42)
 2 SYSTEMPATH/View/View.php(213): include('APPPATH/Views/entidad/entidad_portada.php')
 3 SYSTEMPATH/View/View.php(216): CodeIgniter\View\View->CodeIgniter\View\{closure}()
 4 SYSTEMPATH/Common.php(1184): CodeIgniter\View\View->render('entidad/entidad_portada', [], true)
 5 APPPATH/Controllers/Entidad.php(19): view('entidad/entidad_portada', [...])
 6 SYSTEMPATH/CodeIgniter.php(934): App\Controllers\Entidad->item('1')
 7 SYSTEMPATH/CodeIgniter.php(499): CodeIgniter\CodeIgniter->runController(Object(App\Controllers\Entidad))
 8 SYSTEMPATH/CodeIgniter.php(368): CodeIgniter\CodeIgniter->handleRequest(null, Object(Config\Cache), false)
 9 FCPATH/index.php(67): CodeIgniter\CodeIgniter->run()
CRITICAL - 2023-07-21 17:38:09 --> Undefined property: stdClass::$accion_num
in APPPATH/Views/entidad/entidad_portada.php on line 43.
 1 APPPATH/Views/entidad/entidad_portada.php(43): CodeIgniter\Debug\Exceptions->errorHandler(2, 'Undefined property: stdClass::$accion_num', 'APPPATH/Views/entidad/entidad_portada.php', 43)
 2 SYSTEMPATH/View/View.php(213): include('APPPATH/Views/entidad/entidad_portada.php')
 3 SYSTEMPATH/View/View.php(216): CodeIgniter\View\View->CodeIgniter\View\{closure}()
 4 SYSTEMPATH/Common.php(1184): CodeIgniter\View\View->render('entidad/entidad_portada', [], true)
 5 APPPATH/Controllers/Entidad.php(19): view('entidad/entidad_portada', [...])
 6 SYSTEMPATH/CodeIgniter.php(934): App\Controllers\Entidad->item('1')
 7 SYSTEMPATH/CodeIgniter.php(499): CodeIgniter\CodeIgniter->runController(Object(App\Controllers\Entidad))
 8 SYSTEMPATH/CodeIgniter.php(368): CodeIgniter\CodeIgniter->handleRequest(null, Object(Config\Cache), false)
 9 FCPATH/index.php(67): CodeIgniter\CodeIgniter->run()
CRITICAL - 2023-07-21 17:38:30 --> Undefined property: stdClass::$ejercido
in APPPATH/Views/entidad/entidad_portada.php on line 46.
 1 APPPATH/Views/entidad/entidad_portada.php(46): CodeIgniter\Debug\Exceptions->errorHandler(2, 'Undefined property: stdClass::$ejercido', 'APPPATH/Views/entidad/entidad_portada.php', 46)
 2 SYSTEMPATH/View/View.php(213): include('APPPATH/Views/entidad/entidad_portada.php')
 3 SYSTEMPATH/View/View.php(216): CodeIgniter\View\View->CodeIgniter\View\{closure}()
 4 SYSTEMPATH/Common.php(1184): CodeIgniter\View\View->render('entidad/entidad_portada', [], true)
 5 APPPATH/Controllers/Entidad.php(19): view('entidad/entidad_portada', [...])
 6 SYSTEMPATH/CodeIgniter.php(934): App\Controllers\Entidad->item('1')
 7 SYSTEMPATH/CodeIgniter.php(499): CodeIgniter\CodeIgniter->runController(Object(App\Controllers\Entidad))
 8 SYSTEMPATH/CodeIgniter.php(368): CodeIgniter\CodeIgniter->handleRequest(null, Object(Config\Cache), false)
 9 FCPATH/index.php(67): CodeIgniter\CodeIgniter->run()
CRITICAL - 2023-07-21 18:14:32 --> Undefined property: stdClass::$contratado_porcentaje
in APPPATH/Views/entidad/entidad_portada.php on line 78.
 1 APPPATH/Views/entidad/entidad_portada.php(78): CodeIgniter\Debug\Exceptions->errorHandler(2, 'Undefined property: stdClass::$contratado_porcentaje', 'APPPATH/Views/entidad/entidad_portada.php', 78)
 2 SYSTEMPATH/View/View.php(213): include('APPPATH/Views/entidad/entidad_portada.php')
 3 SYSTEMPATH/View/View.php(216): CodeIgniter\View\View->CodeIgniter\View\{closure}()
 4 SYSTEMPATH/Common.php(1184): CodeIgniter\View\View->render('entidad/entidad_portada', [], true)
 5 APPPATH/Controllers/Entidad.php(19): view('entidad/entidad_portada', [...])
 6 SYSTEMPATH/CodeIgniter.php(934): App\Controllers\Entidad->item('1')
 7 SYSTEMPATH/CodeIgniter.php(499): CodeIgniter\CodeIgniter->runController(Object(App\Controllers\Entidad))
 8 SYSTEMPATH/CodeIgniter.php(368): CodeIgniter\CodeIgniter->handleRequest(null, Object(Config\Cache), false)
 9 FCPATH/index.php(67): CodeIgniter\CodeIgniter->run()
CRITICAL - 2023-07-21 18:15:09 --> Undefined property: stdClass::$contratado_porcentaje
in APPPATH/Views/entidad/entidad_portada.php on line 78.
 1 APPPATH/Views/entidad/entidad_portada.php(78): CodeIgniter\Debug\Exceptions->errorHandler(2, 'Undefined property: stdClass::$contratado_porcentaje', 'APPPATH/Views/entidad/entidad_portada.php', 78)
 2 SYSTEMPATH/View/View.php(213): include('APPPATH/Views/entidad/entidad_portada.php')
 3 SYSTEMPATH/View/View.php(216): CodeIgniter\View\View->CodeIgniter\View\{closure}()
 4 SYSTEMPATH/Common.php(1184): CodeIgniter\View\View->render('entidad/entidad_portada', [], true)
 5 APPPATH/Controllers/Entidad.php(19): view('entidad/entidad_portada', [...])
 6 SYSTEMPATH/CodeIgniter.php(934): App\Controllers\Entidad->item('1')
 7 SYSTEMPATH/CodeIgniter.php(499): CodeIgniter\CodeIgniter->runController(Object(App\Controllers\Entidad))
 8 SYSTEMPATH/CodeIgniter.php(368): CodeIgniter\CodeIgniter->handleRequest(null, Object(Config\Cache), false)
 9 FCPATH/index.php(67): CodeIgniter\CodeIgniter->run()
CRITICAL - 2023-07-21 18:15:40 --> Undefined property: stdClass::$contratado_ejercido
in APPPATH/Views/entidad/entidad_portada.php on line 85.
 1 APPPATH/Views/entidad/entidad_portada.php(85): CodeIgniter\Debug\Exceptions->errorHandler(2, 'Undefined property: stdClass::$contratado_ejercido', 'APPPATH/Views/entidad/entidad_portada.php', 85)
 2 SYSTEMPATH/View/View.php(213): include('APPPATH/Views/entidad/entidad_portada.php')
 3 SYSTEMPATH/View/View.php(216): CodeIgniter\View\View->CodeIgniter\View\{closure}()
 4 SYSTEMPATH/Common.php(1184): CodeIgniter\View\View->render('entidad/entidad_portada', [], true)
 5 APPPATH/Controllers/Entidad.php(19): view('entidad/entidad_portada', [...])
 6 SYSTEMPATH/CodeIgniter.php(934): App\Controllers\Entidad->item('1')
 7 SYSTEMPATH/CodeIgniter.php(499): CodeIgniter\CodeIgniter->runController(Object(App\Controllers\Entidad))
 8 SYSTEMPATH/CodeIgniter.php(368): CodeIgniter\CodeIgniter->handleRequest(null, Object(Config\Cache), false)
 9 FCPATH/index.php(67): CodeIgniter\CodeIgniter->run()
CRITICAL - 2023-07-21 19:56:49 --> Attempt to read property "nombre_ue" on null
in APPPATH/Views/entidad/entidad_portada.php on line 14.
 1 APPPATH/Views/entidad/entidad_portada.php(14): CodeIgniter\Debug\Exceptions->errorHandler(2, 'Attempt to read property "nombre_ue" on null', 'APPPATH/Views/entidad/entidad_portada.php', 14)
 2 SYSTEMPATH/View/View.php(213): include('APPPATH/Views/entidad/entidad_portada.php')
 3 SYSTEMPATH/View/View.php(216): CodeIgniter\View\View->CodeIgniter\View\{closure}()
 4 SYSTEMPATH/Common.php(1184): CodeIgniter\View\View->render('entidad/entidad_portada', [], true)
 5 APPPATH/Controllers/Entidad.php(21): view('entidad/entidad_portada', [...])
 6 SYSTEMPATH/CodeIgniter.php(934): App\Controllers\Entidad->item('1')
 7 SYSTEMPATH/CodeIgniter.php(499): CodeIgniter\CodeIgniter->runController(Object(App\Controllers\Entidad))
 8 SYSTEMPATH/CodeIgniter.php(368): CodeIgniter\CodeIgniter->handleRequest(null, Object(Config\Cache), false)
 9 FCPATH/index.php(67): CodeIgniter\CodeIgniter->run()
CRITICAL - 2023-07-21 19:59:55 --> Undefined variable $entidadModel
in APPPATH/Controllers/Entidad.php on line 30.
 1 APPPATH/Controllers/Entidad.php(30): CodeIgniter\Debug\Exceptions->errorHandler(2, 'Undefined variable $entidadModel', 'APPPATH/Controllers/Entidad.php', 30)
 2 SYSTEMPATH/CodeIgniter.php(934): App\Controllers\Entidad->mapa('1')
 3 SYSTEMPATH/CodeIgniter.php(499): CodeIgniter\CodeIgniter->runController(Object(App\Controllers\Entidad))
 4 SYSTEMPATH/CodeIgniter.php(368): CodeIgniter\CodeIgniter->handleRequest(null, Object(Config\Cache), false)
 5 FCPATH/index.php(67): CodeIgniter\CodeIgniter->run()
CRITICAL - 2023-07-21 20:06:56 --> Invalid file: "template_header.php"
in SYSTEMPATH/Exceptions/FrameworkException.php on line 33.
 1 SYSTEMPATH/View/View.php(201): CodeIgniter\Exceptions\FrameworkException::forInvalidFile('template_header.php')
 2 SYSTEMPATH/Common.php(1184): CodeIgniter\View\View->render('template_header', [], true)
 3 APPPATH/Views/entidad/entidad_listado.php(1): view('template_header')
 4 SYSTEMPATH/View/View.php(213): include('APPPATH/Views/entidad/entidad_listado.php')
 5 SYSTEMPATH/View/View.php(216): CodeIgniter\View\View->CodeIgniter\View\{closure}()
 6 SYSTEMPATH/Common.php(1184): CodeIgniter\View\View->render('entidad/entidad_listado', [], true)
 7 APPPATH/Controllers/Entidad.php(42): view('entidad/entidad_listado', [...])
 8 SYSTEMPATH/CodeIgniter.php(934): App\Controllers\Entidad->listado('1')
 9 SYSTEMPATH/CodeIgniter.php(499): CodeIgniter\CodeIgniter->runController(Object(App\Controllers\Entidad))
10 SYSTEMPATH/CodeIgniter.php(368): CodeIgniter\CodeIgniter->handleRequest(null, Object(Config\Cache), false)
11 FCPATH/index.php(67): CodeIgniter\CodeIgniter->run()
CRITICAL - 2023-07-21 20:16:20 --> Undefined variable $catalogo
in APPPATH/Views/entidad/entidad_expediente.php on line 133.
 1 APPPATH/Views/entidad/entidad_expediente.php(133): CodeIgniter\Debug\Exceptions->errorHandler(2, 'Undefined variable $catalogo', 'APPPATH/Views/entidad/entidad_expediente.php', 133)
 2 SYSTEMPATH/View/View.php(213): include('APPPATH/Views/entidad/entidad_expediente.php')
 3 SYSTEMPATH/View/View.php(216): CodeIgniter\View\View->CodeIgniter\View\{closure}()
 4 SYSTEMPATH/Common.php(1184): CodeIgniter\View\View->render('entidad/entidad_expediente', [], true)
 5 APPPATH/Controllers/Entidad.php(52): view('entidad/entidad_expediente', [...])
 6 SYSTEMPATH/CodeIgniter.php(934): App\Controllers\Entidad->expediente('1')
 7 SYSTEMPATH/CodeIgniter.php(499): CodeIgniter\CodeIgniter->runController(Object(App\Controllers\Entidad))
 8 SYSTEMPATH/CodeIgniter.php(368): CodeIgniter\CodeIgniter->handleRequest(null, Object(Config\Cache), false)
 9 FCPATH/index.php(67): CodeIgniter\CodeIgniter->run()
CRITICAL - 2023-07-21 20:25:43 --> Undefined property: stdClass::$universo_id
in APPPATH/Models/EntidadModel.php on line 87.
 1 APPPATH/Models/EntidadModel.php(87): CodeIgniter\Debug\Exceptions->errorHandler(2, 'Undefined property: stdClass::$universo_id', 'APPPATH/Models/EntidadModel.php', 87)
 2 APPPATH/Controllers/Entidad.php(89): App\Models\EntidadModel->getExpediente('1')
 3 SYSTEMPATH/CodeIgniter.php(934): App\Controllers\Entidad->expedienteJSON()
 4 SYSTEMPATH/CodeIgniter.php(499): CodeIgniter\CodeIgniter->runController(Object(App\Controllers\Entidad))
 5 SYSTEMPATH/CodeIgniter.php(368): CodeIgniter\CodeIgniter->handleRequest(null, Object(Config\Cache), false)
 6 FCPATH/index.php(67): CodeIgniter\CodeIgniter->run()
CRITICAL - 2023-07-21 20:25:49 --> Undefined property: stdClass::$universo_id
in APPPATH/Models/EntidadModel.php on line 87.
 1 APPPATH/Models/EntidadModel.php(87): CodeIgniter\Debug\Exceptions->errorHandler(2, 'Undefined property: stdClass::$universo_id', 'APPPATH/Models/EntidadModel.php', 87)
 2 APPPATH/Controllers/Entidad.php(89): App\Models\EntidadModel->getExpediente('1')
 3 SYSTEMPATH/CodeIgniter.php(934): App\Controllers\Entidad->expedienteJSON()
 4 SYSTEMPATH/CodeIgniter.php(499): CodeIgniter\CodeIgniter->runController(Object(App\Controllers\Entidad))
 5 SYSTEMPATH/CodeIgniter.php(368): CodeIgniter\CodeIgniter->handleRequest(null, Object(Config\Cache), false)
 6 FCPATH/index.php(67): CodeIgniter\CodeIgniter->run()
CRITICAL - 2023-07-21 20:26:17 --> Undefined property: stdClass::$universo_id
in APPPATH/Models/EntidadModel.php on line 87.
 1 APPPATH/Models/EntidadModel.php(87): CodeIgniter\Debug\Exceptions->errorHandler(2, 'Undefined property: stdClass::$universo_id', 'APPPATH/Models/EntidadModel.php', 87)
 2 APPPATH/Controllers/Entidad.php(89): App\Models\EntidadModel->getExpediente('1')
 3 SYSTEMPATH/CodeIgniter.php(934): App\Controllers\Entidad->expedienteJSON()
 4 SYSTEMPATH/CodeIgniter.php(499): CodeIgniter\CodeIgniter->runController(Object(App\Controllers\Entidad))
 5 SYSTEMPATH/CodeIgniter.php(368): CodeIgniter\CodeIgniter->handleRequest(null, Object(Config\Cache), false)
 6 FCPATH/index.php(67): CodeIgniter\CodeIgniter->run()
CRITICAL - 2023-07-21 20:52:56 --> Undefined variable $data
in APPPATH/Views/entidad/entidad_capturas.php on line 26.
 1 APPPATH/Views/entidad/entidad_capturas.php(26): CodeIgniter\Debug\Exceptions->errorHandler(2, 'Undefined variable $data', 'APPPATH/Views/entidad/entidad_capturas.php', 26)
 2 SYSTEMPATH/View/View.php(213): include('APPPATH/Views/entidad/entidad_capturas.php')
 3 SYSTEMPATH/View/View.php(216): CodeIgniter\View\View->CodeIgniter\View\{closure}()
 4 SYSTEMPATH/Common.php(1184): CodeIgniter\View\View->render('entidad/entidad_capturas', [], true)
 5 APPPATH/Controllers/Entidad.php(76): view('entidad/entidad_capturas', [...])
 6 SYSTEMPATH/CodeIgniter.php(934): App\Controllers\Entidad->capturas('1')
 7 SYSTEMPATH/CodeIgniter.php(499): CodeIgniter\CodeIgniter->runController(Object(App\Controllers\Entidad))
 8 SYSTEMPATH/CodeIgniter.php(368): CodeIgniter\CodeIgniter->handleRequest(null, Object(Config\Cache), false)
 9 FCPATH/index.php(67): CodeIgniter\CodeIgniter->run()
CRITICAL - 2023-07-21 20:53:09 --> Undefined property: stdClass::$entidad_nombre
in APPPATH/Views/entidad/entidad_capturas.php on line 28.
 1 APPPATH/Views/entidad/entidad_capturas.php(28): CodeIgniter\Debug\Exceptions->errorHandler(2, 'Undefined property: stdClass::$entidad_nombre', 'APPPATH/Views/entidad/entidad_capturas.php', 28)
 2 SYSTEMPATH/View/View.php(213): include('APPPATH/Views/entidad/entidad_capturas.php')
 3 SYSTEMPATH/View/View.php(216): CodeIgniter\View\View->CodeIgniter\View\{closure}()
 4 SYSTEMPATH/Common.php(1184): CodeIgniter\View\View->render('entidad/entidad_capturas', [], true)
 5 APPPATH/Controllers/Entidad.php(76): view('entidad/entidad_capturas', [...])
 6 SYSTEMPATH/CodeIgniter.php(934): App\Controllers\Entidad->capturas('1')
 7 SYSTEMPATH/CodeIgniter.php(499): CodeIgniter\CodeIgniter->runController(Object(App\Controllers\Entidad))
 8 SYSTEMPATH/CodeIgniter.php(368): CodeIgniter\CodeIgniter->handleRequest(null, Object(Config\Cache), false)
 9 FCPATH/index.php(67): CodeIgniter\CodeIgniter->run()
CRITICAL - 2023-07-21 20:53:24 --> Undefined property: stdClass::$num
in APPPATH/Views/entidad/entidad_capturas.php on line 29.
 1 APPPATH/Views/entidad/entidad_capturas.php(29): CodeIgniter\Debug\Exceptions->errorHandler(2, 'Undefined property: stdClass::$num', 'APPPATH/Views/entidad/entidad_capturas.php', 29)
 2 SYSTEMPATH/View/View.php(213): include('APPPATH/Views/entidad/entidad_capturas.php')
 3 SYSTEMPATH/View/View.php(216): CodeIgniter\View\View->CodeIgniter\View\{closure}()
 4 SYSTEMPATH/Common.php(1184): CodeIgniter\View\View->render('entidad/entidad_capturas', [], true)
 5 APPPATH/Controllers/Entidad.php(76): view('entidad/entidad_capturas', [...])
 6 SYSTEMPATH/CodeIgniter.php(934): App\Controllers\Entidad->capturas('1')
 7 SYSTEMPATH/CodeIgniter.php(499): CodeIgniter\CodeIgniter->runController(Object(App\Controllers\Entidad))
 8 SYSTEMPATH/CodeIgniter.php(368): CodeIgniter\CodeIgniter->handleRequest(null, Object(Config\Cache), false)
 9 FCPATH/index.php(67): CodeIgniter\CodeIgniter->run()
CRITICAL - 2023-07-21 20:55:53 --> Division by zero
in APPPATH/Models/EntidadModel.php on line 42.
 1 APPPATH/Controllers/Entidad.php(19): App\Models\EntidadModel->getPortada('2')
 2 SYSTEMPATH/CodeIgniter.php(934): App\Controllers\Entidad->item('2')
 3 SYSTEMPATH/CodeIgniter.php(499): CodeIgniter\CodeIgniter->runController(Object(App\Controllers\Entidad))
 4 SYSTEMPATH/CodeIgniter.php(368): CodeIgniter\CodeIgniter->handleRequest(null, Object(Config\Cache), false)
 5 FCPATH/index.php(67): CodeIgniter\CodeIgniter->run()
CRITICAL - 2023-07-21 20:56:50 --> Division by zero
in APPPATH/Models/EntidadModel.php on line 42.
 1 APPPATH/Controllers/Entidad.php(19): App\Models\EntidadModel->getPortada('2')
 2 SYSTEMPATH/CodeIgniter.php(934): App\Controllers\Entidad->item('2')
 3 SYSTEMPATH/CodeIgniter.php(499): CodeIgniter\CodeIgniter->runController(Object(App\Controllers\Entidad))
 4 SYSTEMPATH/CodeIgniter.php(368): CodeIgniter\CodeIgniter->handleRequest(null, Object(Config\Cache), false)
 5 FCPATH/index.php(67): CodeIgniter\CodeIgniter->run()
CRITICAL - 2023-07-21 22:19:29 --> Undefined array key "ejecutora"
in APPPATH/Controllers/Auth.php on line 47.
 1 APPPATH/Controllers/Auth.php(47): CodeIgniter\Debug\Exceptions->errorHandler(2, 'Undefined array key "ejecutora"', 'APPPATH/Controllers/Auth.php', 47)
 2 SYSTEMPATH/CodeIgniter.php(934): App\Controllers\Auth->login()
 3 SYSTEMPATH/CodeIgniter.php(499): CodeIgniter\CodeIgniter->runController(Object(App\Controllers\Auth))
 4 SYSTEMPATH/CodeIgniter.php(368): CodeIgniter\CodeIgniter->handleRequest(null, Object(Config\Cache), false)
 5 FCPATH/index.php(67): CodeIgniter\CodeIgniter->run()
CRITICAL - 2023-07-21 22:23:17 --> syntax error, unexpected token ")"
in APPPATH/Controllers/Auth.php on line 39.
 1 SYSTEMPATH/Autoloader/Autoloader.php(289): CodeIgniter\Autoloader\Autoloader->includeFile('APPPATH/Controllers/Auth.php')
 2 SYSTEMPATH/Autoloader/Autoloader.php(267): CodeIgniter\Autoloader\Autoloader->loadInNamespace('App\\Controllers\\Auth')
 3 [internal function]: CodeIgniter\Autoloader\Autoloader->loadClass('App\\Controllers\\Auth')
 4 SYSTEMPATH/CodeIgniter.php(892): class_exists('\\App\\Controllers\\Auth', true)
 5 SYSTEMPATH/CodeIgniter.php(486): CodeIgniter\CodeIgniter->startController()
 6 SYSTEMPATH/CodeIgniter.php(368): CodeIgniter\CodeIgniter->handleRequest(null, Object(Config\Cache), false)
 7 FCPATH/index.php(67): CodeIgniter\CodeIgniter->run()
CRITICAL - 2023-07-21 22:39:35 --> Undefined property: stdClass::$ejercido_porcentaje
in APPPATH/Views/entidad/entidad_portada.php on line 86.
 1 APPPATH/Views/entidad/entidad_portada.php(86): CodeIgniter\Debug\Exceptions->errorHandler(2, 'Undefined property: stdClass::$ejercido_porcentaje', 'APPPATH/Views/entidad/entidad_portada.php', 86)
 2 SYSTEMPATH/View/View.php(213): include('APPPATH/Views/entidad/entidad_portada.php')
 3 SYSTEMPATH/View/View.php(216): CodeIgniter\View\View->CodeIgniter\View\{closure}()
 4 SYSTEMPATH/Common.php(1184): CodeIgniter\View\View->render('entidad/entidad_portada', [], true)
 5 APPPATH/Controllers/Entidad.php(21): view('entidad/entidad_portada', [...])
 6 SYSTEMPATH/CodeIgniter.php(934): App\Controllers\Entidad->item('1')
 7 SYSTEMPATH/CodeIgniter.php(499): CodeIgniter\CodeIgniter->runController(Object(App\Controllers\Entidad))
 8 SYSTEMPATH/CodeIgniter.php(368): CodeIgniter\CodeIgniter->handleRequest(null, Object(Config\Cache), false)
 9 FCPATH/index.php(67): CodeIgniter\CodeIgniter->run()
CRITICAL - 2023-07-21 23:26:03 --> Invalid file: "entidad/entidad_pagos.php"
in SYSTEMPATH/Exceptions/FrameworkException.php on line 33.
 1 SYSTEMPATH/View/View.php(201): CodeIgniter\Exceptions\FrameworkException::forInvalidFile('entidad/entidad_pagos.php')
 2 SYSTEMPATH/Common.php(1184): CodeIgniter\View\View->render('entidad/entidad_pagos', [], true)
 3 APPPATH/Controllers/Entidad.php(75): view('entidad/entidad_pagos', [...])
 4 SYSTEMPATH/CodeIgniter.php(934): App\Controllers\Entidad->pagos('1')
 5 SYSTEMPATH/CodeIgniter.php(499): CodeIgniter\CodeIgniter->runController(Object(App\Controllers\Entidad))
 6 SYSTEMPATH/CodeIgniter.php(368): CodeIgniter\CodeIgniter->handleRequest(null, Object(Config\Cache), false)
 7 FCPATH/index.php(67): CodeIgniter\CodeIgniter->run()
