CRITICAL - 2023-06-13 09:34:46 --> Undefined variable $num_obras
in APPPATH/Views/gerencia/gerencia_list.php on line 76.
 1 APPPATH/Views/gerencia/gerencia_list.php(76): CodeIgniter\Debug\Exceptions->errorHandler(2, 'Undefined variable $num_obras', 'APPPATH/Views/gerencia/gerencia_list.php', 76)
 2 SYSTEMPATH/View/View.php(213): include('APPPATH/Views/gerencia/gerencia_list.php')
 3 SYSTEMPATH/View/View.php(216): CodeIgniter\View\View->CodeIgniter\View\{closure}()
 4 SYSTEMPATH/Common.php(1184): CodeIgniter\View\View->render('gerencia/gerencia_list', [], true)
 5 APPPATH/Controllers/Gerencia.php(23): view('gerencia/gerencia_list', [...])
 6 SYSTEMPATH/CodeIgniter.php(934): App\Controllers\Gerencia->list('6')
 7 SYSTEMPATH/CodeIgniter.php(499): CodeIgniter\CodeIgniter->runController(Object(App\Controllers\Gerencia))
 8 SYSTEMPATH/CodeIgniter.php(368): CodeIgniter\CodeIgniter->handleRequest(null, Object(Config\Cache), false)
 9 FCPATH/index.php(67): CodeIgniter\CodeIgniter->run()
CRITICAL - 2023-06-13 15:39:41 --> Undefined property: stdClass::$partida
in APPPATH/Models/PartidaModel.php on line 72.
 1 APPPATH/Models/PartidaModel.php(72): CodeIgniter\Debug\Exceptions->errorHandler(2, 'Undefined property: stdClass::$partida', 'APPPATH/Models/PartidaModel.php', 72)
 2 APPPATH/Controllers/Partida.php(58): App\Models\PartidaModel->modify('8', '2', Object(stdClass))
 3 SYSTEMPATH/CodeIgniter.php(934): App\Controllers\Partida->modify()
 4 SYSTEMPATH/CodeIgniter.php(499): CodeIgniter\CodeIgniter->runController(Object(App\Controllers\Partida))
 5 SYSTEMPATH/CodeIgniter.php(368): CodeIgniter\CodeIgniter->handleRequest(null, Object(Config\Cache), false)
 6 FCPATH/index.php(67): CodeIgniter\CodeIgniter->run()
CRITICAL - 2023-06-13 15:39:46 --> Undefined property: stdClass::$p_2023_2
in APPPATH/Models/PartidaModel.php on line 90.
 1 APPPATH/Models/PartidaModel.php(90): CodeIgniter\Debug\Exceptions->errorHandler(2, 'Undefined property: stdClass::$p_2023_2', 'APPPATH/Models/PartidaModel.php', 90)
 2 APPPATH/Controllers/Partida.php(58): App\Models\PartidaModel->modify('8', '2', Object(stdClass))
 3 SYSTEMPATH/CodeIgniter.php(934): App\Controllers\Partida->modify()
 4 SYSTEMPATH/CodeIgniter.php(499): CodeIgniter\CodeIgniter->runController(Object(App\Controllers\Partida))
 5 SYSTEMPATH/CodeIgniter.php(368): CodeIgniter\CodeIgniter->handleRequest(null, Object(Config\Cache), false)
 6 FCPATH/index.php(67): CodeIgniter\CodeIgniter->run()
CRITICAL - 2023-06-13 15:42:11 --> Undefined property: stdClass::$partida
in APPPATH/Models/PartidaModel.php on line 72.
 1 APPPATH/Models/PartidaModel.php(72): CodeIgniter\Debug\Exceptions->errorHandler(2, 'Undefined property: stdClass::$partida', 'APPPATH/Models/PartidaModel.php', 72)
 2 APPPATH/Controllers/Partida.php(58): App\Models\PartidaModel->modify('9', '2', Object(stdClass))
 3 SYSTEMPATH/CodeIgniter.php(934): App\Controllers\Partida->modify()
 4 SYSTEMPATH/CodeIgniter.php(499): CodeIgniter\CodeIgniter->runController(Object(App\Controllers\Partida))
 5 SYSTEMPATH/CodeIgniter.php(368): CodeIgniter\CodeIgniter->handleRequest(null, Object(Config\Cache), false)
 6 FCPATH/index.php(67): CodeIgniter\CodeIgniter->run()
CRITICAL - 2023-06-13 11:43:59 --> Undefined variable $mes
in APPPATH/Views/gerencia/gerencia_list.php on line 184.
 1 APPPATH/Views/gerencia/gerencia_list.php(184): CodeIgniter\Debug\Exceptions->errorHandler(2, 'Undefined variable $mes', 'APPPATH/Views/gerencia/gerencia_list.php', 184)
 2 SYSTEMPATH/View/View.php(213): include('APPPATH/Views/gerencia/gerencia_list.php')
 3 SYSTEMPATH/View/View.php(216): CodeIgniter\View\View->CodeIgniter\View\{closure}()
 4 SYSTEMPATH/Common.php(1184): CodeIgniter\View\View->render('gerencia/gerencia_list', [], true)
 5 APPPATH/Controllers/Gerencia.php(24): view('gerencia/gerencia_list', [...])
 6 SYSTEMPATH/CodeIgniter.php(934): App\Controllers\Gerencia->list('6')
 7 SYSTEMPATH/CodeIgniter.php(499): CodeIgniter\CodeIgniter->runController(Object(App\Controllers\Gerencia))
 8 SYSTEMPATH/CodeIgniter.php(368): CodeIgniter\CodeIgniter->handleRequest(null, Object(Config\Cache), false)
 9 FCPATH/index.php(67): CodeIgniter\CodeIgniter->run()
ERROR - 2023-06-13 18:08:49 --> mysqli_sql_exception: You have an error in your SQL syntax; check the manual that corresponds to your MySQL server version for the right syntax to use near '' at line 1 in /home/caminos/public_html/admin2/system/Database/MySQLi/Connection.php:295
Stack trace:
#0 /home/caminos/public_html/admin2/system/Database/MySQLi/Connection.php(295): mysqli->query('SELECT * FROM a...', 0)
#1 /home/caminos/public_html/admin2/system/Database/BaseConnection.php(691): CodeIgniter\Database\MySQLi\Connection->execute('SELECT * FROM a...')
#2 /home/caminos/public_html/admin2/system/Database/BaseConnection.php(605): CodeIgniter\Database\BaseConnection->simpleQuery('SELECT * FROM a...')
#3 /home/caminos/public_html/admin2/app/Models/AvanceModel.php(268): CodeIgniter\Database\BaseConnection->query('SELECT * FROM a...')
#4 /home/caminos/public_html/admin2/app/Controllers/Pdf.php(32): App\Models\AvanceModel->getItem(false)
#5 /home/caminos/public_html/admin2/system/CodeIgniter.php(934): App\Controllers\Pdf->rp01('2', '6')
#6 /home/caminos/public_html/admin2/system/CodeIgniter.php(499): CodeIgniter\CodeIgniter->runController(Object(App\Controllers\Pdf))
#7 /home/caminos/public_html/admin2/system/CodeIgniter.php(368): CodeIgniter\CodeIgniter->handleRequest(NULL, Object(Config\Cache), false)
#8 /home/caminos/public_html/admin2/index.php(67): CodeIgniter\CodeIgniter->run()
#9 {main}
CRITICAL - 2023-06-13 18:08:49 --> You have an error in your SQL syntax; check the manual that corresponds to your MySQL server version for the right syntax to use near '' at line 1
in SYSTEMPATH/Database/BaseConnection.php on line 645.
 1 APPPATH/Models/AvanceModel.php(268): CodeIgniter\Database\BaseConnection->query('SELECT * FROM avances where avance_id=')
 2 APPPATH/Controllers/Pdf.php(32): App\Models\AvanceModel->getItem(false)
 3 SYSTEMPATH/CodeIgniter.php(934): App\Controllers\Pdf->rp01('2', '6')
 4 SYSTEMPATH/CodeIgniter.php(499): CodeIgniter\CodeIgniter->runController(Object(App\Controllers\Pdf))
 5 SYSTEMPATH/CodeIgniter.php(368): CodeIgniter\CodeIgniter->handleRequest(null, Object(Config\Cache), false)
 6 FCPATH/index.php(67): CodeIgniter\CodeIgniter->run()
CRITICAL - 2023-06-13 19:09:12 --> Invalid file: "pdf/pdf_rp09_expediente.php"
in SYSTEMPATH/Exceptions/FrameworkException.php on line 33.
 1 SYSTEMPATH/View/View.php(201): CodeIgniter\Exceptions\FrameworkException::forInvalidFile('pdf/pdf_rp09_expediente.php')
 2 SYSTEMPATH/Common.php(1184): CodeIgniter\View\View->render('pdf/pdf_rp09_expediente', [], true)
 3 APPPATH/Controllers/Pdf.php(160): view('pdf/pdf_rp09_expediente', [...])
 4 SYSTEMPATH/CodeIgniter.php(934): App\Controllers\Pdf->rp09('1', '6')
 5 SYSTEMPATH/CodeIgniter.php(499): CodeIgniter\CodeIgniter->runController(Object(App\Controllers\Pdf))
 6 SYSTEMPATH/CodeIgniter.php(368): CodeIgniter\CodeIgniter->handleRequest(null, Object(Config\Cache), false)
 7 FCPATH/index.php(67): CodeIgniter\CodeIgniter->run()
CRITICAL - 2023-06-13 19:25:26 --> Undefined property: App\Controllers\Pdf::$model
in APPPATH/Controllers/Pdf.php on line 162.
 1 APPPATH/Controllers/Pdf.php(162): CodeIgniter\Debug\Exceptions->errorHandler(2, 'Undefined property: App\\Controllers\\Pdf::$model', 'APPPATH/Controllers/Pdf.php', 162)
 2 SYSTEMPATH/CodeIgniter.php(934): App\Controllers\Pdf->rp09('1', '6')
 3 SYSTEMPATH/CodeIgniter.php(499): CodeIgniter\CodeIgniter->runController(Object(App\Controllers\Pdf))
 4 SYSTEMPATH/CodeIgniter.php(368): CodeIgniter\CodeIgniter->handleRequest(null, Object(Config\Cache), false)
 5 FCPATH/index.php(67): CodeIgniter\CodeIgniter->run()
