CRITICAL - 2023-10-03 00:03:07 --> Undefined property: mysqli::$totalsinenviar
in APPPATH\Views\expediente.php on line 94.
 1 APPPATH\Views\expediente.php(94): CodeIgniter\Debug\Exceptions->errorHandler(2, 'Undefined property: mysqli::$totalsinenviar', 'APPPATH\\Views\\expediente.php', 94)
 2 SYSTEMPATH\View\View.php(213): include('APPPATH\\Views\\expediente.php')
 3 SYSTEMPATH\View\View.php(216): CodeIgniter\View\View->CodeIgniter\View\{closure}()
 4 SYSTEMPATH\Common.php(1184): CodeIgniter\View\View->render('expediente', [], true)
 5 APPPATH\Controllers\ExpedienteObra.php(44): view('expediente', [...])
 6 SYSTEMPATH\CodeIgniter.php(934): App\Controllers\ExpedienteObra->expedientes()
 7 SYSTEMPATH\CodeIgniter.php(499): CodeIgniter\CodeIgniter->runController(Object(App\Controllers\ExpedienteObra))
 8 SYSTEMPATH\CodeIgniter.php(368): CodeIgniter\CodeIgniter->handleRequest(null, Object(Config\Cache), false)
 9 FCPATH\index.php(67): CodeIgniter\CodeIgniter->run()
CRITICAL - 2023-10-03 15:35:34 --> Undefined property: mysqli::$totalsinenviar
in APPPATH\Views\expediente.php on line 94.
 1 APPPATH\Views\expediente.php(94): CodeIgniter\Debug\Exceptions->errorHandler(2, 'Undefined property: mysqli::$totalsinenviar', 'APPPATH\\Views\\expediente.php', 94)
 2 SYSTEMPATH\View\View.php(213): include('APPPATH\\Views\\expediente.php')
 3 SYSTEMPATH\View\View.php(216): CodeIgniter\View\View->CodeIgniter\View\{closure}()
 4 SYSTEMPATH\Common.php(1184): CodeIgniter\View\View->render('expediente', [], true)
 5 APPPATH\Controllers\ExpedienteObra.php(44): view('expediente', [...])
 6 SYSTEMPATH\CodeIgniter.php(934): App\Controllers\ExpedienteObra->expedientes()
 7 SYSTEMPATH\CodeIgniter.php(499): CodeIgniter\CodeIgniter->runController(Object(App\Controllers\ExpedienteObra))
 8 SYSTEMPATH\CodeIgniter.php(368): CodeIgniter\CodeIgniter->handleRequest(null, Object(Config\Cache), false)
 9 FCPATH\index.php(67): CodeIgniter\CodeIgniter->run()
CRITICAL - 2023-10-03 15:35:35 --> Undefined property: mysqli::$totalsinenviar
in APPPATH\Views\expediente.php on line 94.
 1 APPPATH\Views\expediente.php(94): CodeIgniter\Debug\Exceptions->errorHandler(2, 'Undefined property: mysqli::$totalsinenviar', 'APPPATH\\Views\\expediente.php', 94)
 2 SYSTEMPATH\View\View.php(213): include('APPPATH\\Views\\expediente.php')
 3 SYSTEMPATH\View\View.php(216): CodeIgniter\View\View->CodeIgniter\View\{closure}()
 4 SYSTEMPATH\Common.php(1184): CodeIgniter\View\View->render('expediente', [], true)
 5 APPPATH\Controllers\ExpedienteObra.php(44): view('expediente', [...])
 6 SYSTEMPATH\CodeIgniter.php(934): App\Controllers\ExpedienteObra->expedientes()
 7 SYSTEMPATH\CodeIgniter.php(499): CodeIgniter\CodeIgniter->runController(Object(App\Controllers\ExpedienteObra))
 8 SYSTEMPATH\CodeIgniter.php(368): CodeIgniter\CodeIgniter->handleRequest(null, Object(Config\Cache), false)
 9 FCPATH\index.php(67): CodeIgniter\CodeIgniter->run()
CRITICAL - 2023-10-03 15:36:30 --> Undefined variable $totaldocumentosinenviar
in APPPATH\Views\expediente.php on line 92.
 1 APPPATH\Views\expediente.php(92): CodeIgniter\Debug\Exceptions->errorHandler(2, 'Undefined variable $totaldocumentosinenviar', 'APPPATH\\Views\\expediente.php', 92)
 2 SYSTEMPATH\View\View.php(213): include('APPPATH\\Views\\expediente.php')
 3 SYSTEMPATH\View\View.php(216): CodeIgniter\View\View->CodeIgniter\View\{closure}()
 4 SYSTEMPATH\Common.php(1184): CodeIgniter\View\View->render('expediente', [], true)
 5 APPPATH\Controllers\ExpedienteObra.php(44): view('expediente', [...])
 6 SYSTEMPATH\CodeIgniter.php(934): App\Controllers\ExpedienteObra->expedientes()
 7 SYSTEMPATH\CodeIgniter.php(499): CodeIgniter\CodeIgniter->runController(Object(App\Controllers\ExpedienteObra))
 8 SYSTEMPATH\CodeIgniter.php(368): CodeIgniter\CodeIgniter->handleRequest(null, Object(Config\Cache), false)
 9 FCPATH\index.php(67): CodeIgniter\CodeIgniter->run()
CRITICAL - 2023-10-03 15:37:49 --> Undefined variable $totaldocumentosinenviar
in APPPATH\Views\expediente.php on line 92.
 1 APPPATH\Views\expediente.php(92): CodeIgniter\Debug\Exceptions->errorHandler(2, 'Undefined variable $totaldocumentosinenviar', 'APPPATH\\Views\\expediente.php', 92)
 2 SYSTEMPATH\View\View.php(213): include('APPPATH\\Views\\expediente.php')
 3 SYSTEMPATH\View\View.php(216): CodeIgniter\View\View->CodeIgniter\View\{closure}()
 4 SYSTEMPATH\Common.php(1184): CodeIgniter\View\View->render('expediente', [], true)
 5 APPPATH\Controllers\ExpedienteObra.php(44): view('expediente', [...])
 6 SYSTEMPATH\CodeIgniter.php(934): App\Controllers\ExpedienteObra->expedientes()
 7 SYSTEMPATH\CodeIgniter.php(499): CodeIgniter\CodeIgniter->runController(Object(App\Controllers\ExpedienteObra))
 8 SYSTEMPATH\CodeIgniter.php(368): CodeIgniter\CodeIgniter->handleRequest(null, Object(Config\Cache), false)
 9 FCPATH\index.php(67): CodeIgniter\CodeIgniter->run()
CRITICAL - 2023-10-03 15:37:58 --> Undefined variable $totaldocumentosinenviar
in APPPATH\Views\expediente.php on line 92.
 1 APPPATH\Views\expediente.php(92): CodeIgniter\Debug\Exceptions->errorHandler(2, 'Undefined variable $totaldocumentosinenviar', 'APPPATH\\Views\\expediente.php', 92)
 2 SYSTEMPATH\View\View.php(213): include('APPPATH\\Views\\expediente.php')
 3 SYSTEMPATH\View\View.php(216): CodeIgniter\View\View->CodeIgniter\View\{closure}()
 4 SYSTEMPATH\Common.php(1184): CodeIgniter\View\View->render('expediente', [], true)
 5 APPPATH\Controllers\ExpedienteObra.php(44): view('expediente', [...])
 6 SYSTEMPATH\CodeIgniter.php(934): App\Controllers\ExpedienteObra->expedientes()
 7 SYSTEMPATH\CodeIgniter.php(499): CodeIgniter\CodeIgniter->runController(Object(App\Controllers\ExpedienteObra))
 8 SYSTEMPATH\CodeIgniter.php(368): CodeIgniter\CodeIgniter->handleRequest(null, Object(Config\Cache), false)
 9 FCPATH\index.php(67): CodeIgniter\CodeIgniter->run()
CRITICAL - 2023-10-03 15:38:12 --> Undefined variable $totaldocumentosinenviar
in APPPATH\Views\expediente.php on line 92.
 1 APPPATH\Views\expediente.php(92): CodeIgniter\Debug\Exceptions->errorHandler(2, 'Undefined variable $totaldocumentosinenviar', 'APPPATH\\Views\\expediente.php', 92)
 2 SYSTEMPATH\View\View.php(213): include('APPPATH\\Views\\expediente.php')
 3 SYSTEMPATH\View\View.php(216): CodeIgniter\View\View->CodeIgniter\View\{closure}()
 4 SYSTEMPATH\Common.php(1184): CodeIgniter\View\View->render('expediente', [], true)
 5 APPPATH\Controllers\ExpedienteObra.php(42): view('expediente', [...])
 6 SYSTEMPATH\CodeIgniter.php(934): App\Controllers\ExpedienteObra->expedientes()
 7 SYSTEMPATH\CodeIgniter.php(499): CodeIgniter\CodeIgniter->runController(Object(App\Controllers\ExpedienteObra))
 8 SYSTEMPATH\CodeIgniter.php(368): CodeIgniter\CodeIgniter->handleRequest(null, Object(Config\Cache), false)
 9 FCPATH\index.php(67): CodeIgniter\CodeIgniter->run()
CRITICAL - 2023-10-03 15:38:28 --> Undefined variable $totaldocumentosinenviar
in APPPATH\Views\expediente.php on line 92.
 1 APPPATH\Views\expediente.php(92): CodeIgniter\Debug\Exceptions->errorHandler(2, 'Undefined variable $totaldocumentosinenviar', 'APPPATH\\Views\\expediente.php', 92)
 2 SYSTEMPATH\View\View.php(213): include('APPPATH\\Views\\expediente.php')
 3 SYSTEMPATH\View\View.php(216): CodeIgniter\View\View->CodeIgniter\View\{closure}()
 4 SYSTEMPATH\Common.php(1184): CodeIgniter\View\View->render('expediente', [], true)
 5 APPPATH\Controllers\ExpedienteObra.php(44): view('expediente', [...])
 6 SYSTEMPATH\CodeIgniter.php(934): App\Controllers\ExpedienteObra->expedientes()
 7 SYSTEMPATH\CodeIgniter.php(499): CodeIgniter\CodeIgniter->runController(Object(App\Controllers\ExpedienteObra))
 8 SYSTEMPATH\CodeIgniter.php(368): CodeIgniter\CodeIgniter->handleRequest(null, Object(Config\Cache), false)
 9 FCPATH\index.php(67): CodeIgniter\CodeIgniter->run()
CRITICAL - 2023-10-03 16:01:32 --> Undefined property: stdClass::$totalXobra
in APPPATH\Views\ejecutora.php on line 42.
 1 APPPATH\Views\ejecutora.php(42): CodeIgniter\Debug\Exceptions->errorHandler(2, 'Undefined property: stdClass::$totalXobra', 'APPPATH\\Views\\ejecutora.php', 42)
 2 SYSTEMPATH\View\View.php(213): include('APPPATH\\Views\\ejecutora.php')
 3 SYSTEMPATH\View\View.php(216): CodeIgniter\View\View->CodeIgniter\View\{closure}()
 4 SYSTEMPATH\Common.php(1184): CodeIgniter\View\View->render('ejecutora', [], true)
 5 APPPATH\Controllers\ExpedienteObra.php(48): view('ejecutora', [...])
 6 SYSTEMPATH\CodeIgniter.php(934): App\Controllers\ExpedienteObra->ejecutoraexpediente()
 7 SYSTEMPATH\CodeIgniter.php(499): CodeIgniter\CodeIgniter->runController(Object(App\Controllers\ExpedienteObra))
 8 SYSTEMPATH\CodeIgniter.php(368): CodeIgniter\CodeIgniter->handleRequest(null, Object(Config\Cache), false)
 9 FCPATH\index.php(67): CodeIgniter\CodeIgniter->run()
CRITICAL - 2023-10-03 18:21:37 --> Undefined property: stdClass::$totaleviadosobra
in APPPATH\Views\expediente.php on line 73.
 1 APPPATH\Views\expediente.php(73): CodeIgniter\Debug\Exceptions->errorHandler(2, 'Undefined property: stdClass::$totaleviadosobra', 'APPPATH\\Views\\expediente.php', 73)
 2 SYSTEMPATH\View\View.php(213): include('APPPATH\\Views\\expediente.php')
 3 SYSTEMPATH\View\View.php(216): CodeIgniter\View\View->CodeIgniter\View\{closure}()
 4 SYSTEMPATH\Common.php(1184): CodeIgniter\View\View->render('expediente', [], true)
 5 APPPATH\Controllers\ExpedienteObra.php(43): view('expediente', [...])
 6 SYSTEMPATH\CodeIgniter.php(934): App\Controllers\ExpedienteObra->expedientes()
 7 SYSTEMPATH\CodeIgniter.php(499): CodeIgniter\CodeIgniter->runController(Object(App\Controllers\ExpedienteObra))
 8 SYSTEMPATH\CodeIgniter.php(368): CodeIgniter\CodeIgniter->handleRequest(null, Object(Config\Cache), false)
 9 FCPATH\index.php(67): CodeIgniter\CodeIgniter->run()
CRITICAL - 2023-10-03 18:22:11 --> Undefined property: mysqli::$totaleviadosobra
in APPPATH\Views\expediente.php on line 73.
 1 APPPATH\Views\expediente.php(73): CodeIgniter\Debug\Exceptions->errorHandler(2, 'Undefined property: mysqli::$totaleviadosobra', 'APPPATH\\Views\\expediente.php', 73)
 2 SYSTEMPATH\View\View.php(213): include('APPPATH\\Views\\expediente.php')
 3 SYSTEMPATH\View\View.php(216): CodeIgniter\View\View->CodeIgniter\View\{closure}()
 4 SYSTEMPATH\Common.php(1184): CodeIgniter\View\View->render('expediente', [], true)
 5 APPPATH\Controllers\ExpedienteObra.php(43): view('expediente', [...])
 6 SYSTEMPATH\CodeIgniter.php(934): App\Controllers\ExpedienteObra->expedientes()
 7 SYSTEMPATH\CodeIgniter.php(499): CodeIgniter\CodeIgniter->runController(Object(App\Controllers\ExpedienteObra))
 8 SYSTEMPATH\CodeIgniter.php(368): CodeIgniter\CodeIgniter->handleRequest(null, Object(Config\Cache), false)
 9 FCPATH\index.php(67): CodeIgniter\CodeIgniter->run()
CRITICAL - 2023-10-03 18:50:04 --> Undefined property: stdClass::$totalexpedienteEjecutora
in APPPATH\Views\ejecutora.php on line 42.
 1 APPPATH\Views\ejecutora.php(42): CodeIgniter\Debug\Exceptions->errorHandler(2, 'Undefined property: stdClass::$totalexpedienteEjecutora', 'APPPATH\\Views\\ejecutora.php', 42)
 2 SYSTEMPATH\View\View.php(213): include('APPPATH\\Views\\ejecutora.php')
 3 SYSTEMPATH\View\View.php(216): CodeIgniter\View\View->CodeIgniter\View\{closure}()
 4 SYSTEMPATH\Common.php(1184): CodeIgniter\View\View->render('ejecutora', [], true)
 5 APPPATH\Controllers\ExpedienteObra.php(48): view('ejecutora', [...])
 6 SYSTEMPATH\CodeIgniter.php(934): App\Controllers\ExpedienteObra->ejecutoraexpediente()
 7 SYSTEMPATH\CodeIgniter.php(499): CodeIgniter\CodeIgniter->runController(Object(App\Controllers\ExpedienteObra))
 8 SYSTEMPATH\CodeIgniter.php(368): CodeIgniter\CodeIgniter->handleRequest(null, Object(Config\Cache), false)
 9 FCPATH\index.php(67): CodeIgniter\CodeIgniter->run()
CRITICAL - 2023-10-03 18:51:01 --> Undefined property: stdClass::$totalexpedienteEjecutora
in APPPATH\Views\ejecutora.php on line 42.
 1 APPPATH\Views\ejecutora.php(42): CodeIgniter\Debug\Exceptions->errorHandler(2, 'Undefined property: stdClass::$totalexpedienteEjecutora', 'APPPATH\\Views\\ejecutora.php', 42)
 2 SYSTEMPATH\View\View.php(213): include('APPPATH\\Views\\ejecutora.php')
 3 SYSTEMPATH\View\View.php(216): CodeIgniter\View\View->CodeIgniter\View\{closure}()
 4 SYSTEMPATH\Common.php(1184): CodeIgniter\View\View->render('ejecutora', [], true)
 5 APPPATH\Controllers\ExpedienteObra.php(48): view('ejecutora', [...])
 6 SYSTEMPATH\CodeIgniter.php(934): App\Controllers\ExpedienteObra->ejecutoraexpediente()
 7 SYSTEMPATH\CodeIgniter.php(499): CodeIgniter\CodeIgniter->runController(Object(App\Controllers\ExpedienteObra))
 8 SYSTEMPATH\CodeIgniter.php(368): CodeIgniter\CodeIgniter->handleRequest(null, Object(Config\Cache), false)
 9 FCPATH\index.php(67): CodeIgniter\CodeIgniter->run()
CRITICAL - 2023-10-03 19:20:52 --> Undefined variable $datas
in APPPATH\Views\ejecutora.php on line 36.
 1 APPPATH\Views\ejecutora.php(36): CodeIgniter\Debug\Exceptions->errorHandler(2, 'Undefined variable $datas', 'APPPATH\\Views\\ejecutora.php', 36)
 2 SYSTEMPATH\View\View.php(213): include('APPPATH\\Views\\ejecutora.php')
 3 SYSTEMPATH\View\View.php(216): CodeIgniter\View\View->CodeIgniter\View\{closure}()
 4 SYSTEMPATH\Common.php(1184): CodeIgniter\View\View->render('ejecutora', [], true)
 5 APPPATH\Controllers\ExpedienteObra.php(49): view('ejecutora', [...])
 6 SYSTEMPATH\CodeIgniter.php(934): App\Controllers\ExpedienteObra->ejecutoraexpediente()
 7 SYSTEMPATH\CodeIgniter.php(499): CodeIgniter\CodeIgniter->runController(Object(App\Controllers\ExpedienteObra))
 8 SYSTEMPATH\CodeIgniter.php(368): CodeIgniter\CodeIgniter->handleRequest(null, Object(Config\Cache), false)
 9 FCPATH\index.php(67): CodeIgniter\CodeIgniter->run()
