CRITICAL - 2023-08-30 15:37:16 --> readfile(C:\xampp\htdocs\app\writable\uploads\obras\12): Failed to open stream: Permission denied
in APPPATH\Controllers\Listados.php on line 31.
 1 [internal function]: CodeIgniter\Debug\Exceptions->errorHandler(2, 'readfile(C:\\xampp\\htdocs\\app\\writable\\uploads\\obras\\12): Failed to open stream: Permission denied', 'APPPATH\\Controllers\\Listados.php', 31)
 2 APPPATH\Controllers\Listados.php(31): readfile('FCPATH\\writable\\uploads\\obras\\12')
 3 SYSTEMPATH\CodeIgniter.php(934): App\Controllers\Listados->qrdocumentos('1')
 4 SYSTEMPATH\CodeIgniter.php(499): CodeIgniter\CodeIgniter->runController(Object(App\Controllers\Listados))
 5 SYSTEMPATH\CodeIgniter.php(368): CodeIgniter\CodeIgniter->handleRequest(null, Object(Config\Cache), false)
 6 FCPATH\index.php(67): CodeIgniter\CodeIgniter->run()
CRITICAL - 2023-08-30 15:49:29 --> readfile(C:\xampp\htdocs\app\writable\uploads\obras\12): Failed to open stream: Permission denied
in APPPATH\Controllers\Listados.php on line 31.
 1 [internal function]: CodeIgniter\Debug\Exceptions->errorHandler(2, 'readfile(C:\\xampp\\htdocs\\app\\writable\\uploads\\obras\\12): Failed to open stream: Permission denied', 'APPPATH\\Controllers\\Listados.php', 31)
 2 APPPATH\Controllers\Listados.php(31): readfile('FCPATH\\writable\\uploads\\obras\\12')
 3 SYSTEMPATH\CodeIgniter.php(934): App\Controllers\Listados->qrdocumentos('1')
 4 SYSTEMPATH\CodeIgniter.php(499): CodeIgniter\CodeIgniter->runController(Object(App\Controllers\Listados))
 5 SYSTEMPATH\CodeIgniter.php(368): CodeIgniter\CodeIgniter->handleRequest(null, Object(Config\Cache), false)
 6 FCPATH\index.php(67): CodeIgniter\CodeIgniter->run()
CRITICAL - 2023-08-30 15:51:42 --> mime_content_type(C:\xampp\htdocs\app\writable\uploads\obras13/): Failed to open stream: No such file or directory
in APPPATH\Controllers\Listados.php on line 27.
 1 [internal function]: CodeIgniter\Debug\Exceptions->errorHandler(2, 'mime_content_type(C:\\xampp\\htdocs\\app\\writable\\uploads\\obras13/): Failed to open stream: No such file or directory', 'APPPATH\\Controllers\\Listados.php', 27)
 2 APPPATH\Controllers\Listados.php(27): mime_content_type('FCPATH\\writable\\uploads\\obras13/')
 3 SYSTEMPATH\CodeIgniter.php(934): App\Controllers\Listados->qrdocumentos('2')
 4 SYSTEMPATH\CodeIgniter.php(499): CodeIgniter\CodeIgniter->runController(Object(App\Controllers\Listados))
 5 SYSTEMPATH\CodeIgniter.php(368): CodeIgniter\CodeIgniter->handleRequest(null, Object(Config\Cache), false)
 6 FCPATH\index.php(67): CodeIgniter\CodeIgniter->run()
CRITICAL - 2023-08-30 15:52:11 --> readfile(C:\xampp\htdocs\app\writable\uploads\obras\13): Failed to open stream: Permission denied
in APPPATH\Controllers\Listados.php on line 31.
 1 [internal function]: CodeIgniter\Debug\Exceptions->errorHandler(2, 'readfile(C:\\xampp\\htdocs\\app\\writable\\uploads\\obras\\13): Failed to open stream: Permission denied', 'APPPATH\\Controllers\\Listados.php', 31)
 2 APPPATH\Controllers\Listados.php(31): readfile('FCPATH\\writable\\uploads\\obras\\13')
 3 SYSTEMPATH\CodeIgniter.php(934): App\Controllers\Listados->qrdocumentos('2')
 4 SYSTEMPATH\CodeIgniter.php(499): CodeIgniter\CodeIgniter->runController(Object(App\Controllers\Listados))
 5 SYSTEMPATH\CodeIgniter.php(368): CodeIgniter\CodeIgniter->handleRequest(null, Object(Config\Cache), false)
 6 FCPATH\index.php(67): CodeIgniter\CodeIgniter->run()
CRITICAL - 2023-08-30 16:13:25 --> mkdir(): No such file or directory
in SYSTEMPATH\HTTP\Files\UploadedFile.php on line 176.
 1 [internal function]: CodeIgniter\Debug\Exceptions->errorHandler(2, 'mkdir(): No such file or directory', 'SYSTEMPATH\\HTTP\\Files\\UploadedFile.php', 176)
 2 SYSTEMPATH\HTTP\Files\UploadedFile.php(176): mkdir('FCPATH\\writable\\uploads/C:\\xampp\\htdocs\\app\\writable\\uploads/obras/14/', 511, true)
 3 SYSTEMPATH\HTTP\Files\UploadedFile.php(130): CodeIgniter\HTTP\Files\UploadedFile->setPath('FCPATH\\writable\\uploads/C:\\xampp\\htdocs\\app\\writable\\uploads/obras/14/')
 4 SYSTEMPATH\HTTP\Files\UploadedFile.php(341): CodeIgniter\HTTP\Files\UploadedFile->move('FCPATH\\writable\\uploads/C:\\xampp\\htdocs\\app\\writable\\uploads/obras/14/', 'TOAJ9705107R4.38.2023.pdf')
 5 APPPATH\Controllers\FileUpload.php(38): CodeIgniter\HTTP\Files\UploadedFile->store('FCPATH\\writable\\uploads/obras/14/', 'TOAJ9705107R4.38.2023.pdf')
 6 SYSTEMPATH\CodeIgniter.php(934): App\Controllers\FileUpload->upload()
 7 SYSTEMPATH\CodeIgniter.php(499): CodeIgniter\CodeIgniter->runController(Object(App\Controllers\FileUpload))
 8 SYSTEMPATH\CodeIgniter.php(368): CodeIgniter\CodeIgniter->handleRequest(null, Object(Config\Cache), false)
 9 FCPATH\index.php(67): CodeIgniter\CodeIgniter->run()
CRITICAL - 2023-08-30 16:14:21 --> mkdir(): No such file or directory
in SYSTEMPATH\HTTP\Files\UploadedFile.php on line 176.
 1 [internal function]: CodeIgniter\Debug\Exceptions->errorHandler(2, 'mkdir(): No such file or directory', 'SYSTEMPATH\\HTTP\\Files\\UploadedFile.php', 176)
 2 SYSTEMPATH\HTTP\Files\UploadedFile.php(176): mkdir('FCPATH\\writable\\uploads/C:\\xampp\\htdocs\\app\\writable\\uploads/obras/14/', 511, true)
 3 SYSTEMPATH\HTTP\Files\UploadedFile.php(130): CodeIgniter\HTTP\Files\UploadedFile->setPath('FCPATH\\writable\\uploads/C:\\xampp\\htdocs\\app\\writable\\uploads/obras/14/')
 4 SYSTEMPATH\HTTP\Files\UploadedFile.php(341): CodeIgniter\HTTP\Files\UploadedFile->move('FCPATH\\writable\\uploads/C:\\xampp\\htdocs\\app\\writable\\uploads/obras/14/', 'TOAJ9705107R4.38.2023.pdf')
 5 APPPATH\Controllers\FileUpload.php(38): CodeIgniter\HTTP\Files\UploadedFile->store('FCPATH\\writable\\uploads/obras/14/', 'TOAJ9705107R4.38.2023.pdf')
 6 SYSTEMPATH\CodeIgniter.php(934): App\Controllers\FileUpload->upload()
 7 SYSTEMPATH\CodeIgniter.php(499): CodeIgniter\CodeIgniter->runController(Object(App\Controllers\FileUpload))
 8 SYSTEMPATH\CodeIgniter.php(368): CodeIgniter\CodeIgniter->handleRequest(null, Object(Config\Cache), false)
 9 FCPATH\index.php(67): CodeIgniter\CodeIgniter->run()
CRITICAL - 2023-08-30 16:15:52 --> mime_content_type(obras/14/): Failed to open stream: No such file or directory
in APPPATH\Controllers\Listados.php on line 27.
 1 [internal function]: CodeIgniter\Debug\Exceptions->errorHandler(2, 'mime_content_type(obras/14/): Failed to open stream: No such file or directory', 'APPPATH\\Controllers\\Listados.php', 27)
 2 APPPATH\Controllers\Listados.php(27): mime_content_type('obras/14/')
 3 SYSTEMPATH\CodeIgniter.php(934): App\Controllers\Listados->qrdocumentos('3')
 4 SYSTEMPATH\CodeIgniter.php(499): CodeIgniter\CodeIgniter->runController(Object(App\Controllers\Listados))
 5 SYSTEMPATH\CodeIgniter.php(368): CodeIgniter\CodeIgniter->handleRequest(null, Object(Config\Cache), false)
 6 FCPATH\index.php(67): CodeIgniter\CodeIgniter->run()
CRITICAL - 2023-08-30 16:16:50 --> mime_content_type(obras/14/): Failed to open stream: No such file or directory
in APPPATH\Controllers\Listados.php on line 28.
 1 [internal function]: CodeIgniter\Debug\Exceptions->errorHandler(2, 'mime_content_type(obras/14/): Failed to open stream: No such file or directory', 'APPPATH\\Controllers\\Listados.php', 28)
 2 APPPATH\Controllers\Listados.php(28): mime_content_type('obras/14/')
 3 SYSTEMPATH\CodeIgniter.php(934): App\Controllers\Listados->qrdocumentos('3')
 4 SYSTEMPATH\CodeIgniter.php(499): CodeIgniter\CodeIgniter->runController(Object(App\Controllers\Listados))
 5 SYSTEMPATH\CodeIgniter.php(368): CodeIgniter\CodeIgniter->handleRequest(null, Object(Config\Cache), false)
 6 FCPATH\index.php(67): CodeIgniter\CodeIgniter->run()
CRITICAL - 2023-08-30 16:17:41 --> mime_content_type(obras/14/TOAJ9705107R4.38.2023.pdf): Failed to open stream: No such file or directory
in APPPATH\Controllers\Listados.php on line 28.
 1 [internal function]: CodeIgniter\Debug\Exceptions->errorHandler(2, 'mime_content_type(obras/14/TOAJ9705107R4.38.2023.pdf): Failed to open stream: No such file or directory', 'APPPATH\\Controllers\\Listados.php', 28)
 2 APPPATH\Controllers\Listados.php(28): mime_content_type('obras/14/TOAJ9705107R4.38.2023.pdf')
 3 SYSTEMPATH\CodeIgniter.php(934): App\Controllers\Listados->qrdocumentos('3')
 4 SYSTEMPATH\CodeIgniter.php(499): CodeIgniter\CodeIgniter->runController(Object(App\Controllers\Listados))
 5 SYSTEMPATH\CodeIgniter.php(368): CodeIgniter\CodeIgniter->handleRequest(null, Object(Config\Cache), false)
 6 FCPATH\index.php(67): CodeIgniter\CodeIgniter->run()
CRITICAL - 2023-08-30 16:19:13 --> filesize(): stat failed for obras/14/
in APPPATH\Controllers\Listados.php on line 29.
 1 [internal function]: CodeIgniter\Debug\Exceptions->errorHandler(2, 'filesize(): stat failed for obras/14/', 'APPPATH\\Controllers\\Listados.php', 29)
 2 APPPATH\Controllers\Listados.php(29): filesize('obras/14/')
 3 SYSTEMPATH\CodeIgniter.php(934): App\Controllers\Listados->qrdocumentos('3')
 4 SYSTEMPATH\CodeIgniter.php(499): CodeIgniter\CodeIgniter->runController(Object(App\Controllers\Listados))
 5 SYSTEMPATH\CodeIgniter.php(368): CodeIgniter\CodeIgniter->handleRequest(null, Object(Config\Cache), false)
 6 FCPATH\index.php(67): CodeIgniter\CodeIgniter->run()
CRITICAL - 2023-08-30 16:20:39 --> Undefined variable $filename
in APPPATH\Controllers\Listados.php on line 24.
 1 APPPATH\Controllers\Listados.php(24): CodeIgniter\Debug\Exceptions->errorHandler(2, 'Undefined variable $filename', 'APPPATH\\Controllers\\Listados.php', 24)
 2 SYSTEMPATH\CodeIgniter.php(934): App\Controllers\Listados->qrdocumentos('3')
 3 SYSTEMPATH\CodeIgniter.php(499): CodeIgniter\CodeIgniter->runController(Object(App\Controllers\Listados))
 4 SYSTEMPATH\CodeIgniter.php(368): CodeIgniter\CodeIgniter->handleRequest(null, Object(Config\Cache), false)
 5 FCPATH\index.php(67): CodeIgniter\CodeIgniter->run()
