CRITICAL - 2023-05-20 04:41:29 --> Undefined property: stdClass::$secretaria_id
in APPPATH/Views/portada/portafolio_principal.php on line 286.
 1 APPPATH/Views/portada/portafolio_principal.php(286): CodeIgniter\Debug\Exceptions->errorHandler(2, 'Undefined property: stdClass::$secretaria_id', 'APPPATH/Views/portada/portafolio_principal.php', 286)
 2 SYSTEMPATH/View/View.php(213): include('APPPATH/Views/portada/portafolio_principal.php')
 3 SYSTEMPATH/View/View.php(216): CodeIgniter\View\View->CodeIgniter\View\{closure}()
 4 SYSTEMPATH/Common.php(1184): CodeIgniter\View\View->render('portada/portafolio_principal', [], true)
 5 APPPATH/Controllers/Portada.php(64): view('portada/portafolio_principal', [...])
 6 SYSTEMPATH/CodeIgniter.php(934): App\Controllers\Portada->compromisos()
 7 SYSTEMPATH/CodeIgniter.php(499): CodeIgniter\CodeIgniter->runController(Object(App\Controllers\Portada))
 8 SYSTEMPATH/CodeIgniter.php(368): CodeIgniter\CodeIgniter->handleRequest(null, Object(Config\Cache), false)
 9 FCPATH/index.php(67): CodeIgniter\CodeIgniter->run()
CRITICAL - 2023-05-20 04:53:55 --> Undefined property: stdClass::$secretaria_id
in APPPATH/Views/portada/portafolio_principal.php on line 286.
 1 APPPATH/Views/portada/portafolio_principal.php(286): CodeIgniter\Debug\Exceptions->errorHandler(2, 'Undefined property: stdClass::$secretaria_id', 'APPPATH/Views/portada/portafolio_principal.php', 286)
 2 SYSTEMPATH/View/View.php(213): include('APPPATH/Views/portada/portafolio_principal.php')
 3 SYSTEMPATH/View/View.php(216): CodeIgniter\View\View->CodeIgniter\View\{closure}()
 4 SYSTEMPATH/Common.php(1184): CodeIgniter\View\View->render('portada/portafolio_principal', [], true)
 5 APPPATH/Controllers/Portada.php(86): view('portada/portafolio_principal', [...])
 6 SYSTEMPATH/CodeIgniter.php(934): App\Controllers\Portada->prioritarios()
 7 SYSTEMPATH/CodeIgniter.php(499): CodeIgniter\CodeIgniter->runController(Object(App\Controllers\Portada))
 8 SYSTEMPATH/CodeIgniter.php(368): CodeIgniter\CodeIgniter->handleRequest(null, Object(Config\Cache), false)
 9 FCPATH/index.php(67): CodeIgniter\CodeIgniter->run()
CRITICAL - 2023-05-20 04:55:57 --> foreach() argument must be of type array|object, string given
in APPPATH/Models/UniversoModel.php on line 744.
 1 APPPATH/Models/UniversoModel.php(744): CodeIgniter\Debug\Exceptions->errorHandler(2, 'foreach() argument must be of type array|object, string given', 'APPPATH/Models/UniversoModel.php', 744)
 2 APPPATH/Controllers/Universo.php(373): App\Models\UniversoModel->getDataFilter(2023, [...], 'undefined')
 3 SYSTEMPATH/CodeIgniter.php(934): App\Controllers\Universo->JSONDataFilter()
 4 SYSTEMPATH/CodeIgniter.php(499): CodeIgniter\CodeIgniter->runController(Object(App\Controllers\Universo))
 5 SYSTEMPATH/CodeIgniter.php(368): CodeIgniter\CodeIgniter->handleRequest(null, Object(Config\Cache), false)
 6 FCPATH/index.php(67): CodeIgniter\CodeIgniter->run()
CRITICAL - 2023-05-20 05:00:15 --> foreach() argument must be of type array|object, string given
in APPPATH/Models/UniversoModel.php on line 744.
 1 APPPATH/Models/UniversoModel.php(744): CodeIgniter\Debug\Exceptions->errorHandler(2, 'foreach() argument must be of type array|object, string given', 'APPPATH/Models/UniversoModel.php', 744)
 2 APPPATH/Controllers/Universo.php(373): App\Models\UniversoModel->getDataFilter(2023, [...], 'undefined')
 3 SYSTEMPATH/CodeIgniter.php(934): App\Controllers\Universo->JSONDataFilter()
 4 SYSTEMPATH/CodeIgniter.php(499): CodeIgniter\CodeIgniter->runController(Object(App\Controllers\Universo))
 5 SYSTEMPATH/CodeIgniter.php(368): CodeIgniter\CodeIgniter->handleRequest(null, Object(Config\Cache), false)
 6 FCPATH/index.php(67): CodeIgniter\CodeIgniter->run()
CRITICAL - 2023-05-20 05:00:27 --> foreach() argument must be of type array|object, string given
in APPPATH/Models/UniversoModel.php on line 744.
 1 APPPATH/Models/UniversoModel.php(744): CodeIgniter\Debug\Exceptions->errorHandler(2, 'foreach() argument must be of type array|object, string given', 'APPPATH/Models/UniversoModel.php', 744)
 2 APPPATH/Controllers/Universo.php(373): App\Models\UniversoModel->getDataFilter(2023, [...], 'undefined')
 3 SYSTEMPATH/CodeIgniter.php(934): App\Controllers\Universo->JSONDataFilter()
 4 SYSTEMPATH/CodeIgniter.php(499): CodeIgniter\CodeIgniter->runController(Object(App\Controllers\Universo))
 5 SYSTEMPATH/CodeIgniter.php(368): CodeIgniter\CodeIgniter->handleRequest(null, Object(Config\Cache), false)
 6 FCPATH/index.php(67): CodeIgniter\CodeIgniter->run()
CRITICAL - 2023-05-20 09:59:14 --> Undefined property: stdClass::$ejecutado
in APPPATH/Models/AvanceModel.php on line 43.
 1 APPPATH/Models/AvanceModel.php(43): CodeIgniter\Debug\Exceptions->errorHandler(2, 'Undefined property: stdClass::$ejecutado', 'APPPATH/Models/AvanceModel.php', 43)
 2 APPPATH/Controllers/Avance.php(40): App\Models\AvanceModel->getAvancePrograma('4', '2023', '1')
 3 SYSTEMPATH/CodeIgniter.php(934): App\Controllers\Avance->index('1')
 4 SYSTEMPATH/CodeIgniter.php(499): CodeIgniter\CodeIgniter->runController(Object(App\Controllers\Avance))
 5 SYSTEMPATH/CodeIgniter.php(368): CodeIgniter\CodeIgniter->handleRequest(null, Object(Config\Cache), false)
 6 FCPATH/index.php(67): CodeIgniter\CodeIgniter->run()
CRITICAL - 2023-05-20 10:00:01 --> Attempt to read property "mes" on string
in APPPATH/Views/avance/avance_list.php on line 29.
 1 APPPATH/Views/avance/avance_list.php(29): CodeIgniter\Debug\Exceptions->errorHandler(2, 'Attempt to read property "mes" on string', 'APPPATH/Views/avance/avance_list.php', 29)
 2 SYSTEMPATH/View/View.php(213): include('APPPATH/Views/avance/avance_list.php')
 3 SYSTEMPATH/View/View.php(216): CodeIgniter\View\View->CodeIgniter\View\{closure}()
 4 SYSTEMPATH/Common.php(1184): CodeIgniter\View\View->render('avance/avance_list', [], true)
 5 APPPATH/Controllers/Avance.php(48): view('avance/avance_list', [...])
 6 SYSTEMPATH/CodeIgniter.php(934): App\Controllers\Avance->index('1')
 7 SYSTEMPATH/CodeIgniter.php(499): CodeIgniter\CodeIgniter->runController(Object(App\Controllers\Avance))
 8 SYSTEMPATH/CodeIgniter.php(368): CodeIgniter\CodeIgniter->handleRequest(null, Object(Config\Cache), false)
 9 FCPATH/index.php(67): CodeIgniter\CodeIgniter->run()
CRITICAL - 2023-05-20 16:25:58 --> Invalid file: "portada/portafolio_municipios_prioritarios.php"
in SYSTEMPATH/Exceptions/FrameworkException.php on line 33.
 1 SYSTEMPATH/View/View.php(201): CodeIgniter\Exceptions\FrameworkException::forInvalidFile('portada/portafolio_municipios_prioritarios.php')
 2 SYSTEMPATH/Common.php(1184): CodeIgniter\View\View->render('portada/portafolio_municipios_prioritarios', [], true)
 3 APPPATH/Controllers/Portada.php(87): view('portada/portafolio_municipios_prioritarios', [...])
 4 SYSTEMPATH/CodeIgniter.php(934): App\Controllers\Portada->prioritarios()
 5 SYSTEMPATH/CodeIgniter.php(499): CodeIgniter\CodeIgniter->runController(Object(App\Controllers\Portada))
 6 SYSTEMPATH/CodeIgniter.php(368): CodeIgniter\CodeIgniter->handleRequest(null, Object(Config\Cache), false)
 7 FCPATH/index.php(67): CodeIgniter\CodeIgniter->run()
