CRITICAL - 2023-08-23 17:00:33 --> Cannot call constructor
in APPPATH\Controllers\DocumentosController.php on line 9.
 1 SYSTEMPATH\CodeIgniter.php(906): App\Controllers\DocumentosController->__construct()
 2 SYSTEMPATH\CodeIgniter.php(490): CodeIgniter\CodeIgniter->createController()
 3 SYSTEMPATH\CodeIgniter.php(368): CodeIgniter\CodeIgniter->handleRequest(null, Object(Config\Cache), false)
 4 FCPATH\index.php(67): CodeIgniter\CodeIgniter->run()
CRITICAL - 2023-08-23 17:20:12 --> Undefined property: App\Controllers\DocumentosController::$load
in APPPATH\Controllers\DocumentosController.php on line 14.
 1 APPPATH\Controllers\DocumentosController.php(14): CodeIgniter\Debug\Exceptions->errorHandler(2, 'Undefined property: App\\Controllers\\DocumentosController::$load', 'APPPATH\\Controllers\\DocumentosController.php', 14)
 2 SYSTEMPATH\CodeIgniter.php(934): App\Controllers\DocumentosController->upload()
 3 SYSTEMPATH\CodeIgniter.php(499): CodeIgniter\CodeIgniter->runController(Object(App\Controllers\DocumentosController))
 4 SYSTEMPATH\CodeIgniter.php(368): CodeIgniter\CodeIgniter->handleRequest(null, Object(Config\Cache), false)
 5 FCPATH\index.php(67): CodeIgniter\CodeIgniter->run()
CRITICAL - 2023-08-23 19:35:13 --> Call to a member function getExtension() on null
in APPPATH\Controllers\DocumentosController.php on line 21.
 1 SYSTEMPATH\CodeIgniter.php(934): App\Controllers\DocumentosController->store()
 2 SYSTEMPATH\CodeIgniter.php(499): CodeIgniter\CodeIgniter->runController(Object(App\Controllers\DocumentosController))
 3 SYSTEMPATH\CodeIgniter.php(368): CodeIgniter\CodeIgniter->handleRequest(null, Object(Config\Cache), false)
 4 FCPATH\index.php(67): CodeIgniter\CodeIgniter->run()
CRITICAL - 2023-08-23 19:37:07 --> Call to a member function getExtension() on null
in APPPATH\Controllers\DocumentosController.php on line 21.
 1 SYSTEMPATH\CodeIgniter.php(934): App\Controllers\DocumentosController->store()
 2 SYSTEMPATH\CodeIgniter.php(499): CodeIgniter\CodeIgniter->runController(Object(App\Controllers\DocumentosController))
 3 SYSTEMPATH\CodeIgniter.php(368): CodeIgniter\CodeIgniter->handleRequest(null, Object(Config\Cache), false)
 4 FCPATH\index.php(67): CodeIgniter\CodeIgniter->run()
CRITICAL - 2023-08-23 19:40:21 --> Call to a member function getExtension() on null
in APPPATH\Controllers\DocumentosController.php on line 21.
 1 SYSTEMPATH\CodeIgniter.php(934): App\Controllers\DocumentosController->store()
 2 SYSTEMPATH\CodeIgniter.php(499): CodeIgniter\CodeIgniter->runController(Object(App\Controllers\DocumentosController))
 3 SYSTEMPATH\CodeIgniter.php(368): CodeIgniter\CodeIgniter->handleRequest(null, Object(Config\Cache), false)
 4 FCPATH\index.php(67): CodeIgniter\CodeIgniter->run()
CRITICAL - 2023-08-23 19:45:59 --> Undefined property: App\Controllers\DocumentosController::$load
in APPPATH\Controllers\DocumentosController.php on line 14.
 1 APPPATH\Controllers\DocumentosController.php(14): CodeIgniter\Debug\Exceptions->errorHandler(2, 'Undefined property: App\\Controllers\\DocumentosController::$load', 'APPPATH\\Controllers\\DocumentosController.php', 14)
 2 SYSTEMPATH\CodeIgniter.php(934): App\Controllers\DocumentosController->upload()
 3 SYSTEMPATH\CodeIgniter.php(499): CodeIgniter\CodeIgniter->runController(Object(App\Controllers\DocumentosController))
 4 SYSTEMPATH\CodeIgniter.php(368): CodeIgniter\CodeIgniter->handleRequest(null, Object(Config\Cache), false)
 5 FCPATH\index.php(67): CodeIgniter\CodeIgniter->run()
CRITICAL - 2023-08-23 19:46:20 --> Undefined property: App\Controllers\DocumentosController::$load
in APPPATH\Controllers\DocumentosController.php on line 14.
 1 APPPATH\Controllers\DocumentosController.php(14): CodeIgniter\Debug\Exceptions->errorHandler(2, 'Undefined property: App\\Controllers\\DocumentosController::$load', 'APPPATH\\Controllers\\DocumentosController.php', 14)
 2 SYSTEMPATH\CodeIgniter.php(934): App\Controllers\DocumentosController->upload()
 3 SYSTEMPATH\CodeIgniter.php(499): CodeIgniter\CodeIgniter->runController(Object(App\Controllers\DocumentosController))
 4 SYSTEMPATH\CodeIgniter.php(368): CodeIgniter\CodeIgniter->handleRequest(null, Object(Config\Cache), false)
 5 FCPATH\index.php(67): CodeIgniter\CodeIgniter->run()
CRITICAL - 2023-08-23 19:47:48 --> Undefined property: App\Controllers\DocumentosController::$load
in APPPATH\Controllers\DocumentosController.php on line 14.
 1 APPPATH\Controllers\DocumentosController.php(14): CodeIgniter\Debug\Exceptions->errorHandler(2, 'Undefined property: App\\Controllers\\DocumentosController::$load', 'APPPATH\\Controllers\\DocumentosController.php', 14)
 2 SYSTEMPATH\CodeIgniter.php(934): App\Controllers\DocumentosController->upload()
 3 SYSTEMPATH\CodeIgniter.php(499): CodeIgniter\CodeIgniter->runController(Object(App\Controllers\DocumentosController))
 4 SYSTEMPATH\CodeIgniter.php(368): CodeIgniter\CodeIgniter->handleRequest(null, Object(Config\Cache), false)
 5 FCPATH\index.php(67): CodeIgniter\CodeIgniter->run()
CRITICAL - 2023-08-23 19:53:57 --> Undefined property: App\Controllers\DocumentosController::$load
in APPPATH\Controllers\DocumentosController.php on line 14.
 1 APPPATH\Controllers\DocumentosController.php(14): CodeIgniter\Debug\Exceptions->errorHandler(2, 'Undefined property: App\\Controllers\\DocumentosController::$load', 'APPPATH\\Controllers\\DocumentosController.php', 14)
 2 SYSTEMPATH\CodeIgniter.php(934): App\Controllers\DocumentosController->upload()
 3 SYSTEMPATH\CodeIgniter.php(499): CodeIgniter\CodeIgniter->runController(Object(App\Controllers\DocumentosController))
 4 SYSTEMPATH\CodeIgniter.php(368): CodeIgniter\CodeIgniter->handleRequest(null, Object(Config\Cache), false)
 5 FCPATH\index.php(67): CodeIgniter\CodeIgniter->run()
CRITICAL - 2023-08-23 19:53:58 --> Undefined property: App\Controllers\DocumentosController::$load
in APPPATH\Controllers\DocumentosController.php on line 14.
 1 APPPATH\Controllers\DocumentosController.php(14): CodeIgniter\Debug\Exceptions->errorHandler(2, 'Undefined property: App\\Controllers\\DocumentosController::$load', 'APPPATH\\Controllers\\DocumentosController.php', 14)
 2 SYSTEMPATH\CodeIgniter.php(934): App\Controllers\DocumentosController->upload()
 3 SYSTEMPATH\CodeIgniter.php(499): CodeIgniter\CodeIgniter->runController(Object(App\Controllers\DocumentosController))
 4 SYSTEMPATH\CodeIgniter.php(368): CodeIgniter\CodeIgniter->handleRequest(null, Object(Config\Cache), false)
 5 FCPATH\index.php(67): CodeIgniter\CodeIgniter->run()
ERROR - 2023-08-23 22:53:40 --> mysqli_sql_exception: Table 'codigos.ci_sessions' doesn't exist in C:\xampp\htdocs\app\system\Database\MySQLi\Connection.php:295
Stack trace:
#0 C:\xampp\htdocs\app\system\Database\MySQLi\Connection.php(295): mysqli->query('SELECT `data`\nF...', 0)
#1 C:\xampp\htdocs\app\system\Database\BaseConnection.php(691): CodeIgniter\Database\MySQLi\Connection->execute('SELECT `data`\nF...')
#2 C:\xampp\htdocs\app\system\Database\BaseConnection.php(605): CodeIgniter\Database\BaseConnection->simpleQuery('SELECT `data`\nF...')
#3 C:\xampp\htdocs\app\system\Database\BaseBuilder.php(1616): CodeIgniter\Database\BaseConnection->query('SELECT `data`\nF...', Array, false)
#4 C:\xampp\htdocs\app\system\Session\Handlers\DatabaseHandler.php(144): CodeIgniter\Database\BaseBuilder->get()
#5 [internal function]: CodeIgniter\Session\Handlers\DatabaseHandler->read('gnk9u49ujlkurmq...')
#6 C:\xampp\htdocs\app\system\Session\Session.php(928): session_start()
#7 C:\xampp\htdocs\app\system\Session\Session.php(250): CodeIgniter\Session\Session->startSession()
#8 C:\xampp\htdocs\app\system\Config\Services.php(674): CodeIgniter\Session\Session->start()
#9 C:\xampp\htdocs\app\system\Config\BaseService.php(252): CodeIgniter\Config\Services::session(Object(Config\App), false)
#10 C:\xampp\htdocs\app\system\Config\BaseService.php(193): CodeIgniter\Config\BaseService::__callStatic('session', Array)
#11 C:\xampp\htdocs\app\system\Config\Services.php(641): CodeIgniter\Config\BaseService::getSharedInstance('session', NULL)
#12 C:\xampp\htdocs\app\system\Config\BaseService.php(252): CodeIgniter\Config\Services::session()
#13 C:\xampp\htdocs\app\system\Common.php(988): CodeIgniter\Config\BaseService::__callStatic('session', Array)
#14 C:\xampp\htdocs\app\app\Views\form.php(12): session('msg')
#15 C:\xampp\htdocs\app\system\View\View.php(213): include('C:\\xampp\\htdocs...')
#16 C:\xampp\htdocs\app\system\View\View.php(216): CodeIgniter\View\View->CodeIgniter\View\{closure}()
#17 C:\xampp\htdocs\app\system\Common.php(1184): CodeIgniter\View\View->render('form', Array, true)
#18 C:\xampp\htdocs\app\app\Controllers\Form.php(9): view('form')
#19 C:\xampp\htdocs\app\system\CodeIgniter.php(934): App\Controllers\Form->index()
#20 C:\xampp\htdocs\app\system\CodeIgniter.php(499): CodeIgniter\CodeIgniter->runController(Object(App\Controllers\Form))
#21 C:\xampp\htdocs\app\system\CodeIgniter.php(368): CodeIgniter\CodeIgniter->handleRequest(NULL, Object(Config\Cache), false)
#22 C:\xampp\htdocs\app\index.php(67): CodeIgniter\CodeIgniter->run()
#23 {main}
CRITICAL - 2023-08-23 22:53:40 --> Table 'codigos.ci_sessions' doesn't exist
in SYSTEMPATH\Database\BaseConnection.php on line 645.
 1 SYSTEMPATH\Database\BaseBuilder.php(1616): CodeIgniter\Database\BaseConnection->query('SELECT `data`
FROM `ci_sessions`
WHERE `id` = :id:', [...], false)
 2 SYSTEMPATH\Session\Handlers\DatabaseHandler.php(144): CodeIgniter\Database\BaseBuilder->get()
 3 [internal function]: CodeIgniter\Session\Handlers\DatabaseHandler->read('gnk9u49ujlkurmq6hn9rnadmcs6ci4rb')
 4 SYSTEMPATH\Session\Session.php(928): session_start()
 5 SYSTEMPATH\Session\Session.php(250): CodeIgniter\Session\Session->startSession()
 6 SYSTEMPATH\Config\Services.php(674): CodeIgniter\Session\Session->start()
 7 SYSTEMPATH\Config\BaseService.php(252): CodeIgniter\Config\Services::session(Object(Config\App), false)
 8 SYSTEMPATH\Config\BaseService.php(193): CodeIgniter\Config\BaseService::__callStatic('session', [...])
 9 SYSTEMPATH\Config\Services.php(641): CodeIgniter\Config\BaseService::getSharedInstance('session', null)
10 SYSTEMPATH\Config\BaseService.php(252): CodeIgniter\Config\Services::session()
11 SYSTEMPATH\Common.php(988): CodeIgniter\Config\BaseService::__callStatic('session', [])
12 APPPATH\Views\form.php(12): session('msg')
13 SYSTEMPATH\View\View.php(213): include('APPPATH\\Views\\form.php')
14 SYSTEMPATH\View\View.php(216): CodeIgniter\View\View->CodeIgniter\View\{closure}()
15 SYSTEMPATH\Common.php(1184): CodeIgniter\View\View->render('form', [], true)
16 APPPATH\Controllers\Form.php(9): view('form')
17 SYSTEMPATH\CodeIgniter.php(934): App\Controllers\Form->index()
18 SYSTEMPATH\CodeIgniter.php(499): CodeIgniter\CodeIgniter->runController(Object(App\Controllers\Form))
19 SYSTEMPATH\CodeIgniter.php(368): CodeIgniter\CodeIgniter->handleRequest(null, Object(Config\Cache), false)
20 FCPATH\index.php(67): CodeIgniter\CodeIgniter->run()
ERROR - 2023-08-23 23:36:37 --> mysqli_sql_exception: Table 'codigos.ci_sessions' doesn't exist in C:\xampp\htdocs\app\system\Database\MySQLi\Connection.php:295
Stack trace:
#0 C:\xampp\htdocs\app\system\Database\MySQLi\Connection.php(295): mysqli->query('SELECT `data`\nF...', 0)
#1 C:\xampp\htdocs\app\system\Database\BaseConnection.php(691): CodeIgniter\Database\MySQLi\Connection->execute('SELECT `data`\nF...')
#2 C:\xampp\htdocs\app\system\Database\BaseConnection.php(605): CodeIgniter\Database\BaseConnection->simpleQuery('SELECT `data`\nF...')
#3 C:\xampp\htdocs\app\system\Database\BaseBuilder.php(1616): CodeIgniter\Database\BaseConnection->query('SELECT `data`\nF...', Array, false)
#4 C:\xampp\htdocs\app\system\Session\Handlers\DatabaseHandler.php(144): CodeIgniter\Database\BaseBuilder->get()
#5 [internal function]: CodeIgniter\Session\Handlers\DatabaseHandler->read('gnk9u49ujlkurmq...')
#6 C:\xampp\htdocs\app\system\Session\Session.php(928): session_start()
#7 C:\xampp\htdocs\app\system\Session\Session.php(250): CodeIgniter\Session\Session->startSession()
#8 C:\xampp\htdocs\app\system\Config\Services.php(674): CodeIgniter\Session\Session->start()
#9 C:\xampp\htdocs\app\system\Config\BaseService.php(252): CodeIgniter\Config\Services::session(Object(Config\App), false)
#10 C:\xampp\htdocs\app\system\Config\BaseService.php(193): CodeIgniter\Config\BaseService::__callStatic('session', Array)
#11 C:\xampp\htdocs\app\system\Config\Services.php(641): CodeIgniter\Config\BaseService::getSharedInstance('session', NULL)
#12 C:\xampp\htdocs\app\system\Config\BaseService.php(252): CodeIgniter\Config\Services::session()
#13 C:\xampp\htdocs\app\system\Common.php(988): CodeIgniter\Config\BaseService::__callStatic('session', Array)
#14 C:\xampp\htdocs\app\app\Views\home.php(16): session('msg')
#15 C:\xampp\htdocs\app\system\View\View.php(213): include('C:\\xampp\\htdocs...')
#16 C:\xampp\htdocs\app\system\View\View.php(216): CodeIgniter\View\View->CodeIgniter\View\{closure}()
#17 C:\xampp\htdocs\app\system\Common.php(1184): CodeIgniter\View\View->render('home', Array, true)
#18 C:\xampp\htdocs\app\app\Controllers\UploadMultipleFiles.php(7): view('home')
#19 C:\xampp\htdocs\app\system\CodeIgniter.php(934): App\Controllers\UploadMultipleFiles->index()
#20 C:\xampp\htdocs\app\system\CodeIgniter.php(499): CodeIgniter\CodeIgniter->runController(Object(App\Controllers\UploadMultipleFiles))
#21 C:\xampp\htdocs\app\system\CodeIgniter.php(368): CodeIgniter\CodeIgniter->handleRequest(NULL, Object(Config\Cache), false)
#22 C:\xampp\htdocs\app\index.php(67): CodeIgniter\CodeIgniter->run()
#23 {main}
CRITICAL - 2023-08-23 23:36:37 --> Table 'codigos.ci_sessions' doesn't exist
in SYSTEMPATH\Database\BaseConnection.php on line 645.
 1 SYSTEMPATH\Database\BaseBuilder.php(1616): CodeIgniter\Database\BaseConnection->query('SELECT `data`
FROM `ci_sessions`
WHERE `id` = :id:', [...], false)
 2 SYSTEMPATH\Session\Handlers\DatabaseHandler.php(144): CodeIgniter\Database\BaseBuilder->get()
 3 [internal function]: CodeIgniter\Session\Handlers\DatabaseHandler->read('gnk9u49ujlkurmq6hn9rnadmcs6ci4rb')
 4 SYSTEMPATH\Session\Session.php(928): session_start()
 5 SYSTEMPATH\Session\Session.php(250): CodeIgniter\Session\Session->startSession()
 6 SYSTEMPATH\Config\Services.php(674): CodeIgniter\Session\Session->start()
 7 SYSTEMPATH\Config\BaseService.php(252): CodeIgniter\Config\Services::session(Object(Config\App), false)
 8 SYSTEMPATH\Config\BaseService.php(193): CodeIgniter\Config\BaseService::__callStatic('session', [...])
 9 SYSTEMPATH\Config\Services.php(641): CodeIgniter\Config\BaseService::getSharedInstance('session', null)
10 SYSTEMPATH\Config\BaseService.php(252): CodeIgniter\Config\Services::session()
11 SYSTEMPATH\Common.php(988): CodeIgniter\Config\BaseService::__callStatic('session', [])
12 APPPATH\Views\home.php(16): session('msg')
13 SYSTEMPATH\View\View.php(213): include('APPPATH\\Views\\home.php')
14 SYSTEMPATH\View\View.php(216): CodeIgniter\View\View->CodeIgniter\View\{closure}()
15 SYSTEMPATH\Common.php(1184): CodeIgniter\View\View->render('home', [], true)
16 APPPATH\Controllers\UploadMultipleFiles.php(7): view('home')
17 SYSTEMPATH\CodeIgniter.php(934): App\Controllers\UploadMultipleFiles->index()
18 SYSTEMPATH\CodeIgniter.php(499): CodeIgniter\CodeIgniter->runController(Object(App\Controllers\UploadMultipleFiles))
19 SYSTEMPATH\CodeIgniter.php(368): CodeIgniter\CodeIgniter->handleRequest(null, Object(Config\Cache), false)
20 FCPATH\index.php(67): CodeIgniter\CodeIgniter->run()
ERROR - 2023-08-23 23:36:46 --> mysqli_sql_exception: Table 'codigos.ci_sessions' doesn't exist in C:\xampp\htdocs\app\system\Database\MySQLi\Connection.php:295
Stack trace:
#0 C:\xampp\htdocs\app\system\Database\MySQLi\Connection.php(295): mysqli->query('SELECT `data`\nF...', 0)
#1 C:\xampp\htdocs\app\system\Database\BaseConnection.php(691): CodeIgniter\Database\MySQLi\Connection->execute('SELECT `data`\nF...')
#2 C:\xampp\htdocs\app\system\Database\BaseConnection.php(605): CodeIgniter\Database\BaseConnection->simpleQuery('SELECT `data`\nF...')
#3 C:\xampp\htdocs\app\system\Database\BaseBuilder.php(1616): CodeIgniter\Database\BaseConnection->query('SELECT `data`\nF...', Array, false)
#4 C:\xampp\htdocs\app\system\Session\Handlers\DatabaseHandler.php(144): CodeIgniter\Database\BaseBuilder->get()
#5 [internal function]: CodeIgniter\Session\Handlers\DatabaseHandler->read('gnk9u49ujlkurmq...')
#6 C:\xampp\htdocs\app\system\Session\Session.php(928): session_start()
#7 C:\xampp\htdocs\app\system\Session\Session.php(250): CodeIgniter\Session\Session->startSession()
#8 C:\xampp\htdocs\app\system\Config\Services.php(674): CodeIgniter\Session\Session->start()
#9 C:\xampp\htdocs\app\system\Config\BaseService.php(252): CodeIgniter\Config\Services::session(Object(Config\App), false)
#10 C:\xampp\htdocs\app\system\Config\BaseService.php(193): CodeIgniter\Config\BaseService::__callStatic('session', Array)
#11 C:\xampp\htdocs\app\system\Config\Services.php(641): CodeIgniter\Config\BaseService::getSharedInstance('session', NULL)
#12 C:\xampp\htdocs\app\system\Config\BaseService.php(252): CodeIgniter\Config\Services::session()
#13 C:\xampp\htdocs\app\system\Common.php(988): CodeIgniter\Config\BaseService::__callStatic('session', Array)
#14 C:\xampp\htdocs\app\app\Views\home.php(16): session('msg')
#15 C:\xampp\htdocs\app\system\View\View.php(213): include('C:\\xampp\\htdocs...')
#16 C:\xampp\htdocs\app\system\View\View.php(216): CodeIgniter\View\View->CodeIgniter\View\{closure}()
#17 C:\xampp\htdocs\app\system\Common.php(1184): CodeIgniter\View\View->render('home', Array, true)
#18 C:\xampp\htdocs\app\app\Controllers\UploadMultipleFiles.php(7): view('home')
#19 C:\xampp\htdocs\app\system\CodeIgniter.php(934): App\Controllers\UploadMultipleFiles->index()
#20 C:\xampp\htdocs\app\system\CodeIgniter.php(499): CodeIgniter\CodeIgniter->runController(Object(App\Controllers\UploadMultipleFiles))
#21 C:\xampp\htdocs\app\system\CodeIgniter.php(368): CodeIgniter\CodeIgniter->handleRequest(NULL, Object(Config\Cache), false)
#22 C:\xampp\htdocs\app\index.php(67): CodeIgniter\CodeIgniter->run()
#23 {main}
CRITICAL - 2023-08-23 23:36:46 --> Table 'codigos.ci_sessions' doesn't exist
in SYSTEMPATH\Database\BaseConnection.php on line 645.
 1 SYSTEMPATH\Database\BaseBuilder.php(1616): CodeIgniter\Database\BaseConnection->query('SELECT `data`
FROM `ci_sessions`
WHERE `id` = :id:', [...], false)
 2 SYSTEMPATH\Session\Handlers\DatabaseHandler.php(144): CodeIgniter\Database\BaseBuilder->get()
 3 [internal function]: CodeIgniter\Session\Handlers\DatabaseHandler->read('gnk9u49ujlkurmq6hn9rnadmcs6ci4rb')
 4 SYSTEMPATH\Session\Session.php(928): session_start()
 5 SYSTEMPATH\Session\Session.php(250): CodeIgniter\Session\Session->startSession()
 6 SYSTEMPATH\Config\Services.php(674): CodeIgniter\Session\Session->start()
 7 SYSTEMPATH\Config\BaseService.php(252): CodeIgniter\Config\Services::session(Object(Config\App), false)
 8 SYSTEMPATH\Config\BaseService.php(193): CodeIgniter\Config\BaseService::__callStatic('session', [...])
 9 SYSTEMPATH\Config\Services.php(641): CodeIgniter\Config\BaseService::getSharedInstance('session', null)
10 SYSTEMPATH\Config\BaseService.php(252): CodeIgniter\Config\Services::session()
11 SYSTEMPATH\Common.php(988): CodeIgniter\Config\BaseService::__callStatic('session', [])
12 APPPATH\Views\home.php(16): session('msg')
13 SYSTEMPATH\View\View.php(213): include('APPPATH\\Views\\home.php')
14 SYSTEMPATH\View\View.php(216): CodeIgniter\View\View->CodeIgniter\View\{closure}()
15 SYSTEMPATH\Common.php(1184): CodeIgniter\View\View->render('home', [], true)
16 APPPATH\Controllers\UploadMultipleFiles.php(7): view('home')
17 SYSTEMPATH\CodeIgniter.php(934): App\Controllers\UploadMultipleFiles->index()
18 SYSTEMPATH\CodeIgniter.php(499): CodeIgniter\CodeIgniter->runController(Object(App\Controllers\UploadMultipleFiles))
19 SYSTEMPATH\CodeIgniter.php(368): CodeIgniter\CodeIgniter->handleRequest(null, Object(Config\Cache), false)
20 FCPATH\index.php(67): CodeIgniter\CodeIgniter->run()
