ERROR - 2023-06-06 00:05:23 --> mysqli_sql_exception: Unknown column 'ejercicio' in 'field list' in /home/caminos/public_html/admin2/system/Database/MySQLi/Connection.php:295
Stack trace:
#0 /home/caminos/public_html/admin2/system/Database/MySQLi/Connection.php(295): mysqli->query('INSERT INTO `ba...', 0)
#1 /home/caminos/public_html/admin2/system/Database/BaseConnection.php(691): CodeIgniter\Database\MySQLi\Connection->execute('INSERT INTO `ba...')
#2 /home/caminos/public_html/admin2/system/Database/BaseConnection.php(605): CodeIgniter\Database\BaseConnection->simpleQuery('INSERT INTO `ba...')
#3 /home/caminos/public_html/admin2/system/Database/BaseBuilder.php(1801): CodeIgniter\Database\BaseConnection->query('INSERT INTO `ba...', NULL, false)
#4 /home/caminos/public_html/admin2/system/Database/BaseBuilder.php(2192): CodeIgniter\Database\BaseBuilder->batchExecute('_insertBatch', 100)
#5 /home/caminos/public_html/admin2/app/Models/UniversoModel.php(18): CodeIgniter\Database\BaseBuilder->insertBatch(Array)
#6 /home/caminos/public_html/admin2/app/Controllers/Universo.php(264): App\Models\UniversoModel->addBanco(Array)
#7 /home/caminos/public_html/admin2/system/CodeIgniter.php(934): App\Controllers\Universo->addBanco()
#8 /home/caminos/public_html/admin2/system/CodeIgniter.php(499): CodeIgniter\CodeIgniter->runController(Object(App\Controllers\Universo))
#9 /home/caminos/public_html/admin2/system/CodeIgniter.php(368): CodeIgniter\CodeIgniter->handleRequest(NULL, Object(Config\Cache), false)
#10 /home/caminos/public_html/admin2/index.php(67): CodeIgniter\CodeIgniter->run()
#11 {main}
CRITICAL - 2023-06-06 00:05:23 --> Unknown column 'ejercicio' in 'field list'
in SYSTEMPATH/Database/BaseConnection.php on line 645.
 1 SYSTEMPATH/Database/BaseBuilder.php(1801): CodeIgniter\Database\BaseConnection->query('INSERT INTO `banco` (`ejercicio`, `fecha_ingreso`, `inv_estatal`, `inv_federal`, `inv_municipal`, `municipio`, `nombre`, `pip`, `ue`, `vertiente_aux`)
VALUES (2022,44834,2907290.63,0,0,20023,\'CONSTRUCCIÓN DE ALUMBRADO PUBLICO SUSTENTABLE EN LAS CALLES 5 DE MAYO Y GUERRERO EN LA LOCALIDAD DE CUILAPAM DE GUERRERO, MUNICIPIO DE CUILAPAM DE GUERRERO\',\'1060011931400122\',\'106001 - OFICINA DEL SECRETARIO DE LAS INFRAESTRUCTURAS Y EL ORDENAMIENTO TERRITORIAL SUSTENTABLE\',\'URB - URBANIZACION\')', null, false)
 2 SYSTEMPATH/Database/BaseBuilder.php(2192): CodeIgniter\Database\BaseBuilder->batchExecute('_insertBatch', 100)
 3 APPPATH/Models/UniversoModel.php(18): CodeIgniter\Database\BaseBuilder->insertBatch([...])
 4 APPPATH/Controllers/Universo.php(264): App\Models\UniversoModel->addBanco([...])
 5 SYSTEMPATH/CodeIgniter.php(934): App\Controllers\Universo->addBanco()
 6 SYSTEMPATH/CodeIgniter.php(499): CodeIgniter\CodeIgniter->runController(Object(App\Controllers\Universo))
 7 SYSTEMPATH/CodeIgniter.php(368): CodeIgniter\CodeIgniter->handleRequest(null, Object(Config\Cache), false)
 8 FCPATH/index.php(67): CodeIgniter\CodeIgniter->run()
CRITICAL - 2023-06-06 15:50:32 --> Invalid file: "banco/banco_list.php"
in SYSTEMPATH/Exceptions/FrameworkException.php on line 33.
 1 SYSTEMPATH/View/View.php(201): CodeIgniter\Exceptions\FrameworkException::forInvalidFile('banco/banco_list.php')
 2 SYSTEMPATH/Common.php(1184): CodeIgniter\View\View->render('banco/banco_list', [], true)
 3 APPPATH/Controllers/Banco.php(23): view('banco/banco_list')
 4 SYSTEMPATH/CodeIgniter.php(934): App\Controllers\Banco->list()
 5 SYSTEMPATH/CodeIgniter.php(499): CodeIgniter\CodeIgniter->runController(Object(App\Controllers\Banco))
 6 SYSTEMPATH/CodeIgniter.php(368): CodeIgniter\CodeIgniter->handleRequest(null, Object(Config\Cache), false)
 7 FCPATH/index.php(67): CodeIgniter\CodeIgniter->run()
ERROR - 2023-06-06 17:00:51 --> mysqli_sql_exception: Unknown column 'nombre' in 'field list' in /home/caminos/public_html/admin2/system/Database/MySQLi/Connection.php:295
Stack trace:
#0 /home/caminos/public_html/admin2/system/Database/MySQLi/Connection.php(295): mysqli->query('INSERT INTO `ba...', 0)
#1 /home/caminos/public_html/admin2/system/Database/BaseConnection.php(691): CodeIgniter\Database\MySQLi\Connection->execute('INSERT INTO `ba...')
#2 /home/caminos/public_html/admin2/system/Database/BaseConnection.php(605): CodeIgniter\Database\BaseConnection->simpleQuery('INSERT INTO `ba...')
#3 /home/caminos/public_html/admin2/system/Database/BaseBuilder.php(1801): CodeIgniter\Database\BaseConnection->query('INSERT INTO `ba...', NULL, false)
#4 /home/caminos/public_html/admin2/system/Database/BaseBuilder.php(2192): CodeIgniter\Database\BaseBuilder->batchExecute('_insertBatch', 100)
#5 /home/caminos/public_html/admin2/app/Models/UniversoModel.php(18): CodeIgniter\Database\BaseBuilder->insertBatch(Array)
#6 /home/caminos/public_html/admin2/app/Controllers/Universo.php(265): App\Models\UniversoModel->addBanco(Array)
#7 /home/caminos/public_html/admin2/system/CodeIgniter.php(934): App\Controllers\Universo->addBanco()
#8 /home/caminos/public_html/admin2/system/CodeIgniter.php(499): CodeIgniter\CodeIgniter->runController(Object(App\Controllers\Universo))
#9 /home/caminos/public_html/admin2/system/CodeIgniter.php(368): CodeIgniter\CodeIgniter->handleRequest(NULL, Object(Config\Cache), false)
#10 /home/caminos/public_html/admin2/index.php(67): CodeIgniter\CodeIgniter->run()
#11 {main}
CRITICAL - 2023-06-06 17:00:51 --> Unknown column 'nombre' in 'field list'
in SYSTEMPATH/Database/BaseConnection.php on line 645.
 1 SYSTEMPATH/Database/BaseBuilder.php(1801): CodeIgniter\Database\BaseConnection->query('INSERT INTO `banco` (`ejercicio_ingreso`, `fecha_ingreso`, `inv_estatal`, `inv_federal`, `inv_municipal`, `municipio`, `nombre`, `pip`, `status_actividad`, `ue`, `vertiente_aux`)
VALUES (2022,44834,2907290.63,0,0,20023,\'CONSTRUCCIÓN DE ALUMBRADO PUBLICO SUSTENTABLE EN LAS CALLES 5 DE MAYO Y GUERRERO EN LA LOCALIDAD DE CUILAPAM DE GUERRERO, MUNICIPIO DE CUILAPAM DE GUERRERO\',\'1060011931400122\',\'EN BANCO DE PROYECTOS\',\'106001 - OFICINA DEL SECRETARIO DE LAS INFRAESTRUCTURAS Y EL ORDENAMIENTO TERRITORIAL SUSTENTABLE\',\'URB - URBANIZACION\')', null, false)
 2 SYSTEMPATH/Database/BaseBuilder.php(2192): CodeIgniter\Database\BaseBuilder->batchExecute('_insertBatch', 100)
 3 APPPATH/Models/UniversoModel.php(18): CodeIgniter\Database\BaseBuilder->insertBatch([...])
 4 APPPATH/Controllers/Universo.php(265): App\Models\UniversoModel->addBanco([...])
 5 SYSTEMPATH/CodeIgniter.php(934): App\Controllers\Universo->addBanco()
 6 SYSTEMPATH/CodeIgniter.php(499): CodeIgniter\CodeIgniter->runController(Object(App\Controllers\Universo))
 7 SYSTEMPATH/CodeIgniter.php(368): CodeIgniter\CodeIgniter->handleRequest(null, Object(Config\Cache), false)
 8 FCPATH/index.php(67): CodeIgniter\CodeIgniter->run()
