CRITICAL - 2023-06-14 16:30:22 --> Undefined variable $edit
in APPPATH/Views/universo/universo_register.php on line 25.
 1 APPPATH/Views/universo/universo_register.php(25): CodeIgniter\Debug\Exceptions->errorHandler(2, 'Undefined variable $edit', 'APPPATH/Views/universo/universo_register.php', 25)
 2 SYSTEMPATH/View/View.php(213): include('APPPATH/Views/universo/universo_register.php')
 3 SYSTEMPATH/View/View.php(216): CodeIgniter\View\View->CodeIgniter\View\{closure}()
 4 SYSTEMPATH/Common.php(1184): CodeIgniter\View\View->render('universo/universo_register', [], true)
 5 APPPATH/Controllers/Universo.php(349): view('universo/universo_register', [...])
 6 SYSTEMPATH/CodeIgniter.php(934): App\Controllers\Universo->add('1')
 7 SYSTEMPATH/CodeIgniter.php(499): CodeIgniter\CodeIgniter->runController(Object(App\Controllers\Universo))
 8 SYSTEMPATH/CodeIgniter.php(368): CodeIgniter\CodeIgniter->handleRequest(null, Object(Config\Cache), false)
 9 FCPATH/index.php(67): CodeIgniter\CodeIgniter->run()
CRITICAL - 2023-06-14 16:30:36 --> You must set the database table to be used with your query.
in SYSTEMPATH/Database/BaseConnection.php on line 882.
 1 SYSTEMPATH/Model.php(642): CodeIgniter\Database\BaseConnection->table(null)
 2 SYSTEMPATH/Model.php(832): CodeIgniter\Model->builder()
 3 APPPATH/Controllers/Universo.php(303): CodeIgniter\Model->__call('getValidacionUniverso', [...])
 4 SYSTEMPATH/CodeIgniter.php(934): App\Controllers\Universo->add('1')
 5 SYSTEMPATH/CodeIgniter.php(499): CodeIgniter\CodeIgniter->runController(Object(App\Controllers\Universo))
 6 SYSTEMPATH/CodeIgniter.php(368): CodeIgniter\CodeIgniter->handleRequest(null, Object(Config\Cache), false)
 7 FCPATH/index.php(67): CodeIgniter\CodeIgniter->run()
CRITICAL - 2023-06-14 16:31:30 --> Call to a member function getValidacionUniverso() on null
in APPPATH/Controllers/Universo.php on line 304.
 1 SYSTEMPATH/CodeIgniter.php(934): App\Controllers\Universo->add('1')
 2 SYSTEMPATH/CodeIgniter.php(499): CodeIgniter\CodeIgniter->runController(Object(App\Controllers\Universo))
 3 SYSTEMPATH/CodeIgniter.php(368): CodeIgniter\CodeIgniter->handleRequest(null, Object(Config\Cache), false)
 4 FCPATH/index.php(67): CodeIgniter\CodeIgniter->run()
CRITICAL - 2023-06-14 16:31:58 --> Class "App\Models\stdClass" not found
in APPPATH/Models/ValidacionModel.php on line 33.
 1 APPPATH/Controllers/Universo.php(304): App\Models\ValidacionModel->getValidacionUniverso('1')
 2 SYSTEMPATH/CodeIgniter.php(934): App\Controllers\Universo->add('1')
 3 SYSTEMPATH/CodeIgniter.php(499): CodeIgniter\CodeIgniter->runController(Object(App\Controllers\Universo))
 4 SYSTEMPATH/CodeIgniter.php(368): CodeIgniter\CodeIgniter->handleRequest(null, Object(Config\Cache), false)
 5 FCPATH/index.php(67): CodeIgniter\CodeIgniter->run()
CRITICAL - 2023-06-14 16:33:13 --> Class "App\Models\stdClass" not found
in APPPATH/Models/ValidacionModel.php on line 33.
 1 APPPATH/Controllers/Universo.php(304): App\Models\ValidacionModel->getValidacionUniverso('1')
 2 SYSTEMPATH/CodeIgniter.php(934): App\Controllers\Universo->add('1')
 3 SYSTEMPATH/CodeIgniter.php(499): CodeIgniter\CodeIgniter->runController(Object(App\Controllers\Universo))
 4 SYSTEMPATH/CodeIgniter.php(368): CodeIgniter\CodeIgniter->handleRequest(null, Object(Config\Cache), false)
 5 FCPATH/index.php(67): CodeIgniter\CodeIgniter->run()
CRITICAL - 2023-06-14 16:53:19 --> syntax error, unexpected token "="
in APPPATH/Controllers/Universo.php on line 304.
 1 SYSTEMPATH/Autoloader/Autoloader.php(289): CodeIgniter\Autoloader\Autoloader->includeFile('APPPATH/Controllers/Universo.php')
 2 SYSTEMPATH/Autoloader/Autoloader.php(267): CodeIgniter\Autoloader\Autoloader->loadInNamespace('App\\Controllers\\Universo')
 3 [internal function]: CodeIgniter\Autoloader\Autoloader->loadClass('App\\Controllers\\Universo')
 4 SYSTEMPATH/CodeIgniter.php(892): class_exists('\\App\\Controllers\\Universo', true)
 5 SYSTEMPATH/CodeIgniter.php(486): CodeIgniter\CodeIgniter->startController()
 6 SYSTEMPATH/CodeIgniter.php(368): CodeIgniter\CodeIgniter->handleRequest(null, Object(Config\Cache), false)
 7 FCPATH/index.php(67): CodeIgniter\CodeIgniter->run()
CRITICAL - 2023-06-14 17:44:56 --> Namespace declaration statement has to be the very first statement or after any declare call in the script
in APPPATH/Models/ValidacionModel.php on line 4.
 1 [internal function]: CodeIgniter\Debug\Exceptions->shutdownHandler()
ERROR - 2023-06-14 11:45:19 --> mysqli_sql_exception: Unknown column 'id_obra' in 'field list' in /home/caminos/public_html/admin2/system/Database/MySQLi/Connection.php:295
Stack trace:
#0 /home/caminos/public_html/admin2/system/Database/MySQLi/Connection.php(295): mysqli->query('INSERT INTO `un...', 0)
#1 /home/caminos/public_html/admin2/system/Database/BaseConnection.php(691): CodeIgniter\Database\MySQLi\Connection->execute('INSERT INTO `un...')
#2 /home/caminos/public_html/admin2/system/Database/BaseConnection.php(605): CodeIgniter\Database\BaseConnection->simpleQuery('INSERT INTO `un...')
#3 /home/caminos/public_html/admin2/system/Database/BaseBuilder.php(2309): CodeIgniter\Database\BaseConnection->query('INSERT INTO `un...', Array, false)
#4 /home/caminos/public_html/admin2/app/Models/ValidacionModel.php(49): CodeIgniter\Database\BaseBuilder->insert(Array)
#5 /home/caminos/public_html/admin2/app/Models/UniversoModel.php(188): App\Models\ValidacionModel->setValidacion('universo', '1', 'enviado', '1')
#6 /home/caminos/public_html/admin2/app/Controllers/Universo.php(411): App\Models\UniversoModel->modify(Array, '1')
#7 /home/caminos/public_html/admin2/system/CodeIgniter.php(934): App\Controllers\Universo->register()
#8 /home/caminos/public_html/admin2/system/CodeIgniter.php(499): CodeIgniter\CodeIgniter->runController(Object(App\Controllers\Universo))
#9 /home/caminos/public_html/admin2/system/CodeIgniter.php(368): CodeIgniter\CodeIgniter->handleRequest(NULL, Object(Config\Cache), false)
#10 /home/caminos/public_html/admin2/index.php(67): CodeIgniter\CodeIgniter->run()
#11 {main}
ERROR - 2023-06-14 11:45:28 --> mysqli_sql_exception: Unknown column 'id_obra' in 'field list' in /home/caminos/public_html/admin2/system/Database/MySQLi/Connection.php:295
Stack trace:
#0 /home/caminos/public_html/admin2/system/Database/MySQLi/Connection.php(295): mysqli->query('INSERT INTO `un...', 0)
#1 /home/caminos/public_html/admin2/system/Database/BaseConnection.php(691): CodeIgniter\Database\MySQLi\Connection->execute('INSERT INTO `un...')
#2 /home/caminos/public_html/admin2/system/Database/BaseConnection.php(605): CodeIgniter\Database\BaseConnection->simpleQuery('INSERT INTO `un...')
#3 /home/caminos/public_html/admin2/system/Database/BaseBuilder.php(2309): CodeIgniter\Database\BaseConnection->query('INSERT INTO `un...', Array, false)
#4 /home/caminos/public_html/admin2/app/Models/ValidacionModel.php(49): CodeIgniter\Database\BaseBuilder->insert(Array)
#5 /home/caminos/public_html/admin2/app/Models/UniversoModel.php(188): App\Models\ValidacionModel->setValidacion('universo', '1', 'enviado', '1')
#6 /home/caminos/public_html/admin2/app/Controllers/Universo.php(411): App\Models\UniversoModel->modify(Array, '1')
#7 /home/caminos/public_html/admin2/system/CodeIgniter.php(934): App\Controllers\Universo->register()
#8 /home/caminos/public_html/admin2/system/CodeIgniter.php(499): CodeIgniter\CodeIgniter->runController(Object(App\Controllers\Universo))
#9 /home/caminos/public_html/admin2/system/CodeIgniter.php(368): CodeIgniter\CodeIgniter->handleRequest(NULL, Object(Config\Cache), false)
#10 /home/caminos/public_html/admin2/index.php(67): CodeIgniter\CodeIgniter->run()
#11 {main}
CRITICAL - 2023-06-14 12:07:22 --> Undefined variable $obra_id
in APPPATH/Views/universo/universo_register.php on line 296.
 1 APPPATH/Views/universo/universo_register.php(296): CodeIgniter\Debug\Exceptions->errorHandler(2, 'Undefined variable $obra_id', 'APPPATH/Views/universo/universo_register.php', 296)
 2 SYSTEMPATH/View/View.php(213): include('APPPATH/Views/universo/universo_register.php')
 3 SYSTEMPATH/View/View.php(216): CodeIgniter\View\View->CodeIgniter\View\{closure}()
 4 SYSTEMPATH/Common.php(1184): CodeIgniter\View\View->render('universo/universo_register', [], true)
 5 APPPATH/Controllers/Universo.php(309): view('universo/universo_register', [...])
 6 SYSTEMPATH/CodeIgniter.php(934): App\Controllers\Universo->add('1')
 7 SYSTEMPATH/CodeIgniter.php(499): CodeIgniter\CodeIgniter->runController(Object(App\Controllers\Universo))
 8 SYSTEMPATH/CodeIgniter.php(368): CodeIgniter\CodeIgniter->handleRequest(null, Object(Config\Cache), false)
 9 FCPATH/index.php(67): CodeIgniter\CodeIgniter->run()
CRITICAL - 2023-06-14 13:05:02 --> Invalid file: "gerencia/gerencia_revisiones.php"
in SYSTEMPATH/Exceptions/FrameworkException.php on line 33.
 1 SYSTEMPATH/View/View.php(201): CodeIgniter\Exceptions\FrameworkException::forInvalidFile('gerencia/gerencia_revisiones.php')
 2 SYSTEMPATH/Common.php(1184): CodeIgniter\View\View->render('gerencia/gerencia_revisiones', [], true)
 3 APPPATH/Controllers/Gerencia.php(27): view('gerencia/gerencia_revisiones', [...])
 4 SYSTEMPATH/CodeIgniter.php(934): App\Controllers\Gerencia->revisiones()
 5 SYSTEMPATH/CodeIgniter.php(499): CodeIgniter\CodeIgniter->runController(Object(App\Controllers\Gerencia))
 6 SYSTEMPATH/CodeIgniter.php(368): CodeIgniter\CodeIgniter->handleRequest(null, Object(Config\Cache), false)
 7 FCPATH/index.php(67): CodeIgniter\CodeIgniter->run()
CRITICAL - 2023-06-14 13:12:29 --> Undefined property: stdClass::$obra_id
in APPPATH/Views/gerencia/gerencia_revisiones.php on line 25.
 1 APPPATH/Views/gerencia/gerencia_revisiones.php(25): CodeIgniter\Debug\Exceptions->errorHandler(2, 'Undefined property: stdClass::$obra_id', 'APPPATH/Views/gerencia/gerencia_revisiones.php', 25)
 2 SYSTEMPATH/View/View.php(213): include('APPPATH/Views/gerencia/gerencia_revisiones.php')
 3 SYSTEMPATH/View/View.php(216): CodeIgniter\View\View->CodeIgniter\View\{closure}()
 4 SYSTEMPATH/Common.php(1184): CodeIgniter\View\View->render('gerencia/gerencia_revisiones', [], true)
 5 APPPATH/Controllers/Gerencia.php(27): view('gerencia/gerencia_revisiones', [...])
 6 SYSTEMPATH/CodeIgniter.php(934): App\Controllers\Gerencia->revisiones()
 7 SYSTEMPATH/CodeIgniter.php(499): CodeIgniter\CodeIgniter->runController(Object(App\Controllers\Gerencia))
 8 SYSTEMPATH/CodeIgniter.php(368): CodeIgniter\CodeIgniter->handleRequest(null, Object(Config\Cache), false)
 9 FCPATH/index.php(67): CodeIgniter\CodeIgniter->run()
CRITICAL - 2023-06-14 13:42:23 --> Undefined variable $id
in APPPATH/Models/ValidacionModel.php on line 47.
 1 APPPATH/Models/ValidacionModel.php(47): CodeIgniter\Debug\Exceptions->errorHandler(2, 'Undefined variable $id', 'APPPATH/Models/ValidacionModel.php', 47)
 2 APPPATH/Controllers/Licitacion.php(33): App\Models\ValidacionModel->getValidacionLicitacion('1')
 3 SYSTEMPATH/CodeIgniter.php(934): App\Controllers\Licitacion->item('1')
 4 SYSTEMPATH/CodeIgniter.php(499): CodeIgniter\CodeIgniter->runController(Object(App\Controllers\Licitacion))
 5 SYSTEMPATH/CodeIgniter.php(368): CodeIgniter\CodeIgniter->handleRequest(null, Object(Config\Cache), false)
 6 FCPATH/index.php(67): CodeIgniter\CodeIgniter->run()
ERROR - 2023-06-14 20:07:48 --> mysqli_sql_exception: Unknown column 'status_validacion' in 'field list' in /home/caminos/public_html/admin2/system/Database/MySQLi/Connection.php:295
Stack trace:
#0 /home/caminos/public_html/admin2/system/Database/MySQLi/Connection.php(295): mysqli->query('UPDATE `obras` ...', 0)
#1 /home/caminos/public_html/admin2/system/Database/BaseConnection.php(691): CodeIgniter\Database\MySQLi\Connection->execute('UPDATE `obras` ...')
#2 /home/caminos/public_html/admin2/system/Database/BaseConnection.php(605): CodeIgniter\Database\BaseConnection->simpleQuery('UPDATE `obras` ...')
#3 /home/caminos/public_html/admin2/system/Database/BaseBuilder.php(2476): CodeIgniter\Database\BaseConnection->query('UPDATE `obras` ...', Array, false)
#4 /home/caminos/public_html/admin2/app/Models/ObraModel.php(60): CodeIgniter\Database\BaseBuilder->update(Array)
#5 /home/caminos/public_html/admin2/app/Controllers/Obra.php(72): App\Models\ObraModel->modify('1', Array, Array)
#6 /home/caminos/public_html/admin2/system/CodeIgniter.php(934): App\Controllers\Obra->register()
#7 /home/caminos/public_html/admin2/system/CodeIgniter.php(499): CodeIgniter\CodeIgniter->runController(Object(App\Controllers\Obra))
#8 /home/caminos/public_html/admin2/system/CodeIgniter.php(368): CodeIgniter\CodeIgniter->handleRequest(NULL, Object(Config\Cache), false)
#9 /home/caminos/public_html/admin2/index.php(67): CodeIgniter\CodeIgniter->run()
#10 {main}
ERROR - 2023-06-14 20:08:04 --> mysqli_sql_exception: Unknown column 'status_validacion' in 'field list' in /home/caminos/public_html/admin2/system/Database/MySQLi/Connection.php:295
Stack trace:
#0 /home/caminos/public_html/admin2/system/Database/MySQLi/Connection.php(295): mysqli->query('UPDATE `obras` ...', 0)
#1 /home/caminos/public_html/admin2/system/Database/BaseConnection.php(691): CodeIgniter\Database\MySQLi\Connection->execute('UPDATE `obras` ...')
#2 /home/caminos/public_html/admin2/system/Database/BaseConnection.php(605): CodeIgniter\Database\BaseConnection->simpleQuery('UPDATE `obras` ...')
#3 /home/caminos/public_html/admin2/system/Database/BaseBuilder.php(2476): CodeIgniter\Database\BaseConnection->query('UPDATE `obras` ...', Array, false)
#4 /home/caminos/public_html/admin2/app/Models/ObraModel.php(60): CodeIgniter\Database\BaseBuilder->update(Array)
#5 /home/caminos/public_html/admin2/app/Controllers/Obra.php(72): App\Models\ObraModel->modify('1', Array, Array)
#6 /home/caminos/public_html/admin2/system/CodeIgniter.php(934): App\Controllers\Obra->register()
#7 /home/caminos/public_html/admin2/system/CodeIgniter.php(499): CodeIgniter\CodeIgniter->runController(Object(App\Controllers\Obra))
#8 /home/caminos/public_html/admin2/system/CodeIgniter.php(368): CodeIgniter\CodeIgniter->handleRequest(NULL, Object(Config\Cache), false)
#9 /home/caminos/public_html/admin2/index.php(67): CodeIgniter\CodeIgniter->run()
#10 {main}
ERROR - 2023-06-14 20:10:18 --> mysqli_sql_exception: Unknown column 'status_validacion' in 'field list' in /home/caminos/public_html/admin2/system/Database/MySQLi/Connection.php:295
Stack trace:
#0 /home/caminos/public_html/admin2/system/Database/MySQLi/Connection.php(295): mysqli->query('UPDATE `obras` ...', 0)
#1 /home/caminos/public_html/admin2/system/Database/BaseConnection.php(691): CodeIgniter\Database\MySQLi\Connection->execute('UPDATE `obras` ...')
#2 /home/caminos/public_html/admin2/system/Database/BaseConnection.php(605): CodeIgniter\Database\BaseConnection->simpleQuery('UPDATE `obras` ...')
#3 /home/caminos/public_html/admin2/system/Database/BaseBuilder.php(2476): CodeIgniter\Database\BaseConnection->query('UPDATE `obras` ...', Array, false)
#4 /home/caminos/public_html/admin2/app/Models/ObraModel.php(60): CodeIgniter\Database\BaseBuilder->update(Array)
#5 /home/caminos/public_html/admin2/app/Controllers/Obra.php(72): App\Models\ObraModel->modify('1', Array, Array)
#6 /home/caminos/public_html/admin2/system/CodeIgniter.php(934): App\Controllers\Obra->register()
#7 /home/caminos/public_html/admin2/system/CodeIgniter.php(499): CodeIgniter\CodeIgniter->runController(Object(App\Controllers\Obra))
#8 /home/caminos/public_html/admin2/system/CodeIgniter.php(368): CodeIgniter\CodeIgniter->handleRequest(NULL, Object(Config\Cache), false)
#9 /home/caminos/public_html/admin2/index.php(67): CodeIgniter\CodeIgniter->run()
#10 {main}
ERROR - 2023-06-14 20:13:04 --> mysqli_sql_exception: Unknown column 'status_validacion' in 'field list' in /home/caminos/public_html/admin2/system/Database/MySQLi/Connection.php:295
Stack trace:
#0 /home/caminos/public_html/admin2/system/Database/MySQLi/Connection.php(295): mysqli->query('UPDATE `obras` ...', 0)
#1 /home/caminos/public_html/admin2/system/Database/BaseConnection.php(691): CodeIgniter\Database\MySQLi\Connection->execute('UPDATE `obras` ...')
#2 /home/caminos/public_html/admin2/system/Database/BaseConnection.php(605): CodeIgniter\Database\BaseConnection->simpleQuery('UPDATE `obras` ...')
#3 /home/caminos/public_html/admin2/system/Database/BaseBuilder.php(2476): CodeIgniter\Database\BaseConnection->query('UPDATE `obras` ...', Array, false)
#4 /home/caminos/public_html/admin2/app/Models/ObraModel.php(60): CodeIgniter\Database\BaseBuilder->update(Array)
#5 /home/caminos/public_html/admin2/app/Controllers/Obra.php(72): App\Models\ObraModel->modify('1', Array, Array)
#6 /home/caminos/public_html/admin2/system/CodeIgniter.php(934): App\Controllers\Obra->register()
#7 /home/caminos/public_html/admin2/system/CodeIgniter.php(499): CodeIgniter\CodeIgniter->runController(Object(App\Controllers\Obra))
#8 /home/caminos/public_html/admin2/system/CodeIgniter.php(368): CodeIgniter\CodeIgniter->handleRequest(NULL, Object(Config\Cache), false)
#9 /home/caminos/public_html/admin2/index.php(67): CodeIgniter\CodeIgniter->run()
#10 {main}
CRITICAL - 2023-06-14 14:20:42 --> Undefined variable $universo_id
in APPPATH/Views/partida/partida_list.php on line 21.
 1 APPPATH/Views/partida/partida_list.php(21): CodeIgniter\Debug\Exceptions->errorHandler(2, 'Undefined variable $universo_id', 'APPPATH/Views/partida/partida_list.php', 21)
 2 SYSTEMPATH/View/View.php(213): include('APPPATH/Views/partida/partida_list.php')
 3 SYSTEMPATH/View/View.php(216): CodeIgniter\View\View->CodeIgniter\View\{closure}()
 4 SYSTEMPATH/Common.php(1184): CodeIgniter\View\View->render('partida/partida_list', [], true)
 5 APPPATH/Controllers/Partida.php(36): view('partida/partida_list', [...])
 6 SYSTEMPATH/CodeIgniter.php(934): App\Controllers\Partida->list('1')
 7 SYSTEMPATH/CodeIgniter.php(499): CodeIgniter\CodeIgniter->runController(Object(App\Controllers\Partida))
 8 SYSTEMPATH/CodeIgniter.php(368): CodeIgniter\CodeIgniter->handleRequest(null, Object(Config\Cache), false)
 9 FCPATH/index.php(67): CodeIgniter\CodeIgniter->run()
ERROR - 2023-06-14 14:58:26 --> mysqli_sql_exception: You have an error in your SQL syntax; check the manual that corresponds to your MySQL server version for the right syntax to use near 'and modulo = 'partidas' and modulo_id=1' at line 1 in /home/caminos/public_html/admin2/system/Database/MySQLi/Connection.php:295
Stack trace:
#0 /home/caminos/public_html/admin2/system/Database/MySQLi/Connection.php(295): mysqli->query('SELECT * FROM `...', 0)
#1 /home/caminos/public_html/admin2/system/Database/BaseConnection.php(691): CodeIgniter\Database\MySQLi\Connection->execute('SELECT * FROM `...')
#2 /home/caminos/public_html/admin2/system/Database/BaseConnection.php(605): CodeIgniter\Database\BaseConnection->simpleQuery('SELECT * FROM `...')
#3 /home/caminos/public_html/admin2/app/Models/ValidacionModel.php(95): CodeIgniter\Database\BaseConnection->query('SELECT * FROM `...')
#4 /home/caminos/public_html/admin2/app/Models/ValidacionModel.php(91): App\Models\ValidacionModel->setValidacion('partidas', NULL, 'enviado', '1')
#5 /home/caminos/public_html/admin2/app/Controllers/Gerencia.php(57): App\Models\ValidacionModel->addRevision(NULL, 'partidas', '1', '1')
#6 /home/caminos/public_html/admin2/system/CodeIgniter.php(934): App\Controllers\Gerencia->addRevision()
#7 /home/caminos/public_html/admin2/system/CodeIgniter.php(499): CodeIgniter\CodeIgniter->runController(Object(App\Controllers\Gerencia))
#8 /home/caminos/public_html/admin2/system/CodeIgniter.php(368): CodeIgniter\CodeIgniter->handleRequest(NULL, Object(Config\Cache), false)
#9 /home/caminos/public_html/admin2/index.php(67): CodeIgniter\CodeIgniter->run()
#10 {main}
CRITICAL - 2023-06-14 14:58:26 --> You have an error in your SQL syntax; check the manual that corresponds to your MySQL server version for the right syntax to use near 'and modulo = 'partidas' and modulo_id=1' at line 1
in SYSTEMPATH/Database/BaseConnection.php on line 645.
 1 APPPATH/Models/ValidacionModel.php(95): CodeIgniter\Database\BaseConnection->query('SELECT * FROM `validacion_inspeccion` WHERE id_obra =  and modulo = \'partidas\' and modulo_id=1 ')
 2 APPPATH/Models/ValidacionModel.php(91): App\Models\ValidacionModel->setValidacion('partidas', null, 'enviado', '1')
 3 APPPATH/Controllers/Gerencia.php(57): App\Models\ValidacionModel->addRevision(null, 'partidas', '1', '1')
 4 SYSTEMPATH/CodeIgniter.php(934): App\Controllers\Gerencia->addRevision()
 5 SYSTEMPATH/CodeIgniter.php(499): CodeIgniter\CodeIgniter->runController(Object(App\Controllers\Gerencia))
 6 SYSTEMPATH/CodeIgniter.php(368): CodeIgniter\CodeIgniter->handleRequest(null, Object(Config\Cache), false)
 7 FCPATH/index.php(67): CodeIgniter\CodeIgniter->run()
ERROR - 2023-06-14 16:23:29 --> mysqli_sql_exception: You have an error in your SQL syntax; check the manual that corresponds to your MySQL server version for the right syntax to use near 'and modulo = 'partidas' and modulo_id=1' at line 1 in /home/caminos/public_html/admin2/system/Database/MySQLi/Connection.php:295
Stack trace:
#0 /home/caminos/public_html/admin2/system/Database/MySQLi/Connection.php(295): mysqli->query('SELECT * FROM `...', 0)
#1 /home/caminos/public_html/admin2/system/Database/BaseConnection.php(691): CodeIgniter\Database\MySQLi\Connection->execute('SELECT * FROM `...')
#2 /home/caminos/public_html/admin2/system/Database/BaseConnection.php(605): CodeIgniter\Database\BaseConnection->simpleQuery('SELECT * FROM `...')
#3 /home/caminos/public_html/admin2/app/Models/ValidacionModel.php(95): CodeIgniter\Database\BaseConnection->query('SELECT * FROM `...')
#4 /home/caminos/public_html/admin2/app/Models/ValidacionModel.php(91): App\Models\ValidacionModel->setValidacion('partidas', NULL, 'enviado', '1')
#5 /home/caminos/public_html/admin2/app/Controllers/Gerencia.php(56): App\Models\ValidacionModel->addRevision(NULL, 'partidas', '1', '1')
#6 /home/caminos/public_html/admin2/system/CodeIgniter.php(934): App\Controllers\Gerencia->addRevision()
#7 /home/caminos/public_html/admin2/system/CodeIgniter.php(499): CodeIgniter\CodeIgniter->runController(Object(App\Controllers\Gerencia))
#8 /home/caminos/public_html/admin2/system/CodeIgniter.php(368): CodeIgniter\CodeIgniter->handleRequest(NULL, Object(Config\Cache), false)
#9 /home/caminos/public_html/admin2/index.php(67): CodeIgniter\CodeIgniter->run()
#10 {main}
CRITICAL - 2023-06-14 16:23:29 --> You have an error in your SQL syntax; check the manual that corresponds to your MySQL server version for the right syntax to use near 'and modulo = 'partidas' and modulo_id=1' at line 1
in SYSTEMPATH/Database/BaseConnection.php on line 645.
 1 APPPATH/Models/ValidacionModel.php(95): CodeIgniter\Database\BaseConnection->query('SELECT * FROM `validacion_inspeccion` WHERE id_obra =  and modulo = \'partidas\' and modulo_id=1 ')
 2 APPPATH/Models/ValidacionModel.php(91): App\Models\ValidacionModel->setValidacion('partidas', null, 'enviado', '1')
 3 APPPATH/Controllers/Gerencia.php(56): App\Models\ValidacionModel->addRevision(null, 'partidas', '1', '1')
 4 SYSTEMPATH/CodeIgniter.php(934): App\Controllers\Gerencia->addRevision()
 5 SYSTEMPATH/CodeIgniter.php(499): CodeIgniter\CodeIgniter->runController(Object(App\Controllers\Gerencia))
 6 SYSTEMPATH/CodeIgniter.php(368): CodeIgniter\CodeIgniter->handleRequest(null, Object(Config\Cache), false)
 7 FCPATH/index.php(67): CodeIgniter\CodeIgniter->run()
CRITICAL - 2023-06-14 23:06:44 --> Division by zero
in APPPATH/Models/CapturaModel.php on line 26.
 1 APPPATH/Controllers/Captura.php(24): App\Models\CapturaModel->getAll(2023)
 2 SYSTEMPATH/CodeIgniter.php(934): App\Controllers\Captura->index()
 3 SYSTEMPATH/CodeIgniter.php(499): CodeIgniter\CodeIgniter->runController(Object(App\Controllers\Captura))
 4 SYSTEMPATH/CodeIgniter.php(368): CodeIgniter\CodeIgniter->handleRequest(null, Object(Config\Cache), false)
 5 FCPATH/index.php(67): CodeIgniter\CodeIgniter->run()
