CRITICAL - 2023-07-13 20:14:30 --> Division by zero
in APPPATH/Models/UniversoModel.php on line 723.
 1 APPPATH/Controllers/Universo.php(501): App\Models\UniversoModel->getGraficaPortafolio(2023, [...], [...])
 2 SYSTEMPATH/CodeIgniter.php(934): App\Controllers\Universo->graficaPortafolio()
 3 SYSTEMPATH/CodeIgniter.php(499): CodeIgniter\CodeIgniter->runController(Object(App\Controllers\Universo))
 4 SYSTEMPATH/CodeIgniter.php(368): CodeIgniter\CodeIgniter->handleRequest(null, Object(Config\Cache), false)
 5 FCPATH/index.php(67): CodeIgniter\CodeIgniter->run()
CRITICAL - 2023-07-13 20:14:44 --> Division by zero
in APPPATH/Models/UniversoModel.php on line 723.
 1 APPPATH/Controllers/Universo.php(501): App\Models\UniversoModel->getGraficaPortafolio(2023, [...], [...])
 2 SYSTEMPATH/CodeIgniter.php(934): App\Controllers\Universo->graficaPortafolio()
 3 SYSTEMPATH/CodeIgniter.php(499): CodeIgniter\CodeIgniter->runController(Object(App\Controllers\Universo))
 4 SYSTEMPATH/CodeIgniter.php(368): CodeIgniter\CodeIgniter->handleRequest(null, Object(Config\Cache), false)
 5 FCPATH/index.php(67): CodeIgniter\CodeIgniter->run()
ERROR - 2023-07-13 22:12:18 --> mysqli_sql_exception: Column 'type' cannot be null in /home/caminos/public_html/admin2/system/Database/MySQLi/Connection.php:295
Stack trace:
#0 /home/caminos/public_html/admin2/system/Database/MySQLi/Connection.php(295): mysqli->query('INSERT INTO `ar...', 0)
#1 /home/caminos/public_html/admin2/system/Database/BaseConnection.php(691): CodeIgniter\Database\MySQLi\Connection->execute('INSERT INTO `ar...')
#2 /home/caminos/public_html/admin2/system/Database/BaseConnection.php(605): CodeIgniter\Database\BaseConnection->simpleQuery('INSERT INTO `ar...')
#3 /home/caminos/public_html/admin2/system/Database/BaseBuilder.php(2309): CodeIgniter\Database\BaseConnection->query('INSERT INTO `ar...', Array, false)
#4 /home/caminos/public_html/admin2/app/Models/ArchivoModel.php(48): CodeIgniter\Database\BaseBuilder->insert(Array)
#5 /home/caminos/public_html/admin2/app/Controllers/Archivo.php(142): App\Models\ArchivoModel->register(Array)
#6 /home/caminos/public_html/admin2/system/CodeIgniter.php(934): App\Controllers\Archivo->uploadFoto()
#7 /home/caminos/public_html/admin2/system/CodeIgniter.php(499): CodeIgniter\CodeIgniter->runController(Object(App\Controllers\Archivo))
#8 /home/caminos/public_html/admin2/system/CodeIgniter.php(368): CodeIgniter\CodeIgniter->handleRequest(NULL, Object(Config\Cache), false)
#9 /home/caminos/public_html/admin2/index.php(67): CodeIgniter\CodeIgniter->run()
#10 {main}
ERROR - 2023-07-13 22:12:54 --> mysqli_sql_exception: Column 'type' cannot be null in /home/caminos/public_html/admin2/system/Database/MySQLi/Connection.php:295
Stack trace:
#0 /home/caminos/public_html/admin2/system/Database/MySQLi/Connection.php(295): mysqli->query('INSERT INTO `ar...', 0)
#1 /home/caminos/public_html/admin2/system/Database/BaseConnection.php(691): CodeIgniter\Database\MySQLi\Connection->execute('INSERT INTO `ar...')
#2 /home/caminos/public_html/admin2/system/Database/BaseConnection.php(605): CodeIgniter\Database\BaseConnection->simpleQuery('INSERT INTO `ar...')
#3 /home/caminos/public_html/admin2/system/Database/BaseBuilder.php(2309): CodeIgniter\Database\BaseConnection->query('INSERT INTO `ar...', Array, false)
#4 /home/caminos/public_html/admin2/app/Models/ArchivoModel.php(48): CodeIgniter\Database\BaseBuilder->insert(Array)
#5 /home/caminos/public_html/admin2/app/Controllers/Archivo.php(142): App\Models\ArchivoModel->register(Array)
#6 /home/caminos/public_html/admin2/system/CodeIgniter.php(934): App\Controllers\Archivo->uploadFoto()
#7 /home/caminos/public_html/admin2/system/CodeIgniter.php(499): CodeIgniter\CodeIgniter->runController(Object(App\Controllers\Archivo))
#8 /home/caminos/public_html/admin2/system/CodeIgniter.php(368): CodeIgniter\CodeIgniter->handleRequest(NULL, Object(Config\Cache), false)
#9 /home/caminos/public_html/admin2/index.php(67): CodeIgniter\CodeIgniter->run()
#10 {main}
CRITICAL - 2023-07-13 22:47:54 --> Undefined variable $type
in APPPATH/Controllers/Padron.php on line 129.
 1 APPPATH/Controllers/Padron.php(129): CodeIgniter\Debug\Exceptions->errorHandler(2, 'Undefined variable $type', 'APPPATH/Controllers/Padron.php', 129)
 2 SYSTEMPATH/CodeIgniter.php(934): App\Controllers\Padron->proveedoresgetByType('1')
 3 SYSTEMPATH/CodeIgniter.php(499): CodeIgniter\CodeIgniter->runController(Object(App\Controllers\Padron))
 4 SYSTEMPATH/CodeIgniter.php(368): CodeIgniter\CodeIgniter->handleRequest(null, Object(Config\Cache), false)
 5 FCPATH/index.php(67): CodeIgniter\CodeIgniter->run()
CRITICAL - 2023-07-13 22:47:57 --> Undefined variable $type
in APPPATH/Controllers/Padron.php on line 129.
 1 APPPATH/Controllers/Padron.php(129): CodeIgniter\Debug\Exceptions->errorHandler(2, 'Undefined variable $type', 'APPPATH/Controllers/Padron.php', 129)
 2 SYSTEMPATH/CodeIgniter.php(934): App\Controllers\Padron->proveedoresgetByType('2')
 3 SYSTEMPATH/CodeIgniter.php(499): CodeIgniter\CodeIgniter->runController(Object(App\Controllers\Padron))
 4 SYSTEMPATH/CodeIgniter.php(368): CodeIgniter\CodeIgniter->handleRequest(null, Object(Config\Cache), false)
 5 FCPATH/index.php(67): CodeIgniter\CodeIgniter->run()
CRITICAL - 2023-07-13 22:47:59 --> Undefined variable $type
in APPPATH/Controllers/Padron.php on line 129.
 1 APPPATH/Controllers/Padron.php(129): CodeIgniter\Debug\Exceptions->errorHandler(2, 'Undefined variable $type', 'APPPATH/Controllers/Padron.php', 129)
 2 SYSTEMPATH/CodeIgniter.php(934): App\Controllers\Padron->proveedoresgetByType('1')
 3 SYSTEMPATH/CodeIgniter.php(499): CodeIgniter\CodeIgniter->runController(Object(App\Controllers\Padron))
 4 SYSTEMPATH/CodeIgniter.php(368): CodeIgniter\CodeIgniter->handleRequest(null, Object(Config\Cache), false)
 5 FCPATH/index.php(67): CodeIgniter\CodeIgniter->run()
CRITICAL - 2023-07-13 23:18:38 --> Undefined variable $padron
in APPPATH/Controllers/Portada.php on line 88.
 1 APPPATH/Controllers/Portada.php(88): CodeIgniter\Debug\Exceptions->errorHandler(2, 'Undefined variable $padron', 'APPPATH/Controllers/Portada.php', 88)
 2 SYSTEMPATH/CodeIgniter.php(934): App\Controllers\Portada->index()
 3 SYSTEMPATH/CodeIgniter.php(499): CodeIgniter\CodeIgniter->runController(Object(App\Controllers\Portada))
 4 SYSTEMPATH/CodeIgniter.php(368): CodeIgniter\CodeIgniter->handleRequest(null, Object(Config\Cache), false)
 5 FCPATH/index.php(67): CodeIgniter\CodeIgniter->run()
CRITICAL - 2023-07-13 23:35:40 --> Undefined property: stdClass::$contratista_id
in APPPATH/Views/portada/portafolio_principal.php on line 409.
 1 APPPATH/Views/portada/portafolio_principal.php(409): CodeIgniter\Debug\Exceptions->errorHandler(2, 'Undefined property: stdClass::$contratista_id', 'APPPATH/Views/portada/portafolio_principal.php', 409)
 2 SYSTEMPATH/View/View.php(213): include('APPPATH/Views/portada/portafolio_principal.php')
 3 SYSTEMPATH/View/View.php(216): CodeIgniter\View\View->CodeIgniter\View\{closure}()
 4 SYSTEMPATH/Common.php(1184): CodeIgniter\View\View->render('portada/portafolio_principal', [], true)
 5 APPPATH/Controllers/Portada.php(92): view('portada/portafolio_principal', [...])
 6 SYSTEMPATH/CodeIgniter.php(934): App\Controllers\Portada->index()
 7 SYSTEMPATH/CodeIgniter.php(499): CodeIgniter\CodeIgniter->runController(Object(App\Controllers\Portada))
 8 SYSTEMPATH/CodeIgniter.php(368): CodeIgniter\CodeIgniter->handleRequest(null, Object(Config\Cache), false)
 9 FCPATH/index.php(67): CodeIgniter\CodeIgniter->run()
CRITICAL - 2023-07-13 23:36:49 --> Division by zero
in APPPATH/Models/UniversoModel.php on line 723.
 1 APPPATH/Controllers/Universo.php(501): App\Models\UniversoModel->getGraficaPortafolio(2023, [...], [...])
 2 SYSTEMPATH/CodeIgniter.php(934): App\Controllers\Universo->graficaPortafolio()
 3 SYSTEMPATH/CodeIgniter.php(499): CodeIgniter\CodeIgniter->runController(Object(App\Controllers\Universo))
 4 SYSTEMPATH/CodeIgniter.php(368): CodeIgniter\CodeIgniter->handleRequest(null, Object(Config\Cache), false)
 5 FCPATH/index.php(67): CodeIgniter\CodeIgniter->run()
ERROR - 2023-07-13 23:52:51 --> mysqli_sql_exception: Table 'caminos_app.universo_min_detail' doesn't exist in /home/caminos/public_html/admin2/system/Database/MySQLi/Connection.php:295
Stack trace:
#0 /home/caminos/public_html/admin2/system/Database/MySQLi/Connection.php(295): mysqli->query('SELECT count(*)...', 0)
#1 /home/caminos/public_html/admin2/system/Database/BaseConnection.php(691): CodeIgniter\Database\MySQLi\Connection->execute('SELECT count(*)...')
#2 /home/caminos/public_html/admin2/system/Database/BaseConnection.php(605): CodeIgniter\Database\BaseConnection->simpleQuery('SELECT count(*)...')
#3 /home/caminos/public_html/admin2/app/Models/PadronModel.php(75): CodeIgniter\Database\BaseConnection->query('SELECT count(*)...', Array)
#4 /home/caminos/public_html/admin2/app/Controllers/Padron.php(99): App\Models\PadronModel->getAll(1)
#5 /home/caminos/public_html/admin2/system/CodeIgniter.php(934): App\Controllers\Padron->AllJSON()
#6 /home/caminos/public_html/admin2/system/CodeIgniter.php(499): CodeIgniter\CodeIgniter->runController(Object(App\Controllers\Padron))
#7 /home/caminos/public_html/admin2/system/CodeIgniter.php(368): CodeIgniter\CodeIgniter->handleRequest(NULL, Object(Config\Cache), false)
#8 /home/caminos/public_html/admin2/index.php(67): CodeIgniter\CodeIgniter->run()
#9 {main}
CRITICAL - 2023-07-13 23:52:51 --> Table 'caminos_app.universo_min_detail' doesn't exist
in SYSTEMPATH/Database/BaseConnection.php on line 645.
 1 APPPATH/Models/PadronModel.php(75): CodeIgniter\Database\BaseConnection->query('SELECT count(*) as num FROM universo_min_detail where contratista_id = :padron:', [...])
 2 APPPATH/Controllers/Padron.php(99): App\Models\PadronModel->getAll(1)
 3 SYSTEMPATH/CodeIgniter.php(934): App\Controllers\Padron->AllJSON()
 4 SYSTEMPATH/CodeIgniter.php(499): CodeIgniter\CodeIgniter->runController(Object(App\Controllers\Padron))
 5 SYSTEMPATH/CodeIgniter.php(368): CodeIgniter\CodeIgniter->handleRequest(null, Object(Config\Cache), false)
 6 FCPATH/index.php(67): CodeIgniter\CodeIgniter->run()
