CRITICAL - 2023-06-09 17:35:36 --> Invalid file: "partida/partida_list.php"
in SYSTEMPATH/Exceptions/FrameworkException.php on line 33.
 1 SYSTEMPATH/View/View.php(201): CodeIgniter\Exceptions\FrameworkException::forInvalidFile('partida/partida_list.php')
 2 SYSTEMPATH/Common.php(1184): CodeIgniter\View\View->render('partida/partida_list', [], true)
 3 APPPATH/Controllers/Partida.php(27): view('partida/partida_list', [...])
 4 SYSTEMPATH/CodeIgniter.php(934): App\Controllers\Partida->list('1')
 5 SYSTEMPATH/CodeIgniter.php(499): CodeIgniter\CodeIgniter->runController(Object(App\Controllers\Partida))
 6 SYSTEMPATH/CodeIgniter.php(368): CodeIgniter\CodeIgniter->handleRequest(null, Object(Config\Cache), false)
 7 FCPATH/index.php(67): CodeIgniter\CodeIgniter->run()
CRITICAL - 2023-06-09 19:03:34 --> Call to undefined method App\Models\PartidaModel::modify
in SYSTEMPATH/Model.php on line 842.
 1 APPPATH/Controllers/Partida.php(45): CodeIgniter\Model->__call('modify', [...])
 2 SYSTEMPATH/CodeIgniter.php(934): App\Controllers\Partida->modify()
 3 SYSTEMPATH/CodeIgniter.php(499): CodeIgniter\CodeIgniter->runController(Object(App\Controllers\Partida))
 4 SYSTEMPATH/CodeIgniter.php(368): CodeIgniter\CodeIgniter->handleRequest(null, Object(Config\Cache), false)
 5 FCPATH/index.php(67): CodeIgniter\CodeIgniter->run()
CRITICAL - 2023-06-09 19:08:32 --> There is no data to update.
in SYSTEMPATH/BaseModel.php on line 1680.
 1 SYSTEMPATH/BaseModel.php(1680): CodeIgniter\Database\Exceptions\DataException::forEmptyDataset('update')
 2 SYSTEMPATH/BaseModel.php(910): CodeIgniter\BaseModel->transformDataToArray(null, 'update')
 3 SYSTEMPATH/Model.php(756): CodeIgniter\BaseModel->update([...], null)
 4 APPPATH/Models/PartidaModel.php(41): CodeIgniter\Model->update([...])
 5 APPPATH/Controllers/Partida.php(45): App\Models\PartidaModel->modify('1', [...])
 6 SYSTEMPATH/CodeIgniter.php(934): App\Controllers\Partida->modify()
 7 SYSTEMPATH/CodeIgniter.php(499): CodeIgniter\CodeIgniter->runController(Object(App\Controllers\Partida))
 8 SYSTEMPATH/CodeIgniter.php(368): CodeIgniter\CodeIgniter->handleRequest(null, Object(Config\Cache), false)
 9 FCPATH/index.php(67): CodeIgniter\CodeIgniter->run()
CRITICAL - 2023-06-09 19:59:15 --> Attempt to read property "mes_name" on array
in APPPATH/Views/partida/partida_list.php on line 82.
 1 APPPATH/Views/partida/partida_list.php(82): CodeIgniter\Debug\Exceptions->errorHandler(2, 'Attempt to read property "mes_name" on array', 'APPPATH/Views/partida/partida_list.php', 82)
 2 SYSTEMPATH/View/View.php(213): include('APPPATH/Views/partida/partida_list.php')
 3 SYSTEMPATH/View/View.php(216): CodeIgniter\View\View->CodeIgniter\View\{closure}()
 4 SYSTEMPATH/Common.php(1184): CodeIgniter\View\View->render('partida/partida_list', [], true)
 5 APPPATH/Controllers/Partida.php(30): view('partida/partida_list', [...])
 6 SYSTEMPATH/CodeIgniter.php(934): App\Controllers\Partida->list('1')
 7 SYSTEMPATH/CodeIgniter.php(499): CodeIgniter\CodeIgniter->runController(Object(App\Controllers\Partida))
 8 SYSTEMPATH/CodeIgniter.php(368): CodeIgniter\CodeIgniter->handleRequest(null, Object(Config\Cache), false)
 9 FCPATH/index.php(67): CodeIgniter\CodeIgniter->run()
ERROR - 2023-06-09 20:49:12 --> mysqli_sql_exception: Unknown column 'p_2023_5' in 'field list' in /home/caminos/public_html/admin2/system/Database/MySQLi/Connection.php:295
Stack trace:
#0 /home/caminos/public_html/admin2/system/Database/MySQLi/Connection.php(295): mysqli->query('UPDATE `obra_pa...', 0)
#1 /home/caminos/public_html/admin2/system/Database/BaseConnection.php(691): CodeIgniter\Database\MySQLi\Connection->execute('UPDATE `obra_pa...')
#2 /home/caminos/public_html/admin2/system/Database/BaseConnection.php(605): CodeIgniter\Database\BaseConnection->simpleQuery('UPDATE `obra_pa...')
#3 /home/caminos/public_html/admin2/system/Database/BaseBuilder.php(2476): CodeIgniter\Database\BaseConnection->query('UPDATE `obra_pa...', Array, false)
#4 /home/caminos/public_html/admin2/app/Models/PartidaModel.php(74): CodeIgniter\Database\BaseBuilder->update(Array)
#5 /home/caminos/public_html/admin2/app/Controllers/Partida.php(57): App\Models\PartidaModel->modify('5', Array)
#6 /home/caminos/public_html/admin2/system/CodeIgniter.php(934): App\Controllers\Partida->modify()
#7 /home/caminos/public_html/admin2/system/CodeIgniter.php(499): CodeIgniter\CodeIgniter->runController(Object(App\Controllers\Partida))
#8 /home/caminos/public_html/admin2/system/CodeIgniter.php(368): CodeIgniter\CodeIgniter->handleRequest(NULL, Object(Config\Cache), false)
#9 /home/caminos/public_html/admin2/index.php(67): CodeIgniter\CodeIgniter->run()
#10 {main}
ERROR - 2023-06-09 20:49:15 --> mysqli_sql_exception: Unknown column 'p_2023_5' in 'field list' in /home/caminos/public_html/admin2/system/Database/MySQLi/Connection.php:295
Stack trace:
#0 /home/caminos/public_html/admin2/system/Database/MySQLi/Connection.php(295): mysqli->query('UPDATE `obra_pa...', 0)
#1 /home/caminos/public_html/admin2/system/Database/BaseConnection.php(691): CodeIgniter\Database\MySQLi\Connection->execute('UPDATE `obra_pa...')
#2 /home/caminos/public_html/admin2/system/Database/BaseConnection.php(605): CodeIgniter\Database\BaseConnection->simpleQuery('UPDATE `obra_pa...')
#3 /home/caminos/public_html/admin2/system/Database/BaseBuilder.php(2476): CodeIgniter\Database\BaseConnection->query('UPDATE `obra_pa...', Array, false)
#4 /home/caminos/public_html/admin2/app/Models/PartidaModel.php(74): CodeIgniter\Database\BaseBuilder->update(Array)
#5 /home/caminos/public_html/admin2/app/Controllers/Partida.php(57): App\Models\PartidaModel->modify('6', Array)
#6 /home/caminos/public_html/admin2/system/CodeIgniter.php(934): App\Controllers\Partida->modify()
#7 /home/caminos/public_html/admin2/system/CodeIgniter.php(499): CodeIgniter\CodeIgniter->runController(Object(App\Controllers\Partida))
#8 /home/caminos/public_html/admin2/system/CodeIgniter.php(368): CodeIgniter\CodeIgniter->handleRequest(NULL, Object(Config\Cache), false)
#9 /home/caminos/public_html/admin2/index.php(67): CodeIgniter\CodeIgniter->run()
#10 {main}
ERROR - 2023-06-09 20:49:32 --> mysqli_sql_exception: Unknown column 'p_2023_5' in 'field list' in /home/caminos/public_html/admin2/system/Database/MySQLi/Connection.php:295
Stack trace:
#0 /home/caminos/public_html/admin2/system/Database/MySQLi/Connection.php(295): mysqli->query('UPDATE `obra_pa...', 0)
#1 /home/caminos/public_html/admin2/system/Database/BaseConnection.php(691): CodeIgniter\Database\MySQLi\Connection->execute('UPDATE `obra_pa...')
#2 /home/caminos/public_html/admin2/system/Database/BaseConnection.php(605): CodeIgniter\Database\BaseConnection->simpleQuery('UPDATE `obra_pa...')
#3 /home/caminos/public_html/admin2/system/Database/BaseBuilder.php(2476): CodeIgniter\Database\BaseConnection->query('UPDATE `obra_pa...', Array, false)
#4 /home/caminos/public_html/admin2/app/Models/PartidaModel.php(74): CodeIgniter\Database\BaseBuilder->update(Array)
#5 /home/caminos/public_html/admin2/app/Controllers/Partida.php(57): App\Models\PartidaModel->modify('5', Array)
#6 /home/caminos/public_html/admin2/system/CodeIgniter.php(934): App\Controllers\Partida->modify()
#7 /home/caminos/public_html/admin2/system/CodeIgniter.php(499): CodeIgniter\CodeIgniter->runController(Object(App\Controllers\Partida))
#8 /home/caminos/public_html/admin2/system/CodeIgniter.php(368): CodeIgniter\CodeIgniter->handleRequest(NULL, Object(Config\Cache), false)
#9 /home/caminos/public_html/admin2/index.php(67): CodeIgniter\CodeIgniter->run()
#10 {main}
ERROR - 2023-06-09 22:46:56 --> mysqli_sql_exception: Unknown column 'p_2023_5' in 'field list' in /home/caminos/public_html/admin2/system/Database/MySQLi/Connection.php:295
Stack trace:
#0 /home/caminos/public_html/admin2/system/Database/MySQLi/Connection.php(295): mysqli->query('UPDATE `obra_pa...', 0)
#1 /home/caminos/public_html/admin2/system/Database/BaseConnection.php(691): CodeIgniter\Database\MySQLi\Connection->execute('UPDATE `obra_pa...')
#2 /home/caminos/public_html/admin2/system/Database/BaseConnection.php(605): CodeIgniter\Database\BaseConnection->simpleQuery('UPDATE `obra_pa...')
#3 /home/caminos/public_html/admin2/system/Database/BaseBuilder.php(2476): CodeIgniter\Database\BaseConnection->query('UPDATE `obra_pa...', Array, false)
#4 /home/caminos/public_html/admin2/app/Models/PartidaModel.php(74): CodeIgniter\Database\BaseBuilder->update(Array)
#5 /home/caminos/public_html/admin2/app/Controllers/Partida.php(58): App\Models\PartidaModel->modify('5', '1', Array)
#6 /home/caminos/public_html/admin2/system/CodeIgniter.php(934): App\Controllers\Partida->modify()
#7 /home/caminos/public_html/admin2/system/CodeIgniter.php(499): CodeIgniter\CodeIgniter->runController(Object(App\Controllers\Partida))
#8 /home/caminos/public_html/admin2/system/CodeIgniter.php(368): CodeIgniter\CodeIgniter->handleRequest(NULL, Object(Config\Cache), false)
#9 /home/caminos/public_html/admin2/index.php(67): CodeIgniter\CodeIgniter->run()
#10 {main}
CRITICAL - 2023-06-09 22:46:56 --> Undefined array key "2023_5"
in APPPATH/Models/PartidaModel.php on line 81.
 1 APPPATH/Models/PartidaModel.php(81): CodeIgniter\Debug\Exceptions->errorHandler(2, 'Undefined array key "2023_5"', 'APPPATH/Models/PartidaModel.php', 81)
 2 APPPATH/Controllers/Partida.php(58): App\Models\PartidaModel->modify('5', '1', [...])
 3 SYSTEMPATH/CodeIgniter.php(934): App\Controllers\Partida->modify()
 4 SYSTEMPATH/CodeIgniter.php(499): CodeIgniter\CodeIgniter->runController(Object(App\Controllers\Partida))
 5 SYSTEMPATH/CodeIgniter.php(368): CodeIgniter\CodeIgniter->handleRequest(null, Object(Config\Cache), false)
 6 FCPATH/index.php(67): CodeIgniter\CodeIgniter->run()
CRITICAL - 2023-06-09 22:49:50 --> Attempt to read property "clave" on array
in APPPATH/Models/PartidaModel.php on line 73.
 1 APPPATH/Models/PartidaModel.php(73): CodeIgniter\Debug\Exceptions->errorHandler(2, 'Attempt to read property "clave" on array', 'APPPATH/Models/PartidaModel.php', 73)
 2 APPPATH/Controllers/Partida.php(58): App\Models\PartidaModel->modify('5', '1', [...])
 3 SYSTEMPATH/CodeIgniter.php(934): App\Controllers\Partida->modify()
 4 SYSTEMPATH/CodeIgniter.php(499): CodeIgniter\CodeIgniter->runController(Object(App\Controllers\Partida))
 5 SYSTEMPATH/CodeIgniter.php(368): CodeIgniter\CodeIgniter->handleRequest(null, Object(Config\Cache), false)
 6 FCPATH/index.php(67): CodeIgniter\CodeIgniter->run()
CRITICAL - 2023-06-09 22:50:01 --> Attempt to read property "clave" on array
in APPPATH/Models/PartidaModel.php on line 73.
 1 APPPATH/Models/PartidaModel.php(73): CodeIgniter\Debug\Exceptions->errorHandler(2, 'Attempt to read property "clave" on array', 'APPPATH/Models/PartidaModel.php', 73)
 2 APPPATH/Controllers/Partida.php(58): App\Models\PartidaModel->modify('5', '1', [...])
 3 SYSTEMPATH/CodeIgniter.php(934): App\Controllers\Partida->modify()
 4 SYSTEMPATH/CodeIgniter.php(499): CodeIgniter\CodeIgniter->runController(Object(App\Controllers\Partida))
 5 SYSTEMPATH/CodeIgniter.php(368): CodeIgniter\CodeIgniter->handleRequest(null, Object(Config\Cache), false)
 6 FCPATH/index.php(67): CodeIgniter\CodeIgniter->run()
CRITICAL - 2023-06-09 22:51:32 --> Attempt to read property "clave" on array
in APPPATH/Models/PartidaModel.php on line 73.
 1 APPPATH/Models/PartidaModel.php(73): CodeIgniter\Debug\Exceptions->errorHandler(2, 'Attempt to read property "clave" on array', 'APPPATH/Models/PartidaModel.php', 73)
 2 APPPATH/Controllers/Partida.php(58): App\Models\PartidaModel->modify('5', '1', [...])
 3 SYSTEMPATH/CodeIgniter.php(934): App\Controllers\Partida->modify()
 4 SYSTEMPATH/CodeIgniter.php(499): CodeIgniter\CodeIgniter->runController(Object(App\Controllers\Partida))
 5 SYSTEMPATH/CodeIgniter.php(368): CodeIgniter\CodeIgniter->handleRequest(null, Object(Config\Cache), false)
 6 FCPATH/index.php(67): CodeIgniter\CodeIgniter->run()
CRITICAL - 2023-06-09 22:53:02 --> json_decode(): Argument #1 ($json) must be of type string, array given
in APPPATH/Controllers/Partida.php on line 57.
 1 APPPATH/Controllers/Partida.php(57): json_decode([...])
 2 SYSTEMPATH/CodeIgniter.php(934): App\Controllers\Partida->modify()
 3 SYSTEMPATH/CodeIgniter.php(499): CodeIgniter\CodeIgniter->runController(Object(App\Controllers\Partida))
 4 SYSTEMPATH/CodeIgniter.php(368): CodeIgniter\CodeIgniter->handleRequest(null, Object(Config\Cache), false)
 5 FCPATH/index.php(67): CodeIgniter\CodeIgniter->run()
CRITICAL - 2023-06-09 22:54:51 --> Cannot use object of type stdClass as array
in APPPATH/Models/PartidaModel.php on line 83.
 1 APPPATH/Controllers/Partida.php(58): App\Models\PartidaModel->modify('5', '1', Object(stdClass))
 2 SYSTEMPATH/CodeIgniter.php(934): App\Controllers\Partida->modify()
 3 SYSTEMPATH/CodeIgniter.php(499): CodeIgniter\CodeIgniter->runController(Object(App\Controllers\Partida))
 4 SYSTEMPATH/CodeIgniter.php(368): CodeIgniter\CodeIgniter->handleRequest(null, Object(Config\Cache), false)
 5 FCPATH/index.php(67): CodeIgniter\CodeIgniter->run()
CRITICAL - 2023-06-09 22:59:20 --> Cannot use object of type stdClass as array
in APPPATH/Models/PartidaModel.php on line 88.
 1 APPPATH/Controllers/Partida.php(58): App\Models\PartidaModel->modify('5', '1', Object(stdClass))
 2 SYSTEMPATH/CodeIgniter.php(934): App\Controllers\Partida->modify()
 3 SYSTEMPATH/CodeIgniter.php(499): CodeIgniter\CodeIgniter->runController(Object(App\Controllers\Partida))
 4 SYSTEMPATH/CodeIgniter.php(368): CodeIgniter\CodeIgniter->handleRequest(null, Object(Config\Cache), false)
 5 FCPATH/index.php(67): CodeIgniter\CodeIgniter->run()
CRITICAL - 2023-06-09 23:01:47 --> Array to string conversion
in APPPATH/Models/PartidaModel.php on line 89.
 1 APPPATH/Models/PartidaModel.php(89): CodeIgniter\Debug\Exceptions->errorHandler(2, 'Array to string conversion', 'APPPATH/Models/PartidaModel.php', 89)
 2 APPPATH/Controllers/Partida.php(58): App\Models\PartidaModel->modify('5', '1', Object(stdClass))
 3 SYSTEMPATH/CodeIgniter.php(934): App\Controllers\Partida->modify()
 4 SYSTEMPATH/CodeIgniter.php(499): CodeIgniter\CodeIgniter->runController(Object(App\Controllers\Partida))
 5 SYSTEMPATH/CodeIgniter.php(368): CodeIgniter\CodeIgniter->handleRequest(null, Object(Config\Cache), false)
 6 FCPATH/index.php(67): CodeIgniter\CodeIgniter->run()
CRITICAL - 2023-06-09 23:02:42 --> Undefined property: stdClass::$2023_5
in APPPATH/Models/PartidaModel.php on line 89.
 1 APPPATH/Models/PartidaModel.php(89): CodeIgniter\Debug\Exceptions->errorHandler(2, 'Undefined property: stdClass::$2023_5', 'APPPATH/Models/PartidaModel.php', 89)
 2 APPPATH/Controllers/Partida.php(58): App\Models\PartidaModel->modify('5', '1', Object(stdClass))
 3 SYSTEMPATH/CodeIgniter.php(934): App\Controllers\Partida->modify()
 4 SYSTEMPATH/CodeIgniter.php(499): CodeIgniter\CodeIgniter->runController(Object(App\Controllers\Partida))
 5 SYSTEMPATH/CodeIgniter.php(368): CodeIgniter\CodeIgniter->handleRequest(null, Object(Config\Cache), false)
 6 FCPATH/index.php(67): CodeIgniter\CodeIgniter->run()
ERROR - 2023-06-09 23:05:10 --> mysqli_sql_exception: Unknown column 'porcentaje' in 'field list' in /home/caminos/public_html/admin2/system/Database/MySQLi/Connection.php:295
Stack trace:
#0 /home/caminos/public_html/admin2/system/Database/MySQLi/Connection.php(295): mysqli->query('UPDATE `obra_pa...', 0)
#1 /home/caminos/public_html/admin2/system/Database/BaseConnection.php(691): CodeIgniter\Database\MySQLi\Connection->execute('UPDATE `obra_pa...')
#2 /home/caminos/public_html/admin2/system/Database/BaseConnection.php(605): CodeIgniter\Database\BaseConnection->simpleQuery('UPDATE `obra_pa...')
#3 /home/caminos/public_html/admin2/system/Database/BaseBuilder.php(2476): CodeIgniter\Database\BaseConnection->query('UPDATE `obra_pa...', Array, false)
#4 /home/caminos/public_html/admin2/app/Models/PartidaModel.php(91): CodeIgniter\Database\BaseBuilder->update(Array)
#5 /home/caminos/public_html/admin2/app/Controllers/Partida.php(58): App\Models\PartidaModel->modify('5', '1', Object(stdClass))
#6 /home/caminos/public_html/admin2/system/CodeIgniter.php(934): App\Controllers\Partida->modify()
#7 /home/caminos/public_html/admin2/system/CodeIgniter.php(499): CodeIgniter\CodeIgniter->runController(Object(App\Controllers\Partida))
#8 /home/caminos/public_html/admin2/system/CodeIgniter.php(368): CodeIgniter\CodeIgniter->handleRequest(NULL, Object(Config\Cache), false)
#9 /home/caminos/public_html/admin2/index.php(67): CodeIgniter\CodeIgniter->run()
#10 {main}
ERROR - 2023-06-09 23:05:10 --> mysqli_sql_exception: Unknown column 'porcentaje' in 'field list' in /home/caminos/public_html/admin2/system/Database/MySQLi/Connection.php:295
Stack trace:
#0 /home/caminos/public_html/admin2/system/Database/MySQLi/Connection.php(295): mysqli->query('UPDATE `obra_pa...', 0)
#1 /home/caminos/public_html/admin2/system/Database/BaseConnection.php(691): CodeIgniter\Database\MySQLi\Connection->execute('UPDATE `obra_pa...')
#2 /home/caminos/public_html/admin2/system/Database/BaseConnection.php(605): CodeIgniter\Database\BaseConnection->simpleQuery('UPDATE `obra_pa...')
#3 /home/caminos/public_html/admin2/system/Database/BaseBuilder.php(2476): CodeIgniter\Database\BaseConnection->query('UPDATE `obra_pa...', Array, false)
#4 /home/caminos/public_html/admin2/app/Models/PartidaModel.php(91): CodeIgniter\Database\BaseBuilder->update(Array)
#5 /home/caminos/public_html/admin2/app/Controllers/Partida.php(58): App\Models\PartidaModel->modify('5', '1', Object(stdClass))
#6 /home/caminos/public_html/admin2/system/CodeIgniter.php(934): App\Controllers\Partida->modify()
#7 /home/caminos/public_html/admin2/system/CodeIgniter.php(499): CodeIgniter\CodeIgniter->runController(Object(App\Controllers\Partida))
#8 /home/caminos/public_html/admin2/system/CodeIgniter.php(368): CodeIgniter\CodeIgniter->handleRequest(NULL, Object(Config\Cache), false)
#9 /home/caminos/public_html/admin2/index.php(67): CodeIgniter\CodeIgniter->run()
#10 {main}
ERROR - 2023-06-09 23:05:10 --> mysqli_sql_exception: Unknown column 'porcentaje' in 'field list' in /home/caminos/public_html/admin2/system/Database/MySQLi/Connection.php:295
Stack trace:
#0 /home/caminos/public_html/admin2/system/Database/MySQLi/Connection.php(295): mysqli->query('UPDATE `obra_pa...', 0)
#1 /home/caminos/public_html/admin2/system/Database/BaseConnection.php(691): CodeIgniter\Database\MySQLi\Connection->execute('UPDATE `obra_pa...')
#2 /home/caminos/public_html/admin2/system/Database/BaseConnection.php(605): CodeIgniter\Database\BaseConnection->simpleQuery('UPDATE `obra_pa...')
#3 /home/caminos/public_html/admin2/system/Database/BaseBuilder.php(2476): CodeIgniter\Database\BaseConnection->query('UPDATE `obra_pa...', Array, false)
#4 /home/caminos/public_html/admin2/app/Models/PartidaModel.php(91): CodeIgniter\Database\BaseBuilder->update(Array)
#5 /home/caminos/public_html/admin2/app/Controllers/Partida.php(58): App\Models\PartidaModel->modify('5', '1', Object(stdClass))
#6 /home/caminos/public_html/admin2/system/CodeIgniter.php(934): App\Controllers\Partida->modify()
#7 /home/caminos/public_html/admin2/system/CodeIgniter.php(499): CodeIgniter\CodeIgniter->runController(Object(App\Controllers\Partida))
#8 /home/caminos/public_html/admin2/system/CodeIgniter.php(368): CodeIgniter\CodeIgniter->handleRequest(NULL, Object(Config\Cache), false)
#9 /home/caminos/public_html/admin2/index.php(67): CodeIgniter\CodeIgniter->run()
#10 {main}
ERROR - 2023-06-09 23:05:10 --> mysqli_sql_exception: Unknown column 'porcentaje' in 'field list' in /home/caminos/public_html/admin2/system/Database/MySQLi/Connection.php:295
Stack trace:
#0 /home/caminos/public_html/admin2/system/Database/MySQLi/Connection.php(295): mysqli->query('UPDATE `obra_pa...', 0)
#1 /home/caminos/public_html/admin2/system/Database/BaseConnection.php(691): CodeIgniter\Database\MySQLi\Connection->execute('UPDATE `obra_pa...')
#2 /home/caminos/public_html/admin2/system/Database/BaseConnection.php(605): CodeIgniter\Database\BaseConnection->simpleQuery('UPDATE `obra_pa...')
#3 /home/caminos/public_html/admin2/system/Database/BaseBuilder.php(2476): CodeIgniter\Database\BaseConnection->query('UPDATE `obra_pa...', Array, false)
#4 /home/caminos/public_html/admin2/app/Models/PartidaModel.php(91): CodeIgniter\Database\BaseBuilder->update(Array)
#5 /home/caminos/public_html/admin2/app/Controllers/Partida.php(58): App\Models\PartidaModel->modify('5', '1', Object(stdClass))
#6 /home/caminos/public_html/admin2/system/CodeIgniter.php(934): App\Controllers\Partida->modify()
#7 /home/caminos/public_html/admin2/system/CodeIgniter.php(499): CodeIgniter\CodeIgniter->runController(Object(App\Controllers\Partida))
#8 /home/caminos/public_html/admin2/system/CodeIgniter.php(368): CodeIgniter\CodeIgniter->handleRequest(NULL, Object(Config\Cache), false)
#9 /home/caminos/public_html/admin2/index.php(67): CodeIgniter\CodeIgniter->run()
#10 {main}
ERROR - 2023-06-09 23:05:10 --> mysqli_sql_exception: Unknown column 'porcentaje' in 'field list' in /home/caminos/public_html/admin2/system/Database/MySQLi/Connection.php:295
Stack trace:
#0 /home/caminos/public_html/admin2/system/Database/MySQLi/Connection.php(295): mysqli->query('UPDATE `obra_pa...', 0)
#1 /home/caminos/public_html/admin2/system/Database/BaseConnection.php(691): CodeIgniter\Database\MySQLi\Connection->execute('UPDATE `obra_pa...')
#2 /home/caminos/public_html/admin2/system/Database/BaseConnection.php(605): CodeIgniter\Database\BaseConnection->simpleQuery('UPDATE `obra_pa...')
#3 /home/caminos/public_html/admin2/system/Database/BaseBuilder.php(2476): CodeIgniter\Database\BaseConnection->query('UPDATE `obra_pa...', Array, false)
#4 /home/caminos/public_html/admin2/app/Models/PartidaModel.php(91): CodeIgniter\Database\BaseBuilder->update(Array)
#5 /home/caminos/public_html/admin2/app/Controllers/Partida.php(58): App\Models\PartidaModel->modify('5', '1', Object(stdClass))
#6 /home/caminos/public_html/admin2/system/CodeIgniter.php(934): App\Controllers\Partida->modify()
#7 /home/caminos/public_html/admin2/system/CodeIgniter.php(499): CodeIgniter\CodeIgniter->runController(Object(App\Controllers\Partida))
#8 /home/caminos/public_html/admin2/system/CodeIgniter.php(368): CodeIgniter\CodeIgniter->handleRequest(NULL, Object(Config\Cache), false)
#9 /home/caminos/public_html/admin2/index.php(67): CodeIgniter\CodeIgniter->run()
#10 {main}
ERROR - 2023-06-09 23:05:51 --> mysqli_sql_exception: Unknown column 'partida_id' in 'where clause' in /home/caminos/public_html/admin2/system/Database/MySQLi/Connection.php:295
Stack trace:
#0 /home/caminos/public_html/admin2/system/Database/MySQLi/Connection.php(295): mysqli->query('UPDATE `obra_pa...', 0)
#1 /home/caminos/public_html/admin2/system/Database/BaseConnection.php(691): CodeIgniter\Database\MySQLi\Connection->execute('UPDATE `obra_pa...')
#2 /home/caminos/public_html/admin2/system/Database/BaseConnection.php(605): CodeIgniter\Database\BaseConnection->simpleQuery('UPDATE `obra_pa...')
#3 /home/caminos/public_html/admin2/system/Database/BaseBuilder.php(2476): CodeIgniter\Database\BaseConnection->query('UPDATE `obra_pa...', Array, false)
#4 /home/caminos/public_html/admin2/app/Models/PartidaModel.php(91): CodeIgniter\Database\BaseBuilder->update(Array)
#5 /home/caminos/public_html/admin2/app/Controllers/Partida.php(58): App\Models\PartidaModel->modify('5', '1', Object(stdClass))
#6 /home/caminos/public_html/admin2/system/CodeIgniter.php(934): App\Controllers\Partida->modify()
#7 /home/caminos/public_html/admin2/system/CodeIgniter.php(499): CodeIgniter\CodeIgniter->runController(Object(App\Controllers\Partida))
#8 /home/caminos/public_html/admin2/system/CodeIgniter.php(368): CodeIgniter\CodeIgniter->handleRequest(NULL, Object(Config\Cache), false)
#9 /home/caminos/public_html/admin2/index.php(67): CodeIgniter\CodeIgniter->run()
#10 {main}
ERROR - 2023-06-09 23:05:51 --> mysqli_sql_exception: Unknown column 'partida_id' in 'where clause' in /home/caminos/public_html/admin2/system/Database/MySQLi/Connection.php:295
Stack trace:
#0 /home/caminos/public_html/admin2/system/Database/MySQLi/Connection.php(295): mysqli->query('UPDATE `obra_pa...', 0)
#1 /home/caminos/public_html/admin2/system/Database/BaseConnection.php(691): CodeIgniter\Database\MySQLi\Connection->execute('UPDATE `obra_pa...')
#2 /home/caminos/public_html/admin2/system/Database/BaseConnection.php(605): CodeIgniter\Database\BaseConnection->simpleQuery('UPDATE `obra_pa...')
#3 /home/caminos/public_html/admin2/system/Database/BaseBuilder.php(2476): CodeIgniter\Database\BaseConnection->query('UPDATE `obra_pa...', Array, false)
#4 /home/caminos/public_html/admin2/app/Models/PartidaModel.php(91): CodeIgniter\Database\BaseBuilder->update(Array)
#5 /home/caminos/public_html/admin2/app/Controllers/Partida.php(58): App\Models\PartidaModel->modify('5', '1', Object(stdClass))
#6 /home/caminos/public_html/admin2/system/CodeIgniter.php(934): App\Controllers\Partida->modify()
#7 /home/caminos/public_html/admin2/system/CodeIgniter.php(499): CodeIgniter\CodeIgniter->runController(Object(App\Controllers\Partida))
#8 /home/caminos/public_html/admin2/system/CodeIgniter.php(368): CodeIgniter\CodeIgniter->handleRequest(NULL, Object(Config\Cache), false)
#9 /home/caminos/public_html/admin2/index.php(67): CodeIgniter\CodeIgniter->run()
#10 {main}
ERROR - 2023-06-09 23:05:51 --> mysqli_sql_exception: Unknown column 'partida_id' in 'where clause' in /home/caminos/public_html/admin2/system/Database/MySQLi/Connection.php:295
Stack trace:
#0 /home/caminos/public_html/admin2/system/Database/MySQLi/Connection.php(295): mysqli->query('UPDATE `obra_pa...', 0)
#1 /home/caminos/public_html/admin2/system/Database/BaseConnection.php(691): CodeIgniter\Database\MySQLi\Connection->execute('UPDATE `obra_pa...')
#2 /home/caminos/public_html/admin2/system/Database/BaseConnection.php(605): CodeIgniter\Database\BaseConnection->simpleQuery('UPDATE `obra_pa...')
#3 /home/caminos/public_html/admin2/system/Database/BaseBuilder.php(2476): CodeIgniter\Database\BaseConnection->query('UPDATE `obra_pa...', Array, false)
#4 /home/caminos/public_html/admin2/app/Models/PartidaModel.php(91): CodeIgniter\Database\BaseBuilder->update(Array)
#5 /home/caminos/public_html/admin2/app/Controllers/Partida.php(58): App\Models\PartidaModel->modify('5', '1', Object(stdClass))
#6 /home/caminos/public_html/admin2/system/CodeIgniter.php(934): App\Controllers\Partida->modify()
#7 /home/caminos/public_html/admin2/system/CodeIgniter.php(499): CodeIgniter\CodeIgniter->runController(Object(App\Controllers\Partida))
#8 /home/caminos/public_html/admin2/system/CodeIgniter.php(368): CodeIgniter\CodeIgniter->handleRequest(NULL, Object(Config\Cache), false)
#9 /home/caminos/public_html/admin2/index.php(67): CodeIgniter\CodeIgniter->run()
#10 {main}
ERROR - 2023-06-09 23:05:51 --> mysqli_sql_exception: Unknown column 'partida_id' in 'where clause' in /home/caminos/public_html/admin2/system/Database/MySQLi/Connection.php:295
Stack trace:
#0 /home/caminos/public_html/admin2/system/Database/MySQLi/Connection.php(295): mysqli->query('UPDATE `obra_pa...', 0)
#1 /home/caminos/public_html/admin2/system/Database/BaseConnection.php(691): CodeIgniter\Database\MySQLi\Connection->execute('UPDATE `obra_pa...')
#2 /home/caminos/public_html/admin2/system/Database/BaseConnection.php(605): CodeIgniter\Database\BaseConnection->simpleQuery('UPDATE `obra_pa...')
#3 /home/caminos/public_html/admin2/system/Database/BaseBuilder.php(2476): CodeIgniter\Database\BaseConnection->query('UPDATE `obra_pa...', Array, false)
#4 /home/caminos/public_html/admin2/app/Models/PartidaModel.php(91): CodeIgniter\Database\BaseBuilder->update(Array)
#5 /home/caminos/public_html/admin2/app/Controllers/Partida.php(58): App\Models\PartidaModel->modify('5', '1', Object(stdClass))
#6 /home/caminos/public_html/admin2/system/CodeIgniter.php(934): App\Controllers\Partida->modify()
#7 /home/caminos/public_html/admin2/system/CodeIgniter.php(499): CodeIgniter\CodeIgniter->runController(Object(App\Controllers\Partida))
#8 /home/caminos/public_html/admin2/system/CodeIgniter.php(368): CodeIgniter\CodeIgniter->handleRequest(NULL, Object(Config\Cache), false)
#9 /home/caminos/public_html/admin2/index.php(67): CodeIgniter\CodeIgniter->run()
#10 {main}
ERROR - 2023-06-09 23:05:51 --> mysqli_sql_exception: Unknown column 'partida_id' in 'where clause' in /home/caminos/public_html/admin2/system/Database/MySQLi/Connection.php:295
Stack trace:
#0 /home/caminos/public_html/admin2/system/Database/MySQLi/Connection.php(295): mysqli->query('UPDATE `obra_pa...', 0)
#1 /home/caminos/public_html/admin2/system/Database/BaseConnection.php(691): CodeIgniter\Database\MySQLi\Connection->execute('UPDATE `obra_pa...')
#2 /home/caminos/public_html/admin2/system/Database/BaseConnection.php(605): CodeIgniter\Database\BaseConnection->simpleQuery('UPDATE `obra_pa...')
#3 /home/caminos/public_html/admin2/system/Database/BaseBuilder.php(2476): CodeIgniter\Database\BaseConnection->query('UPDATE `obra_pa...', Array, false)
#4 /home/caminos/public_html/admin2/app/Models/PartidaModel.php(91): CodeIgniter\Database\BaseBuilder->update(Array)
#5 /home/caminos/public_html/admin2/app/Controllers/Partida.php(58): App\Models\PartidaModel->modify('5', '1', Object(stdClass))
#6 /home/caminos/public_html/admin2/system/CodeIgniter.php(934): App\Controllers\Partida->modify()
#7 /home/caminos/public_html/admin2/system/CodeIgniter.php(499): CodeIgniter\CodeIgniter->runController(Object(App\Controllers\Partida))
#8 /home/caminos/public_html/admin2/system/CodeIgniter.php(368): CodeIgniter\CodeIgniter->handleRequest(NULL, Object(Config\Cache), false)
#9 /home/caminos/public_html/admin2/index.php(67): CodeIgniter\CodeIgniter->run()
#10 {main}
ERROR - 2023-06-09 23:05:56 --> mysqli_sql_exception: Unknown column 'partida_id' in 'where clause' in /home/caminos/public_html/admin2/system/Database/MySQLi/Connection.php:295
Stack trace:
#0 /home/caminos/public_html/admin2/system/Database/MySQLi/Connection.php(295): mysqli->query('UPDATE `obra_pa...', 0)
#1 /home/caminos/public_html/admin2/system/Database/BaseConnection.php(691): CodeIgniter\Database\MySQLi\Connection->execute('UPDATE `obra_pa...')
#2 /home/caminos/public_html/admin2/system/Database/BaseConnection.php(605): CodeIgniter\Database\BaseConnection->simpleQuery('UPDATE `obra_pa...')
#3 /home/caminos/public_html/admin2/system/Database/BaseBuilder.php(2476): CodeIgniter\Database\BaseConnection->query('UPDATE `obra_pa...', Array, false)
#4 /home/caminos/public_html/admin2/app/Models/PartidaModel.php(91): CodeIgniter\Database\BaseBuilder->update(Array)
#5 /home/caminos/public_html/admin2/app/Controllers/Partida.php(58): App\Models\PartidaModel->modify('5', '1', Object(stdClass))
#6 /home/caminos/public_html/admin2/system/CodeIgniter.php(934): App\Controllers\Partida->modify()
#7 /home/caminos/public_html/admin2/system/CodeIgniter.php(499): CodeIgniter\CodeIgniter->runController(Object(App\Controllers\Partida))
#8 /home/caminos/public_html/admin2/system/CodeIgniter.php(368): CodeIgniter\CodeIgniter->handleRequest(NULL, Object(Config\Cache), false)
#9 /home/caminos/public_html/admin2/index.php(67): CodeIgniter\CodeIgniter->run()
#10 {main}
ERROR - 2023-06-09 23:05:56 --> mysqli_sql_exception: Unknown column 'partida_id' in 'where clause' in /home/caminos/public_html/admin2/system/Database/MySQLi/Connection.php:295
Stack trace:
#0 /home/caminos/public_html/admin2/system/Database/MySQLi/Connection.php(295): mysqli->query('UPDATE `obra_pa...', 0)
#1 /home/caminos/public_html/admin2/system/Database/BaseConnection.php(691): CodeIgniter\Database\MySQLi\Connection->execute('UPDATE `obra_pa...')
#2 /home/caminos/public_html/admin2/system/Database/BaseConnection.php(605): CodeIgniter\Database\BaseConnection->simpleQuery('UPDATE `obra_pa...')
#3 /home/caminos/public_html/admin2/system/Database/BaseBuilder.php(2476): CodeIgniter\Database\BaseConnection->query('UPDATE `obra_pa...', Array, false)
#4 /home/caminos/public_html/admin2/app/Models/PartidaModel.php(91): CodeIgniter\Database\BaseBuilder->update(Array)
#5 /home/caminos/public_html/admin2/app/Controllers/Partida.php(58): App\Models\PartidaModel->modify('5', '1', Object(stdClass))
#6 /home/caminos/public_html/admin2/system/CodeIgniter.php(934): App\Controllers\Partida->modify()
#7 /home/caminos/public_html/admin2/system/CodeIgniter.php(499): CodeIgniter\CodeIgniter->runController(Object(App\Controllers\Partida))
#8 /home/caminos/public_html/admin2/system/CodeIgniter.php(368): CodeIgniter\CodeIgniter->handleRequest(NULL, Object(Config\Cache), false)
#9 /home/caminos/public_html/admin2/index.php(67): CodeIgniter\CodeIgniter->run()
#10 {main}
ERROR - 2023-06-09 23:05:56 --> mysqli_sql_exception: Unknown column 'partida_id' in 'where clause' in /home/caminos/public_html/admin2/system/Database/MySQLi/Connection.php:295
Stack trace:
#0 /home/caminos/public_html/admin2/system/Database/MySQLi/Connection.php(295): mysqli->query('UPDATE `obra_pa...', 0)
#1 /home/caminos/public_html/admin2/system/Database/BaseConnection.php(691): CodeIgniter\Database\MySQLi\Connection->execute('UPDATE `obra_pa...')
#2 /home/caminos/public_html/admin2/system/Database/BaseConnection.php(605): CodeIgniter\Database\BaseConnection->simpleQuery('UPDATE `obra_pa...')
#3 /home/caminos/public_html/admin2/system/Database/BaseBuilder.php(2476): CodeIgniter\Database\BaseConnection->query('UPDATE `obra_pa...', Array, false)
#4 /home/caminos/public_html/admin2/app/Models/PartidaModel.php(91): CodeIgniter\Database\BaseBuilder->update(Array)
#5 /home/caminos/public_html/admin2/app/Controllers/Partida.php(58): App\Models\PartidaModel->modify('5', '1', Object(stdClass))
#6 /home/caminos/public_html/admin2/system/CodeIgniter.php(934): App\Controllers\Partida->modify()
#7 /home/caminos/public_html/admin2/system/CodeIgniter.php(499): CodeIgniter\CodeIgniter->runController(Object(App\Controllers\Partida))
#8 /home/caminos/public_html/admin2/system/CodeIgniter.php(368): CodeIgniter\CodeIgniter->handleRequest(NULL, Object(Config\Cache), false)
#9 /home/caminos/public_html/admin2/index.php(67): CodeIgniter\CodeIgniter->run()
#10 {main}
ERROR - 2023-06-09 23:05:56 --> mysqli_sql_exception: Unknown column 'partida_id' in 'where clause' in /home/caminos/public_html/admin2/system/Database/MySQLi/Connection.php:295
Stack trace:
#0 /home/caminos/public_html/admin2/system/Database/MySQLi/Connection.php(295): mysqli->query('UPDATE `obra_pa...', 0)
#1 /home/caminos/public_html/admin2/system/Database/BaseConnection.php(691): CodeIgniter\Database\MySQLi\Connection->execute('UPDATE `obra_pa...')
#2 /home/caminos/public_html/admin2/system/Database/BaseConnection.php(605): CodeIgniter\Database\BaseConnection->simpleQuery('UPDATE `obra_pa...')
#3 /home/caminos/public_html/admin2/system/Database/BaseBuilder.php(2476): CodeIgniter\Database\BaseConnection->query('UPDATE `obra_pa...', Array, false)
#4 /home/caminos/public_html/admin2/app/Models/PartidaModel.php(91): CodeIgniter\Database\BaseBuilder->update(Array)
#5 /home/caminos/public_html/admin2/app/Controllers/Partida.php(58): App\Models\PartidaModel->modify('5', '1', Object(stdClass))
#6 /home/caminos/public_html/admin2/system/CodeIgniter.php(934): App\Controllers\Partida->modify()
#7 /home/caminos/public_html/admin2/system/CodeIgniter.php(499): CodeIgniter\CodeIgniter->runController(Object(App\Controllers\Partida))
#8 /home/caminos/public_html/admin2/system/CodeIgniter.php(368): CodeIgniter\CodeIgniter->handleRequest(NULL, Object(Config\Cache), false)
#9 /home/caminos/public_html/admin2/index.php(67): CodeIgniter\CodeIgniter->run()
#10 {main}
ERROR - 2023-06-09 23:05:56 --> mysqli_sql_exception: Unknown column 'partida_id' in 'where clause' in /home/caminos/public_html/admin2/system/Database/MySQLi/Connection.php:295
Stack trace:
#0 /home/caminos/public_html/admin2/system/Database/MySQLi/Connection.php(295): mysqli->query('UPDATE `obra_pa...', 0)
#1 /home/caminos/public_html/admin2/system/Database/BaseConnection.php(691): CodeIgniter\Database\MySQLi\Connection->execute('UPDATE `obra_pa...')
#2 /home/caminos/public_html/admin2/system/Database/BaseConnection.php(605): CodeIgniter\Database\BaseConnection->simpleQuery('UPDATE `obra_pa...')
#3 /home/caminos/public_html/admin2/system/Database/BaseBuilder.php(2476): CodeIgniter\Database\BaseConnection->query('UPDATE `obra_pa...', Array, false)
#4 /home/caminos/public_html/admin2/app/Models/PartidaModel.php(91): CodeIgniter\Database\BaseBuilder->update(Array)
#5 /home/caminos/public_html/admin2/app/Controllers/Partida.php(58): App\Models\PartidaModel->modify('5', '1', Object(stdClass))
#6 /home/caminos/public_html/admin2/system/CodeIgniter.php(934): App\Controllers\Partida->modify()
#7 /home/caminos/public_html/admin2/system/CodeIgniter.php(499): CodeIgniter\CodeIgniter->runController(Object(App\Controllers\Partida))
#8 /home/caminos/public_html/admin2/system/CodeIgniter.php(368): CodeIgniter\CodeIgniter->handleRequest(NULL, Object(Config\Cache), false)
#9 /home/caminos/public_html/admin2/index.php(67): CodeIgniter\CodeIgniter->run()
#10 {main}
ERROR - 2023-06-09 23:06:02 --> mysqli_sql_exception: Unknown column 'partida_id' in 'where clause' in /home/caminos/public_html/admin2/system/Database/MySQLi/Connection.php:295
Stack trace:
#0 /home/caminos/public_html/admin2/system/Database/MySQLi/Connection.php(295): mysqli->query('UPDATE `obra_pa...', 0)
#1 /home/caminos/public_html/admin2/system/Database/BaseConnection.php(691): CodeIgniter\Database\MySQLi\Connection->execute('UPDATE `obra_pa...')
#2 /home/caminos/public_html/admin2/system/Database/BaseConnection.php(605): CodeIgniter\Database\BaseConnection->simpleQuery('UPDATE `obra_pa...')
#3 /home/caminos/public_html/admin2/system/Database/BaseBuilder.php(2476): CodeIgniter\Database\BaseConnection->query('UPDATE `obra_pa...', Array, false)
#4 /home/caminos/public_html/admin2/app/Models/PartidaModel.php(91): CodeIgniter\Database\BaseBuilder->update(Array)
#5 /home/caminos/public_html/admin2/app/Controllers/Partida.php(58): App\Models\PartidaModel->modify('5', '1', Object(stdClass))
#6 /home/caminos/public_html/admin2/system/CodeIgniter.php(934): App\Controllers\Partida->modify()
#7 /home/caminos/public_html/admin2/system/CodeIgniter.php(499): CodeIgniter\CodeIgniter->runController(Object(App\Controllers\Partida))
#8 /home/caminos/public_html/admin2/system/CodeIgniter.php(368): CodeIgniter\CodeIgniter->handleRequest(NULL, Object(Config\Cache), false)
#9 /home/caminos/public_html/admin2/index.php(67): CodeIgniter\CodeIgniter->run()
#10 {main}
ERROR - 2023-06-09 23:06:02 --> mysqli_sql_exception: Unknown column 'partida_id' in 'where clause' in /home/caminos/public_html/admin2/system/Database/MySQLi/Connection.php:295
Stack trace:
#0 /home/caminos/public_html/admin2/system/Database/MySQLi/Connection.php(295): mysqli->query('UPDATE `obra_pa...', 0)
#1 /home/caminos/public_html/admin2/system/Database/BaseConnection.php(691): CodeIgniter\Database\MySQLi\Connection->execute('UPDATE `obra_pa...')
#2 /home/caminos/public_html/admin2/system/Database/BaseConnection.php(605): CodeIgniter\Database\BaseConnection->simpleQuery('UPDATE `obra_pa...')
#3 /home/caminos/public_html/admin2/system/Database/BaseBuilder.php(2476): CodeIgniter\Database\BaseConnection->query('UPDATE `obra_pa...', Array, false)
#4 /home/caminos/public_html/admin2/app/Models/PartidaModel.php(91): CodeIgniter\Database\BaseBuilder->update(Array)
#5 /home/caminos/public_html/admin2/app/Controllers/Partida.php(58): App\Models\PartidaModel->modify('5', '1', Object(stdClass))
#6 /home/caminos/public_html/admin2/system/CodeIgniter.php(934): App\Controllers\Partida->modify()
#7 /home/caminos/public_html/admin2/system/CodeIgniter.php(499): CodeIgniter\CodeIgniter->runController(Object(App\Controllers\Partida))
#8 /home/caminos/public_html/admin2/system/CodeIgniter.php(368): CodeIgniter\CodeIgniter->handleRequest(NULL, Object(Config\Cache), false)
#9 /home/caminos/public_html/admin2/index.php(67): CodeIgniter\CodeIgniter->run()
#10 {main}
ERROR - 2023-06-09 23:06:02 --> mysqli_sql_exception: Unknown column 'partida_id' in 'where clause' in /home/caminos/public_html/admin2/system/Database/MySQLi/Connection.php:295
Stack trace:
#0 /home/caminos/public_html/admin2/system/Database/MySQLi/Connection.php(295): mysqli->query('UPDATE `obra_pa...', 0)
#1 /home/caminos/public_html/admin2/system/Database/BaseConnection.php(691): CodeIgniter\Database\MySQLi\Connection->execute('UPDATE `obra_pa...')
#2 /home/caminos/public_html/admin2/system/Database/BaseConnection.php(605): CodeIgniter\Database\BaseConnection->simpleQuery('UPDATE `obra_pa...')
#3 /home/caminos/public_html/admin2/system/Database/BaseBuilder.php(2476): CodeIgniter\Database\BaseConnection->query('UPDATE `obra_pa...', Array, false)
#4 /home/caminos/public_html/admin2/app/Models/PartidaModel.php(91): CodeIgniter\Database\BaseBuilder->update(Array)
#5 /home/caminos/public_html/admin2/app/Controllers/Partida.php(58): App\Models\PartidaModel->modify('5', '1', Object(stdClass))
#6 /home/caminos/public_html/admin2/system/CodeIgniter.php(934): App\Controllers\Partida->modify()
#7 /home/caminos/public_html/admin2/system/CodeIgniter.php(499): CodeIgniter\CodeIgniter->runController(Object(App\Controllers\Partida))
#8 /home/caminos/public_html/admin2/system/CodeIgniter.php(368): CodeIgniter\CodeIgniter->handleRequest(NULL, Object(Config\Cache), false)
#9 /home/caminos/public_html/admin2/index.php(67): CodeIgniter\CodeIgniter->run()
#10 {main}
ERROR - 2023-06-09 23:06:02 --> mysqli_sql_exception: Unknown column 'partida_id' in 'where clause' in /home/caminos/public_html/admin2/system/Database/MySQLi/Connection.php:295
Stack trace:
#0 /home/caminos/public_html/admin2/system/Database/MySQLi/Connection.php(295): mysqli->query('UPDATE `obra_pa...', 0)
#1 /home/caminos/public_html/admin2/system/Database/BaseConnection.php(691): CodeIgniter\Database\MySQLi\Connection->execute('UPDATE `obra_pa...')
#2 /home/caminos/public_html/admin2/system/Database/BaseConnection.php(605): CodeIgniter\Database\BaseConnection->simpleQuery('UPDATE `obra_pa...')
#3 /home/caminos/public_html/admin2/system/Database/BaseBuilder.php(2476): CodeIgniter\Database\BaseConnection->query('UPDATE `obra_pa...', Array, false)
#4 /home/caminos/public_html/admin2/app/Models/PartidaModel.php(91): CodeIgniter\Database\BaseBuilder->update(Array)
#5 /home/caminos/public_html/admin2/app/Controllers/Partida.php(58): App\Models\PartidaModel->modify('5', '1', Object(stdClass))
#6 /home/caminos/public_html/admin2/system/CodeIgniter.php(934): App\Controllers\Partida->modify()
#7 /home/caminos/public_html/admin2/system/CodeIgniter.php(499): CodeIgniter\CodeIgniter->runController(Object(App\Controllers\Partida))
#8 /home/caminos/public_html/admin2/system/CodeIgniter.php(368): CodeIgniter\CodeIgniter->handleRequest(NULL, Object(Config\Cache), false)
#9 /home/caminos/public_html/admin2/index.php(67): CodeIgniter\CodeIgniter->run()
#10 {main}
ERROR - 2023-06-09 23:06:02 --> mysqli_sql_exception: Unknown column 'partida_id' in 'where clause' in /home/caminos/public_html/admin2/system/Database/MySQLi/Connection.php:295
Stack trace:
#0 /home/caminos/public_html/admin2/system/Database/MySQLi/Connection.php(295): mysqli->query('UPDATE `obra_pa...', 0)
#1 /home/caminos/public_html/admin2/system/Database/BaseConnection.php(691): CodeIgniter\Database\MySQLi\Connection->execute('UPDATE `obra_pa...')
#2 /home/caminos/public_html/admin2/system/Database/BaseConnection.php(605): CodeIgniter\Database\BaseConnection->simpleQuery('UPDATE `obra_pa...')
#3 /home/caminos/public_html/admin2/system/Database/BaseBuilder.php(2476): CodeIgniter\Database\BaseConnection->query('UPDATE `obra_pa...', Array, false)
#4 /home/caminos/public_html/admin2/app/Models/PartidaModel.php(91): CodeIgniter\Database\BaseBuilder->update(Array)
#5 /home/caminos/public_html/admin2/app/Controllers/Partida.php(58): App\Models\PartidaModel->modify('5', '1', Object(stdClass))
#6 /home/caminos/public_html/admin2/system/CodeIgniter.php(934): App\Controllers\Partida->modify()
#7 /home/caminos/public_html/admin2/system/CodeIgniter.php(499): CodeIgniter\CodeIgniter->runController(Object(App\Controllers\Partida))
#8 /home/caminos/public_html/admin2/system/CodeIgniter.php(368): CodeIgniter\CodeIgniter->handleRequest(NULL, Object(Config\Cache), false)
#9 /home/caminos/public_html/admin2/index.php(67): CodeIgniter\CodeIgniter->run()
#10 {main}
