CRITICAL - 2023-07-24 22:38:05 --> Division by zero
in APPPATH/Models/UniversoModel.php on line 723.
 1 APPPATH/Controllers/Universo.php(501): App\Models\UniversoModel->getGraficaPortafolio(2023, [...], [...])
 2 SYSTEMPATH/CodeIgniter.php(934): App\Controllers\Universo->graficaPortafolio()
 3 SYSTEMPATH/CodeIgniter.php(499): CodeIgniter\CodeIgniter->runController(Object(App\Controllers\Universo))
 4 SYSTEMPATH/CodeIgniter.php(368): CodeIgniter\CodeIgniter->handleRequest(null, Object(Config\Cache), false)
 5 FCPATH/index.php(67): CodeIgniter\CodeIgniter->run()
CRITICAL - 2023-07-24 22:38:11 --> Division by zero
in APPPATH/Models/UniversoModel.php on line 723.
 1 APPPATH/Controllers/Universo.php(501): App\Models\UniversoModel->getGraficaPortafolio(2023, [...], [...])
 2 SYSTEMPATH/CodeIgniter.php(934): App\Controllers\Universo->graficaPortafolio()
 3 SYSTEMPATH/CodeIgniter.php(499): CodeIgniter\CodeIgniter->runController(Object(App\Controllers\Universo))
 4 SYSTEMPATH/CodeIgniter.php(368): CodeIgniter\CodeIgniter->handleRequest(null, Object(Config\Cache), false)
 5 FCPATH/index.php(67): CodeIgniter\CodeIgniter->run()
CRITICAL - 2023-07-24 22:38:19 --> Division by zero
in APPPATH/Models/UniversoModel.php on line 723.
 1 APPPATH/Controllers/Universo.php(501): App\Models\UniversoModel->getGraficaPortafolio(2023, [...], [...])
 2 SYSTEMPATH/CodeIgniter.php(934): App\Controllers\Universo->graficaPortafolio()
 3 SYSTEMPATH/CodeIgniter.php(499): CodeIgniter\CodeIgniter->runController(Object(App\Controllers\Universo))
 4 SYSTEMPATH/CodeIgniter.php(368): CodeIgniter\CodeIgniter->handleRequest(null, Object(Config\Cache), false)
 5 FCPATH/index.php(67): CodeIgniter\CodeIgniter->run()
