ERROR - 2023-11-03 16:06:10 --> mysqli_sql_exception: Table 'sistemacapturas.ticket' doesn't exist in C:\xampp\htdocs\app\system\Database\MySQLi\Connection.php:295
Stack trace:
#0 C:\xampp\htdocs\app\system\Database\MySQLi\Connection.php(295): mysqli->query('SELECT * FROM `...', 0)
#1 C:\xampp\htdocs\app\system\Database\BaseConnection.php(691): CodeIgniter\Database\MySQLi\Connection->execute('SELECT * FROM `...')
#2 C:\xampp\htdocs\app\system\Database\BaseConnection.php(605): CodeIgniter\Database\BaseConnection->simpleQuery('SELECT * FROM `...')
#3 C:\xampp\htdocs\app\app\Models\EntregableModel.php(11): CodeIgniter\Database\BaseConnection->query('SELECT * FROM `...')
#4 C:\xampp\htdocs\app\app\Controllers\Entregable.php(32): App\Models\EntregableModel->ticketXmes(10)
#5 C:\xampp\htdocs\app\system\CodeIgniter.php(934): App\Controllers\Entregable->pdftickets(10)
#6 C:\xampp\htdocs\app\system\CodeIgniter.php(499): CodeIgniter\CodeIgniter->runController(Object(App\Controllers\Entregable))
#7 C:\xampp\htdocs\app\system\CodeIgniter.php(368): CodeIgniter\CodeIgniter->handleRequest(NULL, Object(Config\Cache), false)
#8 C:\xampp\htdocs\app\index.php(67): CodeIgniter\CodeIgniter->run()
#9 {main}
CRITICAL - 2023-11-03 16:06:10 --> Table 'sistemacapturas.ticket' doesn't exist
in SYSTEMPATH\Database\BaseConnection.php on line 645.
 1 APPPATH\Models\EntregableModel.php(11): CodeIgniter\Database\BaseConnection->query('SELECT * FROM `ticket` LEFT JOIN estado on ticket.id_status=estado.id_status where mes=10')
 2 APPPATH\Controllers\Entregable.php(32): App\Models\EntregableModel->ticketXmes(10)
 3 SYSTEMPATH\CodeIgniter.php(934): App\Controllers\Entregable->pdftickets(10)
 4 SYSTEMPATH\CodeIgniter.php(499): CodeIgniter\CodeIgniter->runController(Object(App\Controllers\Entregable))
 5 SYSTEMPATH\CodeIgniter.php(368): CodeIgniter\CodeIgniter->handleRequest(null, Object(Config\Cache), false)
 6 FCPATH\index.php(67): CodeIgniter\CodeIgniter->run()
CRITICAL - 2023-11-03 18:08:44 --> Undefined property: stdClass::$mesDesc
in APPPATH\Views\entregables\reporte_tickets.php on line 175.
 1 APPPATH\Views\entregables\reporte_tickets.php(175): CodeIgniter\Debug\Exceptions->errorHandler(2, 'Undefined property: stdClass::$mesDesc', 'APPPATH\\Views\\entregables\\reporte_tickets.php', 175)
 2 SYSTEMPATH\View\View.php(213): include('APPPATH\\Views\\entregables\\reporte_tickets.php')
 3 SYSTEMPATH\View\View.php(216): CodeIgniter\View\View->CodeIgniter\View\{closure}()
 4 SYSTEMPATH\Common.php(1184): CodeIgniter\View\View->render('entregables/reporte_tickets', [], true)
 5 APPPATH\Controllers\Entregable.php(51): view('entregables/reporte_tickets', [...])
 6 SYSTEMPATH\CodeIgniter.php(934): App\Controllers\Entregable->pdftickets(10)
 7 SYSTEMPATH\CodeIgniter.php(499): CodeIgniter\CodeIgniter->runController(Object(App\Controllers\Entregable))
 8 SYSTEMPATH\CodeIgniter.php(368): CodeIgniter\CodeIgniter->handleRequest(null, Object(Config\Cache), false)
 9 FCPATH\index.php(67): CodeIgniter\CodeIgniter->run()
ERROR - 2023-11-03 18:21:44 --> mysqli_sql_exception: Table 'ticketschat.captura' doesn't exist in C:\xampp\htdocs\app\system\Database\MySQLi\Connection.php:295
Stack trace:
#0 C:\xampp\htdocs\app\system\Database\MySQLi\Connection.php(295): mysqli->query('select *, (sele...', 0)
#1 C:\xampp\htdocs\app\system\Database\BaseConnection.php(691): CodeIgniter\Database\MySQLi\Connection->execute('select *, (sele...')
#2 C:\xampp\htdocs\app\system\Database\BaseConnection.php(605): CodeIgniter\Database\BaseConnection->simpleQuery('select *, (sele...')
#3 C:\xampp\htdocs\app\app\Models\CapturasModel.php(83): CodeIgniter\Database\BaseConnection->query('select *, (sele...')
#4 C:\xampp\htdocs\app\app\Controllers\Entregable.php(58): App\Models\CapturasModel->expedientecaptura()
#5 C:\xampp\htdocs\app\system\CodeIgniter.php(934): App\Controllers\Entregable->pdfcapturas()
#6 C:\xampp\htdocs\app\system\CodeIgniter.php(499): CodeIgniter\CodeIgniter->runController(Object(App\Controllers\Entregable))
#7 C:\xampp\htdocs\app\system\CodeIgniter.php(368): CodeIgniter\CodeIgniter->handleRequest(NULL, Object(Config\Cache), false)
#8 C:\xampp\htdocs\app\index.php(67): CodeIgniter\CodeIgniter->run()
#9 {main}
CRITICAL - 2023-11-03 18:21:44 --> Table 'ticketschat.captura' doesn't exist
in SYSTEMPATH\Database\BaseConnection.php on line 645.
 1 APPPATH\Models\CapturasModel.php(83): CodeIgniter\Database\BaseConnection->query('select *, (select count(datos_generales) 
        from captura 
        where datos_generales=\'revisado\') as revisado,
        (select count(datos_generales) 
         from captura 
         where datos_generales=\'pendiente\') as pendiente, 
         (select count(datos_generales) 
          from captura 
          where datos_generales=\'observado\') as observado,
          (select count(datos_generales) 
           from captura 
           where datos_generales=\'enviado\') as enviado 
           from captura 
           INNER JOIN universo on captura.obra=universo.universo_id 
           GROUP by universo.categoria')
 2 APPPATH\Controllers\Entregable.php(58): App\Models\CapturasModel->expedientecaptura()
 3 SYSTEMPATH\CodeIgniter.php(934): App\Controllers\Entregable->pdfcapturas()
 4 SYSTEMPATH\CodeIgniter.php(499): CodeIgniter\CodeIgniter->runController(Object(App\Controllers\Entregable))
 5 SYSTEMPATH\CodeIgniter.php(368): CodeIgniter\CodeIgniter->handleRequest(null, Object(Config\Cache), false)
 6 FCPATH\index.php(67): CodeIgniter\CodeIgniter->run()
