CRITICAL - 2023-09-02 16:39:44 --> Class "Dompdf\Dompdf" not found
in APPPATH\Controllers\FileUpload.php on line 168.
 1 SYSTEMPATH\CodeIgniter.php(934): App\Controllers\FileUpload->generatePDF()
 2 SYSTEMPATH\CodeIgniter.php(499): CodeIgniter\CodeIgniter->runController(Object(App\Controllers\FileUpload))
 3 SYSTEMPATH\CodeIgniter.php(368): CodeIgniter\CodeIgniter->handleRequest(null, Object(Config\Cache), false)
 4 FCPATH\index.php(67): CodeIgniter\CodeIgniter->run()
CRITICAL - 2023-09-02 16:43:15 --> Class "App\Controllers\Dompdf\Dompdf" not found
in APPPATH\Controllers\FileUpload.php on line 168.
 1 SYSTEMPATH\CodeIgniter.php(934): App\Controllers\FileUpload->generatePDF()
 2 SYSTEMPATH\CodeIgniter.php(499): CodeIgniter\CodeIgniter->runController(Object(App\Controllers\FileUpload))
 3 SYSTEMPATH\CodeIgniter.php(368): CodeIgniter\CodeIgniter->handleRequest(null, Object(Config\Cache), false)
 4 FCPATH\index.php(67): CodeIgniter\CodeIgniter->run()
CRITICAL - 2023-09-02 16:59:16 --> Undefined variable $data
in APPPATH\Views\oficio_secretaria.php on line 46.
 1 APPPATH\Views\oficio_secretaria.php(46): CodeIgniter\Debug\Exceptions->errorHandler(2, 'Undefined variable $data', 'APPPATH\\Views\\oficio_secretaria.php', 46)
 2 SYSTEMPATH\View\View.php(213): include('APPPATH\\Views\\oficio_secretaria.php')
 3 SYSTEMPATH\View\View.php(216): CodeIgniter\View\View->CodeIgniter\View\{closure}()
 4 SYSTEMPATH\Common.php(1184): CodeIgniter\View\View->render('oficio_secretaria', [], true)
 5 APPPATH\Controllers\FileUpload.php(169): view('oficio_secretaria', [...])
 6 SYSTEMPATH\CodeIgniter.php(934): App\Controllers\FileUpload->generatePDF()
 7 SYSTEMPATH\CodeIgniter.php(499): CodeIgniter\CodeIgniter->runController(Object(App\Controllers\FileUpload))
 8 SYSTEMPATH\CodeIgniter.php(368): CodeIgniter\CodeIgniter->handleRequest(null, Object(Config\Cache), false)
 9 FCPATH\index.php(67): CodeIgniter\CodeIgniter->run()
CRITICAL - 2023-09-02 17:15:12 --> Class "Mpdf\Mpdf" not found
in APPPATH\Controllers\FileUpload.php on line 179.
 1 SYSTEMPATH\CodeIgniter.php(934): App\Controllers\FileUpload->generatePDF()
 2 SYSTEMPATH\CodeIgniter.php(499): CodeIgniter\CodeIgniter->runController(Object(App\Controllers\FileUpload))
 3 SYSTEMPATH\CodeIgniter.php(368): CodeIgniter\CodeIgniter->handleRequest(null, Object(Config\Cache), false)
 4 FCPATH\index.php(67): CodeIgniter\CodeIgniter->run()
CRITICAL - 2023-09-02 17:16:10 --> Class "Mpdf\Mpdf" not found
in APPPATH\Controllers\FileUpload.php on line 179.
 1 SYSTEMPATH\CodeIgniter.php(934): App\Controllers\FileUpload->generatePDF()
 2 SYSTEMPATH\CodeIgniter.php(499): CodeIgniter\CodeIgniter->runController(Object(App\Controllers\FileUpload))
 3 SYSTEMPATH\CodeIgniter.php(368): CodeIgniter\CodeIgniter->handleRequest(null, Object(Config\Cache), false)
 4 FCPATH\index.php(67): CodeIgniter\CodeIgniter->run()
CRITICAL - 2023-09-02 17:17:40 --> Class "Mpdf\Mpdf" not found
in APPPATH\Controllers\FileUpload.php on line 179.
 1 SYSTEMPATH\CodeIgniter.php(934): App\Controllers\FileUpload->generatePDF()
 2 SYSTEMPATH\CodeIgniter.php(499): CodeIgniter\CodeIgniter->runController(Object(App\Controllers\FileUpload))
 3 SYSTEMPATH\CodeIgniter.php(368): CodeIgniter\CodeIgniter->handleRequest(null, Object(Config\Cache), false)
 4 FCPATH\index.php(67): CodeIgniter\CodeIgniter->run()
CRITICAL - 2023-09-02 17:25:13 --> Class "Mpdf\Mpdf" not found
in APPPATH\Controllers\FileUpload.php on line 179.
 1 SYSTEMPATH\CodeIgniter.php(934): App\Controllers\FileUpload->generatePDF()
 2 SYSTEMPATH\CodeIgniter.php(499): CodeIgniter\CodeIgniter->runController(Object(App\Controllers\FileUpload))
 3 SYSTEMPATH\CodeIgniter.php(368): CodeIgniter\CodeIgniter->handleRequest(null, Object(Config\Cache), false)
 4 FCPATH\index.php(67): CodeIgniter\CodeIgniter->run()
