ERROR - 2023-11-14 00:06:05 --> mysqli_sql_exception: Column 'obra' cannot be null in C:\xampp\htdocs\app\system\Database\MySQLi\Connection.php:295
Stack trace:
#0 C:\xampp\htdocs\app\system\Database\MySQLi\Connection.php(295): mysqli->query('INSERT INTO `av...', 0)
#1 C:\xampp\htdocs\app\system\Database\BaseConnection.php(691): CodeIgniter\Database\MySQLi\Connection->execute('INSERT INTO `av...')
#2 C:\xampp\htdocs\app\system\Database\BaseConnection.php(605): CodeIgniter\Database\BaseConnection->simpleQuery('INSERT INTO `av...')
#3 C:\xampp\htdocs\app\system\Database\BaseBuilder.php(2309): CodeIgniter\Database\BaseConnection->query('INSERT INTO `av...', Array, false)
#4 C:\xampp\htdocs\app\app\Models\ApiModel.php(29): CodeIgniter\Database\BaseBuilder->insert(Array)
#5 C:\xampp\htdocs\app\app\Controllers\ApiAppController.php(103): App\Models\ApiModel->insertar(Array)
#6 C:\xampp\htdocs\app\system\CodeIgniter.php(934): App\Controllers\ApiAppController->create()
#7 C:\xampp\htdocs\app\system\CodeIgniter.php(499): CodeIgniter\CodeIgniter->runController(Object(App\Controllers\ApiAppController))
#8 C:\xampp\htdocs\app\system\CodeIgniter.php(368): CodeIgniter\CodeIgniter->handleRequest(NULL, Object(Config\Cache), false)
#9 C:\xampp\htdocs\app\index.php(67): CodeIgniter\CodeIgniter->run()
#10 {main}
CRITICAL - 2023-11-14 00:06:05 --> Column 'obra' cannot be null
in SYSTEMPATH\Database\BaseConnection.php on line 645.
 1 SYSTEMPATH\Database\BaseBuilder.php(2309): CodeIgniter\Database\BaseConnection->query('INSERT INTO `avances` (`obra`, `user_captura`, `created_at`, `porcentaje_ejecutado`, `porcentaje_programado`, `semaforo`, `observaciones_sociales`, `observaciones_tecnicas`, `personal_observaciones`, `material_observaciones`, `equipo_observaciones`, `herramienta_observaciones`, `captura_tipo`, `detenida`, `problematica`, `problematica_descripcion`, `problematica_resuelta`) VALUES (:obra:, :user_captura:, :created_at:, :porcentaje_ejecutado:, :porcentaje_programado:, :semaforo:, :observaciones_sociales:, :observaciones_tecnicas:, :personal_observaciones:, :material_observaciones:, :equipo_observaciones:, :herramienta_observaciones:, :captura_tipo:, :detenida:, :problematica:, :problematica_descripcion:, :problematica_resuelta:)', [...], false)
 2 APPPATH\Models\ApiModel.php(29): CodeIgniter\Database\BaseBuilder->insert([...])
 3 APPPATH\Controllers\ApiAppController.php(103): App\Models\ApiModel->insertar([...])
 4 SYSTEMPATH\CodeIgniter.php(934): App\Controllers\ApiAppController->create()
 5 SYSTEMPATH\CodeIgniter.php(499): CodeIgniter\CodeIgniter->runController(Object(App\Controllers\ApiAppController))
 6 SYSTEMPATH\CodeIgniter.php(368): CodeIgniter\CodeIgniter->handleRequest(null, Object(Config\Cache), false)
 7 FCPATH\index.php(67): CodeIgniter\CodeIgniter->run()
