CRITICAL - 2023-08-26 16:01:11 --> Undefined property: stdClass::$storage_local
in APPPATH\Controllers\Listados.php on line 25.
 1 APPPATH\Controllers\Listados.php(25): CodeIgniter\Debug\Exceptions->errorHandler(2, 'Undefined property: stdClass::$storage_local', 'APPPATH\\Controllers\\Listados.php', 25)
 2 SYSTEMPATH\CodeIgniter.php(934): App\Controllers\Listados->qrdocumentos('4')
 3 SYSTEMPATH\CodeIgniter.php(499): CodeIgniter\CodeIgniter->runController(Object(App\Controllers\Listados))
 4 SYSTEMPATH\CodeIgniter.php(368): CodeIgniter\CodeIgniter->handleRequest(null, Object(Config\Cache), false)
 5 FCPATH\index.php(67): CodeIgniter\CodeIgniter->run()
CRITICAL - 2023-08-26 16:01:15 --> Undefined variable $estado
in APPPATH\Views\listas.php on line 68.
 1 APPPATH\Views\listas.php(68): CodeIgniter\Debug\Exceptions->errorHandler(2, 'Undefined variable $estado', 'APPPATH\\Views\\listas.php', 68)
 2 SYSTEMPATH\View\View.php(213): include('APPPATH\\Views\\listas.php')
 3 SYSTEMPATH\View\View.php(216): CodeIgniter\View\View->CodeIgniter\View\{closure}()
 4 SYSTEMPATH\Common.php(1184): CodeIgniter\View\View->render('listas', [], true)
 5 APPPATH\Controllers\Listados.php(19): view('listas', [...])
 6 SYSTEMPATH\CodeIgniter.php(934): App\Controllers\Listados->documentos()
 7 SYSTEMPATH\CodeIgniter.php(499): CodeIgniter\CodeIgniter->runController(Object(App\Controllers\Listados))
 8 SYSTEMPATH\CodeIgniter.php(368): CodeIgniter\CodeIgniter->handleRequest(null, Object(Config\Cache), false)
 9 FCPATH\index.php(67): CodeIgniter\CodeIgniter->run()
CRITICAL - 2023-08-26 16:01:27 --> Undefined variable $estado
in APPPATH\Views\listas.php on line 68.
 1 APPPATH\Views\listas.php(68): CodeIgniter\Debug\Exceptions->errorHandler(2, 'Undefined variable $estado', 'APPPATH\\Views\\listas.php', 68)
 2 SYSTEMPATH\View\View.php(213): include('APPPATH\\Views\\listas.php')
 3 SYSTEMPATH\View\View.php(216): CodeIgniter\View\View->CodeIgniter\View\{closure}()
 4 SYSTEMPATH\Common.php(1184): CodeIgniter\View\View->render('listas', [], true)
 5 APPPATH\Controllers\Listados.php(19): view('listas', [...])
 6 SYSTEMPATH\CodeIgniter.php(934): App\Controllers\Listados->documentos()
 7 SYSTEMPATH\CodeIgniter.php(499): CodeIgniter\CodeIgniter->runController(Object(App\Controllers\Listados))
 8 SYSTEMPATH\CodeIgniter.php(368): CodeIgniter\CodeIgniter->handleRequest(null, Object(Config\Cache), false)
 9 FCPATH\index.php(67): CodeIgniter\CodeIgniter->run()
CRITICAL - 2023-08-26 17:53:21 --> Undefined property: stdClass::$storage_local
in APPPATH\Controllers\Listados.php on line 25.
 1 APPPATH\Controllers\Listados.php(25): CodeIgniter\Debug\Exceptions->errorHandler(2, 'Undefined property: stdClass::$storage_local', 'APPPATH\\Controllers\\Listados.php', 25)
 2 SYSTEMPATH\CodeIgniter.php(934): App\Controllers\Listados->qrdocumentos('15')
 3 SYSTEMPATH\CodeIgniter.php(499): CodeIgniter\CodeIgniter->runController(Object(App\Controllers\Listados))
 4 SYSTEMPATH\CodeIgniter.php(368): CodeIgniter\CodeIgniter->handleRequest(null, Object(Config\Cache), false)
 5 FCPATH\index.php(67): CodeIgniter\CodeIgniter->run()
CRITICAL - 2023-08-26 11:59:57 --> Unsupported operand types: string + int
in APPPATH\Controllers\FileUpload.php on line 56.
 1 SYSTEMPATH\CodeIgniter.php(934): App\Controllers\FileUpload->upload()
 2 SYSTEMPATH\CodeIgniter.php(499): CodeIgniter\CodeIgniter->runController(Object(App\Controllers\FileUpload))
 3 SYSTEMPATH\CodeIgniter.php(368): CodeIgniter\CodeIgniter->handleRequest(null, Object(Config\Cache), false)
 4 FCPATH\index.php(67): CodeIgniter\CodeIgniter->run()
