CRITICAL - 2023-10-11 18:31:59 --> Undefined variable $total_documentos
in APPPATH\Views\expediente.php on line 59.
 1 APPPATH\Views\expediente.php(59): CodeIgniter\Debug\Exceptions->errorHandler(2, 'Undefined variable $total_documentos', 'APPPATH\\Views\\expediente.php', 59)
 2 SYSTEMPATH\View\View.php(213): include('APPPATH\\Views\\expediente.php')
 3 SYSTEMPATH\View\View.php(216): CodeIgniter\View\View->CodeIgniter\View\{closure}()
 4 SYSTEMPATH\Common.php(1184): CodeIgniter\View\View->render('expediente', [], true)
 5 APPPATH\Controllers\ExpedienteObra.php(24): view('expediente', [...])
 6 SYSTEMPATH\CodeIgniter.php(934): App\Controllers\ExpedienteObra->expedientes()
 7 SYSTEMPATH\CodeIgniter.php(499): CodeIgniter\CodeIgniter->runController(Object(App\Controllers\ExpedienteObra))
 8 SYSTEMPATH\CodeIgniter.php(368): CodeIgniter\CodeIgniter->handleRequest(null, Object(Config\Cache), false)
 9 FCPATH\index.php(67): CodeIgniter\CodeIgniter->run()
CRITICAL - 2023-10-11 18:35:36 --> Undefined variable $partidas_documentos
in APPPATH\Views\expediente.php on line 54.
 1 APPPATH\Views\expediente.php(54): CodeIgniter\Debug\Exceptions->errorHandler(2, 'Undefined variable $partidas_documentos', 'APPPATH\\Views\\expediente.php', 54)
 2 SYSTEMPATH\View\View.php(213): include('APPPATH\\Views\\expediente.php')
 3 SYSTEMPATH\View\View.php(216): CodeIgniter\View\View->CodeIgniter\View\{closure}()
 4 SYSTEMPATH\Common.php(1184): CodeIgniter\View\View->render('expediente', [], true)
 5 APPPATH\Controllers\ExpedienteObra.php(24): view('expediente', [...])
 6 SYSTEMPATH\CodeIgniter.php(934): App\Controllers\ExpedienteObra->expedientes()
 7 SYSTEMPATH\CodeIgniter.php(499): CodeIgniter\CodeIgniter->runController(Object(App\Controllers\ExpedienteObra))
 8 SYSTEMPATH\CodeIgniter.php(368): CodeIgniter\CodeIgniter->handleRequest(null, Object(Config\Cache), false)
 9 FCPATH\index.php(67): CodeIgniter\CodeIgniter->run()
CRITICAL - 2023-10-11 18:53:11 --> Failed to parse time string (23232323-1010-1111) at position 7 (3): Unexpected character
in APPPATH\Views\expediente.php on line 60.
 1 APPPATH\Views\expediente.php(60): DateTime->__construct('23232323-1010-1111')
 2 SYSTEMPATH\View\View.php(213): include('APPPATH\\Views\\expediente.php')
 3 SYSTEMPATH\View\View.php(216): CodeIgniter\View\View->CodeIgniter\View\{closure}()
 4 SYSTEMPATH\Common.php(1184): CodeIgniter\View\View->render('expediente', [], true)
 5 APPPATH\Controllers\ExpedienteObra.php(24): view('expediente', [...])
 6 SYSTEMPATH\CodeIgniter.php(934): App\Controllers\ExpedienteObra->expedientes()
 7 SYSTEMPATH\CodeIgniter.php(499): CodeIgniter\CodeIgniter->runController(Object(App\Controllers\ExpedienteObra))
 8 SYSTEMPATH\CodeIgniter.php(368): CodeIgniter\CodeIgniter->handleRequest(null, Object(Config\Cache), false)
 9 FCPATH\index.php(67): CodeIgniter\CodeIgniter->run()
CRITICAL - 2023-10-11 23:13:27 --> Undefined variable $total_enviados
in APPPATH\Views\expediente.php on line 101.
 1 APPPATH\Views\expediente.php(101): CodeIgniter\Debug\Exceptions->errorHandler(2, 'Undefined variable $total_enviados', 'APPPATH\\Views\\expediente.php', 101)
 2 SYSTEMPATH\View\View.php(213): include('APPPATH\\Views\\expediente.php')
 3 SYSTEMPATH\View\View.php(216): CodeIgniter\View\View->CodeIgniter\View\{closure}()
 4 SYSTEMPATH\Common.php(1184): CodeIgniter\View\View->render('expediente', [], true)
 5 APPPATH\Controllers\ExpedienteObra.php(24): view('expediente', [...])
 6 SYSTEMPATH\CodeIgniter.php(934): App\Controllers\ExpedienteObra->expedientes()
 7 SYSTEMPATH\CodeIgniter.php(499): CodeIgniter\CodeIgniter->runController(Object(App\Controllers\ExpedienteObra))
 8 SYSTEMPATH\CodeIgniter.php(368): CodeIgniter\CodeIgniter->handleRequest(null, Object(Config\Cache), false)
 9 FCPATH\index.php(67): CodeIgniter\CodeIgniter->run()
CRITICAL - 2023-10-11 23:14:18 --> Undefined variable $total_enviados
in APPPATH\Views\expediente.php on line 101.
 1 APPPATH\Views\expediente.php(101): CodeIgniter\Debug\Exceptions->errorHandler(2, 'Undefined variable $total_enviados', 'APPPATH\\Views\\expediente.php', 101)
 2 SYSTEMPATH\View\View.php(213): include('APPPATH\\Views\\expediente.php')
 3 SYSTEMPATH\View\View.php(216): CodeIgniter\View\View->CodeIgniter\View\{closure}()
 4 SYSTEMPATH\Common.php(1184): CodeIgniter\View\View->render('expediente', [], true)
 5 APPPATH\Controllers\ExpedienteObra.php(24): view('expediente', [...])
 6 SYSTEMPATH\CodeIgniter.php(934): App\Controllers\ExpedienteObra->expedientes()
 7 SYSTEMPATH\CodeIgniter.php(499): CodeIgniter\CodeIgniter->runController(Object(App\Controllers\ExpedienteObra))
 8 SYSTEMPATH\CodeIgniter.php(368): CodeIgniter\CodeIgniter->handleRequest(null, Object(Config\Cache), false)
 9 FCPATH\index.php(67): CodeIgniter\CodeIgniter->run()
CRITICAL - 2023-10-11 23:14:23 --> Undefined variable $total_enviados
in APPPATH\Views\expediente.php on line 101.
 1 APPPATH\Views\expediente.php(101): CodeIgniter\Debug\Exceptions->errorHandler(2, 'Undefined variable $total_enviados', 'APPPATH\\Views\\expediente.php', 101)
 2 SYSTEMPATH\View\View.php(213): include('APPPATH\\Views\\expediente.php')
 3 SYSTEMPATH\View\View.php(216): CodeIgniter\View\View->CodeIgniter\View\{closure}()
 4 SYSTEMPATH\Common.php(1184): CodeIgniter\View\View->render('expediente', [], true)
 5 APPPATH\Controllers\ExpedienteObra.php(24): view('expediente', [...])
 6 SYSTEMPATH\CodeIgniter.php(934): App\Controllers\ExpedienteObra->expedientes()
 7 SYSTEMPATH\CodeIgniter.php(499): CodeIgniter\CodeIgniter->runController(Object(App\Controllers\ExpedienteObra))
 8 SYSTEMPATH\CodeIgniter.php(368): CodeIgniter\CodeIgniter->handleRequest(null, Object(Config\Cache), false)
 9 FCPATH\index.php(67): CodeIgniter\CodeIgniter->run()
CRITICAL - 2023-10-11 23:14:24 --> Undefined variable $total_enviados
in APPPATH\Views\expediente.php on line 101.
 1 APPPATH\Views\expediente.php(101): CodeIgniter\Debug\Exceptions->errorHandler(2, 'Undefined variable $total_enviados', 'APPPATH\\Views\\expediente.php', 101)
 2 SYSTEMPATH\View\View.php(213): include('APPPATH\\Views\\expediente.php')
 3 SYSTEMPATH\View\View.php(216): CodeIgniter\View\View->CodeIgniter\View\{closure}()
 4 SYSTEMPATH\Common.php(1184): CodeIgniter\View\View->render('expediente', [], true)
 5 APPPATH\Controllers\ExpedienteObra.php(24): view('expediente', [...])
 6 SYSTEMPATH\CodeIgniter.php(934): App\Controllers\ExpedienteObra->expedientes()
 7 SYSTEMPATH\CodeIgniter.php(499): CodeIgniter\CodeIgniter->runController(Object(App\Controllers\ExpedienteObra))
 8 SYSTEMPATH\CodeIgniter.php(368): CodeIgniter\CodeIgniter->handleRequest(null, Object(Config\Cache), false)
 9 FCPATH\index.php(67): CodeIgniter\CodeIgniter->run()
CRITICAL - 2023-10-11 23:14:26 --> Undefined variable $total_enviados
in APPPATH\Views\expediente.php on line 101.
 1 APPPATH\Views\expediente.php(101): CodeIgniter\Debug\Exceptions->errorHandler(2, 'Undefined variable $total_enviados', 'APPPATH\\Views\\expediente.php', 101)
 2 SYSTEMPATH\View\View.php(213): include('APPPATH\\Views\\expediente.php')
 3 SYSTEMPATH\View\View.php(216): CodeIgniter\View\View->CodeIgniter\View\{closure}()
 4 SYSTEMPATH\Common.php(1184): CodeIgniter\View\View->render('expediente', [], true)
 5 APPPATH\Controllers\ExpedienteObra.php(24): view('expediente', [...])
 6 SYSTEMPATH\CodeIgniter.php(934): App\Controllers\ExpedienteObra->expedientes()
 7 SYSTEMPATH\CodeIgniter.php(499): CodeIgniter\CodeIgniter->runController(Object(App\Controllers\ExpedienteObra))
 8 SYSTEMPATH\CodeIgniter.php(368): CodeIgniter\CodeIgniter->handleRequest(null, Object(Config\Cache), false)
 9 FCPATH\index.php(67): CodeIgniter\CodeIgniter->run()
CRITICAL - 2023-10-11 23:14:26 --> Undefined variable $total_enviados
in APPPATH\Views\expediente.php on line 101.
 1 APPPATH\Views\expediente.php(101): CodeIgniter\Debug\Exceptions->errorHandler(2, 'Undefined variable $total_enviados', 'APPPATH\\Views\\expediente.php', 101)
 2 SYSTEMPATH\View\View.php(213): include('APPPATH\\Views\\expediente.php')
 3 SYSTEMPATH\View\View.php(216): CodeIgniter\View\View->CodeIgniter\View\{closure}()
 4 SYSTEMPATH\Common.php(1184): CodeIgniter\View\View->render('expediente', [], true)
 5 APPPATH\Controllers\ExpedienteObra.php(24): view('expediente', [...])
 6 SYSTEMPATH\CodeIgniter.php(934): App\Controllers\ExpedienteObra->expedientes()
 7 SYSTEMPATH\CodeIgniter.php(499): CodeIgniter\CodeIgniter->runController(Object(App\Controllers\ExpedienteObra))
 8 SYSTEMPATH\CodeIgniter.php(368): CodeIgniter\CodeIgniter->handleRequest(null, Object(Config\Cache), false)
 9 FCPATH\index.php(67): CodeIgniter\CodeIgniter->run()
CRITICAL - 2023-10-11 23:18:23 --> Undefined variable $total_enviados
in APPPATH\Views\expediente.php on line 101.
 1 APPPATH\Views\expediente.php(101): CodeIgniter\Debug\Exceptions->errorHandler(2, 'Undefined variable $total_enviados', 'APPPATH\\Views\\expediente.php', 101)
 2 SYSTEMPATH\View\View.php(213): include('APPPATH\\Views\\expediente.php')
 3 SYSTEMPATH\View\View.php(216): CodeIgniter\View\View->CodeIgniter\View\{closure}()
 4 SYSTEMPATH\Common.php(1184): CodeIgniter\View\View->render('expediente', [], true)
 5 APPPATH\Controllers\ExpedienteObra.php(24): view('expediente', [...])
 6 SYSTEMPATH\CodeIgniter.php(934): App\Controllers\ExpedienteObra->expedientes()
 7 SYSTEMPATH\CodeIgniter.php(499): CodeIgniter\CodeIgniter->runController(Object(App\Controllers\ExpedienteObra))
 8 SYSTEMPATH\CodeIgniter.php(368): CodeIgniter\CodeIgniter->handleRequest(null, Object(Config\Cache), false)
 9 FCPATH\index.php(67): CodeIgniter\CodeIgniter->run()
