CRITICAL - 2023-05-18 18:36:59 --> You must set the database table to be used with your query.
in SYSTEMPATH/Database/BaseConnection.php on line 882.
 1 SYSTEMPATH/Model.php(642): CodeIgniter\Database\BaseConnection->table(null)
 2 SYSTEMPATH/Model.php(832): CodeIgniter\Model->builder()
 3 APPPATH/Controllers/Universo.php(372): CodeIgniter\Model->__call('getDataFilter', [...])
 4 SYSTEMPATH/CodeIgniter.php(934): App\Controllers\Universo->JSONDataFilter()
 5 SYSTEMPATH/CodeIgniter.php(499): CodeIgniter\CodeIgniter->runController(Object(App\Controllers\Universo))
 6 SYSTEMPATH/CodeIgniter.php(368): CodeIgniter\CodeIgniter->handleRequest(null, Object(Config\Cache), false)
 7 FCPATH/index.php(67): CodeIgniter\CodeIgniter->run()
ERROR - 2023-05-18 19:45:23 --> mysqli_sql_exception: Unknown column 'compromisos_gobernador' in 'where clause' in /home/caminos/public_html/admin2/system/Database/MySQLi/Connection.php:295
Stack trace:
#0 /home/caminos/public_html/admin2/system/Database/MySQLi/Connection.php(295): mysqli->query('SELECT sum(auto...', 0)
#1 /home/caminos/public_html/admin2/system/Database/BaseConnection.php(691): CodeIgniter\Database\MySQLi\Connection->execute('SELECT sum(auto...')
#2 /home/caminos/public_html/admin2/system/Database/BaseConnection.php(605): CodeIgniter\Database\BaseConnection->simpleQuery('SELECT sum(auto...')
#3 /home/caminos/public_html/admin2/app/Models/UniversoModel.php(672): CodeIgniter\Database\BaseConnection->query('SELECT sum(auto...')
#4 /home/caminos/public_html/admin2/app/Controllers/Universo.php(442): App\Models\UniversoModel->getGraficaPortafolio(2023, Array)
#5 /home/caminos/public_html/admin2/system/CodeIgniter.php(934): App\Controllers\Universo->graficaPortafolio()
#6 /home/caminos/public_html/admin2/system/CodeIgniter.php(499): CodeIgniter\CodeIgniter->runController(Object(App\Controllers\Universo))
#7 /home/caminos/public_html/admin2/system/CodeIgniter.php(368): CodeIgniter\CodeIgniter->handleRequest(NULL, Object(Config\Cache), false)
#8 /home/caminos/public_html/admin2/index.php(67): CodeIgniter\CodeIgniter->run()
#9 {main}
CRITICAL - 2023-05-18 19:45:23 --> Unknown column 'compromisos_gobernador' in 'where clause'
in SYSTEMPATH/Database/BaseConnection.php on line 645.
 1 APPPATH/Models/UniversoModel.php(672): CodeIgniter\Database\BaseConnection->query('SELECT sum(autorizado_mdp) as autorizado_mdp,sum(contratado_mdp) as contratado_mdp,sum(ejercido_mdp) as ejercido_mdp FROM `universo_detail_min` WHERE ejercicio = 2023  AND  compromisos_gobernador = \'si\' ')
 2 APPPATH/Controllers/Universo.php(442): App\Models\UniversoModel->getGraficaPortafolio(2023, [...])
 3 SYSTEMPATH/CodeIgniter.php(934): App\Controllers\Universo->graficaPortafolio()
 4 SYSTEMPATH/CodeIgniter.php(499): CodeIgniter\CodeIgniter->runController(Object(App\Controllers\Universo))
 5 SYSTEMPATH/CodeIgniter.php(368): CodeIgniter\CodeIgniter->handleRequest(null, Object(Config\Cache), false)
 6 FCPATH/index.php(67): CodeIgniter\CodeIgniter->run()
ERROR - 2023-05-18 19:45:27 --> mysqli_sql_exception: Unknown column 'compromisos_gobernador' in 'where clause' in /home/caminos/public_html/admin2/system/Database/MySQLi/Connection.php:295
Stack trace:
#0 /home/caminos/public_html/admin2/system/Database/MySQLi/Connection.php(295): mysqli->query('SELECT * FROM `...', 0)
#1 /home/caminos/public_html/admin2/system/Database/BaseConnection.php(691): CodeIgniter\Database\MySQLi\Connection->execute('SELECT * FROM `...')
#2 /home/caminos/public_html/admin2/system/Database/BaseConnection.php(605): CodeIgniter\Database\BaseConnection->simpleQuery('SELECT * FROM `...')
#3 /home/caminos/public_html/admin2/app/Models/UniversoModel.php(733): CodeIgniter\Database\BaseConnection->query('SELECT * FROM `...')
#4 /home/caminos/public_html/admin2/app/Controllers/Universo.php(372): App\Models\UniversoModel->getDataFilter(2023, Array)
#5 /home/caminos/public_html/admin2/system/CodeIgniter.php(934): App\Controllers\Universo->JSONDataFilter()
#6 /home/caminos/public_html/admin2/system/CodeIgniter.php(499): CodeIgniter\CodeIgniter->runController(Object(App\Controllers\Universo))
#7 /home/caminos/public_html/admin2/system/CodeIgniter.php(368): CodeIgniter\CodeIgniter->handleRequest(NULL, Object(Config\Cache), false)
#8 /home/caminos/public_html/admin2/index.php(67): CodeIgniter\CodeIgniter->run()
#9 {main}
CRITICAL - 2023-05-18 19:45:27 --> Unknown column 'compromisos_gobernador' in 'where clause'
in SYSTEMPATH/Database/BaseConnection.php on line 645.
 1 APPPATH/Models/UniversoModel.php(733): CodeIgniter\Database\BaseConnection->query('SELECT * FROM `universo_detail_min` WHERE ejercicio = 2023   AND  compromisos_gobernador = \'si\' ')
 2 APPPATH/Controllers/Universo.php(372): App\Models\UniversoModel->getDataFilter(2023, [...])
 3 SYSTEMPATH/CodeIgniter.php(934): App\Controllers\Universo->JSONDataFilter()
 4 SYSTEMPATH/CodeIgniter.php(499): CodeIgniter\CodeIgniter->runController(Object(App\Controllers\Universo))
 5 SYSTEMPATH/CodeIgniter.php(368): CodeIgniter\CodeIgniter->handleRequest(null, Object(Config\Cache), false)
 6 FCPATH/index.php(67): CodeIgniter\CodeIgniter->run()
ERROR - 2023-05-18 19:54:48 --> mysqli_sql_exception: Unknown column 'eje' in 'where clause' in /home/caminos/public_html/admin2/system/Database/MySQLi/Connection.php:295
Stack trace:
#0 /home/caminos/public_html/admin2/system/Database/MySQLi/Connection.php(295): mysqli->query('SELECT sum(auto...', 0)
#1 /home/caminos/public_html/admin2/system/Database/BaseConnection.php(691): CodeIgniter\Database\MySQLi\Connection->execute('SELECT sum(auto...')
#2 /home/caminos/public_html/admin2/system/Database/BaseConnection.php(605): CodeIgniter\Database\BaseConnection->simpleQuery('SELECT sum(auto...')
#3 /home/caminos/public_html/admin2/app/Models/UniversoModel.php(672): CodeIgniter\Database\BaseConnection->query('SELECT sum(auto...')
#4 /home/caminos/public_html/admin2/app/Controllers/Universo.php(442): App\Models\UniversoModel->getGraficaPortafolio(2023, Array)
#5 /home/caminos/public_html/admin2/system/CodeIgniter.php(934): App\Controllers\Universo->graficaPortafolio()
#6 /home/caminos/public_html/admin2/system/CodeIgniter.php(499): CodeIgniter\CodeIgniter->runController(Object(App\Controllers\Universo))
#7 /home/caminos/public_html/admin2/system/CodeIgniter.php(368): CodeIgniter\CodeIgniter->handleRequest(NULL, Object(Config\Cache), false)
#8 /home/caminos/public_html/admin2/index.php(67): CodeIgniter\CodeIgniter->run()
#9 {main}
CRITICAL - 2023-05-18 19:54:48 --> Unknown column 'eje' in 'where clause'
in SYSTEMPATH/Database/BaseConnection.php on line 645.
 1 APPPATH/Models/UniversoModel.php(672): CodeIgniter\Database\BaseConnection->query('SELECT sum(autorizado_mdp) as autorizado_mdp,sum(contratado_mdp) as contratado_mdp,sum(ejercido_mdp) as ejercido_mdp FROM `universo_detail_min` WHERE ejercicio = 2023  AND  eje = \'1\' ')
 2 APPPATH/Controllers/Universo.php(442): App\Models\UniversoModel->getGraficaPortafolio(2023, [...])
 3 SYSTEMPATH/CodeIgniter.php(934): App\Controllers\Universo->graficaPortafolio()
 4 SYSTEMPATH/CodeIgniter.php(499): CodeIgniter\CodeIgniter->runController(Object(App\Controllers\Universo))
 5 SYSTEMPATH/CodeIgniter.php(368): CodeIgniter\CodeIgniter->handleRequest(null, Object(Config\Cache), false)
 6 FCPATH/index.php(67): CodeIgniter\CodeIgniter->run()
ERROR - 2023-05-18 19:54:52 --> mysqli_sql_exception: Unknown column 'eje' in 'where clause' in /home/caminos/public_html/admin2/system/Database/MySQLi/Connection.php:295
Stack trace:
#0 /home/caminos/public_html/admin2/system/Database/MySQLi/Connection.php(295): mysqli->query('SELECT sum(auto...', 0)
#1 /home/caminos/public_html/admin2/system/Database/BaseConnection.php(691): CodeIgniter\Database\MySQLi\Connection->execute('SELECT sum(auto...')
#2 /home/caminos/public_html/admin2/system/Database/BaseConnection.php(605): CodeIgniter\Database\BaseConnection->simpleQuery('SELECT sum(auto...')
#3 /home/caminos/public_html/admin2/app/Models/UniversoModel.php(672): CodeIgniter\Database\BaseConnection->query('SELECT sum(auto...')
#4 /home/caminos/public_html/admin2/app/Controllers/Universo.php(442): App\Models\UniversoModel->getGraficaPortafolio(2023, Array)
#5 /home/caminos/public_html/admin2/system/CodeIgniter.php(934): App\Controllers\Universo->graficaPortafolio()
#6 /home/caminos/public_html/admin2/system/CodeIgniter.php(499): CodeIgniter\CodeIgniter->runController(Object(App\Controllers\Universo))
#7 /home/caminos/public_html/admin2/system/CodeIgniter.php(368): CodeIgniter\CodeIgniter->handleRequest(NULL, Object(Config\Cache), false)
#8 /home/caminos/public_html/admin2/index.php(67): CodeIgniter\CodeIgniter->run()
#9 {main}
CRITICAL - 2023-05-18 19:54:52 --> Unknown column 'eje' in 'where clause'
in SYSTEMPATH/Database/BaseConnection.php on line 645.
 1 APPPATH/Models/UniversoModel.php(672): CodeIgniter\Database\BaseConnection->query('SELECT sum(autorizado_mdp) as autorizado_mdp,sum(contratado_mdp) as contratado_mdp,sum(ejercido_mdp) as ejercido_mdp FROM `universo_detail_min` WHERE ejercicio = 2023  AND  eje = \'1\' ')
 2 APPPATH/Controllers/Universo.php(442): App\Models\UniversoModel->getGraficaPortafolio(2023, [...])
 3 SYSTEMPATH/CodeIgniter.php(934): App\Controllers\Universo->graficaPortafolio()
 4 SYSTEMPATH/CodeIgniter.php(499): CodeIgniter\CodeIgniter->runController(Object(App\Controllers\Universo))
 5 SYSTEMPATH/CodeIgniter.php(368): CodeIgniter\CodeIgniter->handleRequest(null, Object(Config\Cache), false)
 6 FCPATH/index.php(67): CodeIgniter\CodeIgniter->run()
ERROR - 2023-05-18 19:54:56 --> mysqli_sql_exception: Unknown column 'eje' in 'where clause' in /home/caminos/public_html/admin2/system/Database/MySQLi/Connection.php:295
Stack trace:
#0 /home/caminos/public_html/admin2/system/Database/MySQLi/Connection.php(295): mysqli->query('SELECT sum(auto...', 0)
#1 /home/caminos/public_html/admin2/system/Database/BaseConnection.php(691): CodeIgniter\Database\MySQLi\Connection->execute('SELECT sum(auto...')
#2 /home/caminos/public_html/admin2/system/Database/BaseConnection.php(605): CodeIgniter\Database\BaseConnection->simpleQuery('SELECT sum(auto...')
#3 /home/caminos/public_html/admin2/app/Models/UniversoModel.php(672): CodeIgniter\Database\BaseConnection->query('SELECT sum(auto...')
#4 /home/caminos/public_html/admin2/app/Controllers/Universo.php(442): App\Models\UniversoModel->getGraficaPortafolio(2023, Array)
#5 /home/caminos/public_html/admin2/system/CodeIgniter.php(934): App\Controllers\Universo->graficaPortafolio()
#6 /home/caminos/public_html/admin2/system/CodeIgniter.php(499): CodeIgniter\CodeIgniter->runController(Object(App\Controllers\Universo))
#7 /home/caminos/public_html/admin2/system/CodeIgniter.php(368): CodeIgniter\CodeIgniter->handleRequest(NULL, Object(Config\Cache), false)
#8 /home/caminos/public_html/admin2/index.php(67): CodeIgniter\CodeIgniter->run()
#9 {main}
CRITICAL - 2023-05-18 19:54:56 --> Unknown column 'eje' in 'where clause'
in SYSTEMPATH/Database/BaseConnection.php on line 645.
 1 APPPATH/Models/UniversoModel.php(672): CodeIgniter\Database\BaseConnection->query('SELECT sum(autorizado_mdp) as autorizado_mdp,sum(contratado_mdp) as contratado_mdp,sum(ejercido_mdp) as ejercido_mdp FROM `universo_detail_min` WHERE ejercicio = 2023  AND  eje = \'1\' ')
 2 APPPATH/Controllers/Universo.php(442): App\Models\UniversoModel->getGraficaPortafolio(2023, [...])
 3 SYSTEMPATH/CodeIgniter.php(934): App\Controllers\Universo->graficaPortafolio()
 4 SYSTEMPATH/CodeIgniter.php(499): CodeIgniter\CodeIgniter->runController(Object(App\Controllers\Universo))
 5 SYSTEMPATH/CodeIgniter.php(368): CodeIgniter\CodeIgniter->handleRequest(null, Object(Config\Cache), false)
 6 FCPATH/index.php(67): CodeIgniter\CodeIgniter->run()
ERROR - 2023-05-18 19:54:58 --> mysqli_sql_exception: Unknown column 'eje' in 'where clause' in /home/caminos/public_html/admin2/system/Database/MySQLi/Connection.php:295
Stack trace:
#0 /home/caminos/public_html/admin2/system/Database/MySQLi/Connection.php(295): mysqli->query('SELECT sum(auto...', 0)
#1 /home/caminos/public_html/admin2/system/Database/BaseConnection.php(691): CodeIgniter\Database\MySQLi\Connection->execute('SELECT sum(auto...')
#2 /home/caminos/public_html/admin2/system/Database/BaseConnection.php(605): CodeIgniter\Database\BaseConnection->simpleQuery('SELECT sum(auto...')
#3 /home/caminos/public_html/admin2/app/Models/UniversoModel.php(672): CodeIgniter\Database\BaseConnection->query('SELECT sum(auto...')
#4 /home/caminos/public_html/admin2/app/Controllers/Universo.php(442): App\Models\UniversoModel->getGraficaPortafolio(2023, Array)
#5 /home/caminos/public_html/admin2/system/CodeIgniter.php(934): App\Controllers\Universo->graficaPortafolio()
#6 /home/caminos/public_html/admin2/system/CodeIgniter.php(499): CodeIgniter\CodeIgniter->runController(Object(App\Controllers\Universo))
#7 /home/caminos/public_html/admin2/system/CodeIgniter.php(368): CodeIgniter\CodeIgniter->handleRequest(NULL, Object(Config\Cache), false)
#8 /home/caminos/public_html/admin2/index.php(67): CodeIgniter\CodeIgniter->run()
#9 {main}
CRITICAL - 2023-05-18 19:54:58 --> Unknown column 'eje' in 'where clause'
in SYSTEMPATH/Database/BaseConnection.php on line 645.
 1 APPPATH/Models/UniversoModel.php(672): CodeIgniter\Database\BaseConnection->query('SELECT sum(autorizado_mdp) as autorizado_mdp,sum(contratado_mdp) as contratado_mdp,sum(ejercido_mdp) as ejercido_mdp FROM `universo_detail_min` WHERE ejercicio = 2023  AND  eje = \'1\' ')
 2 APPPATH/Controllers/Universo.php(442): App\Models\UniversoModel->getGraficaPortafolio(2023, [...])
 3 SYSTEMPATH/CodeIgniter.php(934): App\Controllers\Universo->graficaPortafolio()
 4 SYSTEMPATH/CodeIgniter.php(499): CodeIgniter\CodeIgniter->runController(Object(App\Controllers\Universo))
 5 SYSTEMPATH/CodeIgniter.php(368): CodeIgniter\CodeIgniter->handleRequest(null, Object(Config\Cache), false)
 6 FCPATH/index.php(67): CodeIgniter\CodeIgniter->run()
ERROR - 2023-05-18 19:55:04 --> mysqli_sql_exception: Unknown column 'eje' in 'where clause' in /home/caminos/public_html/admin2/system/Database/MySQLi/Connection.php:295
Stack trace:
#0 /home/caminos/public_html/admin2/system/Database/MySQLi/Connection.php(295): mysqli->query('SELECT sum(auto...', 0)
#1 /home/caminos/public_html/admin2/system/Database/BaseConnection.php(691): CodeIgniter\Database\MySQLi\Connection->execute('SELECT sum(auto...')
#2 /home/caminos/public_html/admin2/system/Database/BaseConnection.php(605): CodeIgniter\Database\BaseConnection->simpleQuery('SELECT sum(auto...')
#3 /home/caminos/public_html/admin2/app/Models/UniversoModel.php(672): CodeIgniter\Database\BaseConnection->query('SELECT sum(auto...')
#4 /home/caminos/public_html/admin2/app/Controllers/Universo.php(442): App\Models\UniversoModel->getGraficaPortafolio(2023, Array)
#5 /home/caminos/public_html/admin2/system/CodeIgniter.php(934): App\Controllers\Universo->graficaPortafolio()
#6 /home/caminos/public_html/admin2/system/CodeIgniter.php(499): CodeIgniter\CodeIgniter->runController(Object(App\Controllers\Universo))
#7 /home/caminos/public_html/admin2/system/CodeIgniter.php(368): CodeIgniter\CodeIgniter->handleRequest(NULL, Object(Config\Cache), false)
#8 /home/caminos/public_html/admin2/index.php(67): CodeIgniter\CodeIgniter->run()
#9 {main}
CRITICAL - 2023-05-18 19:55:04 --> Unknown column 'eje' in 'where clause'
in SYSTEMPATH/Database/BaseConnection.php on line 645.
 1 APPPATH/Models/UniversoModel.php(672): CodeIgniter\Database\BaseConnection->query('SELECT sum(autorizado_mdp) as autorizado_mdp,sum(contratado_mdp) as contratado_mdp,sum(ejercido_mdp) as ejercido_mdp FROM `universo_detail_min` WHERE ejercicio = 2023  AND  eje = \'1\' ')
 2 APPPATH/Controllers/Universo.php(442): App\Models\UniversoModel->getGraficaPortafolio(2023, [...])
 3 SYSTEMPATH/CodeIgniter.php(934): App\Controllers\Universo->graficaPortafolio()
 4 SYSTEMPATH/CodeIgniter.php(499): CodeIgniter\CodeIgniter->runController(Object(App\Controllers\Universo))
 5 SYSTEMPATH/CodeIgniter.php(368): CodeIgniter\CodeIgniter->handleRequest(null, Object(Config\Cache), false)
 6 FCPATH/index.php(67): CodeIgniter\CodeIgniter->run()
CRITICAL - 2023-05-18 19:55:31 --> Division by zero
in APPPATH/Models/UniversoModel.php on line 698.
 1 APPPATH/Controllers/Universo.php(442): App\Models\UniversoModel->getGraficaPortafolio(2023, [...])
 2 SYSTEMPATH/CodeIgniter.php(934): App\Controllers\Universo->graficaPortafolio()
 3 SYSTEMPATH/CodeIgniter.php(499): CodeIgniter\CodeIgniter->runController(Object(App\Controllers\Universo))
 4 SYSTEMPATH/CodeIgniter.php(368): CodeIgniter\CodeIgniter->handleRequest(null, Object(Config\Cache), false)
 5 FCPATH/index.php(67): CodeIgniter\CodeIgniter->run()
CRITICAL - 2023-05-18 20:04:41 --> Cannot redeclare App\Controllers\Portada::ejeDesarrollo()
in APPPATH/Controllers/Portada.php on line 78.
 1 [internal function]: CodeIgniter\Debug\Exceptions->shutdownHandler()
CRITICAL - 2023-05-18 20:04:44 --> Cannot redeclare App\Controllers\Portada::ejeDesarrollo()
in APPPATH/Controllers/Portada.php on line 78.
 1 [internal function]: CodeIgniter\Debug\Exceptions->shutdownHandler()
CRITICAL - 2023-05-18 20:57:07 --> Invalid file: "portada/portafolio_obras.php"
in SYSTEMPATH/Exceptions/FrameworkException.php on line 33.
 1 SYSTEMPATH/View/View.php(201): CodeIgniter\Exceptions\FrameworkException::forInvalidFile('portada/portafolio_obras.php')
 2 SYSTEMPATH/Common.php(1184): CodeIgniter\View\View->render('portada/portafolio_obras', [], true)
 3 APPPATH/Controllers/Portada.php(103): view('portada/portafolio_obras', [...])
 4 SYSTEMPATH/CodeIgniter.php(934): App\Controllers\Portada->obras()
 5 SYSTEMPATH/CodeIgniter.php(499): CodeIgniter\CodeIgniter->runController(Object(App\Controllers\Portada))
 6 SYSTEMPATH/CodeIgniter.php(368): CodeIgniter\CodeIgniter->handleRequest(null, Object(Config\Cache), false)
 7 FCPATH/index.php(67): CodeIgniter\CodeIgniter->run()
CRITICAL - 2023-05-18 23:53:54 --> Invalid file: "portada/portafolio_obras.php"
in SYSTEMPATH/Exceptions/FrameworkException.php on line 33.
 1 SYSTEMPATH/View/View.php(201): CodeIgniter\Exceptions\FrameworkException::forInvalidFile('portada/portafolio_obras.php')
 2 SYSTEMPATH/Common.php(1184): CodeIgniter\View\View->render('portada/portafolio_obras', [], true)
 3 APPPATH/Controllers/Portada.php(103): view('portada/portafolio_obras', [...])
 4 SYSTEMPATH/CodeIgniter.php(934): App\Controllers\Portada->obras()
 5 SYSTEMPATH/CodeIgniter.php(499): CodeIgniter\CodeIgniter->runController(Object(App\Controllers\Portada))
 6 SYSTEMPATH/CodeIgniter.php(368): CodeIgniter\CodeIgniter->handleRequest(null, Object(Config\Cache), false)
 7 FCPATH/index.php(67): CodeIgniter\CodeIgniter->run()
