CRITICAL - 2023-10-09 18:29:36 --> Undefined property: stdClass::$totalXobra
in APPPATH\Views\ejecutora.php on line 55.
 1 APPPATH\Views\ejecutora.php(55): CodeIgniter\Debug\Exceptions->errorHandler(2, 'Undefined property: stdClass::$totalXobra', 'APPPATH\\Views\\ejecutora.php', 55)
 2 SYSTEMPATH\View\View.php(213): include('APPPATH\\Views\\ejecutora.php')
 3 SYSTEMPATH\View\View.php(216): CodeIgniter\View\View->CodeIgniter\View\{closure}()
 4 SYSTEMPATH\Common.php(1184): CodeIgniter\View\View->render('ejecutora', [], true)
 5 APPPATH\Controllers\ExpedienteObra.php(31): view('ejecutora', [...])
 6 SYSTEMPATH\CodeIgniter.php(934): App\Controllers\ExpedienteObra->ejecutoraexpediente()
 7 SYSTEMPATH\CodeIgniter.php(499): CodeIgniter\CodeIgniter->runController(Object(App\Controllers\ExpedienteObra))
 8 SYSTEMPATH\CodeIgniter.php(368): CodeIgniter\CodeIgniter->handleRequest(null, Object(Config\Cache), false)
 9 FCPATH\index.php(67): CodeIgniter\CodeIgniter->run()
CRITICAL - 2023-10-09 18:31:41 --> Undefined property: stdClass::$totalXobra
in APPPATH\Views\ejecutora.php on line 55.
 1 APPPATH\Views\ejecutora.php(55): CodeIgniter\Debug\Exceptions->errorHandler(2, 'Undefined property: stdClass::$totalXobra', 'APPPATH\\Views\\ejecutora.php', 55)
 2 SYSTEMPATH\View\View.php(213): include('APPPATH\\Views\\ejecutora.php')
 3 SYSTEMPATH\View\View.php(216): CodeIgniter\View\View->CodeIgniter\View\{closure}()
 4 SYSTEMPATH\Common.php(1184): CodeIgniter\View\View->render('ejecutora', [], true)
 5 APPPATH\Controllers\ExpedienteObra.php(31): view('ejecutora', [...])
 6 SYSTEMPATH\CodeIgniter.php(934): App\Controllers\ExpedienteObra->ejecutoraexpediente()
 7 SYSTEMPATH\CodeIgniter.php(499): CodeIgniter\CodeIgniter->runController(Object(App\Controllers\ExpedienteObra))
 8 SYSTEMPATH\CodeIgniter.php(368): CodeIgniter\CodeIgniter->handleRequest(null, Object(Config\Cache), false)
 9 FCPATH\index.php(67): CodeIgniter\CodeIgniter->run()
CRITICAL - 2023-10-09 19:11:30 --> Class "Mpdf\Mpdf" not found
in APPPATH\Controllers\ExpedienteObra.php on line 47.
 1 SYSTEMPATH\CodeIgniter.php(934): App\Controllers\ExpedienteObra->pdfEjecutoras()
 2 SYSTEMPATH\CodeIgniter.php(499): CodeIgniter\CodeIgniter->runController(Object(App\Controllers\ExpedienteObra))
 3 SYSTEMPATH\CodeIgniter.php(368): CodeIgniter\CodeIgniter->handleRequest(null, Object(Config\Cache), false)
 4 FCPATH\index.php(67): CodeIgniter\CodeIgniter->run()
CRITICAL - 2023-10-09 19:37:41 --> Class "Mpdf\Mpdf" not found
in APPPATH\Controllers\ExpedienteObra.php on line 37.
 1 SYSTEMPATH\CodeIgniter.php(934): App\Controllers\ExpedienteObra->pdfGeneral()
 2 SYSTEMPATH\CodeIgniter.php(499): CodeIgniter\CodeIgniter->runController(Object(App\Controllers\ExpedienteObra))
 3 SYSTEMPATH\CodeIgniter.php(368): CodeIgniter\CodeIgniter->handleRequest(null, Object(Config\Cache), false)
 4 FCPATH\index.php(67): CodeIgniter\CodeIgniter->run()
CRITICAL - 2023-10-09 20:47:06 --> require_once(C:\xampp\htdocs\app\app\Controllers/pdf/autoload.php): Failed to open stream: No such file or directory
in APPPATH\Controllers\ExpedienteObra.php on line 36.
 1 APPPATH\Controllers\ExpedienteObra.php(36): CodeIgniter\Debug\Exceptions->errorHandler(2, 'require_once(C:\\xampp\\htdocs\\app\\app\\Controllers/pdf/autoload.php): Failed to open stream: No such file or directory', 'APPPATH\\Controllers\\ExpedienteObra.php', 36)
 2 APPPATH\Controllers\ExpedienteObra.php(36): require_once()
 3 SYSTEMPATH\CodeIgniter.php(934): App\Controllers\ExpedienteObra->pdfGeneral()
 4 SYSTEMPATH\CodeIgniter.php(499): CodeIgniter\CodeIgniter->runController(Object(App\Controllers\ExpedienteObra))
 5 SYSTEMPATH\CodeIgniter.php(368): CodeIgniter\CodeIgniter->handleRequest(null, Object(Config\Cache), false)
 6 FCPATH\index.php(67): CodeIgniter\CodeIgniter->run()
CRITICAL - 2023-10-09 20:47:20 --> Class "Mpdf\Mpdf" not found
in APPPATH\Controllers\ExpedienteObra.php on line 37.
 1 SYSTEMPATH\CodeIgniter.php(934): App\Controllers\ExpedienteObra->pdfGeneral()
 2 SYSTEMPATH\CodeIgniter.php(499): CodeIgniter\CodeIgniter->runController(Object(App\Controllers\ExpedienteObra))
 3 SYSTEMPATH\CodeIgniter.php(368): CodeIgniter\CodeIgniter->handleRequest(null, Object(Config\Cache), false)
 4 FCPATH\index.php(67): CodeIgniter\CodeIgniter->run()
CRITICAL - 2023-10-09 20:51:29 --> require_once(C:\xampp\htdocs\app\app\Controllers/vendor/autoload.php): Failed to open stream: No such file or directory
in APPPATH\Controllers\ExpedienteObra.php on line 36.
 1 APPPATH\Controllers\ExpedienteObra.php(36): CodeIgniter\Debug\Exceptions->errorHandler(2, 'require_once(C:\\xampp\\htdocs\\app\\app\\Controllers/vendor/autoload.php): Failed to open stream: No such file or directory', 'APPPATH\\Controllers\\ExpedienteObra.php', 36)
 2 APPPATH\Controllers\ExpedienteObra.php(36): require_once()
 3 SYSTEMPATH\CodeIgniter.php(934): App\Controllers\ExpedienteObra->pdfGeneral()
 4 SYSTEMPATH\CodeIgniter.php(499): CodeIgniter\CodeIgniter->runController(Object(App\Controllers\ExpedienteObra))
 5 SYSTEMPATH\CodeIgniter.php(368): CodeIgniter\CodeIgniter->handleRequest(null, Object(Config\Cache), false)
 6 FCPATH\index.php(67): CodeIgniter\CodeIgniter->run()
CRITICAL - 2023-10-09 20:55:32 --> Class "Mpdf\Mpdf" not found
in APPPATH\Controllers\ExpedienteObra.php on line 38.
 1 SYSTEMPATH\CodeIgniter.php(934): App\Controllers\ExpedienteObra->pdfGeneral()
 2 SYSTEMPATH\CodeIgniter.php(499): CodeIgniter\CodeIgniter->runController(Object(App\Controllers\ExpedienteObra))
 3 SYSTEMPATH\CodeIgniter.php(368): CodeIgniter\CodeIgniter->handleRequest(null, Object(Config\Cache), false)
 4 FCPATH\index.php(67): CodeIgniter\CodeIgniter->run()
CRITICAL - 2023-10-09 20:55:38 --> Class "Mpdf\Mpdf" not found
in APPPATH\Controllers\ExpedienteObra.php on line 38.
 1 SYSTEMPATH\CodeIgniter.php(934): App\Controllers\ExpedienteObra->pdfGeneral()
 2 SYSTEMPATH\CodeIgniter.php(499): CodeIgniter\CodeIgniter->runController(Object(App\Controllers\ExpedienteObra))
 3 SYSTEMPATH\CodeIgniter.php(368): CodeIgniter\CodeIgniter->handleRequest(null, Object(Config\Cache), false)
 4 FCPATH\index.php(67): CodeIgniter\CodeIgniter->run()
CRITICAL - 2023-10-09 21:01:11 --> Class "Mpdf\Mpdf" not found
in APPPATH\Controllers\ExpedienteObra.php on line 38.
 1 SYSTEMPATH\CodeIgniter.php(934): App\Controllers\ExpedienteObra->pdfGeneral()
 2 SYSTEMPATH\CodeIgniter.php(499): CodeIgniter\CodeIgniter->runController(Object(App\Controllers\ExpedienteObra))
 3 SYSTEMPATH\CodeIgniter.php(368): CodeIgniter\CodeIgniter->handleRequest(null, Object(Config\Cache), false)
 4 FCPATH\index.php(67): CodeIgniter\CodeIgniter->run()
