CRITICAL - 2023-09-05 09:56:08 --> Undefined variable $dirigido
in APPPATH\Controllers\FileUpload.php on line 175.
 1 APPPATH\Controllers\FileUpload.php(175): CodeIgniter\Debug\Exceptions->errorHandler(2, 'Undefined variable $dirigido', 'APPPATH\\Controllers\\FileUpload.php', 175)
 2 SYSTEMPATH\CodeIgniter.php(934): App\Controllers\FileUpload->incorrecto(2)
 3 SYSTEMPATH\CodeIgniter.php(499): CodeIgniter\CodeIgniter->runController(Object(App\Controllers\FileUpload))
 4 SYSTEMPATH\CodeIgniter.php(368): CodeIgniter\CodeIgniter->handleRequest(null, Object(Config\Cache), false)
 5 FCPATH\index.php(67): CodeIgniter\CodeIgniter->run()
CRITICAL - 2023-09-05 09:56:56 --> Undefined variable $descripcion
in APPPATH\Controllers\FileUpload.php on line 176.
 1 APPPATH\Controllers\FileUpload.php(176): CodeIgniter\Debug\Exceptions->errorHandler(2, 'Undefined variable $descripcion', 'APPPATH\\Controllers\\FileUpload.php', 176)
 2 SYSTEMPATH\CodeIgniter.php(934): App\Controllers\FileUpload->incorrecto(2)
 3 SYSTEMPATH\CodeIgniter.php(499): CodeIgniter\CodeIgniter->runController(Object(App\Controllers\FileUpload))
 4 SYSTEMPATH\CodeIgniter.php(368): CodeIgniter\CodeIgniter->handleRequest(null, Object(Config\Cache), false)
 5 FCPATH\index.php(67): CodeIgniter\CodeIgniter->run()
CRITICAL - 2023-09-05 16:08:02 --> Undefined variable $data
in APPPATH\Views\listadosecretaria.php on line 112.
 1 APPPATH\Views\listadosecretaria.php(112): CodeIgniter\Debug\Exceptions->errorHandler(2, 'Undefined variable $data', 'APPPATH\\Views\\listadosecretaria.php', 112)
 2 SYSTEMPATH\View\View.php(213): include('APPPATH\\Views\\listadosecretaria.php')
 3 SYSTEMPATH\View\View.php(216): CodeIgniter\View\View->CodeIgniter\View\{closure}()
 4 SYSTEMPATH\Common.php(1184): CodeIgniter\View\View->render('listadosecretaria', [], true)
 5 APPPATH\Controllers\FileUpload.php(189): view('listadosecretaria', [...])
 6 SYSTEMPATH\CodeIgniter.php(934): App\Controllers\FileUpload->documentossecretaria()
 7 SYSTEMPATH\CodeIgniter.php(499): CodeIgniter\CodeIgniter->runController(Object(App\Controllers\FileUpload))
 8 SYSTEMPATH\CodeIgniter.php(368): CodeIgniter\CodeIgniter->handleRequest(null, Object(Config\Cache), false)
 9 FCPATH\index.php(67): CodeIgniter\CodeIgniter->run()
CRITICAL - 2023-09-05 16:09:09 --> Undefined variable $data
in APPPATH\Views\listadosecretaria.php on line 112.
 1 APPPATH\Views\listadosecretaria.php(112): CodeIgniter\Debug\Exceptions->errorHandler(2, 'Undefined variable $data', 'APPPATH\\Views\\listadosecretaria.php', 112)
 2 SYSTEMPATH\View\View.php(213): include('APPPATH\\Views\\listadosecretaria.php')
 3 SYSTEMPATH\View\View.php(216): CodeIgniter\View\View->CodeIgniter\View\{closure}()
 4 SYSTEMPATH\Common.php(1184): CodeIgniter\View\View->render('listadosecretaria', [], true)
 5 APPPATH\Controllers\FileUpload.php(189): view('listadosecretaria', [...])
 6 SYSTEMPATH\CodeIgniter.php(934): App\Controllers\FileUpload->documentossecretaria()
 7 SYSTEMPATH\CodeIgniter.php(499): CodeIgniter\CodeIgniter->runController(Object(App\Controllers\FileUpload))
 8 SYSTEMPATH\CodeIgniter.php(368): CodeIgniter\CodeIgniter->handleRequest(null, Object(Config\Cache), false)
 9 FCPATH\index.php(67): CodeIgniter\CodeIgniter->run()
CRITICAL - 2023-09-05 16:09:11 --> Undefined variable $data
in APPPATH\Views\listadosecretaria.php on line 112.
 1 APPPATH\Views\listadosecretaria.php(112): CodeIgniter\Debug\Exceptions->errorHandler(2, 'Undefined variable $data', 'APPPATH\\Views\\listadosecretaria.php', 112)
 2 SYSTEMPATH\View\View.php(213): include('APPPATH\\Views\\listadosecretaria.php')
 3 SYSTEMPATH\View\View.php(216): CodeIgniter\View\View->CodeIgniter\View\{closure}()
 4 SYSTEMPATH\Common.php(1184): CodeIgniter\View\View->render('listadosecretaria', [], true)
 5 APPPATH\Controllers\FileUpload.php(189): view('listadosecretaria', [...])
 6 SYSTEMPATH\CodeIgniter.php(934): App\Controllers\FileUpload->documentossecretaria()
 7 SYSTEMPATH\CodeIgniter.php(499): CodeIgniter\CodeIgniter->runController(Object(App\Controllers\FileUpload))
 8 SYSTEMPATH\CodeIgniter.php(368): CodeIgniter\CodeIgniter->handleRequest(null, Object(Config\Cache), false)
 9 FCPATH\index.php(67): CodeIgniter\CodeIgniter->run()
CRITICAL - 2023-09-05 16:09:21 --> Undefined variable $data
in APPPATH\Views\listadosecretaria.php on line 141.
 1 APPPATH\Views\listadosecretaria.php(141): CodeIgniter\Debug\Exceptions->errorHandler(2, 'Undefined variable $data', 'APPPATH\\Views\\listadosecretaria.php', 141)
 2 SYSTEMPATH\View\View.php(213): include('APPPATH\\Views\\listadosecretaria.php')
 3 SYSTEMPATH\View\View.php(216): CodeIgniter\View\View->CodeIgniter\View\{closure}()
 4 SYSTEMPATH\Common.php(1184): CodeIgniter\View\View->render('listadosecretaria', [], true)
 5 APPPATH\Controllers\FileUpload.php(189): view('listadosecretaria', [...])
 6 SYSTEMPATH\CodeIgniter.php(934): App\Controllers\FileUpload->documentossecretaria()
 7 SYSTEMPATH\CodeIgniter.php(499): CodeIgniter\CodeIgniter->runController(Object(App\Controllers\FileUpload))
 8 SYSTEMPATH\CodeIgniter.php(368): CodeIgniter\CodeIgniter->handleRequest(null, Object(Config\Cache), false)
 9 FCPATH\index.php(67): CodeIgniter\CodeIgniter->run()
