CRITICAL - 2023-10-13 16:59:32 --> Undefined property: stdClass::$total_documentos
in APPPATH\Views\expediente.php on line 48.
 1 APPPATH\Views\expediente.php(48): CodeIgniter\Debug\Exceptions->errorHandler(2, 'Undefined property: stdClass::$total_documentos', 'APPPATH\\Views\\expediente.php', 48)
 2 SYSTEMPATH\View\View.php(213): include('APPPATH\\Views\\expediente.php')
 3 SYSTEMPATH\View\View.php(216): CodeIgniter\View\View->CodeIgniter\View\{closure}()
 4 SYSTEMPATH\Common.php(1184): CodeIgniter\View\View->render('expediente', [], true)
 5 APPPATH\Controllers\ExpedienteObra.php(24): view('expediente', [...])
 6 SYSTEMPATH\CodeIgniter.php(934): App\Controllers\ExpedienteObra->expedientes()
 7 SYSTEMPATH\CodeIgniter.php(499): CodeIgniter\CodeIgniter->runController(Object(App\Controllers\ExpedienteObra))
 8 SYSTEMPATH\CodeIgniter.php(368): CodeIgniter\CodeIgniter->handleRequest(null, Object(Config\Cache), false)
 9 FCPATH\index.php(67): CodeIgniter\CodeIgniter->run()
CRITICAL - 2023-10-13 17:02:47 --> Undefined property: stdClass::$total_documentos
in APPPATH\Views\expediente.php on line 48.
 1 APPPATH\Views\expediente.php(48): CodeIgniter\Debug\Exceptions->errorHandler(2, 'Undefined property: stdClass::$total_documentos', 'APPPATH\\Views\\expediente.php', 48)
 2 SYSTEMPATH\View\View.php(213): include('APPPATH\\Views\\expediente.php')
 3 SYSTEMPATH\View\View.php(216): CodeIgniter\View\View->CodeIgniter\View\{closure}()
 4 SYSTEMPATH\Common.php(1184): CodeIgniter\View\View->render('expediente', [], true)
 5 APPPATH\Controllers\ExpedienteObra.php(24): view('expediente', [...])
 6 SYSTEMPATH\CodeIgniter.php(934): App\Controllers\ExpedienteObra->expedientes()
 7 SYSTEMPATH\CodeIgniter.php(499): CodeIgniter\CodeIgniter->runController(Object(App\Controllers\ExpedienteObra))
 8 SYSTEMPATH\CodeIgniter.php(368): CodeIgniter\CodeIgniter->handleRequest(null, Object(Config\Cache), false)
 9 FCPATH\index.php(67): CodeIgniter\CodeIgniter->run()
CRITICAL - 2023-10-13 17:03:14 --> Undefined property: stdClass::$total_documentos
in APPPATH\Views\expediente.php on line 49.
 1 APPPATH\Views\expediente.php(49): CodeIgniter\Debug\Exceptions->errorHandler(2, 'Undefined property: stdClass::$total_documentos', 'APPPATH\\Views\\expediente.php', 49)
 2 SYSTEMPATH\View\View.php(213): include('APPPATH\\Views\\expediente.php')
 3 SYSTEMPATH\View\View.php(216): CodeIgniter\View\View->CodeIgniter\View\{closure}()
 4 SYSTEMPATH\Common.php(1184): CodeIgniter\View\View->render('expediente', [], true)
 5 APPPATH\Controllers\ExpedienteObra.php(24): view('expediente', [...])
 6 SYSTEMPATH\CodeIgniter.php(934): App\Controllers\ExpedienteObra->expedientes()
 7 SYSTEMPATH\CodeIgniter.php(499): CodeIgniter\CodeIgniter->runController(Object(App\Controllers\ExpedienteObra))
 8 SYSTEMPATH\CodeIgniter.php(368): CodeIgniter\CodeIgniter->handleRequest(null, Object(Config\Cache), false)
 9 FCPATH\index.php(67): CodeIgniter\CodeIgniter->run()
CRITICAL - 2023-10-13 17:03:22 --> Undefined property: stdClass::$total_documentos
in APPPATH\Views\expediente.php on line 49.
 1 APPPATH\Views\expediente.php(49): CodeIgniter\Debug\Exceptions->errorHandler(2, 'Undefined property: stdClass::$total_documentos', 'APPPATH\\Views\\expediente.php', 49)
 2 SYSTEMPATH\View\View.php(213): include('APPPATH\\Views\\expediente.php')
 3 SYSTEMPATH\View\View.php(216): CodeIgniter\View\View->CodeIgniter\View\{closure}()
 4 SYSTEMPATH\Common.php(1184): CodeIgniter\View\View->render('expediente', [], true)
 5 APPPATH\Controllers\ExpedienteObra.php(24): view('expediente', [...])
 6 SYSTEMPATH\CodeIgniter.php(934): App\Controllers\ExpedienteObra->expedientes()
 7 SYSTEMPATH\CodeIgniter.php(499): CodeIgniter\CodeIgniter->runController(Object(App\Controllers\ExpedienteObra))
 8 SYSTEMPATH\CodeIgniter.php(368): CodeIgniter\CodeIgniter->handleRequest(null, Object(Config\Cache), false)
 9 FCPATH\index.php(67): CodeIgniter\CodeIgniter->run()
CRITICAL - 2023-10-13 17:03:28 --> Undefined property: stdClass::$total_documentos
in APPPATH\Views\expediente.php on line 49.
 1 APPPATH\Views\expediente.php(49): CodeIgniter\Debug\Exceptions->errorHandler(2, 'Undefined property: stdClass::$total_documentos', 'APPPATH\\Views\\expediente.php', 49)
 2 SYSTEMPATH\View\View.php(213): include('APPPATH\\Views\\expediente.php')
 3 SYSTEMPATH\View\View.php(216): CodeIgniter\View\View->CodeIgniter\View\{closure}()
 4 SYSTEMPATH\Common.php(1184): CodeIgniter\View\View->render('expediente', [], true)
 5 APPPATH\Controllers\ExpedienteObra.php(24): view('expediente', [...])
 6 SYSTEMPATH\CodeIgniter.php(934): App\Controllers\ExpedienteObra->expedientes()
 7 SYSTEMPATH\CodeIgniter.php(499): CodeIgniter\CodeIgniter->runController(Object(App\Controllers\ExpedienteObra))
 8 SYSTEMPATH\CodeIgniter.php(368): CodeIgniter\CodeIgniter->handleRequest(null, Object(Config\Cache), false)
 9 FCPATH\index.php(67): CodeIgniter\CodeIgniter->run()
CRITICAL - 2023-10-13 17:05:11 --> Class "App\Models\DateTime" not found
in APPPATH\Models\ExpedienteModel.php on line 47.
 1 APPPATH\Models\ExpedienteModel.php(36): App\Models\ExpedienteModel->expedienteobra(Object(stdClass))
 2 APPPATH\Controllers\ExpedienteObra.php(23): App\Models\ExpedienteModel->expedienteXobraEnviadosTotales()
 3 SYSTEMPATH\CodeIgniter.php(934): App\Controllers\ExpedienteObra->expedientes()
 4 SYSTEMPATH\CodeIgniter.php(499): CodeIgniter\CodeIgniter->runController(Object(App\Controllers\ExpedienteObra))
 5 SYSTEMPATH\CodeIgniter.php(368): CodeIgniter\CodeIgniter->handleRequest(null, Object(Config\Cache), false)
 6 FCPATH\index.php(67): CodeIgniter\CodeIgniter->run()
CRITICAL - 2023-10-13 17:06:05 --> Undefined variable $total_pendientes
in APPPATH\Models\ExpedienteModel.php on line 111.
 1 APPPATH\Models\ExpedienteModel.php(111): CodeIgniter\Debug\Exceptions->errorHandler(2, 'Undefined variable $total_pendientes', 'APPPATH\\Models\\ExpedienteModel.php', 111)
 2 APPPATH\Models\ExpedienteModel.php(36): App\Models\ExpedienteModel->expedienteobra(Object(stdClass))
 3 APPPATH\Controllers\ExpedienteObra.php(23): App\Models\ExpedienteModel->expedienteXobraEnviadosTotales()
 4 SYSTEMPATH\CodeIgniter.php(934): App\Controllers\ExpedienteObra->expedientes()
 5 SYSTEMPATH\CodeIgniter.php(499): CodeIgniter\CodeIgniter->runController(Object(App\Controllers\ExpedienteObra))
 6 SYSTEMPATH\CodeIgniter.php(368): CodeIgniter\CodeIgniter->handleRequest(null, Object(Config\Cache), false)
 7 FCPATH\index.php(67): CodeIgniter\CodeIgniter->run()
CRITICAL - 2023-10-13 18:58:53 --> Undefined variable $id
in APPPATH\Views\expediente.php on line 47.
 1 APPPATH\Views\expediente.php(47): CodeIgniter\Debug\Exceptions->errorHandler(2, 'Undefined variable $id', 'APPPATH\\Views\\expediente.php', 47)
 2 SYSTEMPATH\View\View.php(213): include('APPPATH\\Views\\expediente.php')
 3 SYSTEMPATH\View\View.php(216): CodeIgniter\View\View->CodeIgniter\View\{closure}()
 4 SYSTEMPATH\Common.php(1184): CodeIgniter\View\View->render('expediente', [], true)
 5 APPPATH\Controllers\ExpedienteObra.php(24): view('expediente', [...])
 6 SYSTEMPATH\CodeIgniter.php(934): App\Controllers\ExpedienteObra->expedientes()
 7 SYSTEMPATH\CodeIgniter.php(499): CodeIgniter\CodeIgniter->runController(Object(App\Controllers\ExpedienteObra))
 8 SYSTEMPATH\CodeIgniter.php(368): CodeIgniter\CodeIgniter->handleRequest(null, Object(Config\Cache), false)
 9 FCPATH\index.php(67): CodeIgniter\CodeIgniter->run()
CRITICAL - 2023-10-13 19:34:08 --> Undefined property: stdClass::$total_documentos
in APPPATH\Views\obras_ejecutora.php on line 49.
 1 APPPATH\Views\obras_ejecutora.php(49): CodeIgniter\Debug\Exceptions->errorHandler(2, 'Undefined property: stdClass::$total_documentos', 'APPPATH\\Views\\obras_ejecutora.php', 49)
 2 SYSTEMPATH\View\View.php(213): include('APPPATH\\Views\\obras_ejecutora.php')
 3 SYSTEMPATH\View\View.php(216): CodeIgniter\View\View->CodeIgniter\View\{closure}()
 4 SYSTEMPATH\Common.php(1184): CodeIgniter\View\View->render('obras_ejecutora', [], true)
 5 APPPATH\Controllers\ExpedienteObra.php(63): view('obras_ejecutora', [...])
 6 SYSTEMPATH\CodeIgniter.php(934): App\Controllers\ExpedienteObra->obrasXejecutora('102001')
 7 SYSTEMPATH\CodeIgniter.php(499): CodeIgniter\CodeIgniter->runController(Object(App\Controllers\ExpedienteObra))
 8 SYSTEMPATH\CodeIgniter.php(368): CodeIgniter\CodeIgniter->handleRequest(null, Object(Config\Cache), false)
 9 FCPATH\index.php(67): CodeIgniter\CodeIgniter->run()
CRITICAL - 2023-10-13 19:35:15 --> Undefined property: stdClass::$total_documentos
in APPPATH\Views\obras_ejecutora.php on line 50.
 1 APPPATH\Views\obras_ejecutora.php(50): CodeIgniter\Debug\Exceptions->errorHandler(2, 'Undefined property: stdClass::$total_documentos', 'APPPATH\\Views\\obras_ejecutora.php', 50)
 2 SYSTEMPATH\View\View.php(213): include('APPPATH\\Views\\obras_ejecutora.php')
 3 SYSTEMPATH\View\View.php(216): CodeIgniter\View\View->CodeIgniter\View\{closure}()
 4 SYSTEMPATH\Common.php(1184): CodeIgniter\View\View->render('obras_ejecutora', [], true)
 5 APPPATH\Controllers\ExpedienteObra.php(63): view('obras_ejecutora', [...])
 6 SYSTEMPATH\CodeIgniter.php(934): App\Controllers\ExpedienteObra->obrasXejecutora('102001')
 7 SYSTEMPATH\CodeIgniter.php(499): CodeIgniter\CodeIgniter->runController(Object(App\Controllers\ExpedienteObra))
 8 SYSTEMPATH\CodeIgniter.php(368): CodeIgniter\CodeIgniter->handleRequest(null, Object(Config\Cache), false)
 9 FCPATH\index.php(67): CodeIgniter\CodeIgniter->run()
CRITICAL - 2023-10-13 19:36:12 --> Undefined property: stdClass::$total_documentos
in APPPATH\Views\obras_ejecutora.php on line 50.
 1 APPPATH\Views\obras_ejecutora.php(50): CodeIgniter\Debug\Exceptions->errorHandler(2, 'Undefined property: stdClass::$total_documentos', 'APPPATH\\Views\\obras_ejecutora.php', 50)
 2 SYSTEMPATH\View\View.php(213): include('APPPATH\\Views\\obras_ejecutora.php')
 3 SYSTEMPATH\View\View.php(216): CodeIgniter\View\View->CodeIgniter\View\{closure}()
 4 SYSTEMPATH\Common.php(1184): CodeIgniter\View\View->render('obras_ejecutora', [], true)
 5 APPPATH\Controllers\ExpedienteObra.php(63): view('obras_ejecutora', [...])
 6 SYSTEMPATH\CodeIgniter.php(934): App\Controllers\ExpedienteObra->obrasXejecutora('102001')
 7 SYSTEMPATH\CodeIgniter.php(499): CodeIgniter\CodeIgniter->runController(Object(App\Controllers\ExpedienteObra))
 8 SYSTEMPATH\CodeIgniter.php(368): CodeIgniter\CodeIgniter->handleRequest(null, Object(Config\Cache), false)
 9 FCPATH\index.php(67): CodeIgniter\CodeIgniter->run()
CRITICAL - 2023-10-13 22:50:51 --> Undefined property: stdClass::$universo_id
in APPPATH\Views\catalogo_obras.php on line 28.
 1 APPPATH\Views\catalogo_obras.php(28): CodeIgniter\Debug\Exceptions->errorHandler(2, 'Undefined property: stdClass::$universo_id', 'APPPATH\\Views\\catalogo_obras.php', 28)
 2 SYSTEMPATH\View\View.php(213): include('APPPATH\\Views\\catalogo_obras.php')
 3 SYSTEMPATH\View\View.php(216): CodeIgniter\View\View->CodeIgniter\View\{closure}()
 4 SYSTEMPATH\Common.php(1184): CodeIgniter\View\View->render('catalogo_obras', [], true)
 5 APPPATH\Controllers\ExpedienteObra.php(75): view('catalogo_obras', [...])
 6 SYSTEMPATH\CodeIgniter.php(934): App\Controllers\ExpedienteObra->catalogoXobras('1')
 7 SYSTEMPATH\CodeIgniter.php(499): CodeIgniter\CodeIgniter->runController(Object(App\Controllers\ExpedienteObra))
 8 SYSTEMPATH\CodeIgniter.php(368): CodeIgniter\CodeIgniter->handleRequest(null, Object(Config\Cache), false)
 9 FCPATH\index.php(67): CodeIgniter\CodeIgniter->run()
CRITICAL - 2023-10-13 22:58:05 --> Undefined variable $id
in APPPATH\Views\catalogo_obras.php on line 32.
 1 APPPATH\Views\catalogo_obras.php(32): CodeIgniter\Debug\Exceptions->errorHandler(2, 'Undefined variable $id', 'APPPATH\\Views\\catalogo_obras.php', 32)
 2 SYSTEMPATH\View\View.php(213): include('APPPATH\\Views\\catalogo_obras.php')
 3 SYSTEMPATH\View\View.php(216): CodeIgniter\View\View->CodeIgniter\View\{closure}()
 4 SYSTEMPATH\Common.php(1184): CodeIgniter\View\View->render('catalogo_obras', [], true)
 5 APPPATH\Controllers\ExpedienteObra.php(75): view('catalogo_obras', [...])
 6 SYSTEMPATH\CodeIgniter.php(934): App\Controllers\ExpedienteObra->catalogoXobras('168')
 7 SYSTEMPATH\CodeIgniter.php(499): CodeIgniter\CodeIgniter->runController(Object(App\Controllers\ExpedienteObra))
 8 SYSTEMPATH\CodeIgniter.php(368): CodeIgniter\CodeIgniter->handleRequest(null, Object(Config\Cache), false)
 9 FCPATH\index.php(67): CodeIgniter\CodeIgniter->run()
CRITICAL - 2023-10-13 22:59:46 --> Undefined variable $id
in APPPATH\Views\catalogo_obras.php on line 32.
 1 APPPATH\Views\catalogo_obras.php(32): CodeIgniter\Debug\Exceptions->errorHandler(2, 'Undefined variable $id', 'APPPATH\\Views\\catalogo_obras.php', 32)
 2 SYSTEMPATH\View\View.php(213): include('APPPATH\\Views\\catalogo_obras.php')
 3 SYSTEMPATH\View\View.php(216): CodeIgniter\View\View->CodeIgniter\View\{closure}()
 4 SYSTEMPATH\Common.php(1184): CodeIgniter\View\View->render('catalogo_obras', [], true)
 5 APPPATH\Controllers\ExpedienteObra.php(75): view('catalogo_obras', [...])
 6 SYSTEMPATH\CodeIgniter.php(934): App\Controllers\ExpedienteObra->catalogoXobras('167')
 7 SYSTEMPATH\CodeIgniter.php(499): CodeIgniter\CodeIgniter->runController(Object(App\Controllers\ExpedienteObra))
 8 SYSTEMPATH\CodeIgniter.php(368): CodeIgniter\CodeIgniter->handleRequest(null, Object(Config\Cache), false)
 9 FCPATH\index.php(67): CodeIgniter\CodeIgniter->run()
CRITICAL - 2023-10-13 23:01:05 --> Undefined variable $id
in APPPATH\Views\catalogo_obras.php on line 32.
 1 APPPATH\Views\catalogo_obras.php(32): CodeIgniter\Debug\Exceptions->errorHandler(2, 'Undefined variable $id', 'APPPATH\\Views\\catalogo_obras.php', 32)
 2 SYSTEMPATH\View\View.php(213): include('APPPATH\\Views\\catalogo_obras.php')
 3 SYSTEMPATH\View\View.php(216): CodeIgniter\View\View->CodeIgniter\View\{closure}()
 4 SYSTEMPATH\Common.php(1184): CodeIgniter\View\View->render('catalogo_obras', [], true)
 5 APPPATH\Controllers\ExpedienteObra.php(75): view('catalogo_obras', [...])
 6 SYSTEMPATH\CodeIgniter.php(934): App\Controllers\ExpedienteObra->catalogoXobras('167')
 7 SYSTEMPATH\CodeIgniter.php(499): CodeIgniter\CodeIgniter->runController(Object(App\Controllers\ExpedienteObra))
 8 SYSTEMPATH\CodeIgniter.php(368): CodeIgniter\CodeIgniter->handleRequest(null, Object(Config\Cache), false)
 9 FCPATH\index.php(67): CodeIgniter\CodeIgniter->run()
CRITICAL - 2023-10-13 23:02:06 --> Undefined variable $id
in APPPATH\Views\catalogo_obras.php on line 32.
 1 APPPATH\Views\catalogo_obras.php(32): CodeIgniter\Debug\Exceptions->errorHandler(2, 'Undefined variable $id', 'APPPATH\\Views\\catalogo_obras.php', 32)
 2 SYSTEMPATH\View\View.php(213): include('APPPATH\\Views\\catalogo_obras.php')
 3 SYSTEMPATH\View\View.php(216): CodeIgniter\View\View->CodeIgniter\View\{closure}()
 4 SYSTEMPATH\Common.php(1184): CodeIgniter\View\View->render('catalogo_obras', [], true)
 5 APPPATH\Controllers\ExpedienteObra.php(75): view('catalogo_obras', [...])
 6 SYSTEMPATH\CodeIgniter.php(934): App\Controllers\ExpedienteObra->catalogoXobras('167')
 7 SYSTEMPATH\CodeIgniter.php(499): CodeIgniter\CodeIgniter->runController(Object(App\Controllers\ExpedienteObra))
 8 SYSTEMPATH\CodeIgniter.php(368): CodeIgniter\CodeIgniter->handleRequest(null, Object(Config\Cache), false)
 9 FCPATH\index.php(67): CodeIgniter\CodeIgniter->run()
CRITICAL - 2023-10-13 23:02:07 --> Undefined variable $id
in APPPATH\Views\catalogo_obras.php on line 32.
 1 APPPATH\Views\catalogo_obras.php(32): CodeIgniter\Debug\Exceptions->errorHandler(2, 'Undefined variable $id', 'APPPATH\\Views\\catalogo_obras.php', 32)
 2 SYSTEMPATH\View\View.php(213): include('APPPATH\\Views\\catalogo_obras.php')
 3 SYSTEMPATH\View\View.php(216): CodeIgniter\View\View->CodeIgniter\View\{closure}()
 4 SYSTEMPATH\Common.php(1184): CodeIgniter\View\View->render('catalogo_obras', [], true)
 5 APPPATH\Controllers\ExpedienteObra.php(75): view('catalogo_obras', [...])
 6 SYSTEMPATH\CodeIgniter.php(934): App\Controllers\ExpedienteObra->catalogoXobras('167')
 7 SYSTEMPATH\CodeIgniter.php(499): CodeIgniter\CodeIgniter->runController(Object(App\Controllers\ExpedienteObra))
 8 SYSTEMPATH\CodeIgniter.php(368): CodeIgniter\CodeIgniter->handleRequest(null, Object(Config\Cache), false)
 9 FCPATH\index.php(67): CodeIgniter\CodeIgniter->run()
CRITICAL - 2023-10-13 23:08:49 --> Undefined variable $id
in APPPATH\Views\catalogo_obras.php on line 32.
 1 APPPATH\Views\catalogo_obras.php(32): CodeIgniter\Debug\Exceptions->errorHandler(2, 'Undefined variable $id', 'APPPATH\\Views\\catalogo_obras.php', 32)
 2 SYSTEMPATH\View\View.php(213): include('APPPATH\\Views\\catalogo_obras.php')
 3 SYSTEMPATH\View\View.php(216): CodeIgniter\View\View->CodeIgniter\View\{closure}()
 4 SYSTEMPATH\Common.php(1184): CodeIgniter\View\View->render('catalogo_obras', [], true)
 5 APPPATH\Controllers\ExpedienteObra.php(75): view('catalogo_obras', [...])
 6 SYSTEMPATH\CodeIgniter.php(934): App\Controllers\ExpedienteObra->catalogoXobras('169')
 7 SYSTEMPATH\CodeIgniter.php(499): CodeIgniter\CodeIgniter->runController(Object(App\Controllers\ExpedienteObra))
 8 SYSTEMPATH\CodeIgniter.php(368): CodeIgniter\CodeIgniter->handleRequest(null, Object(Config\Cache), false)
 9 FCPATH\index.php(67): CodeIgniter\CodeIgniter->run()
CRITICAL - 2023-10-13 23:11:25 --> Undefined variable $id
in APPPATH\Views\catalogo_obras.php on line 37.
 1 APPPATH\Views\catalogo_obras.php(37): CodeIgniter\Debug\Exceptions->errorHandler(2, 'Undefined variable $id', 'APPPATH\\Views\\catalogo_obras.php', 37)
 2 SYSTEMPATH\View\View.php(213): include('APPPATH\\Views\\catalogo_obras.php')
 3 SYSTEMPATH\View\View.php(216): CodeIgniter\View\View->CodeIgniter\View\{closure}()
 4 SYSTEMPATH\Common.php(1184): CodeIgniter\View\View->render('catalogo_obras', [], true)
 5 APPPATH\Controllers\ExpedienteObra.php(75): view('catalogo_obras', [...])
 6 SYSTEMPATH\CodeIgniter.php(934): App\Controllers\ExpedienteObra->catalogoXobras('167')
 7 SYSTEMPATH\CodeIgniter.php(499): CodeIgniter\CodeIgniter->runController(Object(App\Controllers\ExpedienteObra))
 8 SYSTEMPATH\CodeIgniter.php(368): CodeIgniter\CodeIgniter->handleRequest(null, Object(Config\Cache), false)
 9 FCPATH\index.php(67): CodeIgniter\CodeIgniter->run()
CRITICAL - 2023-10-13 23:12:35 --> Undefined variable $id
in APPPATH\Views\catalogo_obras.php on line 39.
 1 APPPATH\Views\catalogo_obras.php(39): CodeIgniter\Debug\Exceptions->errorHandler(2, 'Undefined variable $id', 'APPPATH\\Views\\catalogo_obras.php', 39)
 2 SYSTEMPATH\View\View.php(213): include('APPPATH\\Views\\catalogo_obras.php')
 3 SYSTEMPATH\View\View.php(216): CodeIgniter\View\View->CodeIgniter\View\{closure}()
 4 SYSTEMPATH\Common.php(1184): CodeIgniter\View\View->render('catalogo_obras', [], true)
 5 APPPATH\Controllers\ExpedienteObra.php(75): view('catalogo_obras', [...])
 6 SYSTEMPATH\CodeIgniter.php(934): App\Controllers\ExpedienteObra->catalogoXobras('167')
 7 SYSTEMPATH\CodeIgniter.php(499): CodeIgniter\CodeIgniter->runController(Object(App\Controllers\ExpedienteObra))
 8 SYSTEMPATH\CodeIgniter.php(368): CodeIgniter\CodeIgniter->handleRequest(null, Object(Config\Cache), false)
 9 FCPATH\index.php(67): CodeIgniter\CodeIgniter->run()
CRITICAL - 2023-10-13 23:30:37 --> Undefined variable $id
in APPPATH\Views\catalogo_obras.php on line 30.
 1 APPPATH\Views\catalogo_obras.php(30): CodeIgniter\Debug\Exceptions->errorHandler(2, 'Undefined variable $id', 'APPPATH\\Views\\catalogo_obras.php', 30)
 2 SYSTEMPATH\View\View.php(213): include('APPPATH\\Views\\catalogo_obras.php')
 3 SYSTEMPATH\View\View.php(216): CodeIgniter\View\View->CodeIgniter\View\{closure}()
 4 SYSTEMPATH\Common.php(1184): CodeIgniter\View\View->render('catalogo_obras', [], true)
 5 APPPATH\Controllers\ExpedienteObra.php(75): view('catalogo_obras', [...])
 6 SYSTEMPATH\CodeIgniter.php(934): App\Controllers\ExpedienteObra->catalogoXobras('1')
 7 SYSTEMPATH\CodeIgniter.php(499): CodeIgniter\CodeIgniter->runController(Object(App\Controllers\ExpedienteObra))
 8 SYSTEMPATH\CodeIgniter.php(368): CodeIgniter\CodeIgniter->handleRequest(null, Object(Config\Cache), false)
 9 FCPATH\index.php(67): CodeIgniter\CodeIgniter->run()
CRITICAL - 2023-10-13 23:40:04 --> Undefined property: stdClass::$unidad_ejecutora
in APPPATH\Views\obras_ejecutora.php on line 28.
 1 APPPATH\Views\obras_ejecutora.php(28): CodeIgniter\Debug\Exceptions->errorHandler(2, 'Undefined property: stdClass::$unidad_ejecutora', 'APPPATH\\Views\\obras_ejecutora.php', 28)
 2 SYSTEMPATH\View\View.php(213): include('APPPATH\\Views\\obras_ejecutora.php')
 3 SYSTEMPATH\View\View.php(216): CodeIgniter\View\View->CodeIgniter\View\{closure}()
 4 SYSTEMPATH\Common.php(1184): CodeIgniter\View\View->render('obras_ejecutora', [], true)
 5 APPPATH\Controllers\ExpedienteObra.php(80): view('obras_ejecutora', [...])
 6 SYSTEMPATH\CodeIgniter.php(934): App\Controllers\ExpedienteObra->obrasXejecutora('102001')
 7 SYSTEMPATH\CodeIgniter.php(499): CodeIgniter\CodeIgniter->runController(Object(App\Controllers\ExpedienteObra))
 8 SYSTEMPATH\CodeIgniter.php(368): CodeIgniter\CodeIgniter->handleRequest(null, Object(Config\Cache), false)
 9 FCPATH\index.php(67): CodeIgniter\CodeIgniter->run()
CRITICAL - 2023-10-13 23:41:26 --> Undefined variable $id
in APPPATH\Views\catalogo_obras.php on line 32.
 1 APPPATH\Views\catalogo_obras.php(32): CodeIgniter\Debug\Exceptions->errorHandler(2, 'Undefined variable $id', 'APPPATH\\Views\\catalogo_obras.php', 32)
 2 SYSTEMPATH\View\View.php(213): include('APPPATH\\Views\\catalogo_obras.php')
 3 SYSTEMPATH\View\View.php(216): CodeIgniter\View\View->CodeIgniter\View\{closure}()
 4 SYSTEMPATH\Common.php(1184): CodeIgniter\View\View->render('catalogo_obras', [], true)
 5 APPPATH\Controllers\ExpedienteObra.php(75): view('catalogo_obras', [...])
 6 SYSTEMPATH\CodeIgniter.php(934): App\Controllers\ExpedienteObra->catalogoXobras('167')
 7 SYSTEMPATH\CodeIgniter.php(499): CodeIgniter\CodeIgniter->runController(Object(App\Controllers\ExpedienteObra))
 8 SYSTEMPATH\CodeIgniter.php(368): CodeIgniter\CodeIgniter->handleRequest(null, Object(Config\Cache), false)
 9 FCPATH\index.php(67): CodeIgniter\CodeIgniter->run()
CRITICAL - 2023-10-13 23:44:08 --> Undefined variable $id
in APPPATH\Views\catalogo_obras.php on line 32.
 1 APPPATH\Views\catalogo_obras.php(32): CodeIgniter\Debug\Exceptions->errorHandler(2, 'Undefined variable $id', 'APPPATH\\Views\\catalogo_obras.php', 32)
 2 SYSTEMPATH\View\View.php(213): include('APPPATH\\Views\\catalogo_obras.php')
 3 SYSTEMPATH\View\View.php(216): CodeIgniter\View\View->CodeIgniter\View\{closure}()
 4 SYSTEMPATH\Common.php(1184): CodeIgniter\View\View->render('catalogo_obras', [], true)
 5 APPPATH\Controllers\ExpedienteObra.php(75): view('catalogo_obras', [...])
 6 SYSTEMPATH\CodeIgniter.php(934): App\Controllers\ExpedienteObra->catalogoXobras('167')
 7 SYSTEMPATH\CodeIgniter.php(499): CodeIgniter\CodeIgniter->runController(Object(App\Controllers\ExpedienteObra))
 8 SYSTEMPATH\CodeIgniter.php(368): CodeIgniter\CodeIgniter->handleRequest(null, Object(Config\Cache), false)
 9 FCPATH\index.php(67): CodeIgniter\CodeIgniter->run()
CRITICAL - 2023-10-13 23:53:43 --> Undefined variable $id
in APPPATH\Views\catalogo_obras.php on line 31.
 1 APPPATH\Views\catalogo_obras.php(31): CodeIgniter\Debug\Exceptions->errorHandler(2, 'Undefined variable $id', 'APPPATH\\Views\\catalogo_obras.php', 31)
 2 SYSTEMPATH\View\View.php(213): include('APPPATH\\Views\\catalogo_obras.php')
 3 SYSTEMPATH\View\View.php(216): CodeIgniter\View\View->CodeIgniter\View\{closure}()
 4 SYSTEMPATH\Common.php(1184): CodeIgniter\View\View->render('catalogo_obras', [], true)
 5 APPPATH\Controllers\ExpedienteObra.php(75): view('catalogo_obras', [...])
 6 SYSTEMPATH\CodeIgniter.php(934): App\Controllers\ExpedienteObra->catalogoXobras('167')
 7 SYSTEMPATH\CodeIgniter.php(499): CodeIgniter\CodeIgniter->runController(Object(App\Controllers\ExpedienteObra))
 8 SYSTEMPATH\CodeIgniter.php(368): CodeIgniter\CodeIgniter->handleRequest(null, Object(Config\Cache), false)
 9 FCPATH\index.php(67): CodeIgniter\CodeIgniter->run()
CRITICAL - 2023-10-13 23:55:50 --> Undefined variable $id
in APPPATH\Views\catalogo_obras.php on line 34.
 1 APPPATH\Views\catalogo_obras.php(34): CodeIgniter\Debug\Exceptions->errorHandler(2, 'Undefined variable $id', 'APPPATH\\Views\\catalogo_obras.php', 34)
 2 SYSTEMPATH\View\View.php(213): include('APPPATH\\Views\\catalogo_obras.php')
 3 SYSTEMPATH\View\View.php(216): CodeIgniter\View\View->CodeIgniter\View\{closure}()
 4 SYSTEMPATH\Common.php(1184): CodeIgniter\View\View->render('catalogo_obras', [], true)
 5 APPPATH\Controllers\ExpedienteObra.php(75): view('catalogo_obras', [...])
 6 SYSTEMPATH\CodeIgniter.php(934): App\Controllers\ExpedienteObra->catalogoXobras('167')
 7 SYSTEMPATH\CodeIgniter.php(499): CodeIgniter\CodeIgniter->runController(Object(App\Controllers\ExpedienteObra))
 8 SYSTEMPATH\CodeIgniter.php(368): CodeIgniter\CodeIgniter->handleRequest(null, Object(Config\Cache), false)
 9 FCPATH\index.php(67): CodeIgniter\CodeIgniter->run()
