CRITICAL - 2023-09-26 23:40:09 --> Call to undefined method App\Models\ExpedienteModel::getExpedientes
in SYSTEMPATH\Model.php on line 842.
 1 APPPATH\Controllers\ExpedienteObra.php(24): CodeIgniter\Model->__call('getExpedientes', [])
 2 SYSTEMPATH\CodeIgniter.php(934): App\Controllers\ExpedienteObra->expedientes()
 3 SYSTEMPATH\CodeIgniter.php(499): CodeIgniter\CodeIgniter->runController(Object(App\Controllers\ExpedienteObra))
 4 SYSTEMPATH\CodeIgniter.php(368): CodeIgniter\CodeIgniter->handleRequest(null, Object(Config\Cache), false)
 5 FCPATH\index.php(67): CodeIgniter\CodeIgniter->run()
CRITICAL - 2023-09-26 23:40:39 --> Call to undefined method App\Models\ExpedienteModel::getExpedientes
in SYSTEMPATH\Model.php on line 842.
 1 APPPATH\Controllers\ExpedienteObra.php(24): CodeIgniter\Model->__call('getExpedientes', [])
 2 SYSTEMPATH\CodeIgniter.php(934): App\Controllers\ExpedienteObra->expedientes()
 3 SYSTEMPATH\CodeIgniter.php(499): CodeIgniter\CodeIgniter->runController(Object(App\Controllers\ExpedienteObra))
 4 SYSTEMPATH\CodeIgniter.php(368): CodeIgniter\CodeIgniter->handleRequest(null, Object(Config\Cache), false)
 5 FCPATH\index.php(67): CodeIgniter\CodeIgniter->run()
CRITICAL - 2023-09-26 23:41:05 --> Call to undefined method App\Models\ExpedienteModel::getExpedientes
in SYSTEMPATH\Model.php on line 842.
 1 APPPATH\Controllers\ExpedienteObra.php(24): CodeIgniter\Model->__call('getExpedientes', [])
 2 SYSTEMPATH\CodeIgniter.php(934): App\Controllers\ExpedienteObra->expedientes()
 3 SYSTEMPATH\CodeIgniter.php(499): CodeIgniter\CodeIgniter->runController(Object(App\Controllers\ExpedienteObra))
 4 SYSTEMPATH\CodeIgniter.php(368): CodeIgniter\CodeIgniter->handleRequest(null, Object(Config\Cache), false)
 5 FCPATH\index.php(67): CodeIgniter\CodeIgniter->run()
CRITICAL - 2023-09-26 23:41:53 --> Call to undefined method App\Models\ExpedienteModel::getExpedientes
in SYSTEMPATH\Model.php on line 842.
 1 APPPATH\Controllers\ExpedienteObra.php(27): CodeIgniter\Model->__call('getExpedientes', [])
 2 SYSTEMPATH\CodeIgniter.php(934): App\Controllers\ExpedienteObra->expedientes()
 3 SYSTEMPATH\CodeIgniter.php(499): CodeIgniter\CodeIgniter->runController(Object(App\Controllers\ExpedienteObra))
 4 SYSTEMPATH\CodeIgniter.php(368): CodeIgniter\CodeIgniter->handleRequest(null, Object(Config\Cache), false)
 5 FCPATH\index.php(67): CodeIgniter\CodeIgniter->run()
CRITICAL - 2023-09-26 23:42:49 --> Call to undefined method App\Models\ExpedienteModel::getExpedientes
in SYSTEMPATH\Model.php on line 842.
 1 APPPATH\Controllers\ExpedienteObra.php(27): CodeIgniter\Model->__call('getExpedientes', [])
 2 SYSTEMPATH\CodeIgniter.php(934): App\Controllers\ExpedienteObra->expedientes()
 3 SYSTEMPATH\CodeIgniter.php(499): CodeIgniter\CodeIgniter->runController(Object(App\Controllers\ExpedienteObra))
 4 SYSTEMPATH\CodeIgniter.php(368): CodeIgniter\CodeIgniter->handleRequest(null, Object(Config\Cache), false)
 5 FCPATH\index.php(67): CodeIgniter\CodeIgniter->run()
CRITICAL - 2023-09-26 23:43:50 --> Call to a member function paginate() on array
in APPPATH\Controllers\ExpedienteObra.php on line 24.
 1 SYSTEMPATH\CodeIgniter.php(934): App\Controllers\ExpedienteObra->expedientes()
 2 SYSTEMPATH\CodeIgniter.php(499): CodeIgniter\CodeIgniter->runController(Object(App\Controllers\ExpedienteObra))
 3 SYSTEMPATH\CodeIgniter.php(368): CodeIgniter\CodeIgniter->handleRequest(null, Object(Config\Cache), false)
 4 FCPATH\index.php(67): CodeIgniter\CodeIgniter->run()
CRITICAL - 2023-09-26 23:55:51 --> Call to a member function paginate() on array
in APPPATH\Controllers\ExpedienteObra.php on line 26.
 1 SYSTEMPATH\CodeIgniter.php(934): App\Controllers\ExpedienteObra->expedientes()
 2 SYSTEMPATH\CodeIgniter.php(499): CodeIgniter\CodeIgniter->runController(Object(App\Controllers\ExpedienteObra))
 3 SYSTEMPATH\CodeIgniter.php(368): CodeIgniter\CodeIgniter->handleRequest(null, Object(Config\Cache), false)
 4 FCPATH\index.php(67): CodeIgniter\CodeIgniter->run()
CRITICAL - 2023-09-26 23:58:12 --> Call to a member function paginate() on array
in APPPATH\Controllers\ExpedienteObra.php on line 27.
 1 SYSTEMPATH\CodeIgniter.php(934): App\Controllers\ExpedienteObra->expedientes()
 2 SYSTEMPATH\CodeIgniter.php(499): CodeIgniter\CodeIgniter->runController(Object(App\Controllers\ExpedienteObra))
 3 SYSTEMPATH\CodeIgniter.php(368): CodeIgniter\CodeIgniter->handleRequest(null, Object(Config\Cache), false)
 4 FCPATH\index.php(67): CodeIgniter\CodeIgniter->run()
