CRITICAL - 2023-06-23 11:13:26 --> Attempt to read property "importe" on null
in APPPATH/Views/contrato/contrato_register.php on line 182.
 1 APPPATH/Views/contrato/contrato_register.php(182): CodeIgniter\Debug\Exceptions->errorHandler(2, 'Attempt to read property "importe" on null', 'APPPATH/Views/contrato/contrato_register.php', 182)
 2 SYSTEMPATH/View/View.php(213): include('APPPATH/Views/contrato/contrato_register.php')
 3 SYSTEMPATH/View/View.php(216): CodeIgniter\View\View->CodeIgniter\View\{closure}()
 4 SYSTEMPATH/Common.php(1184): CodeIgniter\View\View->render('contrato/contrato_register', [], true)
 5 APPPATH/Controllers/Obra.php(306): view('contrato/contrato_register', [...])
 6 SYSTEMPATH/CodeIgniter.php(934): App\Controllers\Obra->contrato('5')
 7 SYSTEMPATH/CodeIgniter.php(499): CodeIgniter\CodeIgniter->runController(Object(App\Controllers\Obra))
 8 SYSTEMPATH/CodeIgniter.php(368): CodeIgniter\CodeIgniter->handleRequest(null, Object(Config\Cache), false)
 9 FCPATH/index.php(67): CodeIgniter\CodeIgniter->run()
CRITICAL - 2023-06-23 22:48:06 --> Call to undefined function App\Controllers\getGps()
in APPPATH/Controllers/Archivo.php on line 100.
 1 SYSTEMPATH/CodeIgniter.php(934): App\Controllers\Archivo->uploadFoto()
 2 SYSTEMPATH/CodeIgniter.php(499): CodeIgniter\CodeIgniter->runController(Object(App\Controllers\Archivo))
 3 SYSTEMPATH/CodeIgniter.php(368): CodeIgniter\CodeIgniter->handleRequest(null, Object(Config\Cache), false)
 4 FCPATH/index.php(67): CodeIgniter\CodeIgniter->run()
CRITICAL - 2023-06-23 22:57:35 --> Call to undefined function App\Controllers\getGps()
in APPPATH/Controllers/Archivo.php on line 102.
 1 SYSTEMPATH/CodeIgniter.php(934): App\Controllers\Archivo->uploadFoto()
 2 SYSTEMPATH/CodeIgniter.php(499): CodeIgniter\CodeIgniter->runController(Object(App\Controllers\Archivo))
 3 SYSTEMPATH/CodeIgniter.php(368): CodeIgniter\CodeIgniter->handleRequest(null, Object(Config\Cache), false)
 4 FCPATH/index.php(67): CodeIgniter\CodeIgniter->run()
CRITICAL - 2023-06-23 22:59:39 --> Call to undefined function App\Controllers\getGps()
in APPPATH/Controllers/Archivo.php on line 104.
 1 SYSTEMPATH/CodeIgniter.php(934): App\Controllers\Archivo->uploadFoto()
 2 SYSTEMPATH/CodeIgniter.php(499): CodeIgniter\CodeIgniter->runController(Object(App\Controllers\Archivo))
 3 SYSTEMPATH/CodeIgniter.php(368): CodeIgniter\CodeIgniter->handleRequest(null, Object(Config\Cache), false)
 4 FCPATH/index.php(67): CodeIgniter\CodeIgniter->run()
CRITICAL - 2023-06-23 23:02:08 --> Call to undefined function App\Controllers\getGps()
in APPPATH/Controllers/Archivo.php on line 106.
 1 SYSTEMPATH/CodeIgniter.php(934): App\Controllers\Archivo->uploadFoto()
 2 SYSTEMPATH/CodeIgniter.php(499): CodeIgniter\CodeIgniter->runController(Object(App\Controllers\Archivo))
 3 SYSTEMPATH/CodeIgniter.php(368): CodeIgniter\CodeIgniter->handleRequest(null, Object(Config\Cache), false)
 4 FCPATH/index.php(67): CodeIgniter\CodeIgniter->run()
CRITICAL - 2023-06-23 23:07:07 --> print_r() expects at least 1 argument, 0 given
in APPPATH/Controllers/Archivo.php on line 101.
 1 APPPATH/Controllers/Archivo.php(101): print_r()
 2 SYSTEMPATH/CodeIgniter.php(934): App\Controllers\Archivo->uploadFoto()
 3 SYSTEMPATH/CodeIgniter.php(499): CodeIgniter\CodeIgniter->runController(Object(App\Controllers\Archivo))
 4 SYSTEMPATH/CodeIgniter.php(368): CodeIgniter\CodeIgniter->handleRequest(null, Object(Config\Cache), false)
 5 FCPATH/index.php(67): CodeIgniter\CodeIgniter->run()
CRITICAL - 2023-06-23 23:23:33 --> Undefined property: App\Controllers\Archivo::$avanceModel
in APPPATH/Controllers/Archivo.php on line 223.
 1 APPPATH/Controllers/Archivo.php(223): CodeIgniter\Debug\Exceptions->errorHandler(2, 'Undefined property: App\\Controllers\\Archivo::$avanceModel', 'APPPATH/Controllers/Archivo.php', 223)
 2 SYSTEMPATH/CodeIgniter.php(934): App\Controllers\Archivo->getFotoUbicacion('123')
 3 SYSTEMPATH/CodeIgniter.php(499): CodeIgniter\CodeIgniter->runController(Object(App\Controllers\Archivo))
 4 SYSTEMPATH/CodeIgniter.php(368): CodeIgniter\CodeIgniter->handleRequest(null, Object(Config\Cache), false)
 5 FCPATH/index.php(67): CodeIgniter\CodeIgniter->run()
CRITICAL - 2023-06-23 23:24:27 --> Undefined property: App\Controllers\Archivo::$universoModel
in APPPATH/Controllers/Archivo.php on line 228.
 1 APPPATH/Controllers/Archivo.php(228): CodeIgniter\Debug\Exceptions->errorHandler(2, 'Undefined property: App\\Controllers\\Archivo::$universoModel', 'APPPATH/Controllers/Archivo.php', 228)
 2 SYSTEMPATH/CodeIgniter.php(934): App\Controllers\Archivo->getFotoUbicacion('123')
 3 SYSTEMPATH/CodeIgniter.php(499): CodeIgniter\CodeIgniter->runController(Object(App\Controllers\Archivo))
 4 SYSTEMPATH/CodeIgniter.php(368): CodeIgniter\CodeIgniter->handleRequest(null, Object(Config\Cache), false)
 5 FCPATH/index.php(67): CodeIgniter\CodeIgniter->run()
CRITICAL - 2023-06-23 23:26:21 --> Call to undefined function etiqueta_semaforo()
in APPPATH/Views/header_obra.php on line 34.
 1 SYSTEMPATH/View/View.php(213): include()
 2 SYSTEMPATH/View/View.php(216): CodeIgniter\View\View->CodeIgniter\View\{closure}()
 3 SYSTEMPATH/Common.php(1184): CodeIgniter\View\View->render('header_obra', [], true)
 4 APPPATH/Views/avance/avance_item_ubicacion.php(5): view('header_obra')
 5 SYSTEMPATH/View/View.php(213): include('APPPATH/Views/avance/avance_item_ubicacion.php')
 6 SYSTEMPATH/View/View.php(216): CodeIgniter\View\View->CodeIgniter\View\{closure}()
 7 SYSTEMPATH/Common.php(1184): CodeIgniter\View\View->render('avance/avance_item_ubicacion', [], true)
 8 APPPATH/Controllers/Archivo.php(236): view('avance/avance_item_ubicacion', [...])
 9 SYSTEMPATH/CodeIgniter.php(934): App\Controllers\Archivo->getFotoUbicacion('123')
10 SYSTEMPATH/CodeIgniter.php(499): CodeIgniter\CodeIgniter->runController(Object(App\Controllers\Archivo))
11 SYSTEMPATH/CodeIgniter.php(368): CodeIgniter\CodeIgniter->handleRequest(null, Object(Config\Cache), false)
12 FCPATH/index.php(67): CodeIgniter\CodeIgniter->run()
CRITICAL - 2023-06-23 23:27:14 --> Call to undefined function etiqueta_semaforo()
in APPPATH/Views/header_obra.php on line 34.
 1 SYSTEMPATH/View/View.php(213): include()
 2 SYSTEMPATH/View/View.php(216): CodeIgniter\View\View->CodeIgniter\View\{closure}()
 3 SYSTEMPATH/Common.php(1184): CodeIgniter\View\View->render('header_obra', [], true)
 4 APPPATH/Views/avance/avance_item_ubicacion.php(5): view('header_obra')
 5 SYSTEMPATH/View/View.php(213): include('APPPATH/Views/avance/avance_item_ubicacion.php')
 6 SYSTEMPATH/View/View.php(216): CodeIgniter\View\View->CodeIgniter\View\{closure}()
 7 SYSTEMPATH/Common.php(1184): CodeIgniter\View\View->render('avance/avance_item_ubicacion', [], true)
 8 APPPATH/Controllers/Archivo.php(238): view('avance/avance_item_ubicacion', [...])
 9 SYSTEMPATH/CodeIgniter.php(934): App\Controllers\Archivo->getFotoUbicacion('123')
10 SYSTEMPATH/CodeIgniter.php(499): CodeIgniter\CodeIgniter->runController(Object(App\Controllers\Archivo))
11 SYSTEMPATH/CodeIgniter.php(368): CodeIgniter\CodeIgniter->handleRequest(null, Object(Config\Cache), false)
12 FCPATH/index.php(67): CodeIgniter\CodeIgniter->run()
CRITICAL - 2023-06-23 23:30:28 --> Call to undefined function etiqueta_semaforo()
in APPPATH/Views/header_obra.php on line 34.
 1 SYSTEMPATH/View/View.php(213): include()
 2 SYSTEMPATH/View/View.php(216): CodeIgniter\View\View->CodeIgniter\View\{closure}()
 3 SYSTEMPATH/Common.php(1184): CodeIgniter\View\View->render('header_obra', [], true)
 4 APPPATH/Views/avance/avance_item_ubicacion.php(5): view('header_obra')
 5 SYSTEMPATH/View/View.php(213): include('APPPATH/Views/avance/avance_item_ubicacion.php')
 6 SYSTEMPATH/View/View.php(216): CodeIgniter\View\View->CodeIgniter\View\{closure}()
 7 SYSTEMPATH/Common.php(1184): CodeIgniter\View\View->render('avance/avance_item_ubicacion', [], true)
 8 APPPATH/Controllers/Archivo.php(238): view('avance/avance_item_ubicacion', [...])
 9 SYSTEMPATH/CodeIgniter.php(934): App\Controllers\Archivo->getFotoUbicacion('123')
10 SYSTEMPATH/CodeIgniter.php(499): CodeIgniter\CodeIgniter->runController(Object(App\Controllers\Archivo))
11 SYSTEMPATH/CodeIgniter.php(368): CodeIgniter\CodeIgniter->handleRequest(null, Object(Config\Cache), false)
12 FCPATH/index.php(67): CodeIgniter\CodeIgniter->run()
CRITICAL - 2023-06-23 23:31:07 --> Call to undefined function etiqueta_semaforo()
in APPPATH/Views/header_obra.php on line 34.
 1 SYSTEMPATH/View/View.php(213): include()
 2 SYSTEMPATH/View/View.php(216): CodeIgniter\View\View->CodeIgniter\View\{closure}()
 3 SYSTEMPATH/Common.php(1184): CodeIgniter\View\View->render('header_obra', [], true)
 4 APPPATH/Views/avance/avance_item_ubicacion.php(5): view('header_obra')
 5 SYSTEMPATH/View/View.php(213): include('APPPATH/Views/avance/avance_item_ubicacion.php')
 6 SYSTEMPATH/View/View.php(216): CodeIgniter\View\View->CodeIgniter\View\{closure}()
 7 SYSTEMPATH/Common.php(1184): CodeIgniter\View\View->render('avance/avance_item_ubicacion', [], true)
 8 APPPATH/Controllers/Archivo.php(238): view('avance/avance_item_ubicacion', [...])
 9 SYSTEMPATH/CodeIgniter.php(934): App\Controllers\Archivo->getFotoUbicacion('123')
10 SYSTEMPATH/CodeIgniter.php(499): CodeIgniter\CodeIgniter->runController(Object(App\Controllers\Archivo))
11 SYSTEMPATH/CodeIgniter.php(368): CodeIgniter\CodeIgniter->handleRequest(null, Object(Config\Cache), false)
12 FCPATH/index.php(67): CodeIgniter\CodeIgniter->run()
CRITICAL - 2023-06-23 23:31:09 --> Call to undefined function etiqueta_semaforo()
in APPPATH/Views/header_obra.php on line 34.
 1 SYSTEMPATH/View/View.php(213): include()
 2 SYSTEMPATH/View/View.php(216): CodeIgniter\View\View->CodeIgniter\View\{closure}()
 3 SYSTEMPATH/Common.php(1184): CodeIgniter\View\View->render('header_obra', [], true)
 4 APPPATH/Views/avance/avance_item_ubicacion.php(5): view('header_obra')
 5 SYSTEMPATH/View/View.php(213): include('APPPATH/Views/avance/avance_item_ubicacion.php')
 6 SYSTEMPATH/View/View.php(216): CodeIgniter\View\View->CodeIgniter\View\{closure}()
 7 SYSTEMPATH/Common.php(1184): CodeIgniter\View\View->render('avance/avance_item_ubicacion', [], true)
 8 APPPATH/Controllers/Archivo.php(238): view('avance/avance_item_ubicacion', [...])
 9 SYSTEMPATH/CodeIgniter.php(934): App\Controllers\Archivo->getFotoUbicacion('123')
10 SYSTEMPATH/CodeIgniter.php(499): CodeIgniter\CodeIgniter->runController(Object(App\Controllers\Archivo))
11 SYSTEMPATH/CodeIgniter.php(368): CodeIgniter\CodeIgniter->handleRequest(null, Object(Config\Cache), false)
12 FCPATH/index.php(67): CodeIgniter\CodeIgniter->run()
CRITICAL - 2023-06-23 23:31:58 --> syntax error, unexpected token ";"
in APPPATH/Views/header_obra.php on line 34.
 1 SYSTEMPATH/View/View.php(216): CodeIgniter\View\View->CodeIgniter\View\{closure}()
 2 SYSTEMPATH/Common.php(1184): CodeIgniter\View\View->render('header_obra', [], true)
 3 APPPATH/Views/avance/avance_item_ubicacion.php(5): view('header_obra')
 4 SYSTEMPATH/View/View.php(213): include('APPPATH/Views/avance/avance_item_ubicacion.php')
 5 SYSTEMPATH/View/View.php(216): CodeIgniter\View\View->CodeIgniter\View\{closure}()
 6 SYSTEMPATH/Common.php(1184): CodeIgniter\View\View->render('avance/avance_item_ubicacion', [], true)
 7 APPPATH/Controllers/Archivo.php(238): view('avance/avance_item_ubicacion', [...])
 8 SYSTEMPATH/CodeIgniter.php(934): App\Controllers\Archivo->getFotoUbicacion('123')
 9 SYSTEMPATH/CodeIgniter.php(499): CodeIgniter\CodeIgniter->runController(Object(App\Controllers\Archivo))
10 SYSTEMPATH/CodeIgniter.php(368): CodeIgniter\CodeIgniter->handleRequest(null, Object(Config\Cache), false)
11 FCPATH/index.php(67): CodeIgniter\CodeIgniter->run()
