ERROR - 2023-08-24 12:31:28 --> mysqli_sql_exception: Unknown column 'fecha_hora_revisado' in 'field list' in C:\xampp\htdocs\app\system\Database\MySQLi\Connection.php:295
Stack trace:
#0 C:\xampp\htdocs\app\system\Database\MySQLi\Connection.php(295): mysqli->query('INSERT INTO `do...', 0)
#1 C:\xampp\htdocs\app\system\Database\BaseConnection.php(691): CodeIgniter\Database\MySQLi\Connection->execute('INSERT INTO `do...')
#2 C:\xampp\htdocs\app\system\Database\BaseConnection.php(605): CodeIgniter\Database\BaseConnection->simpleQuery('INSERT INTO `do...')
#3 C:\xampp\htdocs\app\system\Database\BaseBuilder.php(2309): CodeIgniter\Database\BaseConnection->query('INSERT INTO `do...', Array, false)
#4 C:\xampp\htdocs\app\app\Controllers\FileUpload.php(48): CodeIgniter\Database\BaseBuilder->insert(Array)
#5 C:\xampp\htdocs\app\system\CodeIgniter.php(934): App\Controllers\FileUpload->upload()
#6 C:\xampp\htdocs\app\system\CodeIgniter.php(499): CodeIgniter\CodeIgniter->runController(Object(App\Controllers\FileUpload))
#7 C:\xampp\htdocs\app\system\CodeIgniter.php(368): CodeIgniter\CodeIgniter->handleRequest(NULL, Object(Config\Cache), false)
#8 C:\xampp\htdocs\app\index.php(67): CodeIgniter\CodeIgniter->run()
#9 {main}
CRITICAL - 2023-08-24 12:31:28 --> Unknown column 'fecha_hora_revisado' in 'field list'
in SYSTEMPATH\Database\BaseConnection.php on line 645.
 1 SYSTEMPATH\Database\BaseBuilder.php(2309): CodeIgniter\Database\BaseConnection->query('INSERT INTO `documentos_qr` (`name`, `type`, `id_obra`, `usuario`, `revisado`, `proceso_status`, `fecha_hora_enviado`, `fecha_hora_revisado`) VALUES (:name:, :type:, :id_obra:, :usuario:, :revisado:, :proceso_status:, :fecha_hora_enviado:, :fecha_hora_revisado:)', [...], false)
 2 APPPATH\Controllers\FileUpload.php(48): CodeIgniter\Database\BaseBuilder->insert([...])
 3 SYSTEMPATH\CodeIgniter.php(934): App\Controllers\FileUpload->upload()
 4 SYSTEMPATH\CodeIgniter.php(499): CodeIgniter\CodeIgniter->runController(Object(App\Controllers\FileUpload))
 5 SYSTEMPATH\CodeIgniter.php(368): CodeIgniter\CodeIgniter->handleRequest(null, Object(Config\Cache), false)
 6 FCPATH\index.php(67): CodeIgniter\CodeIgniter->run()
CRITICAL - 2023-08-24 18:33:08 --> Cannot declare class App\Controllers\FileUpload, because the name is already in use
in APPPATH\Views\home.php on line 5.
 1 [internal function]: CodeIgniter\Debug\Exceptions->shutdownHandler()
CRITICAL - 2023-08-24 18:33:11 --> Cannot declare class App\Controllers\FileUpload, because the name is already in use
in APPPATH\Views\home.php on line 5.
 1 [internal function]: CodeIgniter\Debug\Exceptions->shutdownHandler()
CRITICAL - 2023-08-24 18:33:13 --> Cannot declare class App\Controllers\FileUpload, because the name is already in use
in APPPATH\Views\home.php on line 5.
 1 [internal function]: CodeIgniter\Debug\Exceptions->shutdownHandler()
CRITICAL - 2023-08-24 18:33:15 --> Cannot declare class App\Controllers\FileUpload, because the name is already in use
in APPPATH\Views\home.php on line 5.
 1 [internal function]: CodeIgniter\Debug\Exceptions->shutdownHandler()
CRITICAL - 2023-08-24 18:33:16 --> Cannot declare class App\Controllers\FileUpload, because the name is already in use
in APPPATH\Views\home.php on line 5.
 1 [internal function]: CodeIgniter\Debug\Exceptions->shutdownHandler()
CRITICAL - 2023-08-24 18:33:23 --> Cannot declare class App\Controllers\FileUpload, because the name is already in use
in APPPATH\Views\home.php on line 5.
 1 [internal function]: CodeIgniter\Debug\Exceptions->shutdownHandler()
CRITICAL - 2023-08-24 13:51:46 --> Undefined property: App\Controllers\FileUpload::$db
in APPPATH\Controllers\FileUpload.php on line 50.
 1 APPPATH\Controllers\FileUpload.php(50): CodeIgniter\Debug\Exceptions->errorHandler(2, 'Undefined property: App\\Controllers\\FileUpload::$db', 'APPPATH\\Controllers\\FileUpload.php', 50)
 2 SYSTEMPATH\CodeIgniter.php(934): App\Controllers\FileUpload->upload()
 3 SYSTEMPATH\CodeIgniter.php(499): CodeIgniter\CodeIgniter->runController(Object(App\Controllers\FileUpload))
 4 SYSTEMPATH\CodeIgniter.php(368): CodeIgniter\CodeIgniter->handleRequest(null, Object(Config\Cache), false)
 5 FCPATH\index.php(67): CodeIgniter\CodeIgniter->run()
CRITICAL - 2023-08-24 13:52:25 --> Call to undefined method CodeIgniter\Database\MySQLi\Builder::insert_id()
in APPPATH\Controllers\FileUpload.php on line 50.
 1 SYSTEMPATH\CodeIgniter.php(934): App\Controllers\FileUpload->upload()
 2 SYSTEMPATH\CodeIgniter.php(499): CodeIgniter\CodeIgniter->runController(Object(App\Controllers\FileUpload))
 3 SYSTEMPATH\CodeIgniter.php(368): CodeIgniter\CodeIgniter->handleRequest(null, Object(Config\Cache), false)
 4 FCPATH\index.php(67): CodeIgniter\CodeIgniter->run()
CRITICAL - 2023-08-24 13:58:56 --> Call to a member function getInsertID() on bool
in APPPATH\Controllers\FileUpload.php on line 51.
 1 SYSTEMPATH\CodeIgniter.php(934): App\Controllers\FileUpload->upload()
 2 SYSTEMPATH\CodeIgniter.php(499): CodeIgniter\CodeIgniter->runController(Object(App\Controllers\FileUpload))
 3 SYSTEMPATH\CodeIgniter.php(368): CodeIgniter\CodeIgniter->handleRequest(null, Object(Config\Cache), false)
 4 FCPATH\index.php(67): CodeIgniter\CodeIgniter->run()
CRITICAL - 2023-08-24 14:03:10 --> Call to undefined method CodeIgniter\Database\MySQLi\Builder::lastInsertId()
in APPPATH\Controllers\FileUpload.php on line 51.
 1 SYSTEMPATH\CodeIgniter.php(934): App\Controllers\FileUpload->upload()
 2 SYSTEMPATH\CodeIgniter.php(499): CodeIgniter\CodeIgniter->runController(Object(App\Controllers\FileUpload))
 3 SYSTEMPATH\CodeIgniter.php(368): CodeIgniter\CodeIgniter->handleRequest(null, Object(Config\Cache), false)
 4 FCPATH\index.php(67): CodeIgniter\CodeIgniter->run()
