CRITICAL - 2023-10-19 15:41:03 --> foreach() argument must be of type array|object, null given
in APPPATH\Views\catalogo_obras.php on line 27.
 1 APPPATH\Views\catalogo_obras.php(27): CodeIgniter\Debug\Exceptions->errorHandler(2, 'foreach() argument must be of type array|object, null given', 'APPPATH\\Views\\catalogo_obras.php', 27)
 2 SYSTEMPATH\View\View.php(213): include('APPPATH\\Views\\catalogo_obras.php')
 3 SYSTEMPATH\View\View.php(216): CodeIgniter\View\View->CodeIgniter\View\{closure}()
 4 SYSTEMPATH\Common.php(1184): CodeIgniter\View\View->render('catalogo_obras', [], true)
 5 APPPATH\Controllers\ExpedienteObra.php(77): view('catalogo_obras', [...])
 6 SYSTEMPATH\CodeIgniter.php(934): App\Controllers\ExpedienteObra->catalogoXobras('2000000000000000000000000000000000000')
 7 SYSTEMPATH\CodeIgniter.php(499): CodeIgniter\CodeIgniter->runController(Object(App\Controllers\ExpedienteObra))
 8 SYSTEMPATH\CodeIgniter.php(368): CodeIgniter\CodeIgniter->handleRequest(null, Object(Config\Cache), false)
 9 FCPATH\index.php(67): CodeIgniter\CodeIgniter->run()
CRITICAL - 2023-10-19 15:44:43 --> foreach() argument must be of type array|object, null given
in APPPATH\Views\catalogo_obras.php on line 27.
 1 APPPATH\Views\catalogo_obras.php(27): CodeIgniter\Debug\Exceptions->errorHandler(2, 'foreach() argument must be of type array|object, null given', 'APPPATH\\Views\\catalogo_obras.php', 27)
 2 SYSTEMPATH\View\View.php(213): include('APPPATH\\Views\\catalogo_obras.php')
 3 SYSTEMPATH\View\View.php(216): CodeIgniter\View\View->CodeIgniter\View\{closure}()
 4 SYSTEMPATH\Common.php(1184): CodeIgniter\View\View->render('catalogo_obras', [], true)
 5 APPPATH\Controllers\ExpedienteObra.php(91): view('catalogo_obras', [...])
 6 SYSTEMPATH\CodeIgniter.php(934): App\Controllers\ExpedienteObra->catalogoXobras('2000000000000000000000000000000000000')
 7 SYSTEMPATH\CodeIgniter.php(499): CodeIgniter\CodeIgniter->runController(Object(App\Controllers\ExpedienteObra))
 8 SYSTEMPATH\CodeIgniter.php(368): CodeIgniter\CodeIgniter->handleRequest(null, Object(Config\Cache), false)
 9 FCPATH\index.php(67): CodeIgniter\CodeIgniter->run()
CRITICAL - 2023-10-19 15:45:25 --> foreach() argument must be of type array|object, null given
in APPPATH\Views\catalogo_obras.php on line 27.
 1 APPPATH\Views\catalogo_obras.php(27): CodeIgniter\Debug\Exceptions->errorHandler(2, 'foreach() argument must be of type array|object, null given', 'APPPATH\\Views\\catalogo_obras.php', 27)
 2 SYSTEMPATH\View\View.php(213): include('APPPATH\\Views\\catalogo_obras.php')
 3 SYSTEMPATH\View\View.php(216): CodeIgniter\View\View->CodeIgniter\View\{closure}()
 4 SYSTEMPATH\Common.php(1184): CodeIgniter\View\View->render('catalogo_obras', [], true)
 5 APPPATH\Controllers\ExpedienteObra.php(91): view('catalogo_obras', [...])
 6 SYSTEMPATH\CodeIgniter.php(934): App\Controllers\ExpedienteObra->catalogoXobras('2000000000000000000000000000000000000')
 7 SYSTEMPATH\CodeIgniter.php(499): CodeIgniter\CodeIgniter->runController(Object(App\Controllers\ExpedienteObra))
 8 SYSTEMPATH\CodeIgniter.php(368): CodeIgniter\CodeIgniter->handleRequest(null, Object(Config\Cache), false)
 9 FCPATH\index.php(67): CodeIgniter\CodeIgniter->run()
CRITICAL - 2023-10-19 15:45:27 --> foreach() argument must be of type array|object, null given
in APPPATH\Views\catalogo_obras.php on line 27.
 1 APPPATH\Views\catalogo_obras.php(27): CodeIgniter\Debug\Exceptions->errorHandler(2, 'foreach() argument must be of type array|object, null given', 'APPPATH\\Views\\catalogo_obras.php', 27)
 2 SYSTEMPATH\View\View.php(213): include('APPPATH\\Views\\catalogo_obras.php')
 3 SYSTEMPATH\View\View.php(216): CodeIgniter\View\View->CodeIgniter\View\{closure}()
 4 SYSTEMPATH\Common.php(1184): CodeIgniter\View\View->render('catalogo_obras', [], true)
 5 APPPATH\Controllers\ExpedienteObra.php(91): view('catalogo_obras', [...])
 6 SYSTEMPATH\CodeIgniter.php(934): App\Controllers\ExpedienteObra->catalogoXobras('2000000000000000000000000000000000000')
 7 SYSTEMPATH\CodeIgniter.php(499): CodeIgniter\CodeIgniter->runController(Object(App\Controllers\ExpedienteObra))
 8 SYSTEMPATH\CodeIgniter.php(368): CodeIgniter\CodeIgniter->handleRequest(null, Object(Config\Cache), false)
 9 FCPATH\index.php(67): CodeIgniter\CodeIgniter->run()
CRITICAL - 2023-10-19 15:45:28 --> foreach() argument must be of type array|object, null given
in APPPATH\Views\catalogo_obras.php on line 27.
 1 APPPATH\Views\catalogo_obras.php(27): CodeIgniter\Debug\Exceptions->errorHandler(2, 'foreach() argument must be of type array|object, null given', 'APPPATH\\Views\\catalogo_obras.php', 27)
 2 SYSTEMPATH\View\View.php(213): include('APPPATH\\Views\\catalogo_obras.php')
 3 SYSTEMPATH\View\View.php(216): CodeIgniter\View\View->CodeIgniter\View\{closure}()
 4 SYSTEMPATH\Common.php(1184): CodeIgniter\View\View->render('catalogo_obras', [], true)
 5 APPPATH\Controllers\ExpedienteObra.php(91): view('catalogo_obras', [...])
 6 SYSTEMPATH\CodeIgniter.php(934): App\Controllers\ExpedienteObra->catalogoXobras('2000000000000000000000000000000000000')
 7 SYSTEMPATH\CodeIgniter.php(499): CodeIgniter\CodeIgniter->runController(Object(App\Controllers\ExpedienteObra))
 8 SYSTEMPATH\CodeIgniter.php(368): CodeIgniter\CodeIgniter->handleRequest(null, Object(Config\Cache), false)
 9 FCPATH\index.php(67): CodeIgniter\CodeIgniter->run()
CRITICAL - 2023-10-19 15:45:30 --> foreach() argument must be of type array|object, null given
in APPPATH\Views\catalogo_obras.php on line 27.
 1 APPPATH\Views\catalogo_obras.php(27): CodeIgniter\Debug\Exceptions->errorHandler(2, 'foreach() argument must be of type array|object, null given', 'APPPATH\\Views\\catalogo_obras.php', 27)
 2 SYSTEMPATH\View\View.php(213): include('APPPATH\\Views\\catalogo_obras.php')
 3 SYSTEMPATH\View\View.php(216): CodeIgniter\View\View->CodeIgniter\View\{closure}()
 4 SYSTEMPATH\Common.php(1184): CodeIgniter\View\View->render('catalogo_obras', [], true)
 5 APPPATH\Controllers\ExpedienteObra.php(91): view('catalogo_obras', [...])
 6 SYSTEMPATH\CodeIgniter.php(934): App\Controllers\ExpedienteObra->catalogoXobras('2000000000000000000000000000000000000')
 7 SYSTEMPATH\CodeIgniter.php(499): CodeIgniter\CodeIgniter->runController(Object(App\Controllers\ExpedienteObra))
 8 SYSTEMPATH\CodeIgniter.php(368): CodeIgniter\CodeIgniter->handleRequest(null, Object(Config\Cache), false)
 9 FCPATH\index.php(67): CodeIgniter\CodeIgniter->run()
CRITICAL - 2023-10-19 15:45:43 --> foreach() argument must be of type array|object, null given
in APPPATH\Views\catalogo_obras.php on line 27.
 1 APPPATH\Views\catalogo_obras.php(27): CodeIgniter\Debug\Exceptions->errorHandler(2, 'foreach() argument must be of type array|object, null given', 'APPPATH\\Views\\catalogo_obras.php', 27)
 2 SYSTEMPATH\View\View.php(213): include('APPPATH\\Views\\catalogo_obras.php')
 3 SYSTEMPATH\View\View.php(216): CodeIgniter\View\View->CodeIgniter\View\{closure}()
 4 SYSTEMPATH\Common.php(1184): CodeIgniter\View\View->render('catalogo_obras', [], true)
 5 APPPATH\Controllers\ExpedienteObra.php(91): view('catalogo_obras', [...])
 6 SYSTEMPATH\CodeIgniter.php(934): App\Controllers\ExpedienteObra->catalogoXobras('2000000000000000000000000000000000000')
 7 SYSTEMPATH\CodeIgniter.php(499): CodeIgniter\CodeIgniter->runController(Object(App\Controllers\ExpedienteObra))
 8 SYSTEMPATH\CodeIgniter.php(368): CodeIgniter\CodeIgniter->handleRequest(null, Object(Config\Cache), false)
 9 FCPATH\index.php(67): CodeIgniter\CodeIgniter->run()
CRITICAL - 2023-10-19 15:45:45 --> foreach() argument must be of type array|object, null given
in APPPATH\Views\catalogo_obras.php on line 27.
 1 APPPATH\Views\catalogo_obras.php(27): CodeIgniter\Debug\Exceptions->errorHandler(2, 'foreach() argument must be of type array|object, null given', 'APPPATH\\Views\\catalogo_obras.php', 27)
 2 SYSTEMPATH\View\View.php(213): include('APPPATH\\Views\\catalogo_obras.php')
 3 SYSTEMPATH\View\View.php(216): CodeIgniter\View\View->CodeIgniter\View\{closure}()
 4 SYSTEMPATH\Common.php(1184): CodeIgniter\View\View->render('catalogo_obras', [], true)
 5 APPPATH\Controllers\ExpedienteObra.php(91): view('catalogo_obras', [...])
 6 SYSTEMPATH\CodeIgniter.php(934): App\Controllers\ExpedienteObra->catalogoXobras('2000000000000000000000000000000000000')
 7 SYSTEMPATH\CodeIgniter.php(499): CodeIgniter\CodeIgniter->runController(Object(App\Controllers\ExpedienteObra))
 8 SYSTEMPATH\CodeIgniter.php(368): CodeIgniter\CodeIgniter->handleRequest(null, Object(Config\Cache), false)
 9 FCPATH\index.php(67): CodeIgniter\CodeIgniter->run()
CRITICAL - 2023-10-19 15:45:57 --> foreach() argument must be of type array|object, null given
in APPPATH\Views\catalogo_obras.php on line 27.
 1 APPPATH\Views\catalogo_obras.php(27): CodeIgniter\Debug\Exceptions->errorHandler(2, 'foreach() argument must be of type array|object, null given', 'APPPATH\\Views\\catalogo_obras.php', 27)
 2 SYSTEMPATH\View\View.php(213): include('APPPATH\\Views\\catalogo_obras.php')
 3 SYSTEMPATH\View\View.php(216): CodeIgniter\View\View->CodeIgniter\View\{closure}()
 4 SYSTEMPATH\Common.php(1184): CodeIgniter\View\View->render('catalogo_obras', [], true)
 5 APPPATH\Controllers\ExpedienteObra.php(91): view('catalogo_obras', [...])
 6 SYSTEMPATH\CodeIgniter.php(934): App\Controllers\ExpedienteObra->catalogoXobras('2000000000000000000000000000000000000')
 7 SYSTEMPATH\CodeIgniter.php(499): CodeIgniter\CodeIgniter->runController(Object(App\Controllers\ExpedienteObra))
 8 SYSTEMPATH\CodeIgniter.php(368): CodeIgniter\CodeIgniter->handleRequest(null, Object(Config\Cache), false)
 9 FCPATH\index.php(67): CodeIgniter\CodeIgniter->run()
CRITICAL - 2023-10-19 15:45:58 --> foreach() argument must be of type array|object, null given
in APPPATH\Views\catalogo_obras.php on line 27.
 1 APPPATH\Views\catalogo_obras.php(27): CodeIgniter\Debug\Exceptions->errorHandler(2, 'foreach() argument must be of type array|object, null given', 'APPPATH\\Views\\catalogo_obras.php', 27)
 2 SYSTEMPATH\View\View.php(213): include('APPPATH\\Views\\catalogo_obras.php')
 3 SYSTEMPATH\View\View.php(216): CodeIgniter\View\View->CodeIgniter\View\{closure}()
 4 SYSTEMPATH\Common.php(1184): CodeIgniter\View\View->render('catalogo_obras', [], true)
 5 APPPATH\Controllers\ExpedienteObra.php(91): view('catalogo_obras', [...])
 6 SYSTEMPATH\CodeIgniter.php(934): App\Controllers\ExpedienteObra->catalogoXobras('2000000000000000000000000000000000000')
 7 SYSTEMPATH\CodeIgniter.php(499): CodeIgniter\CodeIgniter->runController(Object(App\Controllers\ExpedienteObra))
 8 SYSTEMPATH\CodeIgniter.php(368): CodeIgniter\CodeIgniter->handleRequest(null, Object(Config\Cache), false)
 9 FCPATH\index.php(67): CodeIgniter\CodeIgniter->run()
CRITICAL - 2023-10-19 15:45:59 --> foreach() argument must be of type array|object, null given
in APPPATH\Views\catalogo_obras.php on line 27.
 1 APPPATH\Views\catalogo_obras.php(27): CodeIgniter\Debug\Exceptions->errorHandler(2, 'foreach() argument must be of type array|object, null given', 'APPPATH\\Views\\catalogo_obras.php', 27)
 2 SYSTEMPATH\View\View.php(213): include('APPPATH\\Views\\catalogo_obras.php')
 3 SYSTEMPATH\View\View.php(216): CodeIgniter\View\View->CodeIgniter\View\{closure}()
 4 SYSTEMPATH\Common.php(1184): CodeIgniter\View\View->render('catalogo_obras', [], true)
 5 APPPATH\Controllers\ExpedienteObra.php(91): view('catalogo_obras', [...])
 6 SYSTEMPATH\CodeIgniter.php(934): App\Controllers\ExpedienteObra->catalogoXobras('2000000000000000000000000000000000000')
 7 SYSTEMPATH\CodeIgniter.php(499): CodeIgniter\CodeIgniter->runController(Object(App\Controllers\ExpedienteObra))
 8 SYSTEMPATH\CodeIgniter.php(368): CodeIgniter\CodeIgniter->handleRequest(null, Object(Config\Cache), false)
 9 FCPATH\index.php(67): CodeIgniter\CodeIgniter->run()
CRITICAL - 2023-10-19 15:49:20 --> foreach() argument must be of type array|object, null given
in APPPATH\Views\catalogo_obras.php on line 27.
 1 APPPATH\Views\catalogo_obras.php(27): CodeIgniter\Debug\Exceptions->errorHandler(2, 'foreach() argument must be of type array|object, null given', 'APPPATH\\Views\\catalogo_obras.php', 27)
 2 SYSTEMPATH\View\View.php(213): include('APPPATH\\Views\\catalogo_obras.php')
 3 SYSTEMPATH\View\View.php(216): CodeIgniter\View\View->CodeIgniter\View\{closure}()
 4 SYSTEMPATH\Common.php(1184): CodeIgniter\View\View->render('catalogo_obras', [], true)
 5 APPPATH\Controllers\ExpedienteObra.php(90): view('catalogo_obras', [...])
 6 SYSTEMPATH\CodeIgniter.php(934): App\Controllers\ExpedienteObra->catalogoXobras('20000000000000000000000000000000000000000000000000000000000000000000000000000')
 7 SYSTEMPATH\CodeIgniter.php(499): CodeIgniter\CodeIgniter->runController(Object(App\Controllers\ExpedienteObra))
 8 SYSTEMPATH\CodeIgniter.php(368): CodeIgniter\CodeIgniter->handleRequest(null, Object(Config\Cache), false)
 9 FCPATH\index.php(67): CodeIgniter\CodeIgniter->run()
CRITICAL - 2023-10-19 15:49:36 --> foreach() argument must be of type array|object, null given
in APPPATH\Views\catalogo_obras.php on line 27.
 1 APPPATH\Views\catalogo_obras.php(27): CodeIgniter\Debug\Exceptions->errorHandler(2, 'foreach() argument must be of type array|object, null given', 'APPPATH\\Views\\catalogo_obras.php', 27)
 2 SYSTEMPATH\View\View.php(213): include('APPPATH\\Views\\catalogo_obras.php')
 3 SYSTEMPATH\View\View.php(216): CodeIgniter\View\View->CodeIgniter\View\{closure}()
 4 SYSTEMPATH\Common.php(1184): CodeIgniter\View\View->render('catalogo_obras', [], true)
 5 APPPATH\Controllers\ExpedienteObra.php(77): view('catalogo_obras', [...])
 6 SYSTEMPATH\CodeIgniter.php(934): App\Controllers\ExpedienteObra->catalogoXobras('20000000000000000000000000000000000000000000000000000000000000000000000000000')
 7 SYSTEMPATH\CodeIgniter.php(499): CodeIgniter\CodeIgniter->runController(Object(App\Controllers\ExpedienteObra))
 8 SYSTEMPATH\CodeIgniter.php(368): CodeIgniter\CodeIgniter->handleRequest(null, Object(Config\Cache), false)
 9 FCPATH\index.php(67): CodeIgniter\CodeIgniter->run()
CRITICAL - 2023-10-19 15:49:37 --> foreach() argument must be of type array|object, null given
in APPPATH\Views\catalogo_obras.php on line 27.
 1 APPPATH\Views\catalogo_obras.php(27): CodeIgniter\Debug\Exceptions->errorHandler(2, 'foreach() argument must be of type array|object, null given', 'APPPATH\\Views\\catalogo_obras.php', 27)
 2 SYSTEMPATH\View\View.php(213): include('APPPATH\\Views\\catalogo_obras.php')
 3 SYSTEMPATH\View\View.php(216): CodeIgniter\View\View->CodeIgniter\View\{closure}()
 4 SYSTEMPATH\Common.php(1184): CodeIgniter\View\View->render('catalogo_obras', [], true)
 5 APPPATH\Controllers\ExpedienteObra.php(77): view('catalogo_obras', [...])
 6 SYSTEMPATH\CodeIgniter.php(934): App\Controllers\ExpedienteObra->catalogoXobras('20000000000000000000000000000000000000000000000000000000000000000000000000000')
 7 SYSTEMPATH\CodeIgniter.php(499): CodeIgniter\CodeIgniter->runController(Object(App\Controllers\ExpedienteObra))
 8 SYSTEMPATH\CodeIgniter.php(368): CodeIgniter\CodeIgniter->handleRequest(null, Object(Config\Cache), false)
 9 FCPATH\index.php(67): CodeIgniter\CodeIgniter->run()
CRITICAL - 2023-10-19 15:50:35 --> foreach() argument must be of type array|object, null given
in APPPATH\Views\catalogo_obras.php on line 27.
 1 APPPATH\Views\catalogo_obras.php(27): CodeIgniter\Debug\Exceptions->errorHandler(2, 'foreach() argument must be of type array|object, null given', 'APPPATH\\Views\\catalogo_obras.php', 27)
 2 SYSTEMPATH\View\View.php(213): include('APPPATH\\Views\\catalogo_obras.php')
 3 SYSTEMPATH\View\View.php(216): CodeIgniter\View\View->CodeIgniter\View\{closure}()
 4 SYSTEMPATH\Common.php(1184): CodeIgniter\View\View->render('catalogo_obras', [], true)
 5 APPPATH\Controllers\ExpedienteObra.php(77): view('catalogo_obras', [...])
 6 SYSTEMPATH\CodeIgniter.php(934): App\Controllers\ExpedienteObra->catalogoXobras('2000000000000000000000000000000000000000000000000000000000000000000000000000000000')
 7 SYSTEMPATH\CodeIgniter.php(499): CodeIgniter\CodeIgniter->runController(Object(App\Controllers\ExpedienteObra))
 8 SYSTEMPATH\CodeIgniter.php(368): CodeIgniter\CodeIgniter->handleRequest(null, Object(Config\Cache), false)
 9 FCPATH\index.php(67): CodeIgniter\CodeIgniter->run()
