CRITICAL - 2023-10-07 00:01:33 --> Undefined property: stdClass::$unidad_ejecutora
in APPPATH\Views\ejecutora.php on line 41.
 1 APPPATH\Views\ejecutora.php(41): CodeIgniter\Debug\Exceptions->errorHandler(2, 'Undefined property: stdClass::$unidad_ejecutora', 'APPPATH\\Views\\ejecutora.php', 41)
 2 SYSTEMPATH\View\View.php(213): include('APPPATH\\Views\\ejecutora.php')
 3 SYSTEMPATH\View\View.php(216): CodeIgniter\View\View->CodeIgniter\View\{closure}()
 4 SYSTEMPATH\Common.php(1184): CodeIgniter\View\View->render('ejecutora', [], true)
 5 APPPATH\Controllers\ExpedienteObra.php(51): view('ejecutora', [...])
 6 SYSTEMPATH\CodeIgniter.php(934): App\Controllers\ExpedienteObra->ejecutoraexpediente()
 7 SYSTEMPATH\CodeIgniter.php(499): CodeIgniter\CodeIgniter->runController(Object(App\Controllers\ExpedienteObra))
 8 SYSTEMPATH\CodeIgniter.php(368): CodeIgniter\CodeIgniter->handleRequest(null, Object(Config\Cache), false)
 9 FCPATH\index.php(67): CodeIgniter\CodeIgniter->run()
CRITICAL - 2023-10-07 00:02:49 --> Unsupported operand types: string + string
in APPPATH\Models\ExpedienteModel.php on line 25.
 1 APPPATH\Controllers\ExpedienteObra.php(50): App\Models\ExpedienteModel->expedienteXejecutoraenviadosTotales()
 2 SYSTEMPATH\CodeIgniter.php(934): App\Controllers\ExpedienteObra->ejecutoraexpediente()
 3 SYSTEMPATH\CodeIgniter.php(499): CodeIgniter\CodeIgniter->runController(Object(App\Controllers\ExpedienteObra))
 4 SYSTEMPATH\CodeIgniter.php(368): CodeIgniter\CodeIgniter->handleRequest(null, Object(Config\Cache), false)
 5 FCPATH\index.php(67): CodeIgniter\CodeIgniter->run()
CRITICAL - 2023-10-07 00:03:31 --> Undefined property: stdClass::$unidad_ejecutora
in APPPATH\Views\ejecutora.php on line 41.
 1 APPPATH\Views\ejecutora.php(41): CodeIgniter\Debug\Exceptions->errorHandler(2, 'Undefined property: stdClass::$unidad_ejecutora', 'APPPATH\\Views\\ejecutora.php', 41)
 2 SYSTEMPATH\View\View.php(213): include('APPPATH\\Views\\ejecutora.php')
 3 SYSTEMPATH\View\View.php(216): CodeIgniter\View\View->CodeIgniter\View\{closure}()
 4 SYSTEMPATH\Common.php(1184): CodeIgniter\View\View->render('ejecutora', [], true)
 5 APPPATH\Controllers\ExpedienteObra.php(51): view('ejecutora', [...])
 6 SYSTEMPATH\CodeIgniter.php(934): App\Controllers\ExpedienteObra->ejecutoraexpediente()
 7 SYSTEMPATH\CodeIgniter.php(499): CodeIgniter\CodeIgniter->runController(Object(App\Controllers\ExpedienteObra))
 8 SYSTEMPATH\CodeIgniter.php(368): CodeIgniter\CodeIgniter->handleRequest(null, Object(Config\Cache), false)
 9 FCPATH\index.php(67): CodeIgniter\CodeIgniter->run()
ERROR - 2023-10-07 07:33:38 --> mysqli_sql_exception: Unknown column 'obra_contrato.fecha_inicio' in 'field list' in C:\xampp\htdocs\app\system\Database\MySQLi\Connection.php:295
Stack trace:
#0 C:\xampp\htdocs\app\system\Database\MySQLi\Connection.php(295): mysqli->query('SELECT universo...', 0)
#1 C:\xampp\htdocs\app\system\Database\BaseConnection.php(691): CodeIgniter\Database\MySQLi\Connection->execute('SELECT universo...')
#2 C:\xampp\htdocs\app\system\Database\BaseConnection.php(605): CodeIgniter\Database\BaseConnection->simpleQuery('SELECT universo...')
#3 C:\xampp\htdocs\app\app\Models\ExpedienteModel.php(30): CodeIgniter\Database\BaseConnection->query('SELECT universo...')
#4 C:\xampp\htdocs\app\app\Controllers\ExpedienteObra.php(43): App\Models\ExpedienteModel->expedienteXobraEnviadosTotales()
#5 C:\xampp\htdocs\app\system\CodeIgniter.php(934): App\Controllers\ExpedienteObra->expedientes()
#6 C:\xampp\htdocs\app\system\CodeIgniter.php(499): CodeIgniter\CodeIgniter->runController(Object(App\Controllers\ExpedienteObra))
#7 C:\xampp\htdocs\app\system\CodeIgniter.php(368): CodeIgniter\CodeIgniter->handleRequest(NULL, Object(Config\Cache), false)
#8 C:\xampp\htdocs\app\index.php(67): CodeIgniter\CodeIgniter->run()
#9 {main}
CRITICAL - 2023-10-07 07:33:38 --> Unknown column 'obra_contrato.fecha_inicio' in 'field list'
in SYSTEMPATH\Database\BaseConnection.php on line 645.
 1 APPPATH\Models\ExpedienteModel.php(30): CodeIgniter\Database\BaseConnection->query('SELECT universo_id,nombre_completo, oficio_autorizacion_fecha, 
        obra_contrato.fecha_inicio,obra_contrato.fecha_termino,
         (select COUNT(expediente_catalogo.num) 
        GROUP BY obra_expediente.obra) as totalXobra,
        (select sum(obra_expediente.existencia=\'SI\') 
         from universo 
         GROUP BY obra_expediente.obra) as totalsinenviar 
         from universo 
         LEFT JOIN obra_expediente on universo.universo_id=obra_expediente.obra 
         LEFT JOIN expediente_catalogo on obra_expediente.num_expediente=expediente_catalogo.num 
         GROUP BY universo.universo_id')
 2 APPPATH\Controllers\ExpedienteObra.php(43): App\Models\ExpedienteModel->expedienteXobraEnviadosTotales()
 3 SYSTEMPATH\CodeIgniter.php(934): App\Controllers\ExpedienteObra->expedientes()
 4 SYSTEMPATH\CodeIgniter.php(499): CodeIgniter\CodeIgniter->runController(Object(App\Controllers\ExpedienteObra))
 5 SYSTEMPATH\CodeIgniter.php(368): CodeIgniter\CodeIgniter->handleRequest(null, Object(Config\Cache), false)
 6 FCPATH\index.php(67): CodeIgniter\CodeIgniter->run()
ERROR - 2023-10-07 07:33:59 --> mysqli_sql_exception: Unknown column 'obra_contrato.fecha_inicio' in 'field list' in C:\xampp\htdocs\app\system\Database\MySQLi\Connection.php:295
Stack trace:
#0 C:\xampp\htdocs\app\system\Database\MySQLi\Connection.php(295): mysqli->query('SELECT universo...', 0)
#1 C:\xampp\htdocs\app\system\Database\BaseConnection.php(691): CodeIgniter\Database\MySQLi\Connection->execute('SELECT universo...')
#2 C:\xampp\htdocs\app\system\Database\BaseConnection.php(605): CodeIgniter\Database\BaseConnection->simpleQuery('SELECT universo...')
#3 C:\xampp\htdocs\app\app\Models\ExpedienteModel.php(30): CodeIgniter\Database\BaseConnection->query('SELECT universo...')
#4 C:\xampp\htdocs\app\app\Controllers\ExpedienteObra.php(43): App\Models\ExpedienteModel->expedienteXobraEnviadosTotales()
#5 C:\xampp\htdocs\app\system\CodeIgniter.php(934): App\Controllers\ExpedienteObra->expedientes()
#6 C:\xampp\htdocs\app\system\CodeIgniter.php(499): CodeIgniter\CodeIgniter->runController(Object(App\Controllers\ExpedienteObra))
#7 C:\xampp\htdocs\app\system\CodeIgniter.php(368): CodeIgniter\CodeIgniter->handleRequest(NULL, Object(Config\Cache), false)
#8 C:\xampp\htdocs\app\index.php(67): CodeIgniter\CodeIgniter->run()
#9 {main}
CRITICAL - 2023-10-07 07:33:59 --> Unknown column 'obra_contrato.fecha_inicio' in 'field list'
in SYSTEMPATH\Database\BaseConnection.php on line 645.
 1 APPPATH\Models\ExpedienteModel.php(30): CodeIgniter\Database\BaseConnection->query('SELECT universo_id,nombre_completo, oficio_autorizacion_fecha, 
        obra_contrato.fecha_inicio,obra_contrato.fecha_termino,
         (select COUNT(expediente_catalogo.num) 
        GROUP BY obra_expediente.obra) as totalXobra,
        (select sum(obra_expediente.existencia=\'SI\') 
         from universo 
         GROUP BY obra_expediente.obra) as totalsinenviar 
         from universo 
         LEFT JOIN obra_expediente on universo.universo_id=obra_expediente.obra 
         LEFT JOIN expediente_catalogo on obra_expediente.num_expediente=expediente_catalogo.num 
         GROUP BY universo.universo_id')
 2 APPPATH\Controllers\ExpedienteObra.php(43): App\Models\ExpedienteModel->expedienteXobraEnviadosTotales()
 3 SYSTEMPATH\CodeIgniter.php(934): App\Controllers\ExpedienteObra->expedientes()
 4 SYSTEMPATH\CodeIgniter.php(499): CodeIgniter\CodeIgniter->runController(Object(App\Controllers\ExpedienteObra))
 5 SYSTEMPATH\CodeIgniter.php(368): CodeIgniter\CodeIgniter->handleRequest(null, Object(Config\Cache), false)
 6 FCPATH\index.php(67): CodeIgniter\CodeIgniter->run()
ERROR - 2023-10-07 07:34:00 --> mysqli_sql_exception: Unknown column 'obra_contrato.fecha_inicio' in 'field list' in C:\xampp\htdocs\app\system\Database\MySQLi\Connection.php:295
Stack trace:
#0 C:\xampp\htdocs\app\system\Database\MySQLi\Connection.php(295): mysqli->query('SELECT universo...', 0)
#1 C:\xampp\htdocs\app\system\Database\BaseConnection.php(691): CodeIgniter\Database\MySQLi\Connection->execute('SELECT universo...')
#2 C:\xampp\htdocs\app\system\Database\BaseConnection.php(605): CodeIgniter\Database\BaseConnection->simpleQuery('SELECT universo...')
#3 C:\xampp\htdocs\app\app\Models\ExpedienteModel.php(30): CodeIgniter\Database\BaseConnection->query('SELECT universo...')
#4 C:\xampp\htdocs\app\app\Controllers\ExpedienteObra.php(43): App\Models\ExpedienteModel->expedienteXobraEnviadosTotales()
#5 C:\xampp\htdocs\app\system\CodeIgniter.php(934): App\Controllers\ExpedienteObra->expedientes()
#6 C:\xampp\htdocs\app\system\CodeIgniter.php(499): CodeIgniter\CodeIgniter->runController(Object(App\Controllers\ExpedienteObra))
#7 C:\xampp\htdocs\app\system\CodeIgniter.php(368): CodeIgniter\CodeIgniter->handleRequest(NULL, Object(Config\Cache), false)
#8 C:\xampp\htdocs\app\index.php(67): CodeIgniter\CodeIgniter->run()
#9 {main}
CRITICAL - 2023-10-07 07:34:00 --> Unknown column 'obra_contrato.fecha_inicio' in 'field list'
in SYSTEMPATH\Database\BaseConnection.php on line 645.
 1 APPPATH\Models\ExpedienteModel.php(30): CodeIgniter\Database\BaseConnection->query('SELECT universo_id,nombre_completo, oficio_autorizacion_fecha, 
        obra_contrato.fecha_inicio,obra_contrato.fecha_termino,
         (select COUNT(expediente_catalogo.num) 
        GROUP BY obra_expediente.obra) as totalXobra,
        (select sum(obra_expediente.existencia=\'SI\') 
         from universo 
         GROUP BY obra_expediente.obra) as totalsinenviar 
         from universo 
         LEFT JOIN obra_expediente on universo.universo_id=obra_expediente.obra 
         LEFT JOIN expediente_catalogo on obra_expediente.num_expediente=expediente_catalogo.num 
         GROUP BY universo.universo_id')
 2 APPPATH\Controllers\ExpedienteObra.php(43): App\Models\ExpedienteModel->expedienteXobraEnviadosTotales()
 3 SYSTEMPATH\CodeIgniter.php(934): App\Controllers\ExpedienteObra->expedientes()
 4 SYSTEMPATH\CodeIgniter.php(499): CodeIgniter\CodeIgniter->runController(Object(App\Controllers\ExpedienteObra))
 5 SYSTEMPATH\CodeIgniter.php(368): CodeIgniter\CodeIgniter->handleRequest(null, Object(Config\Cache), false)
 6 FCPATH\index.php(67): CodeIgniter\CodeIgniter->run()
ERROR - 2023-10-07 07:35:15 --> mysqli_sql_exception: Unknown column 'obra_contrato.fecha_inicio' in 'field list' in C:\xampp\htdocs\app\system\Database\MySQLi\Connection.php:295
Stack trace:
#0 C:\xampp\htdocs\app\system\Database\MySQLi\Connection.php(295): mysqli->query('SELECT universo...', 0)
#1 C:\xampp\htdocs\app\system\Database\BaseConnection.php(691): CodeIgniter\Database\MySQLi\Connection->execute('SELECT universo...')
#2 C:\xampp\htdocs\app\system\Database\BaseConnection.php(605): CodeIgniter\Database\BaseConnection->simpleQuery('SELECT universo...')
#3 C:\xampp\htdocs\app\app\Models\ExpedienteModel.php(29): CodeIgniter\Database\BaseConnection->query('SELECT universo...')
#4 C:\xampp\htdocs\app\app\Controllers\ExpedienteObra.php(43): App\Models\ExpedienteModel->expedienteXobraEnviadosTotales()
#5 C:\xampp\htdocs\app\system\CodeIgniter.php(934): App\Controllers\ExpedienteObra->expedientes()
#6 C:\xampp\htdocs\app\system\CodeIgniter.php(499): CodeIgniter\CodeIgniter->runController(Object(App\Controllers\ExpedienteObra))
#7 C:\xampp\htdocs\app\system\CodeIgniter.php(368): CodeIgniter\CodeIgniter->handleRequest(NULL, Object(Config\Cache), false)
#8 C:\xampp\htdocs\app\index.php(67): CodeIgniter\CodeIgniter->run()
#9 {main}
CRITICAL - 2023-10-07 07:35:15 --> Unknown column 'obra_contrato.fecha_inicio' in 'field list'
in SYSTEMPATH\Database\BaseConnection.php on line 645.
 1 APPPATH\Models\ExpedienteModel.php(29): CodeIgniter\Database\BaseConnection->query('SELECT universo_id,nombre_completo, oficio_autorizacion_fecha,obra_contrato.fecha_inicio,obra_contrato.fecha_termino,
         (select COUNT(expediente_catalogo.num) 
        GROUP BY obra_expediente.obra) as totalXobra,
        (select sum(obra_expediente.existencia=\'SI\') 
         from universo 
         GROUP BY obra_expediente.obra) as totalsinenviar 
         from universo 
         LEFT JOIN obra_expediente on universo.universo_id=obra_expediente.obra 
         LEFT JOIN expediente_catalogo on obra_expediente.num_expediente=expediente_catalogo.num 
         GROUP BY universo.universo_id')
 2 APPPATH\Controllers\ExpedienteObra.php(43): App\Models\ExpedienteModel->expedienteXobraEnviadosTotales()
 3 SYSTEMPATH\CodeIgniter.php(934): App\Controllers\ExpedienteObra->expedientes()
 4 SYSTEMPATH\CodeIgniter.php(499): CodeIgniter\CodeIgniter->runController(Object(App\Controllers\ExpedienteObra))
 5 SYSTEMPATH\CodeIgniter.php(368): CodeIgniter\CodeIgniter->handleRequest(null, Object(Config\Cache), false)
 6 FCPATH\index.php(67): CodeIgniter\CodeIgniter->run()
CRITICAL - 2023-10-07 07:36:11 --> Failed to parse time string (0707-1010-23232323) at position 8 (0): Unexpected character
in APPPATH\Views\expediente.php on line 46.
 1 APPPATH\Views\expediente.php(46): DateTime->__construct('0707-1010-23232323')
 2 SYSTEMPATH\View\View.php(213): include('APPPATH\\Views\\expediente.php')
 3 SYSTEMPATH\View\View.php(216): CodeIgniter\View\View->CodeIgniter\View\{closure}()
 4 SYSTEMPATH\Common.php(1184): CodeIgniter\View\View->render('expediente', [], true)
 5 APPPATH\Controllers\ExpedienteObra.php(44): view('expediente', [...])
 6 SYSTEMPATH\CodeIgniter.php(934): App\Controllers\ExpedienteObra->expedientes()
 7 SYSTEMPATH\CodeIgniter.php(499): CodeIgniter\CodeIgniter->runController(Object(App\Controllers\ExpedienteObra))
 8 SYSTEMPATH\CodeIgniter.php(368): CodeIgniter\CodeIgniter->handleRequest(null, Object(Config\Cache), false)
 9 FCPATH\index.php(67): CodeIgniter\CodeIgniter->run()
