CRITICAL - 2023-07-25 05:42:53 --> Undefined array key "names"
in APPPATH/Views/portada/portada_planeacion.php on line 434.
 1 APPPATH/Views/portada/portada_planeacion.php(434): CodeIgniter\Debug\Exceptions->errorHandler(2, 'Undefined array key "names"', 'APPPATH/Views/portada/portada_planeacion.php', 434)
 2 SYSTEMPATH/View/View.php(213): include('APPPATH/Views/portada/portada_planeacion.php')
 3 SYSTEMPATH/View/View.php(216): CodeIgniter\View\View->CodeIgniter\View\{closure}()
 4 SYSTEMPATH/Common.php(1184): CodeIgniter\View\View->render('portada/portada_planeacion', [], true)
 5 APPPATH/Controllers/Home.php(93): view('portada/portada_planeacion', [...])
 6 SYSTEMPATH/CodeIgniter.php(934): App\Controllers\Home->planeacion('regiones')
 7 SYSTEMPATH/CodeIgniter.php(499): CodeIgniter\CodeIgniter->runController(Object(App\Controllers\Home))
 8 SYSTEMPATH/CodeIgniter.php(368): CodeIgniter\CodeIgniter->handleRequest(null, Object(Config\Cache), false)
 9 FCPATH/index.php(67): CodeIgniter\CodeIgniter->run()
CRITICAL - 2023-07-25 05:43:08 --> Undefined array key "name"
in APPPATH/Views/portada/portada_planeacion.php on line 434.
 1 APPPATH/Views/portada/portada_planeacion.php(434): CodeIgniter\Debug\Exceptions->errorHandler(2, 'Undefined array key "name"', 'APPPATH/Views/portada/portada_planeacion.php', 434)
 2 SYSTEMPATH/View/View.php(213): include('APPPATH/Views/portada/portada_planeacion.php')
 3 SYSTEMPATH/View/View.php(216): CodeIgniter\View\View->CodeIgniter\View\{closure}()
 4 SYSTEMPATH/Common.php(1184): CodeIgniter\View\View->render('portada/portada_planeacion', [], true)
 5 APPPATH/Controllers/Home.php(93): view('portada/portada_planeacion', [...])
 6 SYSTEMPATH/CodeIgniter.php(934): App\Controllers\Home->planeacion('regiones')
 7 SYSTEMPATH/CodeIgniter.php(499): CodeIgniter\CodeIgniter->runController(Object(App\Controllers\Home))
 8 SYSTEMPATH/CodeIgniter.php(368): CodeIgniter\CodeIgniter->handleRequest(null, Object(Config\Cache), false)
 9 FCPATH/index.php(67): CodeIgniter\CodeIgniter->run()
CRITICAL - 2023-07-25 06:39:52 --> Undefined variable $color
in APPPATH/Views/portada/portada_planeacion.php on line 26.
 1 APPPATH/Views/portada/portada_planeacion.php(26): CodeIgniter\Debug\Exceptions->errorHandler(2, 'Undefined variable $color', 'APPPATH/Views/portada/portada_planeacion.php', 26)
 2 SYSTEMPATH/View/View.php(213): include('APPPATH/Views/portada/portada_planeacion.php')
 3 SYSTEMPATH/View/View.php(216): CodeIgniter\View\View->CodeIgniter\View\{closure}()
 4 SYSTEMPATH/Common.php(1184): CodeIgniter\View\View->render('portada/portada_planeacion', [], true)
 5 APPPATH/Controllers/Home.php(94): view('portada/portada_planeacion', [...])
 6 SYSTEMPATH/CodeIgniter.php(934): App\Controllers\Home->planeacion('Por secretaria')
 7 SYSTEMPATH/CodeIgniter.php(499): CodeIgniter\CodeIgniter->runController(Object(App\Controllers\Home))
 8 SYSTEMPATH/CodeIgniter.php(368): CodeIgniter\CodeIgniter->handleRequest(null, Object(Config\Cache), false)
 9 FCPATH/index.php(67): CodeIgniter\CodeIgniter->run()
CRITICAL - 2023-07-25 20:58:11 --> Undefined variable $contratistas
in APPPATH/Views/portada/portafolio_principal.php on line 408.
 1 APPPATH/Views/portada/portafolio_principal.php(408): CodeIgniter\Debug\Exceptions->errorHandler(2, 'Undefined variable $contratistas', 'APPPATH/Views/portada/portafolio_principal.php', 408)
 2 SYSTEMPATH/View/View.php(213): include('APPPATH/Views/portada/portafolio_principal.php')
 3 SYSTEMPATH/View/View.php(216): CodeIgniter\View\View->CodeIgniter\View\{closure}()
 4 SYSTEMPATH/Common.php(1184): CodeIgniter\View\View->render('portada/portafolio_principal', [], true)
 5 APPPATH/Controllers/Portada.php(178): view('portada/portafolio_principal', [...])
 6 SYSTEMPATH/CodeIgniter.php(934): App\Controllers\Portada->ejeDesarrollo()
 7 SYSTEMPATH/CodeIgniter.php(499): CodeIgniter\CodeIgniter->runController(Object(App\Controllers\Portada))
 8 SYSTEMPATH/CodeIgniter.php(368): CodeIgniter\CodeIgniter->handleRequest(null, Object(Config\Cache), false)
 9 FCPATH/index.php(67): CodeIgniter\CodeIgniter->run()
CRITICAL - 2023-07-25 20:58:25 --> Undefined variable $contratistas
in APPPATH/Views/portada/portafolio_principal.php on line 408.
 1 APPPATH/Views/portada/portafolio_principal.php(408): CodeIgniter\Debug\Exceptions->errorHandler(2, 'Undefined variable $contratistas', 'APPPATH/Views/portada/portafolio_principal.php', 408)
 2 SYSTEMPATH/View/View.php(213): include('APPPATH/Views/portada/portafolio_principal.php')
 3 SYSTEMPATH/View/View.php(216): CodeIgniter\View\View->CodeIgniter\View\{closure}()
 4 SYSTEMPATH/Common.php(1184): CodeIgniter\View\View->render('portada/portafolio_principal', [], true)
 5 APPPATH/Controllers/Portada.php(158): view('portada/portafolio_principal', [...])
 6 SYSTEMPATH/CodeIgniter.php(934): App\Controllers\Portada->ejeReparacion()
 7 SYSTEMPATH/CodeIgniter.php(499): CodeIgniter\CodeIgniter->runController(Object(App\Controllers\Portada))
 8 SYSTEMPATH/CodeIgniter.php(368): CodeIgniter\CodeIgniter->handleRequest(null, Object(Config\Cache), false)
 9 FCPATH/index.php(67): CodeIgniter\CodeIgniter->run()
CRITICAL - 2023-07-25 20:58:41 --> Undefined variable $contratistas
in APPPATH/Views/portada/portafolio_principal.php on line 408.
 1 APPPATH/Views/portada/portafolio_principal.php(408): CodeIgniter\Debug\Exceptions->errorHandler(2, 'Undefined variable $contratistas', 'APPPATH/Views/portada/portafolio_principal.php', 408)
 2 SYSTEMPATH/View/View.php(213): include('APPPATH/Views/portada/portafolio_principal.php')
 3 SYSTEMPATH/View/View.php(216): CodeIgniter\View\View->CodeIgniter\View\{closure}()
 4 SYSTEMPATH/Common.php(1184): CodeIgniter\View\View->render('portada/portafolio_principal', [], true)
 5 APPPATH/Controllers/Portada.php(158): view('portada/portafolio_principal', [...])
 6 SYSTEMPATH/CodeIgniter.php(934): App\Controllers\Portada->ejeReparacion()
 7 SYSTEMPATH/CodeIgniter.php(499): CodeIgniter\CodeIgniter->runController(Object(App\Controllers\Portada))
 8 SYSTEMPATH/CodeIgniter.php(368): CodeIgniter\CodeIgniter->handleRequest(null, Object(Config\Cache), false)
 9 FCPATH/index.php(67): CodeIgniter\CodeIgniter->run()
CRITICAL - 2023-07-25 22:07:21 --> Undefined variable $contratistas
in APPPATH/Views/portada/portafolio_principal.php on line 408.
 1 APPPATH/Views/portada/portafolio_principal.php(408): CodeIgniter\Debug\Exceptions->errorHandler(2, 'Undefined variable $contratistas', 'APPPATH/Views/portada/portafolio_principal.php', 408)
 2 SYSTEMPATH/View/View.php(213): include('APPPATH/Views/portada/portafolio_principal.php')
 3 SYSTEMPATH/View/View.php(216): CodeIgniter\View\View->CodeIgniter\View\{closure}()
 4 SYSTEMPATH/Common.php(1184): CodeIgniter\View\View->render('portada/portafolio_principal', [], true)
 5 APPPATH/Controllers/Portada.php(198): view('portada/portafolio_principal', [...])
 6 SYSTEMPATH/CodeIgniter.php(934): App\Controllers\Portada->ejePacto()
 7 SYSTEMPATH/CodeIgniter.php(499): CodeIgniter\CodeIgniter->runController(Object(App\Controllers\Portada))
 8 SYSTEMPATH/CodeIgniter.php(368): CodeIgniter\CodeIgniter->handleRequest(null, Object(Config\Cache), false)
 9 FCPATH/index.php(67): CodeIgniter\CodeIgniter->run()
CRITICAL - 2023-07-25 22:07:34 --> Undefined variable $contratistas
in APPPATH/Views/portada/portafolio_principal.php on line 408.
 1 APPPATH/Views/portada/portafolio_principal.php(408): CodeIgniter\Debug\Exceptions->errorHandler(2, 'Undefined variable $contratistas', 'APPPATH/Views/portada/portafolio_principal.php', 408)
 2 SYSTEMPATH/View/View.php(213): include('APPPATH/Views/portada/portafolio_principal.php')
 3 SYSTEMPATH/View/View.php(216): CodeIgniter\View\View->CodeIgniter\View\{closure}()
 4 SYSTEMPATH/Common.php(1184): CodeIgniter\View\View->render('portada/portafolio_principal', [], true)
 5 APPPATH/Controllers/Portada.php(158): view('portada/portafolio_principal', [...])
 6 SYSTEMPATH/CodeIgniter.php(934): App\Controllers\Portada->ejeReparacion()
 7 SYSTEMPATH/CodeIgniter.php(499): CodeIgniter\CodeIgniter->runController(Object(App\Controllers\Portada))
 8 SYSTEMPATH/CodeIgniter.php(368): CodeIgniter\CodeIgniter->handleRequest(null, Object(Config\Cache), false)
 9 FCPATH/index.php(67): CodeIgniter\CodeIgniter->run()
CRITICAL - 2023-07-25 22:07:41 --> Undefined variable $contratistas
in APPPATH/Views/portada/portafolio_principal.php on line 408.
 1 APPPATH/Views/portada/portafolio_principal.php(408): CodeIgniter\Debug\Exceptions->errorHandler(2, 'Undefined variable $contratistas', 'APPPATH/Views/portada/portafolio_principal.php', 408)
 2 SYSTEMPATH/View/View.php(213): include('APPPATH/Views/portada/portafolio_principal.php')
 3 SYSTEMPATH/View/View.php(216): CodeIgniter\View\View->CodeIgniter\View\{closure}()
 4 SYSTEMPATH/Common.php(1184): CodeIgniter\View\View->render('portada/portafolio_principal', [], true)
 5 APPPATH/Controllers/Portada.php(198): view('portada/portafolio_principal', [...])
 6 SYSTEMPATH/CodeIgniter.php(934): App\Controllers\Portada->ejePacto()
 7 SYSTEMPATH/CodeIgniter.php(499): CodeIgniter\CodeIgniter->runController(Object(App\Controllers\Portada))
 8 SYSTEMPATH/CodeIgniter.php(368): CodeIgniter\CodeIgniter->handleRequest(null, Object(Config\Cache), false)
 9 FCPATH/index.php(67): CodeIgniter\CodeIgniter->run()
CRITICAL - 2023-07-25 22:07:46 --> Undefined variable $contratistas
in APPPATH/Views/portada/portafolio_principal.php on line 408.
 1 APPPATH/Views/portada/portafolio_principal.php(408): CodeIgniter\Debug\Exceptions->errorHandler(2, 'Undefined variable $contratistas', 'APPPATH/Views/portada/portafolio_principal.php', 408)
 2 SYSTEMPATH/View/View.php(213): include('APPPATH/Views/portada/portafolio_principal.php')
 3 SYSTEMPATH/View/View.php(216): CodeIgniter\View\View->CodeIgniter\View\{closure}()
 4 SYSTEMPATH/Common.php(1184): CodeIgniter\View\View->render('portada/portafolio_principal', [], true)
 5 APPPATH/Controllers/Portada.php(178): view('portada/portafolio_principal', [...])
 6 SYSTEMPATH/CodeIgniter.php(934): App\Controllers\Portada->ejeDesarrollo()
 7 SYSTEMPATH/CodeIgniter.php(499): CodeIgniter\CodeIgniter->runController(Object(App\Controllers\Portada))
 8 SYSTEMPATH/CodeIgniter.php(368): CodeIgniter\CodeIgniter->handleRequest(null, Object(Config\Cache), false)
 9 FCPATH/index.php(67): CodeIgniter\CodeIgniter->run()
