CRITICAL - 2023-06-12 10:02:59 --> Invalid file: "gerencia/gerencia_list.php"
in SYSTEMPATH/Exceptions/FrameworkException.php on line 33.
 1 SYSTEMPATH/View/View.php(201): CodeIgniter\Exceptions\FrameworkException::forInvalidFile('gerencia/gerencia_list.php')
 2 SYSTEMPATH/Common.php(1184): CodeIgniter\View\View->render('gerencia/gerencia_list', [], true)
 3 APPPATH/Controllers/Gerencia.php(19): view('gerencia/gerencia_list', [])
 4 SYSTEMPATH/CodeIgniter.php(934): App\Controllers\Gerencia->list()
 5 SYSTEMPATH/CodeIgniter.php(499): CodeIgniter\CodeIgniter->runController(Object(App\Controllers\Gerencia))
 6 SYSTEMPATH/CodeIgniter.php(368): CodeIgniter\CodeIgniter->handleRequest(null, Object(Config\Cache), false)
 7 FCPATH/index.php(67): CodeIgniter\CodeIgniter->run()
CRITICAL - 2023-06-12 10:07:11 --> Undefined variable $menu_obra
in APPPATH/Views/menu_obra.php on line 4.
 1 APPPATH/Views/menu_obra.php(4): CodeIgniter\Debug\Exceptions->errorHandler(2, 'Undefined variable $menu_obra', 'APPPATH/Views/menu_obra.php', 4)
 2 SYSTEMPATH/View/View.php(213): include('APPPATH/Views/menu_obra.php')
 3 SYSTEMPATH/View/View.php(216): CodeIgniter\View\View->CodeIgniter\View\{closure}()
 4 SYSTEMPATH/Common.php(1184): CodeIgniter\View\View->render('menu_obra', [], true)
 5 APPPATH/Views/gerencia/gerencia_list.php(5): view('menu_obra')
 6 SYSTEMPATH/View/View.php(213): include('APPPATH/Views/gerencia/gerencia_list.php')
 7 SYSTEMPATH/View/View.php(216): CodeIgniter\View\View->CodeIgniter\View\{closure}()
 8 SYSTEMPATH/Common.php(1184): CodeIgniter\View\View->render('gerencia/gerencia_list', [], true)
 9 APPPATH/Controllers/Gerencia.php(19): view('gerencia/gerencia_list', [])
10 SYSTEMPATH/CodeIgniter.php(934): App\Controllers\Gerencia->list('6')
11 SYSTEMPATH/CodeIgniter.php(499): CodeIgniter\CodeIgniter->runController(Object(App\Controllers\Gerencia))
12 SYSTEMPATH/CodeIgniter.php(368): CodeIgniter\CodeIgniter->handleRequest(null, Object(Config\Cache), false)
13 FCPATH/index.php(67): CodeIgniter\CodeIgniter->run()
CRITICAL - 2023-06-12 17:02:19 --> syntax error, unexpected token "}", expecting ";"
in APPPATH/Controllers/Pdf.php on line 27.
 1 SYSTEMPATH/Autoloader/Autoloader.php(289): CodeIgniter\Autoloader\Autoloader->includeFile('APPPATH/Controllers/Pdf.php')
 2 SYSTEMPATH/Autoloader/Autoloader.php(267): CodeIgniter\Autoloader\Autoloader->loadInNamespace('App\\Controllers\\Pdf')
 3 [internal function]: CodeIgniter\Autoloader\Autoloader->loadClass('App\\Controllers\\Pdf')
 4 SYSTEMPATH/CodeIgniter.php(892): class_exists('\\App\\Controllers\\Pdf', true)
 5 SYSTEMPATH/CodeIgniter.php(486): CodeIgniter\CodeIgniter->startController()
 6 SYSTEMPATH/CodeIgniter.php(368): CodeIgniter\CodeIgniter->handleRequest(null, Object(Config\Cache), false)
 7 FCPATH/index.php(67): CodeIgniter\CodeIgniter->run()
CRITICAL - 2023-06-12 17:06:11 --> Cannot use object of type stdClass as array
in APPPATH/Controllers/Pdf.php on line 25.
 1 SYSTEMPATH/CodeIgniter.php(934): App\Controllers\Pdf->rp01('1', '6')
 2 SYSTEMPATH/CodeIgniter.php(499): CodeIgniter\CodeIgniter->runController(Object(App\Controllers\Pdf))
 3 SYSTEMPATH/CodeIgniter.php(368): CodeIgniter\CodeIgniter->handleRequest(null, Object(Config\Cache), false)
 4 FCPATH/index.php(67): CodeIgniter\CodeIgniter->run()
CRITICAL - 2023-06-12 17:06:59 --> view(): Argument #2 ($data) must be of type array, stdClass given, called in /home/caminos/public_html/admin2/app/Controllers/Pdf.php on line 26
in SYSTEMPATH/Common.php on line 1172.
 1 APPPATH/Controllers/Pdf.php(26): view('pdf/pdf_rp01_partidas', Object(stdClass))
 2 SYSTEMPATH/CodeIgniter.php(934): App\Controllers\Pdf->rp01('1', '6')
 3 SYSTEMPATH/CodeIgniter.php(499): CodeIgniter\CodeIgniter->runController(Object(App\Controllers\Pdf))
 4 SYSTEMPATH/CodeIgniter.php(368): CodeIgniter\CodeIgniter->handleRequest(null, Object(Config\Cache), false)
 5 FCPATH/index.php(67): CodeIgniter\CodeIgniter->run()
CRITICAL - 2023-06-12 17:07:40 --> view(): Argument #2 ($data) must be of type array, stdClass given, called in /home/caminos/public_html/admin2/app/Controllers/Pdf.php on line 26
in SYSTEMPATH/Common.php on line 1172.
 1 APPPATH/Controllers/Pdf.php(26): view('pdf/pdf_rp01_partidas', Object(stdClass))
 2 SYSTEMPATH/CodeIgniter.php(934): App\Controllers\Pdf->rp01('1', '6')
 3 SYSTEMPATH/CodeIgniter.php(499): CodeIgniter\CodeIgniter->runController(Object(App\Controllers\Pdf))
 4 SYSTEMPATH/CodeIgniter.php(368): CodeIgniter\CodeIgniter->handleRequest(null, Object(Config\Cache), false)
 5 FCPATH/index.php(67): CodeIgniter\CodeIgniter->run()
CRITICAL - 2023-06-12 17:08:41 --> Invalid file: "pdf/pdf_rp01_partidas.php"
in SYSTEMPATH/Exceptions/FrameworkException.php on line 33.
 1 SYSTEMPATH/View/View.php(201): CodeIgniter\Exceptions\FrameworkException::forInvalidFile('pdf/pdf_rp01_partidas.php')
 2 SYSTEMPATH/Common.php(1184): CodeIgniter\View\View->render('pdf/pdf_rp01_partidas', [], true)
 3 APPPATH/Controllers/Pdf.php(27): view('pdf/pdf_rp01_partidas', [...])
 4 SYSTEMPATH/CodeIgniter.php(934): App\Controllers\Pdf->rp01('1', '6')
 5 SYSTEMPATH/CodeIgniter.php(499): CodeIgniter\CodeIgniter->runController(Object(App\Controllers\Pdf))
 6 SYSTEMPATH/CodeIgniter.php(368): CodeIgniter\CodeIgniter->handleRequest(null, Object(Config\Cache), false)
 7 FCPATH/index.php(67): CodeIgniter\CodeIgniter->run()
CRITICAL - 2023-06-12 17:58:49 --> Undefined property: CodeIgniter\View\View::$load
in APPPATH/Views/pdf/pdf_rp01_partidas.php on line 62.
 1 APPPATH/Views/pdf/pdf_rp01_partidas.php(62): CodeIgniter\Debug\Exceptions->errorHandler(2, 'Undefined property: CodeIgniter\\View\\View::$load', 'APPPATH/Views/pdf/pdf_rp01_partidas.php', 62)
 2 SYSTEMPATH/View/View.php(213): include('APPPATH/Views/pdf/pdf_rp01_partidas.php')
 3 SYSTEMPATH/View/View.php(216): CodeIgniter\View\View->CodeIgniter\View\{closure}()
 4 SYSTEMPATH/Common.php(1184): CodeIgniter\View\View->render('pdf/pdf_rp01_partidas', [], true)
 5 APPPATH/Controllers/Pdf.php(27): view('pdf/pdf_rp01_partidas', [...])
 6 SYSTEMPATH/CodeIgniter.php(934): App\Controllers\Pdf->rp01('1', '6')
 7 SYSTEMPATH/CodeIgniter.php(499): CodeIgniter\CodeIgniter->runController(Object(App\Controllers\Pdf))
 8 SYSTEMPATH/CodeIgniter.php(368): CodeIgniter\CodeIgniter->handleRequest(null, Object(Config\Cache), false)
 9 FCPATH/index.php(67): CodeIgniter\CodeIgniter->run()
CRITICAL - 2023-06-12 17:59:18 --> Undefined property: stdClass::$logo
in APPPATH/Views/pdf/header.php on line 12.
 1 APPPATH/Views/pdf/header.php(12): CodeIgniter\Debug\Exceptions->errorHandler(2, 'Undefined property: stdClass::$logo', 'APPPATH/Views/pdf/header.php', 12)
 2 SYSTEMPATH/View/View.php(213): include('APPPATH/Views/pdf/header.php')
 3 SYSTEMPATH/View/View.php(216): CodeIgniter\View\View->CodeIgniter\View\{closure}()
 4 SYSTEMPATH/Common.php(1184): CodeIgniter\View\View->render('pdf/header', [], true)
 5 APPPATH/Views/pdf/pdf_rp01_partidas.php(62): view('pdf/header', [...])
 6 SYSTEMPATH/View/View.php(213): include('APPPATH/Views/pdf/pdf_rp01_partidas.php')
 7 SYSTEMPATH/View/View.php(216): CodeIgniter\View\View->CodeIgniter\View\{closure}()
 8 SYSTEMPATH/Common.php(1184): CodeIgniter\View\View->render('pdf/pdf_rp01_partidas', [], true)
 9 APPPATH/Controllers/Pdf.php(27): view('pdf/pdf_rp01_partidas', [...])
10 SYSTEMPATH/CodeIgniter.php(934): App\Controllers\Pdf->rp01('1', '6')
11 SYSTEMPATH/CodeIgniter.php(499): CodeIgniter\CodeIgniter->runController(Object(App\Controllers\Pdf))
12 SYSTEMPATH/CodeIgniter.php(368): CodeIgniter\CodeIgniter->handleRequest(null, Object(Config\Cache), false)
13 FCPATH/index.php(67): CodeIgniter\CodeIgniter->run()
CRITICAL - 2023-06-12 17:59:41 --> Undefined property: stdClass::$logo
in APPPATH/Views/pdf/header.php on line 12.
 1 APPPATH/Views/pdf/header.php(12): CodeIgniter\Debug\Exceptions->errorHandler(2, 'Undefined property: stdClass::$logo', 'APPPATH/Views/pdf/header.php', 12)
 2 SYSTEMPATH/View/View.php(213): include('APPPATH/Views/pdf/header.php')
 3 SYSTEMPATH/View/View.php(216): CodeIgniter\View\View->CodeIgniter\View\{closure}()
 4 SYSTEMPATH/Common.php(1184): CodeIgniter\View\View->render('pdf/header', [], true)
 5 APPPATH/Views/pdf/pdf_rp01_partidas.php(62): view('pdf/header', [...])
 6 SYSTEMPATH/View/View.php(213): include('APPPATH/Views/pdf/pdf_rp01_partidas.php')
 7 SYSTEMPATH/View/View.php(216): CodeIgniter\View\View->CodeIgniter\View\{closure}()
 8 SYSTEMPATH/Common.php(1184): CodeIgniter\View\View->render('pdf/pdf_rp01_partidas', [], true)
 9 APPPATH/Controllers/Pdf.php(27): view('pdf/pdf_rp01_partidas', [...])
10 SYSTEMPATH/CodeIgniter.php(934): App\Controllers\Pdf->rp01('1', '6')
11 SYSTEMPATH/CodeIgniter.php(499): CodeIgniter\CodeIgniter->runController(Object(App\Controllers\Pdf))
12 SYSTEMPATH/CodeIgniter.php(368): CodeIgniter\CodeIgniter->handleRequest(null, Object(Config\Cache), false)
13 FCPATH/index.php(67): CodeIgniter\CodeIgniter->run()
CRITICAL - 2023-06-12 18:01:15 --> Undefined variable $mpdf
in APPPATH/Controllers/Pdf.php on line 44.
 1 APPPATH/Controllers/Pdf.php(44): CodeIgniter\Debug\Exceptions->errorHandler(2, 'Undefined variable $mpdf', 'APPPATH/Controllers/Pdf.php', 44)
 2 SYSTEMPATH/CodeIgniter.php(934): App\Controllers\Pdf->rp01('1', '6')
 3 SYSTEMPATH/CodeIgniter.php(499): CodeIgniter\CodeIgniter->runController(Object(App\Controllers\Pdf))
 4 SYSTEMPATH/CodeIgniter.php(368): CodeIgniter\CodeIgniter->handleRequest(null, Object(Config\Cache), false)
 5 FCPATH/index.php(67): CodeIgniter\CodeIgniter->run()
CRITICAL - 2023-06-12 18:01:56 --> Undefined property: stdClass::$logo
in APPPATH/Views/pdf/header.php on line 12.
 1 APPPATH/Views/pdf/header.php(12): CodeIgniter\Debug\Exceptions->errorHandler(2, 'Undefined property: stdClass::$logo', 'APPPATH/Views/pdf/header.php', 12)
 2 SYSTEMPATH/View/View.php(213): include('APPPATH/Views/pdf/header.php')
 3 SYSTEMPATH/View/View.php(216): CodeIgniter\View\View->CodeIgniter\View\{closure}()
 4 SYSTEMPATH/Common.php(1184): CodeIgniter\View\View->render('pdf/header', [], true)
 5 APPPATH/Views/pdf/pdf_rp01_partidas.php(62): view('pdf/header', [...])
 6 SYSTEMPATH/View/View.php(213): include('APPPATH/Views/pdf/pdf_rp01_partidas.php')
 7 SYSTEMPATH/View/View.php(216): CodeIgniter\View\View->CodeIgniter\View\{closure}()
 8 SYSTEMPATH/Common.php(1184): CodeIgniter\View\View->render('pdf/pdf_rp01_partidas', [], true)
 9 APPPATH/Controllers/Pdf.php(48): view('pdf/pdf_rp01_partidas', [...])
10 SYSTEMPATH/CodeIgniter.php(934): App\Controllers\Pdf->rp01('1', '6')
11 SYSTEMPATH/CodeIgniter.php(499): CodeIgniter\CodeIgniter->runController(Object(App\Controllers\Pdf))
12 SYSTEMPATH/CodeIgniter.php(368): CodeIgniter\CodeIgniter->handleRequest(null, Object(Config\Cache), false)
13 FCPATH/index.php(67): CodeIgniter\CodeIgniter->run()
CRITICAL - 2023-06-12 18:03:25 --> Undefined property: stdClass::$logo
in APPPATH/Views/pdf/header.php on line 12.
 1 APPPATH/Views/pdf/header.php(12): CodeIgniter\Debug\Exceptions->errorHandler(2, 'Undefined property: stdClass::$logo', 'APPPATH/Views/pdf/header.php', 12)
 2 SYSTEMPATH/View/View.php(213): include('APPPATH/Views/pdf/header.php')
 3 SYSTEMPATH/View/View.php(216): CodeIgniter\View\View->CodeIgniter\View\{closure}()
 4 SYSTEMPATH/Common.php(1184): CodeIgniter\View\View->render('pdf/header', [], true)
 5 APPPATH/Views/pdf/pdf_rp01_partidas.php(62): view('pdf/header', [...])
 6 SYSTEMPATH/View/View.php(213): include('APPPATH/Views/pdf/pdf_rp01_partidas.php')
 7 SYSTEMPATH/View/View.php(216): CodeIgniter\View\View->CodeIgniter\View\{closure}()
 8 SYSTEMPATH/Common.php(1184): CodeIgniter\View\View->render('pdf/pdf_rp01_partidas', [], true)
 9 APPPATH/Controllers/Pdf.php(48): view('pdf/pdf_rp01_partidas', [...])
10 SYSTEMPATH/CodeIgniter.php(934): App\Controllers\Pdf->rp01('1', '6')
11 SYSTEMPATH/CodeIgniter.php(499): CodeIgniter\CodeIgniter->runController(Object(App\Controllers\Pdf))
12 SYSTEMPATH/CodeIgniter.php(368): CodeIgniter\CodeIgniter->handleRequest(null, Object(Config\Cache), false)
13 FCPATH/index.php(67): CodeIgniter\CodeIgniter->run()
CRITICAL - 2023-06-12 18:05:32 --> syntax error, unexpected token ";"
in APPPATH/Views/pdf/header.php on line 24.
 1 SYSTEMPATH/View/View.php(216): CodeIgniter\View\View->CodeIgniter\View\{closure}()
 2 SYSTEMPATH/Common.php(1184): CodeIgniter\View\View->render('pdf/header', [], true)
 3 APPPATH/Views/pdf/pdf_rp01_partidas.php(62): view('pdf/header', [...])
 4 SYSTEMPATH/View/View.php(213): include('APPPATH/Views/pdf/pdf_rp01_partidas.php')
 5 SYSTEMPATH/View/View.php(216): CodeIgniter\View\View->CodeIgniter\View\{closure}()
 6 SYSTEMPATH/Common.php(1184): CodeIgniter\View\View->render('pdf/pdf_rp01_partidas', [], true)
 7 APPPATH/Controllers/Pdf.php(48): view('pdf/pdf_rp01_partidas', [...])
 8 SYSTEMPATH/CodeIgniter.php(934): App\Controllers\Pdf->rp01('1', '6')
 9 SYSTEMPATH/CodeIgniter.php(499): CodeIgniter\CodeIgniter->runController(Object(App\Controllers\Pdf))
10 SYSTEMPATH/CodeIgniter.php(368): CodeIgniter\CodeIgniter->handleRequest(null, Object(Config\Cache), false)
11 FCPATH/index.php(67): CodeIgniter\CodeIgniter->run()
CRITICAL - 2023-06-12 18:06:21 --> syntax error, unexpected token ";"
in APPPATH/Views/pdf/header.php on line 24.
 1 SYSTEMPATH/View/View.php(216): CodeIgniter\View\View->CodeIgniter\View\{closure}()
 2 SYSTEMPATH/Common.php(1184): CodeIgniter\View\View->render('pdf/header', [], true)
 3 APPPATH/Views/pdf/pdf_rp01_partidas.php(62): view('pdf/header', [...])
 4 SYSTEMPATH/View/View.php(213): include('APPPATH/Views/pdf/pdf_rp01_partidas.php')
 5 SYSTEMPATH/View/View.php(216): CodeIgniter\View\View->CodeIgniter\View\{closure}()
 6 SYSTEMPATH/Common.php(1184): CodeIgniter\View\View->render('pdf/pdf_rp01_partidas', [], true)
 7 APPPATH/Controllers/Pdf.php(48): view('pdf/pdf_rp01_partidas', [...])
 8 SYSTEMPATH/CodeIgniter.php(934): App\Controllers\Pdf->rp01('1', '6')
 9 SYSTEMPATH/CodeIgniter.php(499): CodeIgniter\CodeIgniter->runController(Object(App\Controllers\Pdf))
10 SYSTEMPATH/CodeIgniter.php(368): CodeIgniter\CodeIgniter->handleRequest(null, Object(Config\Cache), false)
11 FCPATH/index.php(67): CodeIgniter\CodeIgniter->run()
CRITICAL - 2023-06-12 18:07:13 --> Undefined property: stdClass::$title
in APPPATH/Views/pdf/header.php on line 16.
 1 APPPATH/Views/pdf/header.php(16): CodeIgniter\Debug\Exceptions->errorHandler(2, 'Undefined property: stdClass::$title', 'APPPATH/Views/pdf/header.php', 16)
 2 SYSTEMPATH/View/View.php(213): include('APPPATH/Views/pdf/header.php')
 3 SYSTEMPATH/View/View.php(216): CodeIgniter\View\View->CodeIgniter\View\{closure}()
 4 SYSTEMPATH/Common.php(1184): CodeIgniter\View\View->render('pdf/header', [], true)
 5 APPPATH/Views/pdf/pdf_rp01_partidas.php(62): view('pdf/header', [...])
 6 SYSTEMPATH/View/View.php(213): include('APPPATH/Views/pdf/pdf_rp01_partidas.php')
 7 SYSTEMPATH/View/View.php(216): CodeIgniter\View\View->CodeIgniter\View\{closure}()
 8 SYSTEMPATH/Common.php(1184): CodeIgniter\View\View->render('pdf/pdf_rp01_partidas', [], true)
 9 APPPATH/Controllers/Pdf.php(48): view('pdf/pdf_rp01_partidas', [...])
10 SYSTEMPATH/CodeIgniter.php(934): App\Controllers\Pdf->rp01('1', '6')
11 SYSTEMPATH/CodeIgniter.php(499): CodeIgniter\CodeIgniter->runController(Object(App\Controllers\Pdf))
12 SYSTEMPATH/CodeIgniter.php(368): CodeIgniter\CodeIgniter->handleRequest(null, Object(Config\Cache), false)
13 FCPATH/index.php(67): CodeIgniter\CodeIgniter->run()
CRITICAL - 2023-06-12 18:09:01 --> Undefined property: stdClass::$title
in APPPATH/Views/pdf/header.php on line 16.
 1 APPPATH/Views/pdf/header.php(16): CodeIgniter\Debug\Exceptions->errorHandler(2, 'Undefined property: stdClass::$title', 'APPPATH/Views/pdf/header.php', 16)
 2 SYSTEMPATH/View/View.php(213): include('APPPATH/Views/pdf/header.php')
 3 SYSTEMPATH/View/View.php(216): CodeIgniter\View\View->CodeIgniter\View\{closure}()
 4 SYSTEMPATH/Common.php(1184): CodeIgniter\View\View->render('pdf/header', [], true)
 5 APPPATH/Views/pdf/pdf_rp01_partidas.php(62): view('pdf/header', [...])
 6 SYSTEMPATH/View/View.php(213): include('APPPATH/Views/pdf/pdf_rp01_partidas.php')
 7 SYSTEMPATH/View/View.php(216): CodeIgniter\View\View->CodeIgniter\View\{closure}()
 8 SYSTEMPATH/Common.php(1184): CodeIgniter\View\View->render('pdf/pdf_rp01_partidas', [], true)
 9 APPPATH/Controllers/Pdf.php(49): view('pdf/pdf_rp01_partidas', [...])
10 SYSTEMPATH/CodeIgniter.php(934): App\Controllers\Pdf->rp01('1', '6')
11 SYSTEMPATH/CodeIgniter.php(499): CodeIgniter\CodeIgniter->runController(Object(App\Controllers\Pdf))
12 SYSTEMPATH/CodeIgniter.php(368): CodeIgniter\CodeIgniter->handleRequest(null, Object(Config\Cache), false)
13 FCPATH/index.php(67): CodeIgniter\CodeIgniter->run()
CRITICAL - 2023-06-12 18:10:23 --> Undefined property: stdClass::$title
in APPPATH/Views/pdf/header.php on line 16.
 1 APPPATH/Views/pdf/header.php(16): CodeIgniter\Debug\Exceptions->errorHandler(2, 'Undefined property: stdClass::$title', 'APPPATH/Views/pdf/header.php', 16)
 2 SYSTEMPATH/View/View.php(213): include('APPPATH/Views/pdf/header.php')
 3 SYSTEMPATH/View/View.php(216): CodeIgniter\View\View->CodeIgniter\View\{closure}()
 4 SYSTEMPATH/Common.php(1184): CodeIgniter\View\View->render('pdf/header', [], true)
 5 APPPATH/Views/pdf/pdf_rp01_partidas.php(62): view('pdf/header', [...])
 6 SYSTEMPATH/View/View.php(213): include('APPPATH/Views/pdf/pdf_rp01_partidas.php')
 7 SYSTEMPATH/View/View.php(216): CodeIgniter\View\View->CodeIgniter\View\{closure}()
 8 SYSTEMPATH/Common.php(1184): CodeIgniter\View\View->render('pdf/pdf_rp01_partidas', [], true)
 9 APPPATH/Controllers/Pdf.php(49): view('pdf/pdf_rp01_partidas', [...])
10 SYSTEMPATH/CodeIgniter.php(934): App\Controllers\Pdf->rp01('1', '6')
11 SYSTEMPATH/CodeIgniter.php(499): CodeIgniter\CodeIgniter->runController(Object(App\Controllers\Pdf))
12 SYSTEMPATH/CodeIgniter.php(368): CodeIgniter\CodeIgniter->handleRequest(null, Object(Config\Cache), false)
13 FCPATH/index.php(67): CodeIgniter\CodeIgniter->run()
CRITICAL - 2023-06-12 18:11:12 --> Undefined property: stdClass::$title
in APPPATH/Views/pdf/header.php on line 16.
 1 APPPATH/Views/pdf/header.php(16): CodeIgniter\Debug\Exceptions->errorHandler(2, 'Undefined property: stdClass::$title', 'APPPATH/Views/pdf/header.php', 16)
 2 SYSTEMPATH/View/View.php(213): include('APPPATH/Views/pdf/header.php')
 3 SYSTEMPATH/View/View.php(216): CodeIgniter\View\View->CodeIgniter\View\{closure}()
 4 SYSTEMPATH/Common.php(1184): CodeIgniter\View\View->render('pdf/header', [], true)
 5 APPPATH/Views/pdf/pdf_rp01_partidas.php(62): view('pdf/header')
 6 SYSTEMPATH/View/View.php(213): include('APPPATH/Views/pdf/pdf_rp01_partidas.php')
 7 SYSTEMPATH/View/View.php(216): CodeIgniter\View\View->CodeIgniter\View\{closure}()
 8 SYSTEMPATH/Common.php(1184): CodeIgniter\View\View->render('pdf/pdf_rp01_partidas', [], true)
 9 APPPATH/Controllers/Pdf.php(49): view('pdf/pdf_rp01_partidas', [...])
10 SYSTEMPATH/CodeIgniter.php(934): App\Controllers\Pdf->rp01('1', '6')
11 SYSTEMPATH/CodeIgniter.php(499): CodeIgniter\CodeIgniter->runController(Object(App\Controllers\Pdf))
12 SYSTEMPATH/CodeIgniter.php(368): CodeIgniter\CodeIgniter->handleRequest(null, Object(Config\Cache), false)
13 FCPATH/index.php(67): CodeIgniter\CodeIgniter->run()
CRITICAL - 2023-06-12 18:32:02 --> Undefined property: stdClass::$nombre_completa
in APPPATH/Views/pdf/pdf_rp01_partidas.php on line 103.
 1 APPPATH/Views/pdf/pdf_rp01_partidas.php(103): CodeIgniter\Debug\Exceptions->errorHandler(2, 'Undefined property: stdClass::$nombre_completa', 'APPPATH/Views/pdf/pdf_rp01_partidas.php', 103)
 2 SYSTEMPATH/View/View.php(213): include('APPPATH/Views/pdf/pdf_rp01_partidas.php')
 3 SYSTEMPATH/View/View.php(216): CodeIgniter\View\View->CodeIgniter\View\{closure}()
 4 SYSTEMPATH/Common.php(1184): CodeIgniter\View\View->render('pdf/pdf_rp01_partidas', [], true)
 5 APPPATH/Controllers/Pdf.php(49): view('pdf/pdf_rp01_partidas', [...])
 6 SYSTEMPATH/CodeIgniter.php(934): App\Controllers\Pdf->rp01('1', '6')
 7 SYSTEMPATH/CodeIgniter.php(499): CodeIgniter\CodeIgniter->runController(Object(App\Controllers\Pdf))
 8 SYSTEMPATH/CodeIgniter.php(368): CodeIgniter\CodeIgniter->handleRequest(null, Object(Config\Cache), false)
 9 FCPATH/index.php(67): CodeIgniter\CodeIgniter->run()
CRITICAL - 2023-06-12 18:50:01 --> Object of class stdClass could not be converted to string
in APPPATH/Models/AvanceModel.php on line 268.
 1 APPPATH/Controllers/Pdf.php(26): App\Models\AvanceModel->getItem(Object(stdClass))
 2 SYSTEMPATH/CodeIgniter.php(934): App\Controllers\Pdf->rp01('1', '6')
 3 SYSTEMPATH/CodeIgniter.php(499): CodeIgniter\CodeIgniter->runController(Object(App\Controllers\Pdf))
 4 SYSTEMPATH/CodeIgniter.php(368): CodeIgniter\CodeIgniter->handleRequest(null, Object(Config\Cache), false)
 5 FCPATH/index.php(67): CodeIgniter\CodeIgniter->run()
CRITICAL - 2023-06-12 19:03:36 --> number_format(): Argument #1 ($num) must be of type float, stdClass given
in APPPATH/Views/pdf/pdf_rp01_partidas.php on line 142.
 1 APPPATH/Views/pdf/pdf_rp01_partidas.php(142): number_format(Object(stdClass), 2)
 2 SYSTEMPATH/View/View.php(213): include('APPPATH/Views/pdf/pdf_rp01_partidas.php')
 3 SYSTEMPATH/View/View.php(216): CodeIgniter\View\View->CodeIgniter\View\{closure}()
 4 SYSTEMPATH/Common.php(1184): CodeIgniter\View\View->render('pdf/pdf_rp01_partidas', [], true)
 5 APPPATH/Controllers/Pdf.php(61): view('pdf/pdf_rp01_partidas', [...])
 6 SYSTEMPATH/CodeIgniter.php(934): App\Controllers\Pdf->rp01('1', '6')
 7 SYSTEMPATH/CodeIgniter.php(499): CodeIgniter\CodeIgniter->runController(Object(App\Controllers\Pdf))
 8 SYSTEMPATH/CodeIgniter.php(368): CodeIgniter\CodeIgniter->handleRequest(null, Object(Config\Cache), false)
 9 FCPATH/index.php(67): CodeIgniter\CodeIgniter->run()
CRITICAL - 2023-06-12 19:32:06 --> Undefined property: stdClass::$personal_observaciones
in APPPATH/Views/pdf/pdf_rp01_partidas.php on line 202.
 1 APPPATH/Views/pdf/pdf_rp01_partidas.php(202): CodeIgniter\Debug\Exceptions->errorHandler(2, 'Undefined property: stdClass::$personal_observaciones', 'APPPATH/Views/pdf/pdf_rp01_partidas.php', 202)
 2 SYSTEMPATH/View/View.php(213): include('APPPATH/Views/pdf/pdf_rp01_partidas.php')
 3 SYSTEMPATH/View/View.php(216): CodeIgniter\View\View->CodeIgniter\View\{closure}()
 4 SYSTEMPATH/Common.php(1184): CodeIgniter\View\View->render('pdf/pdf_rp01_partidas', [], true)
 5 APPPATH/Controllers/Pdf.php(61): view('pdf/pdf_rp01_partidas', [...])
 6 SYSTEMPATH/CodeIgniter.php(934): App\Controllers\Pdf->rp01('1', '6')
 7 SYSTEMPATH/CodeIgniter.php(499): CodeIgniter\CodeIgniter->runController(Object(App\Controllers\Pdf))
 8 SYSTEMPATH/CodeIgniter.php(368): CodeIgniter\CodeIgniter->handleRequest(null, Object(Config\Cache), false)
 9 FCPATH/index.php(67): CodeIgniter\CodeIgniter->run()
CRITICAL - 2023-06-12 19:40:00 --> Undefined property: stdClass::$activo
in APPPATH/Views/pdf/pdf_rp01_partidas.php on line 252.
 1 APPPATH/Views/pdf/pdf_rp01_partidas.php(252): CodeIgniter\Debug\Exceptions->errorHandler(2, 'Undefined property: stdClass::$activo', 'APPPATH/Views/pdf/pdf_rp01_partidas.php', 252)
 2 SYSTEMPATH/View/View.php(213): include('APPPATH/Views/pdf/pdf_rp01_partidas.php')
 3 SYSTEMPATH/View/View.php(216): CodeIgniter\View\View->CodeIgniter\View\{closure}()
 4 SYSTEMPATH/Common.php(1184): CodeIgniter\View\View->render('pdf/pdf_rp01_partidas', [], true)
 5 APPPATH/Controllers/Pdf.php(61): view('pdf/pdf_rp01_partidas', [...])
 6 SYSTEMPATH/CodeIgniter.php(934): App\Controllers\Pdf->rp01('1', '6')
 7 SYSTEMPATH/CodeIgniter.php(499): CodeIgniter\CodeIgniter->runController(Object(App\Controllers\Pdf))
 8 SYSTEMPATH/CodeIgniter.php(368): CodeIgniter\CodeIgniter->handleRequest(null, Object(Config\Cache), false)
 9 FCPATH/index.php(67): CodeIgniter\CodeIgniter->run()
CRITICAL - 2023-06-12 22:48:12 --> Undefined property: stdClass::$fotos
in APPPATH/Views/pdf/pdf_rp01_partidas.php on line 297.
 1 APPPATH/Views/pdf/pdf_rp01_partidas.php(297): CodeIgniter\Debug\Exceptions->errorHandler(2, 'Undefined property: stdClass::$fotos', 'APPPATH/Views/pdf/pdf_rp01_partidas.php', 297)
 2 SYSTEMPATH/View/View.php(213): include('APPPATH/Views/pdf/pdf_rp01_partidas.php')
 3 SYSTEMPATH/View/View.php(216): CodeIgniter\View\View->CodeIgniter\View\{closure}()
 4 SYSTEMPATH/Common.php(1184): CodeIgniter\View\View->render('pdf/pdf_rp01_partidas', [], true)
 5 APPPATH/Controllers/Pdf.php(61): view('pdf/pdf_rp01_partidas', [...])
 6 SYSTEMPATH/CodeIgniter.php(934): App\Controllers\Pdf->rp01('1', '6')
 7 SYSTEMPATH/CodeIgniter.php(499): CodeIgniter\CodeIgniter->runController(Object(App\Controllers\Pdf))
 8 SYSTEMPATH/CodeIgniter.php(368): CodeIgniter\CodeIgniter->handleRequest(null, Object(Config\Cache), false)
 9 FCPATH/index.php(67): CodeIgniter\CodeIgniter->run()
CRITICAL - 2023-06-12 22:50:15 --> Undefined variable $foto
in APPPATH/Views/pdf/pdf_rp01_partidas.php on line 298.
 1 APPPATH/Views/pdf/pdf_rp01_partidas.php(298): CodeIgniter\Debug\Exceptions->errorHandler(2, 'Undefined variable $foto', 'APPPATH/Views/pdf/pdf_rp01_partidas.php', 298)
 2 SYSTEMPATH/View/View.php(213): include('APPPATH/Views/pdf/pdf_rp01_partidas.php')
 3 SYSTEMPATH/View/View.php(216): CodeIgniter\View\View->CodeIgniter\View\{closure}()
 4 SYSTEMPATH/Common.php(1184): CodeIgniter\View\View->render('pdf/pdf_rp01_partidas', [], true)
 5 APPPATH/Controllers/Pdf.php(61): view('pdf/pdf_rp01_partidas', [...])
 6 SYSTEMPATH/CodeIgniter.php(934): App\Controllers\Pdf->rp01('1', '6')
 7 SYSTEMPATH/CodeIgniter.php(499): CodeIgniter\CodeIgniter->runController(Object(App\Controllers\Pdf))
 8 SYSTEMPATH/CodeIgniter.php(368): CodeIgniter\CodeIgniter->handleRequest(null, Object(Config\Cache), false)
 9 FCPATH/index.php(67): CodeIgniter\CodeIgniter->run()
CRITICAL - 2023-06-12 23:01:48 --> syntax error, unexpected token "endforeach", expecting end of file
in APPPATH/Views/pdf/pdf_rp01_partidas.php on line 316.
 1 SYSTEMPATH/View/View.php(216): CodeIgniter\View\View->CodeIgniter\View\{closure}()
 2 SYSTEMPATH/Common.php(1184): CodeIgniter\View\View->render('pdf/pdf_rp01_partidas', [], true)
 3 APPPATH/Controllers/Pdf.php(61): view('pdf/pdf_rp01_partidas', [...])
 4 SYSTEMPATH/CodeIgniter.php(934): App\Controllers\Pdf->rp01('1', '6')
 5 SYSTEMPATH/CodeIgniter.php(499): CodeIgniter\CodeIgniter->runController(Object(App\Controllers\Pdf))
 6 SYSTEMPATH/CodeIgniter.php(368): CodeIgniter\CodeIgniter->handleRequest(null, Object(Config\Cache), false)
 7 FCPATH/index.php(67): CodeIgniter\CodeIgniter->run()
CRITICAL - 2023-06-12 17:56:12 --> view(): Argument #2 ($data) must be of type array, null given, called in /home/caminos/public_html/admin2/app/Controllers/Gerencia.php on line 21
in SYSTEMPATH/Common.php on line 1172.
 1 APPPATH/Controllers/Gerencia.php(21): view('gerencia/gerencia_list', null)
 2 SYSTEMPATH/CodeIgniter.php(934): App\Controllers\Gerencia->list('6')
 3 SYSTEMPATH/CodeIgniter.php(499): CodeIgniter\CodeIgniter->runController(Object(App\Controllers\Gerencia))
 4 SYSTEMPATH/CodeIgniter.php(368): CodeIgniter\CodeIgniter->handleRequest(null, Object(Config\Cache), false)
 5 FCPATH/index.php(67): CodeIgniter\CodeIgniter->run()
